#! /mingw64/bin/vvp
:ivl_version "12.0 (stable)";
:ivl_delay_selection "TYPICAL";
:vpi_time_precision + 0;
:vpi_module "C:\msys64\mingw64\lib\ivl\system.vpi";
:vpi_module "C:\msys64\mingw64\lib\ivl\vhdl_sys.vpi";
:vpi_module "C:\msys64\mingw64\lib\ivl\vhdl_textio.vpi";
:vpi_module "C:\msys64\mingw64\lib\ivl\v2005_math.vpi";
:vpi_module "C:\msys64\mingw64\lib\ivl\va_math.vpi";
S_0000019fd08c6750 .scope module, "b_mem" "b_mem" 2 4;
 .timescale 0 0;
    .port_info 0 /INPUT 4 "choice";
    .port_info 1 /OUTPUT 96 "bg2";
    .port_info 2 /OUTPUT 288 "bg3";
    .port_info 3 /OUTPUT 96 "bd2";
    .port_info 4 /OUTPUT 32 "bd3";
P_0000019fd09138b0 .param/l "N_D_L2" 0 2 8, +C4<00000000000000000000000000000011>;
P_0000019fd09138e8 .param/l "N_D_L3" 0 2 9, +C4<00000000000000000000000000000001>;
P_0000019fd0913920 .param/l "N_G_L2" 0 2 6, +C4<00000000000000000000000000000011>;
P_0000019fd0913958 .param/l "N_G_L3" 0 2 7, +C4<00000000000000000000000000001001>;
P_0000019fd0913990 .param/l "WIDTH" 0 2 5, +C4<00000000000000000000000000100000>;
v0000019fd0916440_0 .net *"_ivl_137", 0 0, L_0000019fd09164e0;  1 drivers
v0000019fd0916120_0 .net *"_ivl_141", 0 0, L_0000019fd0916080;  1 drivers
v0000019fd09168a0_0 .net *"_ivl_145", 0 0, L_0000019fd0917160;  1 drivers
v0000019fd09161c0_0 .net *"_ivl_149", 0 0, L_0000019fd09166c0;  1 drivers
L_0000019fd0a003e8 .functor BUFT 1, C4<00000010010100110100011011101110>, C4<0>, C4<0>, C4<0>;
v0000019fd0916940 .array "b0_d_l2", 0 2;
v0000019fd0916940_0 .net/s v0000019fd0916940 0, 31 0, L_0000019fd0a003e8; 1 drivers
L_0000019fd0a00430 .functor BUFT 1, C4<00000001100101010100010101000101>, C4<0>, C4<0>, C4<0>;
v0000019fd0916940_1 .net/s v0000019fd0916940 1, 31 0, L_0000019fd0a00430; 1 drivers
L_0000019fd0a00478 .functor BUFT 1, C4<11111110111010001110111101111011>, C4<0>, C4<0>, C4<0>;
v0000019fd0916940_2 .net/s v0000019fd0916940 2, 31 0, L_0000019fd0a00478; 1 drivers
L_0000019fd0a00088 .functor BUFT 1, C4<00000001101000011011001001010010>, C4<0>, C4<0>, C4<0>;
v0000019fd0915a40 .array "b0_g_l2", 0 2;
v0000019fd0915a40_0 .net/s v0000019fd0915a40 0, 31 0, L_0000019fd0a00088; 1 drivers
L_0000019fd0a000d0 .functor BUFT 1, C4<00000000111011110011011010001011>, C4<0>, C4<0>, C4<0>;
v0000019fd0915a40_1 .net/s v0000019fd0915a40 1, 31 0, L_0000019fd0a000d0; 1 drivers
L_0000019fd0a00118 .functor BUFT 1, C4<00000000010000010100001100000100>, C4<0>, C4<0>, C4<0>;
v0000019fd0915a40_2 .net/s v0000019fd0915a40 2, 31 0, L_0000019fd0a00118; 1 drivers
L_0000019fd0a00160 .functor BUFT 1, C4<00000001011000111110001101000111>, C4<0>, C4<0>, C4<0>;
v0000019fd09157c0 .array "b0_g_l3", 0 8;
v0000019fd09157c0_0 .net/s v0000019fd09157c0 0, 31 0, L_0000019fd0a00160; 1 drivers
L_0000019fd0a001a8 .functor BUFT 1, C4<00000001010010101011100100011101>, C4<0>, C4<0>, C4<0>;
v0000019fd09157c0_1 .net/s v0000019fd09157c0 1, 31 0, L_0000019fd0a001a8; 1 drivers
L_0000019fd0a001f0 .functor BUFT 1, C4<00000001000010111100110110100110>, C4<0>, C4<0>, C4<0>;
v0000019fd09157c0_2 .net/s v0000019fd09157c0 2, 31 0, L_0000019fd0a001f0; 1 drivers
L_0000019fd0a00238 .functor BUFT 1, C4<00000001000100010010100011010010>, C4<0>, C4<0>, C4<0>;
v0000019fd09157c0_3 .net/s v0000019fd09157c0 3, 31 0, L_0000019fd0a00238; 1 drivers
L_0000019fd0a00280 .functor BUFT 1, C4<11111110101110100010100110011001>, C4<0>, C4<0>, C4<0>;
v0000019fd09157c0_4 .net/s v0000019fd09157c0 4, 31 0, L_0000019fd0a00280; 1 drivers
L_0000019fd0a002c8 .functor BUFT 1, C4<00000001000100000110101111101011>, C4<0>, C4<0>, C4<0>;
v0000019fd09157c0_5 .net/s v0000019fd09157c0 5, 31 0, L_0000019fd0a002c8; 1 drivers
L_0000019fd0a00310 .functor BUFT 1, C4<00000001010011010011010101100101>, C4<0>, C4<0>, C4<0>;
v0000019fd09157c0_6 .net/s v0000019fd09157c0 6, 31 0, L_0000019fd0a00310; 1 drivers
L_0000019fd0a00358 .functor BUFT 1, C4<00000001010001101100010111000001>, C4<0>, C4<0>, C4<0>;
v0000019fd09157c0_7 .net/s v0000019fd09157c0 7, 31 0, L_0000019fd0a00358; 1 drivers
L_0000019fd0a003a0 .functor BUFT 1, C4<00000001001101110100101111111100>, C4<0>, C4<0>, C4<0>;
v0000019fd09157c0_8 .net/s v0000019fd09157c0 8, 31 0, L_0000019fd0a003a0; 1 drivers
L_0000019fd0a00868 .functor BUFT 1, C4<11111111001000100011110111001100>, C4<0>, C4<0>, C4<0>;
v0000019fd0916b20 .array "b1_d_l2", 0 2;
v0000019fd0916b20_0 .net/s v0000019fd0916b20 0, 31 0, L_0000019fd0a00868; 1 drivers
L_0000019fd0a008b0 .functor BUFT 1, C4<11111100111110100111100001101001>, C4<0>, C4<0>, C4<0>;
v0000019fd0916b20_1 .net/s v0000019fd0916b20 1, 31 0, L_0000019fd0a008b0; 1 drivers
L_0000019fd0a008f8 .functor BUFT 1, C4<00000000000001100000110101101111>, C4<0>, C4<0>, C4<0>;
v0000019fd0916b20_2 .net/s v0000019fd0916b20 2, 31 0, L_0000019fd0a008f8; 1 drivers
L_0000019fd0a00508 .functor BUFT 1, C4<00000000010011111110111101111101>, C4<0>, C4<0>, C4<0>;
v0000019fd0916c60 .array "b1_g_l2", 0 2;
v0000019fd0916c60_0 .net/s v0000019fd0916c60 0, 31 0, L_0000019fd0a00508; 1 drivers
L_0000019fd0a00550 .functor BUFT 1, C4<00000001001100100001001000110010>, C4<0>, C4<0>, C4<0>;
v0000019fd0916c60_1 .net/s v0000019fd0916c60 1, 31 0, L_0000019fd0a00550; 1 drivers
L_0000019fd0a00598 .functor BUFT 1, C4<11111110110001101110111111010110>, C4<0>, C4<0>, C4<0>;
v0000019fd0916c60_2 .net/s v0000019fd0916c60 2, 31 0, L_0000019fd0a00598; 1 drivers
L_0000019fd0a005e0 .functor BUFT 1, C4<11111110100101111011110111110010>, C4<0>, C4<0>, C4<0>;
v0000019fd0917340 .array "b1_g_l3", 0 8;
v0000019fd0917340_0 .net/s v0000019fd0917340 0, 31 0, L_0000019fd0a005e0; 1 drivers
L_0000019fd0a00628 .functor BUFT 1, C4<00000001011101110110110000000110>, C4<0>, C4<0>, C4<0>;
v0000019fd0917340_1 .net/s v0000019fd0917340 1, 31 0, L_0000019fd0a00628; 1 drivers
L_0000019fd0a00670 .functor BUFT 1, C4<11111110011111101000101010001100>, C4<0>, C4<0>, C4<0>;
v0000019fd0917340_2 .net/s v0000019fd0917340 2, 31 0, L_0000019fd0a00670; 1 drivers
L_0000019fd0a006b8 .functor BUFT 1, C4<00000001010010100110000111111111>, C4<0>, C4<0>, C4<0>;
v0000019fd0917340_3 .net/s v0000019fd0917340 3, 31 0, L_0000019fd0a006b8; 1 drivers
L_0000019fd0a00700 .functor BUFT 1, C4<00000001010111101011011011001100>, C4<0>, C4<0>, C4<0>;
v0000019fd0917340_4 .net/s v0000019fd0917340 4, 31 0, L_0000019fd0a00700; 1 drivers
L_0000019fd0a00748 .functor BUFT 1, C4<00000001010011110111010111110011>, C4<0>, C4<0>, C4<0>;
v0000019fd0917340_5 .net/s v0000019fd0917340 5, 31 0, L_0000019fd0a00748; 1 drivers
L_0000019fd0a00790 .functor BUFT 1, C4<11111110101011011101100111100010>, C4<0>, C4<0>, C4<0>;
v0000019fd0917340_6 .net/s v0000019fd0917340 6, 31 0, L_0000019fd0a00790; 1 drivers
L_0000019fd0a007d8 .functor BUFT 1, C4<00000001010101000100111101100011>, C4<0>, C4<0>, C4<0>;
v0000019fd0917340_7 .net/s v0000019fd0917340 7, 31 0, L_0000019fd0a007d8; 1 drivers
L_0000019fd0a00820 .functor BUFT 1, C4<11111110011011110001000101111011>, C4<0>, C4<0>, C4<0>;
v0000019fd0917340_8 .net/s v0000019fd0917340 8, 31 0, L_0000019fd0a00820; 1 drivers
v0000019fd0916800_0 .net "bd2", 95 0, L_0000019fd0917200;  1 drivers
L_0000019fd0a00a18 .functor BUFT 1, C4<111111101110100011101111011110110000000110010101010001010100010100000010010100110100011011101110>, C4<0>, C4<0>, C4<0>;
v0000019fd0915ae0_0 .net "bd2_0", 95 0, L_0000019fd0a00a18;  1 drivers
L_0000019fd0a00af0 .functor BUFT 1, C4<000000000000011000001101011011111111110011111010011110000110100111111111001000100011110111001100>, C4<0>, C4<0>, C4<0>;
v0000019fd0917020_0 .net "bd2_1", 95 0, L_0000019fd0a00af0;  1 drivers
v0000019fd0916760_0 .net "bd3", 31 0, L_0000019fd09172a0;  1 drivers
L_0000019fd0a004c0 .functor BUFT 1, C4<11111111000010101100101111001101>, C4<0>, C4<0>, C4<0>;
v0000019fd09169e0_0 .net "bd3_0", 31 0, L_0000019fd0a004c0;  1 drivers
L_0000019fd0a00940 .functor BUFT 1, C4<11111111010000111111101110110101>, C4<0>, C4<0>, C4<0>;
v0000019fd0915b80_0 .net "bd3_1", 31 0, L_0000019fd0a00940;  1 drivers
v0000019fd0915e00_0 .net "bg2", 95 0, L_0000019fd0916300;  1 drivers
L_0000019fd0a00988 .functor BUFT 1, C4<000000000100000101000011000001000000000011101111001101101000101100000001101000011011001001010010>, C4<0>, C4<0>, C4<0>;
v0000019fd09154a0_0 .net "bg2_0", 95 0, L_0000019fd0a00988;  1 drivers
L_0000019fd0a00a60 .functor BUFT 1, C4<111111101100011011101111110101100000000100110010000100100011001000000000010011111110111101111101>, C4<0>, C4<0>, C4<0>;
v0000019fd0916620_0 .net "bg2_1", 95 0, L_0000019fd0a00a60;  1 drivers
v0000019fd0916a80_0 .net "bg3", 287 0, L_0000019fd0916580;  1 drivers
L_0000019fd0a009d0 .functor BUFT 1, C4<000000010011011101001011111111000000000101000110110001011100000100000001010011010011010101100101000000010001000001101011111010111111111010111010001010011001100100000001000100010010100011010010000000010000101111001101101001100000000101001010101110010001110100000001011000111110001101000111>, C4<0>, C4<0>, C4<0>;
v0000019fd0915ea0_0 .net "bg3_0", 287 0, L_0000019fd0a009d0;  1 drivers
L_0000019fd0a00aa8 .functor BUFT 1, C4<111111100110111100010001011110110000000101010100010011110110001111111110101011011101100111100010000000010100111101110101111100110000000101011110101101101100110000000001010010100110000111111111111111100111111010001010100011000000000101110111011011000000011011111110100101111011110111110010>, C4<0>, C4<0>, C4<0>;
v0000019fd09170c0_0 .net "bg3_1", 287 0, L_0000019fd0a00aa8;  1 drivers
o0000019fd0918628 .functor BUFZ 4, C4<zzzz>; HiZ drive
v0000019fd0915cc0_0 .net "choice", 3 0, o0000019fd0918628;  0 drivers
L_0000019fd09164e0 .part o0000019fd0918628, 0, 1;
L_0000019fd0916300 .functor MUXZ 96, L_0000019fd0a00988, L_0000019fd0a00a60, L_0000019fd09164e0, C4<>;
L_0000019fd0916080 .part o0000019fd0918628, 1, 1;
L_0000019fd0916580 .functor MUXZ 288, L_0000019fd0a009d0, L_0000019fd0a00aa8, L_0000019fd0916080, C4<>;
L_0000019fd0917160 .part o0000019fd0918628, 2, 1;
L_0000019fd0917200 .functor MUXZ 96, L_0000019fd0a00a18, L_0000019fd0a00af0, L_0000019fd0917160, C4<>;
L_0000019fd09166c0 .part o0000019fd0918628, 3, 1;
L_0000019fd09172a0 .functor MUXZ 32, L_0000019fd0a004c0, L_0000019fd0a00940, L_0000019fd09166c0, C4<>;
# The file index is used to find the file name in the following table.
:file_names 3;
    "N/A";
    "<interactive>";
    "b_mem.v";
