#! /c/Source/iverilog-install/bin/vvp
:ivl_version "12.0 (devel)" "(s20150603-1539-g2693dd32b)";
:ivl_delay_selection "TYPICAL";
:vpi_time_precision + 0;
:vpi_module "C:\iverilog\lib\ivl\system.vpi";
:vpi_module "C:\iverilog\lib\ivl\vhdl_sys.vpi";
:vpi_module "C:\iverilog\lib\ivl\vhdl_textio.vpi";
:vpi_module "C:\iverilog\lib\ivl\v2005_math.vpi";
:vpi_module "C:\iverilog\lib\ivl\va_math.vpi";
S_000002a8b21fed90 .scope module, "discriminator" "discriminator" 2 7;
 .timescale 0 0;
    .port_info 0 /INPUT 32 "a_1";
    .port_info 1 /INPUT 32 "a_2";
    .port_info 2 /INPUT 32 "a_3";
    .port_info 3 /INPUT 32 "a_4";
    .port_info 4 /INPUT 32 "a_5";
    .port_info 5 /INPUT 32 "a_6";
    .port_info 6 /INPUT 32 "a_7";
    .port_info 7 /INPUT 32 "a_8";
    .port_info 8 /INPUT 32 "a_9";
    .port_info 9 /INPUT 864 "w_L2";
    .port_info 10 /INPUT 96 "w_L3";
    .port_info 11 /INPUT 96 "b_L2";
    .port_info 12 /INPUT 32 "b_L3";
    .port_info 13 /OUTPUT 32 "y";
P_000002a8b21a1160 .param/l "N_INPUT" 0 2 9, +C4<00000000000000000000000000001001>;
P_000002a8b21a1198 .param/l "N_NEURON_L2" 0 2 10, +C4<00000000000000000000000000000011>;
P_000002a8b21a11d0 .param/l "N_NEURON_L3" 0 2 11, +C4<00000000000000000000000000000001>;
P_000002a8b21a1208 .param/l "WIDTH" 0 2 8, +C4<00000000000000000000000000100000>;
L_000002a8b231d180 .functor BUFZ 32, L_000002a8b231db20, C4<00000000000000000000000000000000>, C4<00000000000000000000000000000000>, C4<00000000000000000000000000000000>;
o000002a8b2248598 .functor BUFZ 32, C4<zzzzzzzzzzzzzzzzzzzzzzzzzzzzzzzz>; HiZ drive
v000002a8b22bb7c0_0 .net/s "a_1", 31 0, o000002a8b2248598;  0 drivers
o000002a8b22485c8 .functor BUFZ 32, C4<zzzzzzzzzzzzzzzzzzzzzzzzzzzzzzzz>; HiZ drive
v000002a8b22bb0e0_0 .net/s "a_2", 31 0, o000002a8b22485c8;  0 drivers
o000002a8b22485f8 .functor BUFZ 32, C4<zzzzzzzzzzzzzzzzzzzzzzzzzzzzzzzz>; HiZ drive
v000002a8b22bb860_0 .net/s "a_3", 31 0, o000002a8b22485f8;  0 drivers
o000002a8b2248628 .functor BUFZ 32, C4<zzzzzzzzzzzzzzzzzzzzzzzzzzzzzzzz>; HiZ drive
v000002a8b22bb180_0 .net/s "a_4", 31 0, o000002a8b2248628;  0 drivers
o000002a8b2248658 .functor BUFZ 32, C4<zzzzzzzzzzzzzzzzzzzzzzzzzzzzzzzz>; HiZ drive
v000002a8b22bb2c0_0 .net/s "a_5", 31 0, o000002a8b2248658;  0 drivers
o000002a8b2248688 .functor BUFZ 32, C4<zzzzzzzzzzzzzzzzzzzzzzzzzzzzzzzz>; HiZ drive
v000002a8b22ba1e0_0 .net/s "a_6", 31 0, o000002a8b2248688;  0 drivers
o000002a8b22486b8 .functor BUFZ 32, C4<zzzzzzzzzzzzzzzzzzzzzzzzzzzzzzzz>; HiZ drive
v000002a8b22bb360_0 .net/s "a_7", 31 0, o000002a8b22486b8;  0 drivers
o000002a8b22486e8 .functor BUFZ 32, C4<zzzzzzzzzzzzzzzzzzzzzzzzzzzzzzzz>; HiZ drive
v000002a8b22b8480_0 .net/s "a_8", 31 0, o000002a8b22486e8;  0 drivers
o000002a8b2248718 .functor BUFZ 32, C4<zzzzzzzzzzzzzzzzzzzzzzzzzzzzzzzz>; HiZ drive
v000002a8b22b9b00_0 .net/s "a_9", 31 0, o000002a8b2248718;  0 drivers
o000002a8b224c978 .functor BUFZ 96, C4<zzzzzzzzzzzzzzzzzzzzzzzzzzzzzzzzzzzzzzzzzzzzzzzzzzzzzzzzzzzzzzzzzzzzzzzzzzzzzzzzzzzzzzzzzzzzzzzz>; HiZ drive
v000002a8b22b9600_0 .net/s "b_L2", 95 0, o000002a8b224c978;  0 drivers
o000002a8b2246be8 .functor BUFZ 32, C4<zzzzzzzzzzzzzzzzzzzzzzzzzzzzzzzz>; HiZ drive
v000002a8b22b8de0_0 .net/s "b_L3", 31 0, o000002a8b2246be8;  0 drivers
v000002a8b22b7c60 .array "out_L2", 0 2;
v000002a8b22b7c60_0 .net/s v000002a8b22b7c60 0, 31 0, L_000002a8b22bc3d0; 1 drivers
v000002a8b22b7c60_1 .net/s v000002a8b22b7c60 1, 31 0, L_000002a8b231d0a0; 1 drivers
v000002a8b22b7c60_2 .net/s v000002a8b22b7c60 2, 31 0, L_000002a8b231dab0; 1 drivers
v000002a8b22b94c0_0 .net/s "out_L3", 31 0, L_000002a8b231db20;  1 drivers
o000002a8b224c9a8 .functor BUFZ 864, C4<zzzzzzzzzzzzzzzzzzzzzzzzzzzzzzzzzzzzzzzzzzzzzzzzzzzzzzzzzzzzzzzzzzzzzzzzzzzzzzzzzzzzzzzzzzzzzzzzzzzzzzzzzzzzzzzzzzzzzzzzzzzzzzzzzzzzzzzzzzzzzzzzzzzzzzzzzzzzzzzzzzzzzzzzzzzzzzzzzzzzzzzzzzzzzzzzzzzzzzzzzzzzzzzzzzzzzzzzzzzzzzzzzzzzzzzzzzzzzzzzzzzzzzzzzzzzzzzzzzzzzzzzzzzzzzzzzzzzzzzzzzzzzzzzzzzzzzzzzzzzzzzzzzzzzzzzzzzzzzzzzzzzzzzzzzzzzzzzzzzzzzzzzzzzzzzzzzzzzzzzzzzzzzzzzzzzzzzzzzzzzzzzzzzzzzzzzzzzzzzzzzzzzzzzzzzzzzzzzzzzzzzzzzzzzzzzzzzzzzzzzzzzzzzzzzzzzzzzzzzzzzzzzzzzzzzzzzzzzzzzzzzzzzzzzzzzzzzzzzzzzzzzzzzzzzzzzzzzzzzzzzzzzzzzzzzzzzzzzzzzzzzzzzzzzzzzzzzzzzzzzzzzzzzzzzzzzzzzzzzzzzzzzzzzzzzzzzzzzzzzzzzzzzzzzzzzzzzzzzzzzzzzzzzzzzzzzzzzzzzzzzzzzzzzzzzzzzzzzzzzzzzzzzzzzzzzzzzzzzzzzzzzzzzzzzzzzzzzzzzzzzzzzzzzzzzzzzzzzzzzzzzzzzzzzzzzzzzzzzzzzzzzzzzzzzzzzzzzzzzzzzzzzzzzzzzzzzzzzzzzzzzzzzzzzzzzzzzzzzzzzzzzzzzzzzzzzzzzzzzzzzzzzzzzzzzzzzzzzzzzzzzzzzzzzzzzzzzzzzzzzzzz>; HiZ drive
v000002a8b22b8e80_0 .net/s "w_L2", 863 0, o000002a8b224c9a8;  0 drivers
o000002a8b224c9d8 .functor BUFZ 96, C4<zzzzzzzzzzzzzzzzzzzzzzzzzzzzzzzzzzzzzzzzzzzzzzzzzzzzzzzzzzzzzzzzzzzzzzzzzzzzzzzzzzzzzzzzzzzzzzzz>; HiZ drive
v000002a8b22b8020_0 .net/s "w_L3", 95 0, o000002a8b224c9d8;  0 drivers
v000002a8b22b7bc0_0 .net/s "y", 31 0, L_000002a8b231d180;  1 drivers
L_000002a8b2315bd0 .part o000002a8b224c9a8, 0, 32;
L_000002a8b2315c70 .part o000002a8b224c9a8, 32, 32;
L_000002a8b2316990 .part o000002a8b224c9a8, 64, 32;
L_000002a8b2316350 .part o000002a8b224c9a8, 96, 32;
L_000002a8b2315b30 .part o000002a8b224c9a8, 128, 32;
L_000002a8b2315310 .part o000002a8b224c9a8, 160, 32;
L_000002a8b2316710 .part o000002a8b224c9a8, 192, 32;
L_000002a8b2316530 .part o000002a8b224c9a8, 224, 32;
L_000002a8b23162b0 .part o000002a8b224c9a8, 256, 32;
L_000002a8b2316fd0 .part o000002a8b224c978, 0, 32;
L_000002a8b231fb00 .part o000002a8b224c9a8, 288, 32;
L_000002a8b231f100 .part o000002a8b224c9a8, 320, 32;
L_000002a8b231f2e0 .part o000002a8b224c9a8, 352, 32;
L_000002a8b231fce0 .part o000002a8b224c9a8, 384, 32;
L_000002a8b231dc60 .part o000002a8b224c9a8, 416, 32;
L_000002a8b231e520 .part o000002a8b224c9a8, 448, 32;
L_000002a8b231df80 .part o000002a8b224c9a8, 480, 32;
L_000002a8b231e340 .part o000002a8b224c9a8, 512, 32;
L_000002a8b231f380 .part o000002a8b224c9a8, 544, 32;
L_000002a8b2320000 .part o000002a8b224c978, 32, 32;
L_000002a8b23200a0 .part o000002a8b224c9a8, 576, 32;
L_000002a8b2321220 .part o000002a8b224c9a8, 608, 32;
L_000002a8b23205a0 .part o000002a8b224c9a8, 640, 32;
L_000002a8b2320d20 .part o000002a8b224c9a8, 672, 32;
L_000002a8b2320e60 .part o000002a8b224c9a8, 704, 32;
L_000002a8b23212c0 .part o000002a8b224c9a8, 736, 32;
L_000002a8b23215e0 .part o000002a8b224c9a8, 768, 32;
L_000002a8b2321a40 .part o000002a8b224c9a8, 800, 32;
L_000002a8b2321360 .part o000002a8b224c9a8, 832, 32;
L_000002a8b2321680 .part o000002a8b224c978, 64, 32;
L_000002a8b2326800 .part o000002a8b224c9d8, 0, 32;
L_000002a8b2325b80 .part o000002a8b224c9d8, 32, 32;
L_000002a8b2325ea0 .part o000002a8b224c9d8, 64, 32;
S_000002a8b2162cd0 .scope module, "NEURON_L3" "neuron_c" 2 56, 3 7 0, S_000002a8b21fed90;
 .timescale 0 0;
    .port_info 0 /INPUT 32 "a_1";
    .port_info 1 /INPUT 32 "a_2";
    .port_info 2 /INPUT 32 "a_3";
    .port_info 3 /INPUT 32 "w_1";
    .port_info 4 /INPUT 32 "w_2";
    .port_info 5 /INPUT 32 "w_3";
    .port_info 6 /INPUT 32 "b";
    .port_info 7 /OUTPUT 32 "y";
P_000002a8b221f820 .param/l "WIDTH" 0 3 8, +C4<00000000000000000000000000100000>;
L_000002a8b231db20 .functor BUFZ 32, v000002a8b2241020_0, C4<00000000000000000000000000000000>, C4<00000000000000000000000000000000>, C4<00000000000000000000000000000000>;
v000002a8b2241520_0 .net/s *"_ivl_5", 31 0, L_000002a8b2325e00;  1 drivers
v000002a8b22415c0_0 .net/s *"_ivl_8", 31 0, L_000002a8b23263a0;  1 drivers
v000002a8b2241de0_0 .net/s "a_1", 31 0, L_000002a8b22bc3d0;  alias, 1 drivers
v000002a8b2241ac0_0 .net/s "a_2", 31 0, L_000002a8b231d0a0;  alias, 1 drivers
v000002a8b2241e80_0 .net/s "a_3", 31 0, L_000002a8b231dab0;  alias, 1 drivers
v000002a8b2241f20_0 .net/s "b", 31 0, o000002a8b2246be8;  alias, 0 drivers
v000002a8b2241fc0_0 .net/s "out", 31 0, v000002a8b2241020_0;  1 drivers
v000002a8b2242060 .array "out_In", 2 0;
v000002a8b2242060_0 .net/s v000002a8b2242060 0, 31 0, L_000002a8b2320780; 1 drivers
v000002a8b2242060_1 .net/s v000002a8b2242060 1, 31 0, L_000002a8b2317d90; 1 drivers
v000002a8b2242060_2 .net/s v000002a8b2242060 2, 31 0, L_000002a8b2326e40; 1 drivers
v000002a8b22421a0_0 .net/s "pre_activation", 31 0, L_000002a8b2324e60;  1 drivers
v000002a8b2242240_0 .net/s "w_1", 31 0, L_000002a8b2326800;  1 drivers
v000002a8b229dd80_0 .net/s "w_2", 31 0, L_000002a8b2325b80;  1 drivers
v000002a8b229d9c0_0 .net/s "w_3", 31 0, L_000002a8b2325ea0;  1 drivers
v000002a8b229e780_0 .net/s "y", 31 0, L_000002a8b231db20;  alias, 1 drivers
L_000002a8b2325e00 .arith/sum 32, L_000002a8b2320780, L_000002a8b2317d90;
L_000002a8b23263a0 .arith/sum 32, L_000002a8b2325e00, L_000002a8b2326e40;
L_000002a8b2324e60 .arith/sum 32, L_000002a8b23263a0, o000002a8b2246be8;
S_000002a8b2162e60 .scope module, "activate_func" "sigmoid" 3 50, 4 4 0, S_000002a8b2162cd0;
 .timescale 0 0;
    .port_info 0 /INPUT 32 "x";
    .port_info 1 /OUTPUT 32 "y";
P_000002a8b216c440 .param/l "CONST_0_625" 1 4 13, +C4<00000000101000000000000000000000>;
P_000002a8b216c478 .param/l "CONST_0_84375" 1 4 14, +C4<00000000110110000000000000000000>;
P_000002a8b216c4b0 .param/l "HALF" 1 4 12, +C4<00000000100000000000000000000000>;
P_000002a8b216c4e8 .param/l "ONE" 1 4 11, +C4<00000001000000000000000000000000>;
P_000002a8b216c520 .param/l "THR_1" 1 4 17, +C4<00000001000000000000000000000000>;
P_000002a8b216c558 .param/l "THR_2" 1 4 18, +C4<00000010011000000000000000000000>;
P_000002a8b216c590 .param/l "THR_3" 1 4 19, +C4<00000101000000000000000000000000>;
P_000002a8b216c5c8 .param/l "WIDTH" 0 4 5, +C4<00000000000000000000000000100000>;
v000002a8b22422e0_0 .var "abs_x", 30 0;
v000002a8b2241200_0 .var "val", 31 0;
v000002a8b2241660_0 .net/s "x", 31 0, L_000002a8b2324e60;  alias, 1 drivers
v000002a8b2241020_0 .var/s "y", 31 0;
E_000002a8b221f6e0 .event anyedge, v000002a8b2241660_0, v000002a8b22422e0_0, v000002a8b2241200_0;
S_000002a8b216c610 .scope module, "mult_0" "mult_Q" 3 26, 5 4 0, S_000002a8b2162cd0;
 .timescale 0 0;
    .port_info 0 /INPUT 32 "a";
    .port_info 1 /INPUT 32 "b";
    .port_info 2 /OUTPUT 32 "y";
P_000002a8b21896b0 .param/l "FBITS" 0 5 6, +C4<00000000000000000000000000011000>;
P_000002a8b21896e8 .param/l "WIDTH" 0 5 5, +C4<00000000000000000000000000100000>;
v000002a8b22406c0_0 .net/s *"_ivl_0", 63 0, L_000002a8b2320460;  1 drivers
v000002a8b2242380_0 .net/s *"_ivl_2", 63 0, L_000002a8b23206e0;  1 drivers
v000002a8b22418e0_0 .net/s "a", 31 0, L_000002a8b22bc3d0;  alias, 1 drivers
v000002a8b2241ca0_0 .net/s "b", 31 0, L_000002a8b2326800;  alias, 1 drivers
v000002a8b2241980_0 .net/s "raw_y", 63 0, L_000002a8b2321900;  1 drivers
v000002a8b22408a0_0 .net/s "y", 31 0, L_000002a8b2320780;  alias, 1 drivers
L_000002a8b2320460 .extend/s 64, L_000002a8b22bc3d0;
L_000002a8b23206e0 .extend/s 64, L_000002a8b2326800;
L_000002a8b2321900 .arith/mult 64, L_000002a8b2320460, L_000002a8b23206e0;
L_000002a8b2320780 .part L_000002a8b2321900, 24, 32;
S_000002a8b2150450 .scope module, "mult_1" "mult_Q" 3 33, 5 4 0, S_000002a8b2162cd0;
 .timescale 0 0;
    .port_info 0 /INPUT 32 "a";
    .port_info 1 /INPUT 32 "b";
    .port_info 2 /OUTPUT 32 "y";
P_000002a8b218a0b0 .param/l "FBITS" 0 5 6, +C4<00000000000000000000000000011000>;
P_000002a8b218a0e8 .param/l "WIDTH" 0 5 5, +C4<00000000000000000000000000100000>;
v000002a8b22410c0_0 .net/s *"_ivl_0", 63 0, L_000002a8b2321ae0;  1 drivers
v000002a8b22412a0_0 .net/s *"_ivl_2", 63 0, L_000002a8b2320500;  1 drivers
v000002a8b2240760_0 .net/s "a", 31 0, L_000002a8b231d0a0;  alias, 1 drivers
v000002a8b2240b20_0 .net/s "b", 31 0, L_000002a8b2325b80;  alias, 1 drivers
v000002a8b2240620_0 .net/s "raw_y", 63 0, L_000002a8b2320640;  1 drivers
v000002a8b22413e0_0 .net/s "y", 31 0, L_000002a8b2317d90;  alias, 1 drivers
L_000002a8b2321ae0 .extend/s 64, L_000002a8b231d0a0;
L_000002a8b2320500 .extend/s 64, L_000002a8b2325b80;
L_000002a8b2320640 .arith/mult 64, L_000002a8b2321ae0, L_000002a8b2320500;
L_000002a8b2317d90 .part L_000002a8b2320640, 24, 32;
S_000002a8b21505e0 .scope module, "mult_2" "mult_Q" 3 40, 5 4 0, S_000002a8b2162cd0;
 .timescale 0 0;
    .port_info 0 /INPUT 32 "a";
    .port_info 1 /INPUT 32 "b";
    .port_info 2 /OUTPUT 32 "y";
P_000002a8b21893b0 .param/l "FBITS" 0 5 6, +C4<00000000000000000000000000011000>;
P_000002a8b21893e8 .param/l "WIDTH" 0 5 5, +C4<00000000000000000000000000100000>;
v000002a8b2240580_0 .net/s *"_ivl_0", 63 0, L_000002a8b2324fa0;  1 drivers
v000002a8b2241d40_0 .net/s *"_ivl_2", 63 0, L_000002a8b2325d60;  1 drivers
v000002a8b2242420_0 .net/s "a", 31 0, L_000002a8b231dab0;  alias, 1 drivers
v000002a8b2241a20_0 .net/s "b", 31 0, L_000002a8b2325ea0;  alias, 1 drivers
v000002a8b2241480_0 .net/s "raw_y", 63 0, L_000002a8b2326a80;  1 drivers
v000002a8b22409e0_0 .net/s "y", 31 0, L_000002a8b2326e40;  alias, 1 drivers
L_000002a8b2324fa0 .extend/s 64, L_000002a8b231dab0;
L_000002a8b2325d60 .extend/s 64, L_000002a8b2325ea0;
L_000002a8b2326a80 .arith/mult 64, L_000002a8b2324fa0, L_000002a8b2325d60;
L_000002a8b2326e40 .part L_000002a8b2326a80, 24, 32;
S_000002a8b2172160 .scope generate, "genblk1[0]" "genblk1[0]" 2 34, 2 34 0, S_000002a8b21fed90;
 .timescale 0 0;
P_000002a8b2220060 .param/l "i" 0 2 34, +C4<00>;
S_000002a8b21722f0 .scope module, "NEURON_L2" "neuron_b" 2 35, 6 7 0, S_000002a8b2172160;
 .timescale 0 0;
    .port_info 0 /INPUT 32 "a_1";
    .port_info 1 /INPUT 32 "a_2";
    .port_info 2 /INPUT 32 "a_3";
    .port_info 3 /INPUT 32 "a_4";
    .port_info 4 /INPUT 32 "a_5";
    .port_info 5 /INPUT 32 "a_6";
    .port_info 6 /INPUT 32 "a_7";
    .port_info 7 /INPUT 32 "a_8";
    .port_info 8 /INPUT 32 "a_9";
    .port_info 9 /INPUT 32 "w_1";
    .port_info 10 /INPUT 32 "w_2";
    .port_info 11 /INPUT 32 "w_3";
    .port_info 12 /INPUT 32 "w_4";
    .port_info 13 /INPUT 32 "w_5";
    .port_info 14 /INPUT 32 "w_6";
    .port_info 15 /INPUT 32 "w_7";
    .port_info 16 /INPUT 32 "w_8";
    .port_info 17 /INPUT 32 "w_9";
    .port_info 18 /INPUT 32 "b";
    .port_info 19 /OUTPUT 32 "y";
P_000002a8b221fc20 .param/l "WIDTH" 0 6 8, +C4<00000000000000000000000000100000>;
L_000002a8b21fea80 .functor BUFZ 32, o000002a8b2248598, C4<00000000000000000000000000000000>, C4<00000000000000000000000000000000>, C4<00000000000000000000000000000000>;
L_000002a8b21fe5b0 .functor BUFZ 32, o000002a8b22485c8, C4<00000000000000000000000000000000>, C4<00000000000000000000000000000000>, C4<00000000000000000000000000000000>;
L_000002a8b21fe620 .functor BUFZ 32, o000002a8b22485f8, C4<00000000000000000000000000000000>, C4<00000000000000000000000000000000>, C4<00000000000000000000000000000000>;
L_000002a8b21fe700 .functor BUFZ 32, o000002a8b2248628, C4<00000000000000000000000000000000>, C4<00000000000000000000000000000000>, C4<00000000000000000000000000000000>;
L_000002a8b21fe9a0 .functor BUFZ 32, o000002a8b2248658, C4<00000000000000000000000000000000>, C4<00000000000000000000000000000000>, C4<00000000000000000000000000000000>;
L_000002a8b22bc440 .functor BUFZ 32, o000002a8b2248688, C4<00000000000000000000000000000000>, C4<00000000000000000000000000000000>, C4<00000000000000000000000000000000>;
L_000002a8b22bc2f0 .functor BUFZ 32, o000002a8b22486b8, C4<00000000000000000000000000000000>, C4<00000000000000000000000000000000>, C4<00000000000000000000000000000000>;
L_000002a8b22bc280 .functor BUFZ 32, o000002a8b22486e8, C4<00000000000000000000000000000000>, C4<00000000000000000000000000000000>, C4<00000000000000000000000000000000>;
L_000002a8b22bbcd0 .functor BUFZ 32, o000002a8b2248718, C4<00000000000000000000000000000000>, C4<00000000000000000000000000000000>, C4<00000000000000000000000000000000>;
L_000002a8b22bbfe0 .functor BUFZ 32, L_000002a8b2315bd0, C4<00000000000000000000000000000000>, C4<00000000000000000000000000000000>, C4<00000000000000000000000000000000>;
L_000002a8b22bc6e0 .functor BUFZ 32, L_000002a8b2315c70, C4<00000000000000000000000000000000>, C4<00000000000000000000000000000000>, C4<00000000000000000000000000000000>;
L_000002a8b22bc590 .functor BUFZ 32, L_000002a8b2316990, C4<00000000000000000000000000000000>, C4<00000000000000000000000000000000>, C4<00000000000000000000000000000000>;
L_000002a8b22bbbf0 .functor BUFZ 32, L_000002a8b2316350, C4<00000000000000000000000000000000>, C4<00000000000000000000000000000000>, C4<00000000000000000000000000000000>;
L_000002a8b22bc8a0 .functor BUFZ 32, L_000002a8b2315b30, C4<00000000000000000000000000000000>, C4<00000000000000000000000000000000>, C4<00000000000000000000000000000000>;
L_000002a8b22bc4b0 .functor BUFZ 32, L_000002a8b2315310, C4<00000000000000000000000000000000>, C4<00000000000000000000000000000000>, C4<00000000000000000000000000000000>;
L_000002a8b22bbc60 .functor BUFZ 32, L_000002a8b2316710, C4<00000000000000000000000000000000>, C4<00000000000000000000000000000000>, C4<00000000000000000000000000000000>;
L_000002a8b22bc910 .functor BUFZ 32, L_000002a8b2316530, C4<00000000000000000000000000000000>, C4<00000000000000000000000000000000>, C4<00000000000000000000000000000000>;
L_000002a8b22bc7c0 .functor BUFZ 32, L_000002a8b23162b0, C4<00000000000000000000000000000000>, C4<00000000000000000000000000000000>, C4<00000000000000000000000000000000>;
L_000002a8b22bc3d0 .functor BUFZ 32, L_000002a8b2316850, C4<00000000000000000000000000000000>, C4<00000000000000000000000000000000>, C4<00000000000000000000000000000000>;
v000002a8b22a12d0_0 .net/s *"_ivl_56", 31 0, L_000002a8b22b99c0;  1 drivers
v000002a8b22a1370_0 .net/s *"_ivl_63", 31 0, L_000002a8b22b9ce0;  1 drivers
v000002a8b22a1410_0 .net/s *"_ivl_70", 31 0, L_000002a8b22b91a0;  1 drivers
v000002a8b229f6b0_0 .net/s *"_ivl_75", 31 0, L_000002a8b22ba000;  1 drivers
v000002a8b22a3990_0 .net/s *"_ivl_77", 31 0, L_000002a8b22b9240;  1 drivers
v000002a8b22a42f0_0 .net/s "a_1", 31 0, o000002a8b2248598;  alias, 0 drivers
v000002a8b22a46b0_0 .net/s "a_2", 31 0, o000002a8b22485c8;  alias, 0 drivers
v000002a8b22a4750_0 .net/s "a_3", 31 0, o000002a8b22485f8;  alias, 0 drivers
v000002a8b22a4b10_0 .net/s "a_4", 31 0, o000002a8b2248628;  alias, 0 drivers
v000002a8b22a3e90_0 .net/s "a_5", 31 0, o000002a8b2248658;  alias, 0 drivers
v000002a8b22a3710_0 .net/s "a_6", 31 0, o000002a8b2248688;  alias, 0 drivers
v000002a8b22a4890_0 .net/s "a_7", 31 0, o000002a8b22486b8;  alias, 0 drivers
v000002a8b22a33f0_0 .net/s "a_8", 31 0, o000002a8b22486e8;  alias, 0 drivers
v000002a8b22a3d50_0 .net/s "a_9", 31 0, o000002a8b2248718;  alias, 0 drivers
v000002a8b22a32b0 .array "a_arr", 9 1;
v000002a8b22a32b0_0 .net/s v000002a8b22a32b0 0, 31 0, L_000002a8b21fea80; 1 drivers
v000002a8b22a32b0_1 .net/s v000002a8b22a32b0 1, 31 0, L_000002a8b21fe5b0; 1 drivers
v000002a8b22a32b0_2 .net/s v000002a8b22a32b0 2, 31 0, L_000002a8b21fe620; 1 drivers
v000002a8b22a32b0_3 .net/s v000002a8b22a32b0 3, 31 0, L_000002a8b21fe700; 1 drivers
v000002a8b22a32b0_4 .net/s v000002a8b22a32b0 4, 31 0, L_000002a8b21fe9a0; 1 drivers
v000002a8b22a32b0_5 .net/s v000002a8b22a32b0 5, 31 0, L_000002a8b22bc440; 1 drivers
v000002a8b22a32b0_6 .net/s v000002a8b22a32b0 6, 31 0, L_000002a8b22bc2f0; 1 drivers
v000002a8b22a32b0_7 .net/s v000002a8b22a32b0 7, 31 0, L_000002a8b22bc280; 1 drivers
v000002a8b22a32b0_8 .net/s v000002a8b22a32b0 8, 31 0, L_000002a8b22bbcd0; 1 drivers
v000002a8b22a44d0_0 .net/s "b", 31 0, L_000002a8b2316fd0;  1 drivers
v000002a8b22a47f0 .array "m", 9 1;
v000002a8b22a47f0_0 .net/s v000002a8b22a47f0 0, 31 0, L_000002a8b22b85c0; 1 drivers
v000002a8b22a47f0_1 .net/s v000002a8b22a47f0 1, 31 0, L_000002a8b22b96a0; 1 drivers
v000002a8b22a47f0_2 .net/s v000002a8b22a47f0 2, 31 0, L_000002a8b22b9380; 1 drivers
v000002a8b22a47f0_3 .net/s v000002a8b22a47f0 3, 31 0, L_000002a8b22b9560; 1 drivers
v000002a8b22a47f0_4 .net/s v000002a8b22a47f0 4, 31 0, L_000002a8b22b8660; 1 drivers
v000002a8b22a47f0_5 .net/s v000002a8b22a47f0 5, 31 0, L_000002a8b22b8700; 1 drivers
v000002a8b22a47f0_6 .net/s v000002a8b22a47f0 6, 31 0, L_000002a8b22b9740; 1 drivers
v000002a8b22a47f0_7 .net/s v000002a8b22a47f0 7, 31 0, L_000002a8b22b8ca0; 1 drivers
v000002a8b22a47f0_8 .net/s v000002a8b22a47f0 8, 31 0, L_000002a8b22b83e0; 1 drivers
v000002a8b22a3df0_0 .net/s "out", 31 0, L_000002a8b2316850;  1 drivers
v000002a8b22a4930_0 .net/s "sum_123", 31 0, L_000002a8b22b9c40;  1 drivers
v000002a8b22a2ef0_0 .net/s "sum_456", 31 0, L_000002a8b22b9d80;  1 drivers
v000002a8b22a3a30_0 .net/s "sum_789", 31 0, L_000002a8b22b9e20;  1 drivers
v000002a8b22a41b0_0 .net/s "total_sum", 31 0, L_000002a8b22b87a0;  1 drivers
v000002a8b22a3350_0 .net/s "w_1", 31 0, L_000002a8b2315bd0;  1 drivers
v000002a8b22a2e50_0 .net/s "w_2", 31 0, L_000002a8b2315c70;  1 drivers
v000002a8b22a4430_0 .net/s "w_3", 31 0, L_000002a8b2316990;  1 drivers
v000002a8b22a3ad0_0 .net/s "w_4", 31 0, L_000002a8b2316350;  1 drivers
v000002a8b22a3490_0 .net/s "w_5", 31 0, L_000002a8b2315b30;  1 drivers
v000002a8b22a4250_0 .net/s "w_6", 31 0, L_000002a8b2315310;  1 drivers
v000002a8b22a49d0_0 .net/s "w_7", 31 0, L_000002a8b2316710;  1 drivers
v000002a8b22a4390_0 .net/s "w_8", 31 0, L_000002a8b2316530;  1 drivers
v000002a8b22a3b70_0 .net/s "w_9", 31 0, L_000002a8b23162b0;  1 drivers
v000002a8b22a30d0 .array "w_arr", 9 1;
v000002a8b22a30d0_0 .net/s v000002a8b22a30d0 0, 31 0, L_000002a8b22bbfe0; 1 drivers
v000002a8b22a30d0_1 .net/s v000002a8b22a30d0 1, 31 0, L_000002a8b22bc6e0; 1 drivers
v000002a8b22a30d0_2 .net/s v000002a8b22a30d0 2, 31 0, L_000002a8b22bc590; 1 drivers
v000002a8b22a30d0_3 .net/s v000002a8b22a30d0 3, 31 0, L_000002a8b22bbbf0; 1 drivers
v000002a8b22a30d0_4 .net/s v000002a8b22a30d0 4, 31 0, L_000002a8b22bc8a0; 1 drivers
v000002a8b22a30d0_5 .net/s v000002a8b22a30d0 5, 31 0, L_000002a8b22bc4b0; 1 drivers
v000002a8b22a30d0_6 .net/s v000002a8b22a30d0 6, 31 0, L_000002a8b22bbc60; 1 drivers
v000002a8b22a30d0_7 .net/s v000002a8b22a30d0 7, 31 0, L_000002a8b22bc910; 1 drivers
v000002a8b22a30d0_8 .net/s v000002a8b22a30d0 8, 31 0, L_000002a8b22bc7c0; 1 drivers
v000002a8b22a4570_0 .net/s "y", 31 0, L_000002a8b22bc3d0;  alias, 1 drivers
L_000002a8b22b99c0 .arith/sum 32, L_000002a8b22b85c0, L_000002a8b22b96a0;
L_000002a8b22b9c40 .arith/sum 32, L_000002a8b22b99c0, L_000002a8b22b9380;
L_000002a8b22b9ce0 .arith/sum 32, L_000002a8b22b9560, L_000002a8b22b8660;
L_000002a8b22b9d80 .arith/sum 32, L_000002a8b22b9ce0, L_000002a8b22b8700;
L_000002a8b22b91a0 .arith/sum 32, L_000002a8b22b9740, L_000002a8b22b8ca0;
L_000002a8b22b9e20 .arith/sum 32, L_000002a8b22b91a0, L_000002a8b22b83e0;
L_000002a8b22ba000 .arith/sum 32, L_000002a8b22b9c40, L_000002a8b22b9d80;
L_000002a8b22b9240 .arith/sum 32, L_000002a8b22ba000, L_000002a8b22b9e20;
L_000002a8b22b87a0 .arith/sum 32, L_000002a8b22b9240, L_000002a8b2316fd0;
S_000002a8b2206480 .scope module, "activate_func" "tanh" 6 54, 7 4 0, S_000002a8b21722f0;
 .timescale 0 0;
    .port_info 0 /INPUT 32 "a";
    .port_info 1 /OUTPUT 32 "y";
P_000002a8b218a130 .param/l "FL" 0 7 6, +C4<00000000000000000000000000011000>;
P_000002a8b218a168 .param/l "WIDTH" 0 7 5, +C4<00000000000000000000000000100000>;
L_000002a8b22bc520 .functor NOT 32, L_000002a8b22b87a0, C4<00000000000000000000000000000000>, C4<00000000000000000000000000000000>, C4<00000000000000000000000000000000>;
L_000002a8b22bc360 .functor NOT 32, L_000002a8b23158b0, C4<00000000000000000000000000000000>, C4<00000000000000000000000000000000>, C4<00000000000000000000000000000000>;
L_000002a8b22bcd20 .functor BUFT 1, C4<11111111000000000000000000000000>, C4<0>, C4<0>, C4<0>;
v000002a8b229d6a0_0 .net/s "ONE_NEG", 31 0, L_000002a8b22bcd20;  1 drivers
L_000002a8b22bccd8 .functor BUFT 1, C4<00000001000000000000000000000000>, C4<0>, C4<0>, C4<0>;
v000002a8b229db00_0 .net/s "ONE_POS", 31 0, L_000002a8b22bccd8;  1 drivers
L_000002a8b22bcc00 .functor BUFT 1, C4<00000000000000000000000000000000>, C4<0>, C4<0>, C4<0>;
v000002a8b229edc0_0 .net/2s *"_ivl_12", 31 0, L_000002a8b22bcc00;  1 drivers
v000002a8b229d7e0_0 .net *"_ivl_14", 0 0, L_000002a8b22b7a80;  1 drivers
L_000002a8b22bcc48 .functor BUFT 1, C4<00000000000000000000000000000000>, C4<0>, C4<0>, C4<0>;
v000002a8b229d060_0 .net *"_ivl_16", 31 0, L_000002a8b22bcc48;  1 drivers
v000002a8b229eaa0_0 .net *"_ivl_19", 31 0, L_000002a8b22b79e0;  1 drivers
v000002a8b229e5a0_0 .net/s *"_ivl_22", 63 0, L_000002a8b22b7e40;  1 drivers
v000002a8b229dec0_0 .net/s *"_ivl_24", 63 0, L_000002a8b22b8980;  1 drivers
v000002a8b229d4c0_0 .net *"_ivl_3", 0 0, L_000002a8b22ba0a0;  1 drivers
v000002a8b229d100_0 .net/s *"_ivl_30", 63 0, L_000002a8b2315e50;  1 drivers
v000002a8b229da60_0 .net/s *"_ivl_32", 63 0, L_000002a8b2316670;  1 drivers
v000002a8b229e3c0_0 .net/s *"_ivl_38", 63 0, L_000002a8b2314d70;  1 drivers
v000002a8b229dc40_0 .net *"_ivl_4", 31 0, L_000002a8b22bc520;  1 drivers
v000002a8b229df60_0 .net/s *"_ivl_40", 63 0, L_000002a8b2315810;  1 drivers
v000002a8b229ef00_0 .net/s *"_ivl_46", 31 0, L_000002a8b2315590;  1 drivers
v000002a8b229de20_0 .net *"_ivl_50", 31 0, L_000002a8b22bc360;  1 drivers
L_000002a8b22bcc90 .functor BUFT 1, C4<00000000000000000000000000000001>, C4<0>, C4<0>, C4<0>;
v000002a8b229e460_0 .net/2u *"_ivl_52", 31 0, L_000002a8b22bcc90;  1 drivers
v000002a8b229eb40_0 .net *"_ivl_54", 31 0, L_000002a8b23156d0;  1 drivers
L_000002a8b22bcbb8 .functor BUFT 1, C4<00000000000000000000000000000001>, C4<0>, C4<0>, C4<0>;
v000002a8b229d1a0_0 .net/2u *"_ivl_6", 31 0, L_000002a8b22bcbb8;  1 drivers
v000002a8b229e000_0 .net *"_ivl_62", 0 0, L_000002a8b2316e90;  1 drivers
v000002a8b229dba0_0 .net *"_ivl_64", 0 0, L_000002a8b2315ef0;  1 drivers
v000002a8b229ee60_0 .net *"_ivl_66", 31 0, L_000002a8b2315f90;  1 drivers
v000002a8b229e0a0_0 .net *"_ivl_8", 31 0, L_000002a8b22ba140;  1 drivers
v000002a8b229d740_0 .net/s "a", 31 0, L_000002a8b22b87a0;  alias, 1 drivers
v000002a8b229e500_0 .net/s "a_pos", 31 0, L_000002a8b22b7f80;  1 drivers
v000002a8b229e140_0 .net/s "ai", 31 0, L_000002a8b22b7b20;  1 drivers
v000002a8b229dce0_0 .net/s "ai_sq", 31 0, L_000002a8b2315630;  1 drivers
v000002a8b229d880_0 .net/s "ai_sq_full", 63 0, L_000002a8b2315d10;  1 drivers
v000002a8b229e1e0_0 .var/s "p1", 31 0;
v000002a8b229e820_0 .var/s "p2", 31 0;
v000002a8b229d920_0 .var/s "p3", 31 0;
v000002a8b229ebe0_0 .net "sign", 0 0, L_000002a8b22b88e0;  1 drivers
v000002a8b229e640_0 .net/s "term1", 31 0, L_000002a8b23167b0;  1 drivers
v000002a8b229e6e0_0 .net/s "term1_full", 63 0, L_000002a8b2315130;  1 drivers
v000002a8b229d380_0 .net/s "term2", 31 0, L_000002a8b2316d50;  1 drivers
v000002a8b229d240_0 .net/s "term2_full", 63 0, L_000002a8b2316cb0;  1 drivers
v000002a8b229e280_0 .net/s "y", 31 0, L_000002a8b2316850;  alias, 1 drivers
v000002a8b229d2e0_0 .net/s "y_abs", 31 0, L_000002a8b23158b0;  1 drivers
v000002a8b229ec80_0 .net/s "y_signed", 31 0, L_000002a8b23171b0;  1 drivers
E_000002a8b221ff20 .event anyedge, v000002a8b229e140_0;
L_000002a8b22b88e0 .part L_000002a8b22b87a0, 31, 1;
L_000002a8b22ba0a0 .part L_000002a8b22b87a0, 31, 1;
L_000002a8b22ba140 .arith/sum 32, L_000002a8b22bc520, L_000002a8b22bcbb8;
L_000002a8b22b7f80 .functor MUXZ 32, L_000002a8b22b87a0, L_000002a8b22ba140, L_000002a8b22ba0a0, C4<>;
L_000002a8b22b7a80 .cmp/gt.s 32, L_000002a8b22bcc00, L_000002a8b22b7f80;
L_000002a8b22b79e0 .arith/sub 32, L_000002a8b22bcc48, L_000002a8b22b7f80;
L_000002a8b22b7b20 .functor MUXZ 32, L_000002a8b22b7f80, L_000002a8b22b79e0, L_000002a8b22b7a80, C4<>;
L_000002a8b22b7e40 .extend/s 64, L_000002a8b22b7b20;
L_000002a8b22b8980 .extend/s 64, L_000002a8b22b7b20;
L_000002a8b2315d10 .arith/mult 64, L_000002a8b22b7e40, L_000002a8b22b8980;
L_000002a8b2315630 .part L_000002a8b2315d10, 24, 32;
L_000002a8b2315e50 .extend/s 64, v000002a8b229e1e0_0;
L_000002a8b2316670 .extend/s 64, L_000002a8b2315630;
L_000002a8b2315130 .arith/mult 64, L_000002a8b2315e50, L_000002a8b2316670;
L_000002a8b23167b0 .part L_000002a8b2315130, 24, 32;
L_000002a8b2314d70 .extend/s 64, v000002a8b229e820_0;
L_000002a8b2315810 .extend/s 64, L_000002a8b22b7b20;
L_000002a8b2316cb0 .arith/mult 64, L_000002a8b2314d70, L_000002a8b2315810;
L_000002a8b2316d50 .part L_000002a8b2316cb0, 24, 32;
L_000002a8b2315590 .arith/sum 32, L_000002a8b23167b0, L_000002a8b2316d50;
L_000002a8b23158b0 .arith/sum 32, L_000002a8b2315590, v000002a8b229d920_0;
L_000002a8b23156d0 .arith/sum 32, L_000002a8b22bc360, L_000002a8b22bcc90;
L_000002a8b23171b0 .functor MUXZ 32, L_000002a8b23158b0, L_000002a8b23156d0, L_000002a8b22b88e0, C4<>;
L_000002a8b2316e90 .cmp/gt.s 32, L_000002a8b23171b0, L_000002a8b22bccd8;
L_000002a8b2315ef0 .cmp/gt.s 32, L_000002a8b22bcd20, L_000002a8b23171b0;
L_000002a8b2315f90 .functor MUXZ 32, L_000002a8b23171b0, L_000002a8b22bcd20, L_000002a8b2315ef0, C4<>;
L_000002a8b2316850 .functor MUXZ 32, L_000002a8b2315f90, L_000002a8b22bccd8, L_000002a8b2316e90, C4<>;
S_000002a8b229f020 .scope generate, "genblk1[1]" "genblk1[1]" 6 39, 6 39 0, S_000002a8b21722f0;
 .timescale 0 0;
P_000002a8b221f660 .param/l "i" 0 6 39, +C4<01>;
S_000002a8b229f1b0 .scope module, "multiplier" "mult_Q" 6 40, 5 4 0, S_000002a8b229f020;
 .timescale 0 0;
    .port_info 0 /INPUT 32 "a";
    .port_info 1 /INPUT 32 "b";
    .port_info 2 /OUTPUT 32 "y";
P_000002a8b218a430 .param/l "FBITS" 0 5 6, +C4<00000000000000000000000000011000>;
P_000002a8b218a468 .param/l "WIDTH" 0 5 5, +C4<00000000000000000000000000100000>;
v000002a8b229e320_0 .net/s *"_ivl_0", 63 0, L_000002a8b22b8340;  1 drivers
v000002a8b229e960_0 .net/s *"_ivl_2", 63 0, L_000002a8b22b80c0;  1 drivers
v000002a8b229d420_0 .net/s "a", 31 0, L_000002a8b21fea80;  alias, 1 drivers
v000002a8b229e8c0_0 .net/s "b", 31 0, L_000002a8b22bbfe0;  alias, 1 drivers
v000002a8b229ea00_0 .net/s "raw_y", 63 0, L_000002a8b22b8a20;  1 drivers
v000002a8b229ed20_0 .net/s "y", 31 0, L_000002a8b22b85c0;  alias, 1 drivers
L_000002a8b22b8340 .extend/s 64, L_000002a8b21fea80;
L_000002a8b22b80c0 .extend/s 64, L_000002a8b22bbfe0;
L_000002a8b22b8a20 .arith/mult 64, L_000002a8b22b8340, L_000002a8b22b80c0;
L_000002a8b22b85c0 .part L_000002a8b22b8a20, 24, 32;
S_000002a8b229f340 .scope generate, "genblk1[2]" "genblk1[2]" 6 39, 6 39 0, S_000002a8b21722f0;
 .timescale 0 0;
P_000002a8b221fae0 .param/l "i" 0 6 39, +C4<010>;
S_000002a8b229f4d0 .scope module, "multiplier" "mult_Q" 6 40, 5 4 0, S_000002a8b229f340;
 .timescale 0 0;
    .port_info 0 /INPUT 32 "a";
    .port_info 1 /INPUT 32 "b";
    .port_info 2 /OUTPUT 32 "y";
P_000002a8b218a6b0 .param/l "FBITS" 0 5 6, +C4<00000000000000000000000000011000>;
P_000002a8b218a6e8 .param/l "WIDTH" 0 5 5, +C4<00000000000000000000000000100000>;
v000002a8b229d560_0 .net/s *"_ivl_0", 63 0, L_000002a8b22b7da0;  1 drivers
v000002a8b229d600_0 .net/s *"_ivl_2", 63 0, L_000002a8b22b9ec0;  1 drivers
v000002a8b22a1050_0 .net/s "a", 31 0, L_000002a8b21fe5b0;  alias, 1 drivers
v000002a8b229ff70_0 .net/s "b", 31 0, L_000002a8b22bc6e0;  alias, 1 drivers
v000002a8b229f930_0 .net/s "raw_y", 63 0, L_000002a8b22b9060;  1 drivers
v000002a8b22a0c90_0 .net/s "y", 31 0, L_000002a8b22b96a0;  alias, 1 drivers
L_000002a8b22b7da0 .extend/s 64, L_000002a8b21fe5b0;
L_000002a8b22b9ec0 .extend/s 64, L_000002a8b22bc6e0;
L_000002a8b22b9060 .arith/mult 64, L_000002a8b22b7da0, L_000002a8b22b9ec0;
L_000002a8b22b96a0 .part L_000002a8b22b9060, 24, 32;
S_000002a8b22a1670 .scope generate, "genblk1[3]" "genblk1[3]" 6 39, 6 39 0, S_000002a8b21722f0;
 .timescale 0 0;
P_000002a8b22203e0 .param/l "i" 0 6 39, +C4<011>;
S_000002a8b22a1800 .scope module, "multiplier" "mult_Q" 6 40, 5 4 0, S_000002a8b22a1670;
 .timescale 0 0;
    .port_info 0 /INPUT 32 "a";
    .port_info 1 /INPUT 32 "b";
    .port_info 2 /OUTPUT 32 "y";
P_000002a8b2189030 .param/l "FBITS" 0 5 6, +C4<00000000000000000000000000011000>;
P_000002a8b2189068 .param/l "WIDTH" 0 5 5, +C4<00000000000000000000000000100000>;
v000002a8b22a0010_0 .net/s *"_ivl_0", 63 0, L_000002a8b22b9420;  1 drivers
v000002a8b229fa70_0 .net/s *"_ivl_2", 63 0, L_000002a8b22b8840;  1 drivers
v000002a8b22a1550_0 .net/s "a", 31 0, L_000002a8b21fe620;  alias, 1 drivers
v000002a8b22a0650_0 .net/s "b", 31 0, L_000002a8b22bc590;  alias, 1 drivers
v000002a8b229f890_0 .net/s "raw_y", 63 0, L_000002a8b22b8520;  1 drivers
v000002a8b229fed0_0 .net/s "y", 31 0, L_000002a8b22b9380;  alias, 1 drivers
L_000002a8b22b9420 .extend/s 64, L_000002a8b21fe620;
L_000002a8b22b8840 .extend/s 64, L_000002a8b22bc590;
L_000002a8b22b8520 .arith/mult 64, L_000002a8b22b9420, L_000002a8b22b8840;
L_000002a8b22b9380 .part L_000002a8b22b8520, 24, 32;
S_000002a8b22a1990 .scope generate, "genblk1[4]" "genblk1[4]" 6 39, 6 39 0, S_000002a8b21722f0;
 .timescale 0 0;
P_000002a8b221fe60 .param/l "i" 0 6 39, +C4<0100>;
S_000002a8b22a1b20 .scope module, "multiplier" "mult_Q" 6 40, 5 4 0, S_000002a8b22a1990;
 .timescale 0 0;
    .port_info 0 /INPUT 32 "a";
    .port_info 1 /INPUT 32 "b";
    .port_info 2 /OUTPUT 32 "y";
P_000002a8b2189730 .param/l "FBITS" 0 5 6, +C4<00000000000000000000000000011000>;
P_000002a8b2189768 .param/l "WIDTH" 0 5 5, +C4<00000000000000000000000000100000>;
v000002a8b229f9d0_0 .net/s *"_ivl_0", 63 0, L_000002a8b22b82a0;  1 drivers
v000002a8b22a06f0_0 .net/s *"_ivl_2", 63 0, L_000002a8b22b8160;  1 drivers
v000002a8b22a0970_0 .net/s "a", 31 0, L_000002a8b21fe700;  alias, 1 drivers
v000002a8b22a0d30_0 .net/s "b", 31 0, L_000002a8b22bbbf0;  alias, 1 drivers
v000002a8b229fe30_0 .net/s "raw_y", 63 0, L_000002a8b22b8d40;  1 drivers
v000002a8b22a0bf0_0 .net/s "y", 31 0, L_000002a8b22b9560;  alias, 1 drivers
L_000002a8b22b82a0 .extend/s 64, L_000002a8b21fe700;
L_000002a8b22b8160 .extend/s 64, L_000002a8b22bbbf0;
L_000002a8b22b8d40 .arith/mult 64, L_000002a8b22b82a0, L_000002a8b22b8160;
L_000002a8b22b9560 .part L_000002a8b22b8d40, 24, 32;
S_000002a8b22a21b0 .scope generate, "genblk1[5]" "genblk1[5]" 6 39, 6 39 0, S_000002a8b21722f0;
 .timescale 0 0;
P_000002a8b22201a0 .param/l "i" 0 6 39, +C4<0101>;
S_000002a8b22a2340 .scope module, "multiplier" "mult_Q" 6 40, 5 4 0, S_000002a8b22a21b0;
 .timescale 0 0;
    .port_info 0 /INPUT 32 "a";
    .port_info 1 /INPUT 32 "b";
    .port_info 2 /OUTPUT 32 "y";
P_000002a8b218a4b0 .param/l "FBITS" 0 5 6, +C4<00000000000000000000000000011000>;
P_000002a8b218a4e8 .param/l "WIDTH" 0 5 5, +C4<00000000000000000000000000100000>;
v000002a8b22a00b0_0 .net/s *"_ivl_0", 63 0, L_000002a8b22b7ee0;  1 drivers
v000002a8b229f7f0_0 .net/s *"_ivl_2", 63 0, L_000002a8b22b9f60;  1 drivers
v000002a8b229fbb0_0 .net/s "a", 31 0, L_000002a8b21fe9a0;  alias, 1 drivers
v000002a8b229fcf0_0 .net/s "b", 31 0, L_000002a8b22bc8a0;  alias, 1 drivers
v000002a8b22a0470_0 .net/s "raw_y", 63 0, L_000002a8b22b97e0;  1 drivers
v000002a8b22a0ab0_0 .net/s "y", 31 0, L_000002a8b22b8660;  alias, 1 drivers
L_000002a8b22b7ee0 .extend/s 64, L_000002a8b21fe9a0;
L_000002a8b22b9f60 .extend/s 64, L_000002a8b22bc8a0;
L_000002a8b22b97e0 .arith/mult 64, L_000002a8b22b7ee0, L_000002a8b22b9f60;
L_000002a8b22b8660 .part L_000002a8b22b97e0, 24, 32;
S_000002a8b22a2660 .scope generate, "genblk1[6]" "genblk1[6]" 6 39, 6 39 0, S_000002a8b21722f0;
 .timescale 0 0;
P_000002a8b221fd20 .param/l "i" 0 6 39, +C4<0110>;
S_000002a8b22a27f0 .scope module, "multiplier" "mult_Q" 6 40, 5 4 0, S_000002a8b22a2660;
 .timescale 0 0;
    .port_info 0 /INPUT 32 "a";
    .port_info 1 /INPUT 32 "b";
    .port_info 2 /OUTPUT 32 "y";
P_000002a8b2189430 .param/l "FBITS" 0 5 6, +C4<00000000000000000000000000011000>;
P_000002a8b2189468 .param/l "WIDTH" 0 5 5, +C4<00000000000000000000000000100000>;
v000002a8b229f750_0 .net/s *"_ivl_0", 63 0, L_000002a8b22b9a60;  1 drivers
v000002a8b229fb10_0 .net/s *"_ivl_2", 63 0, L_000002a8b22b8f20;  1 drivers
v000002a8b229fc50_0 .net/s "a", 31 0, L_000002a8b22bc440;  alias, 1 drivers
v000002a8b229fd90_0 .net/s "b", 31 0, L_000002a8b22bc4b0;  alias, 1 drivers
v000002a8b22a03d0_0 .net/s "raw_y", 63 0, L_000002a8b22b8ac0;  1 drivers
v000002a8b22a0150_0 .net/s "y", 31 0, L_000002a8b22b8700;  alias, 1 drivers
L_000002a8b22b9a60 .extend/s 64, L_000002a8b22bc440;
L_000002a8b22b8f20 .extend/s 64, L_000002a8b22bc4b0;
L_000002a8b22b8ac0 .arith/mult 64, L_000002a8b22b9a60, L_000002a8b22b8f20;
L_000002a8b22b8700 .part L_000002a8b22b8ac0, 24, 32;
S_000002a8b22a24d0 .scope generate, "genblk1[7]" "genblk1[7]" 6 39, 6 39 0, S_000002a8b21722f0;
 .timescale 0 0;
P_000002a8b221ff60 .param/l "i" 0 6 39, +C4<0111>;
S_000002a8b22a2020 .scope module, "multiplier" "mult_Q" 6 40, 5 4 0, S_000002a8b22a24d0;
 .timescale 0 0;
    .port_info 0 /INPUT 32 "a";
    .port_info 1 /INPUT 32 "b";
    .port_info 2 /OUTPUT 32 "y";
P_000002a8b2189b30 .param/l "FBITS" 0 5 6, +C4<00000000000000000000000000011000>;
P_000002a8b2189b68 .param/l "WIDTH" 0 5 5, +C4<00000000000000000000000000100000>;
v000002a8b22a0510_0 .net/s *"_ivl_0", 63 0, L_000002a8b22b7d00;  1 drivers
v000002a8b22a01f0_0 .net/s *"_ivl_2", 63 0, L_000002a8b22b8b60;  1 drivers
v000002a8b22a0b50_0 .net/s "a", 31 0, L_000002a8b22bc2f0;  alias, 1 drivers
v000002a8b22a0a10_0 .net/s "b", 31 0, L_000002a8b22bbc60;  alias, 1 drivers
v000002a8b22a0290_0 .net/s "raw_y", 63 0, L_000002a8b22b92e0;  1 drivers
v000002a8b22a0dd0_0 .net/s "y", 31 0, L_000002a8b22b9740;  alias, 1 drivers
L_000002a8b22b7d00 .extend/s 64, L_000002a8b22bc2f0;
L_000002a8b22b8b60 .extend/s 64, L_000002a8b22bbc60;
L_000002a8b22b92e0 .arith/mult 64, L_000002a8b22b7d00, L_000002a8b22b8b60;
L_000002a8b22b9740 .part L_000002a8b22b92e0, 24, 32;
S_000002a8b22a2980 .scope generate, "genblk1[8]" "genblk1[8]" 6 39, 6 39 0, S_000002a8b21722f0;
 .timescale 0 0;
P_000002a8b221fda0 .param/l "i" 0 6 39, +C4<01000>;
S_000002a8b22a1e90 .scope module, "multiplier" "mult_Q" 6 40, 5 4 0, S_000002a8b22a2980;
 .timescale 0 0;
    .port_info 0 /INPUT 32 "a";
    .port_info 1 /INPUT 32 "b";
    .port_info 2 /OUTPUT 32 "y";
P_000002a8b21891b0 .param/l "FBITS" 0 5 6, +C4<00000000000000000000000000011000>;
P_000002a8b21891e8 .param/l "WIDTH" 0 5 5, +C4<00000000000000000000000000100000>;
v000002a8b22a14b0_0 .net/s *"_ivl_0", 63 0, L_000002a8b22b8c00;  1 drivers
v000002a8b22a0330_0 .net/s *"_ivl_2", 63 0, L_000002a8b22b8200;  1 drivers
v000002a8b22a05b0_0 .net/s "a", 31 0, L_000002a8b22bc280;  alias, 1 drivers
v000002a8b22a0790_0 .net/s "b", 31 0, L_000002a8b22bc910;  alias, 1 drivers
v000002a8b22a0e70_0 .net/s "raw_y", 63 0, L_000002a8b22b9880;  1 drivers
v000002a8b22a0830_0 .net/s "y", 31 0, L_000002a8b22b8ca0;  alias, 1 drivers
L_000002a8b22b8c00 .extend/s 64, L_000002a8b22bc280;
L_000002a8b22b8200 .extend/s 64, L_000002a8b22bc910;
L_000002a8b22b9880 .arith/mult 64, L_000002a8b22b8c00, L_000002a8b22b8200;
L_000002a8b22b8ca0 .part L_000002a8b22b9880, 24, 32;
S_000002a8b22a2b10 .scope generate, "genblk1[9]" "genblk1[9]" 6 39, 6 39 0, S_000002a8b21722f0;
 .timescale 0 0;
P_000002a8b221f9e0 .param/l "i" 0 6 39, +C4<01001>;
S_000002a8b22a1d00 .scope module, "multiplier" "mult_Q" 6 40, 5 4 0, S_000002a8b22a2b10;
 .timescale 0 0;
    .port_info 0 /INPUT 32 "a";
    .port_info 1 /INPUT 32 "b";
    .port_info 2 /OUTPUT 32 "y";
P_000002a8b2189ab0 .param/l "FBITS" 0 5 6, +C4<00000000000000000000000000011000>;
P_000002a8b2189ae8 .param/l "WIDTH" 0 5 5, +C4<00000000000000000000000000100000>;
v000002a8b22a0f10_0 .net/s *"_ivl_0", 63 0, L_000002a8b22b8fc0;  1 drivers
v000002a8b22a08d0_0 .net/s *"_ivl_2", 63 0, L_000002a8b22b9100;  1 drivers
v000002a8b22a0fb0_0 .net/s "a", 31 0, L_000002a8b22bbcd0;  alias, 1 drivers
v000002a8b22a10f0_0 .net/s "b", 31 0, L_000002a8b22bc7c0;  alias, 1 drivers
v000002a8b22a1190_0 .net/s "raw_y", 63 0, L_000002a8b22b9920;  1 drivers
v000002a8b22a1230_0 .net/s "y", 31 0, L_000002a8b22b83e0;  alias, 1 drivers
L_000002a8b22b8fc0 .extend/s 64, L_000002a8b22bbcd0;
L_000002a8b22b9100 .extend/s 64, L_000002a8b22bc7c0;
L_000002a8b22b9920 .arith/mult 64, L_000002a8b22b8fc0, L_000002a8b22b9100;
L_000002a8b22b83e0 .part L_000002a8b22b9920, 24, 32;
S_000002a8b22a5700 .scope generate, "genblk1[1]" "genblk1[1]" 2 34, 2 34 0, S_000002a8b21fed90;
 .timescale 0 0;
P_000002a8b221faa0 .param/l "i" 0 2 34, +C4<01>;
S_000002a8b22a53e0 .scope module, "NEURON_L2" "neuron_b" 2 35, 6 7 0, S_000002a8b22a5700;
 .timescale 0 0;
    .port_info 0 /INPUT 32 "a_1";
    .port_info 1 /INPUT 32 "a_2";
    .port_info 2 /INPUT 32 "a_3";
    .port_info 3 /INPUT 32 "a_4";
    .port_info 4 /INPUT 32 "a_5";
    .port_info 5 /INPUT 32 "a_6";
    .port_info 6 /INPUT 32 "a_7";
    .port_info 7 /INPUT 32 "a_8";
    .port_info 8 /INPUT 32 "a_9";
    .port_info 9 /INPUT 32 "w_1";
    .port_info 10 /INPUT 32 "w_2";
    .port_info 11 /INPUT 32 "w_3";
    .port_info 12 /INPUT 32 "w_4";
    .port_info 13 /INPUT 32 "w_5";
    .port_info 14 /INPUT 32 "w_6";
    .port_info 15 /INPUT 32 "w_7";
    .port_info 16 /INPUT 32 "w_8";
    .port_info 17 /INPUT 32 "w_9";
    .port_info 18 /INPUT 32 "b";
    .port_info 19 /OUTPUT 32 "y";
P_000002a8b221fee0 .param/l "WIDTH" 0 6 8, +C4<00000000000000000000000000100000>;
L_000002a8b22bbd40 .functor BUFZ 32, o000002a8b2248598, C4<00000000000000000000000000000000>, C4<00000000000000000000000000000000>, C4<00000000000000000000000000000000>;
L_000002a8b22bc050 .functor BUFZ 32, o000002a8b22485c8, C4<00000000000000000000000000000000>, C4<00000000000000000000000000000000>, C4<00000000000000000000000000000000>;
L_000002a8b22bbdb0 .functor BUFZ 32, o000002a8b22485f8, C4<00000000000000000000000000000000>, C4<00000000000000000000000000000000>, C4<00000000000000000000000000000000>;
L_000002a8b22bc600 .functor BUFZ 32, o000002a8b2248628, C4<00000000000000000000000000000000>, C4<00000000000000000000000000000000>, C4<00000000000000000000000000000000>;
L_000002a8b22bc670 .functor BUFZ 32, o000002a8b2248658, C4<00000000000000000000000000000000>, C4<00000000000000000000000000000000>, C4<00000000000000000000000000000000>;
L_000002a8b22bc750 .functor BUFZ 32, o000002a8b2248688, C4<00000000000000000000000000000000>, C4<00000000000000000000000000000000>, C4<00000000000000000000000000000000>;
L_000002a8b22bc830 .functor BUFZ 32, o000002a8b22486b8, C4<00000000000000000000000000000000>, C4<00000000000000000000000000000000>, C4<00000000000000000000000000000000>;
L_000002a8b22bc210 .functor BUFZ 32, o000002a8b22486e8, C4<00000000000000000000000000000000>, C4<00000000000000000000000000000000>, C4<00000000000000000000000000000000>;
L_000002a8b22bc980 .functor BUFZ 32, o000002a8b2248718, C4<00000000000000000000000000000000>, C4<00000000000000000000000000000000>, C4<00000000000000000000000000000000>;
L_000002a8b22bc9f0 .functor BUFZ 32, L_000002a8b231fb00, C4<00000000000000000000000000000000>, C4<00000000000000000000000000000000>, C4<00000000000000000000000000000000>;
L_000002a8b22bbe20 .functor BUFZ 32, L_000002a8b231f100, C4<00000000000000000000000000000000>, C4<00000000000000000000000000000000>, C4<00000000000000000000000000000000>;
L_000002a8b22bca60 .functor BUFZ 32, L_000002a8b231f2e0, C4<00000000000000000000000000000000>, C4<00000000000000000000000000000000>, C4<00000000000000000000000000000000>;
L_000002a8b22bcad0 .functor BUFZ 32, L_000002a8b231fce0, C4<00000000000000000000000000000000>, C4<00000000000000000000000000000000>, C4<00000000000000000000000000000000>;
L_000002a8b22bbf00 .functor BUFZ 32, L_000002a8b231dc60, C4<00000000000000000000000000000000>, C4<00000000000000000000000000000000>, C4<00000000000000000000000000000000>;
L_000002a8b22bbe90 .functor BUFZ 32, L_000002a8b231e520, C4<00000000000000000000000000000000>, C4<00000000000000000000000000000000>, C4<00000000000000000000000000000000>;
L_000002a8b22bbf70 .functor BUFZ 32, L_000002a8b231df80, C4<00000000000000000000000000000000>, C4<00000000000000000000000000000000>, C4<00000000000000000000000000000000>;
L_000002a8b22bc0c0 .functor BUFZ 32, L_000002a8b231e340, C4<00000000000000000000000000000000>, C4<00000000000000000000000000000000>, C4<00000000000000000000000000000000>;
L_000002a8b22bc130 .functor BUFZ 32, L_000002a8b231f380, C4<00000000000000000000000000000000>, C4<00000000000000000000000000000000>, C4<00000000000000000000000000000000>;
L_000002a8b231d0a0 .functor BUFZ 32, L_000002a8b22b9ba0, C4<00000000000000000000000000000000>, C4<00000000000000000000000000000000>, C4<00000000000000000000000000000000>;
v000002a8b22aa9c0_0 .net/s *"_ivl_56", 31 0, L_000002a8b2317610;  1 drivers
v000002a8b22aa600_0 .net/s *"_ivl_63", 31 0, L_000002a8b2317bb0;  1 drivers
v000002a8b22a9200_0 .net/s *"_ivl_70", 31 0, L_000002a8b2317e30;  1 drivers
v000002a8b22aace0_0 .net/s *"_ivl_75", 31 0, L_000002a8b2318010;  1 drivers
v000002a8b22aaa60_0 .net/s *"_ivl_77", 31 0, L_000002a8b2318830;  1 drivers
v000002a8b22aa6a0_0 .net/s "a_1", 31 0, o000002a8b2248598;  alias, 0 drivers
v000002a8b22a9840_0 .net/s "a_2", 31 0, o000002a8b22485c8;  alias, 0 drivers
v000002a8b22a92a0_0 .net/s "a_3", 31 0, o000002a8b22485f8;  alias, 0 drivers
v000002a8b22a9b60_0 .net/s "a_4", 31 0, o000002a8b2248628;  alias, 0 drivers
v000002a8b22a95c0_0 .net/s "a_5", 31 0, o000002a8b2248658;  alias, 0 drivers
v000002a8b22aab00_0 .net/s "a_6", 31 0, o000002a8b2248688;  alias, 0 drivers
v000002a8b22aa2e0_0 .net/s "a_7", 31 0, o000002a8b22486b8;  alias, 0 drivers
v000002a8b22a9980_0 .net/s "a_8", 31 0, o000002a8b22486e8;  alias, 0 drivers
v000002a8b22a9660_0 .net/s "a_9", 31 0, o000002a8b2248718;  alias, 0 drivers
v000002a8b22aa240 .array "a_arr", 9 1;
v000002a8b22aa240_0 .net/s v000002a8b22aa240 0, 31 0, L_000002a8b22bbd40; 1 drivers
v000002a8b22aa240_1 .net/s v000002a8b22aa240 1, 31 0, L_000002a8b22bc050; 1 drivers
v000002a8b22aa240_2 .net/s v000002a8b22aa240 2, 31 0, L_000002a8b22bbdb0; 1 drivers
v000002a8b22aa240_3 .net/s v000002a8b22aa240 3, 31 0, L_000002a8b22bc600; 1 drivers
v000002a8b22aa240_4 .net/s v000002a8b22aa240 4, 31 0, L_000002a8b22bc670; 1 drivers
v000002a8b22aa240_5 .net/s v000002a8b22aa240 5, 31 0, L_000002a8b22bc750; 1 drivers
v000002a8b22aa240_6 .net/s v000002a8b22aa240 6, 31 0, L_000002a8b22bc830; 1 drivers
v000002a8b22aa240_7 .net/s v000002a8b22aa240 7, 31 0, L_000002a8b22bc210; 1 drivers
v000002a8b22aa240_8 .net/s v000002a8b22aa240 8, 31 0, L_000002a8b22bc980; 1 drivers
v000002a8b22aaec0_0 .net/s "b", 31 0, L_000002a8b2320000;  1 drivers
v000002a8b22a9c00 .array "m", 9 1;
v000002a8b22a9c00_0 .net/s v000002a8b22a9c00 0, 31 0, L_000002a8b2316ad0; 1 drivers
v000002a8b22a9c00_1 .net/s v000002a8b22a9c00 1, 31 0, L_000002a8b23159f0; 1 drivers
v000002a8b22a9c00_2 .net/s v000002a8b22a9c00 2, 31 0, L_000002a8b2316030; 1 drivers
v000002a8b22a9c00_3 .net/s v000002a8b22a9c00 3, 31 0, L_000002a8b2316b70; 1 drivers
v000002a8b22a9c00_4 .net/s v000002a8b22a9c00 4, 31 0, L_000002a8b23165d0; 1 drivers
v000002a8b22a9c00_5 .net/s v000002a8b22a9c00 5, 31 0, L_000002a8b2316f30; 1 drivers
v000002a8b22a9c00_6 .net/s v000002a8b22a9c00 6, 31 0, L_000002a8b2317390; 1 drivers
v000002a8b22a9c00_7 .net/s v000002a8b22a9c00 7, 31 0, L_000002a8b2315090; 1 drivers
v000002a8b22a9c00_8 .net/s v000002a8b22a9c00 8, 31 0, L_000002a8b2317890; 1 drivers
v000002a8b22a9ca0_0 .net/s "out", 31 0, L_000002a8b22b9ba0;  1 drivers
v000002a8b22a9d40_0 .net/s "sum_123", 31 0, L_000002a8b2318470;  1 drivers
v000002a8b22aa4c0_0 .net/s "sum_456", 31 0, L_000002a8b2318970;  1 drivers
v000002a8b22aa420_0 .net/s "sum_789", 31 0, L_000002a8b23176b0;  1 drivers
v000002a8b22a9340_0 .net/s "total_sum", 31 0, L_000002a8b23179d0;  1 drivers
v000002a8b22a9e80_0 .net/s "w_1", 31 0, L_000002a8b231fb00;  1 drivers
v000002a8b22a93e0_0 .net/s "w_2", 31 0, L_000002a8b231f100;  1 drivers
v000002a8b22a9f20_0 .net/s "w_3", 31 0, L_000002a8b231f2e0;  1 drivers
v000002a8b22a9fc0_0 .net/s "w_4", 31 0, L_000002a8b231fce0;  1 drivers
v000002a8b22aa060_0 .net/s "w_5", 31 0, L_000002a8b231dc60;  1 drivers
v000002a8b22aa100_0 .net/s "w_6", 31 0, L_000002a8b231e520;  1 drivers
v000002a8b22b07f0_0 .net/s "w_7", 31 0, L_000002a8b231df80;  1 drivers
v000002a8b22b0bb0_0 .net/s "w_8", 31 0, L_000002a8b231e340;  1 drivers
v000002a8b22afd50_0 .net/s "w_9", 31 0, L_000002a8b231f380;  1 drivers
v000002a8b22afa30 .array "w_arr", 9 1;
v000002a8b22afa30_0 .net/s v000002a8b22afa30 0, 31 0, L_000002a8b22bc9f0; 1 drivers
v000002a8b22afa30_1 .net/s v000002a8b22afa30 1, 31 0, L_000002a8b22bbe20; 1 drivers
v000002a8b22afa30_2 .net/s v000002a8b22afa30 2, 31 0, L_000002a8b22bca60; 1 drivers
v000002a8b22afa30_3 .net/s v000002a8b22afa30 3, 31 0, L_000002a8b22bcad0; 1 drivers
v000002a8b22afa30_4 .net/s v000002a8b22afa30 4, 31 0, L_000002a8b22bbf00; 1 drivers
v000002a8b22afa30_5 .net/s v000002a8b22afa30 5, 31 0, L_000002a8b22bbe90; 1 drivers
v000002a8b22afa30_6 .net/s v000002a8b22afa30 6, 31 0, L_000002a8b22bbf70; 1 drivers
v000002a8b22afa30_7 .net/s v000002a8b22afa30 7, 31 0, L_000002a8b22bc0c0; 1 drivers
v000002a8b22afa30_8 .net/s v000002a8b22afa30 8, 31 0, L_000002a8b22bc130; 1 drivers
v000002a8b22b0110_0 .net/s "y", 31 0, L_000002a8b231d0a0;  alias, 1 drivers
L_000002a8b2317610 .arith/sum 32, L_000002a8b2316ad0, L_000002a8b23159f0;
L_000002a8b2318470 .arith/sum 32, L_000002a8b2317610, L_000002a8b2316030;
L_000002a8b2317bb0 .arith/sum 32, L_000002a8b2316b70, L_000002a8b23165d0;
L_000002a8b2318970 .arith/sum 32, L_000002a8b2317bb0, L_000002a8b2316f30;
L_000002a8b2317e30 .arith/sum 32, L_000002a8b2317390, L_000002a8b2315090;
L_000002a8b23176b0 .arith/sum 32, L_000002a8b2317e30, L_000002a8b2317890;
L_000002a8b2318010 .arith/sum 32, L_000002a8b2318470, L_000002a8b2318970;
L_000002a8b2318830 .arith/sum 32, L_000002a8b2318010, L_000002a8b23176b0;
L_000002a8b23179d0 .arith/sum 32, L_000002a8b2318830, L_000002a8b2320000;
S_000002a8b22a69c0 .scope module, "activate_func" "tanh" 6 54, 7 4 0, S_000002a8b22a53e0;
 .timescale 0 0;
    .port_info 0 /INPUT 32 "a";
    .port_info 1 /OUTPUT 32 "y";
P_000002a8b218a330 .param/l "FL" 0 7 6, +C4<00000000000000000000000000011000>;
P_000002a8b218a368 .param/l "WIDTH" 0 7 5, +C4<00000000000000000000000000100000>;
L_000002a8b22bc1a0 .functor NOT 32, L_000002a8b23179d0, C4<00000000000000000000000000000000>, C4<00000000000000000000000000000000>, C4<00000000000000000000000000000000>;
L_000002a8b231cee0 .functor NOT 32, L_000002a8b23177f0, C4<00000000000000000000000000000000>, C4<00000000000000000000000000000000>, C4<00000000000000000000000000000000>;
L_000002a8b22bced0 .functor BUFT 1, C4<11111111000000000000000000000000>, C4<0>, C4<0>, C4<0>;
v000002a8b22a37b0_0 .net/s "ONE_NEG", 31 0, L_000002a8b22bced0;  1 drivers
L_000002a8b22bce88 .functor BUFT 1, C4<00000001000000000000000000000000>, C4<0>, C4<0>, C4<0>;
v000002a8b22a3f30_0 .net/s "ONE_POS", 31 0, L_000002a8b22bce88;  1 drivers
L_000002a8b22bcdb0 .functor BUFT 1, C4<00000000000000000000000000000000>, C4<0>, C4<0>, C4<0>;
v000002a8b22a4a70_0 .net/2s *"_ivl_12", 31 0, L_000002a8b22bcdb0;  1 drivers
v000002a8b22a4610_0 .net *"_ivl_14", 0 0, L_000002a8b2317430;  1 drivers
L_000002a8b22bcdf8 .functor BUFT 1, C4<00000000000000000000000000000000>, C4<0>, C4<0>, C4<0>;
v000002a8b22a3850_0 .net *"_ivl_16", 31 0, L_000002a8b22bcdf8;  1 drivers
v000002a8b22a3530_0 .net *"_ivl_19", 31 0, L_000002a8b23181f0;  1 drivers
v000002a8b22a4110_0 .net/s *"_ivl_22", 63 0, L_000002a8b2318290;  1 drivers
v000002a8b22a35d0_0 .net/s *"_ivl_24", 63 0, L_000002a8b2318330;  1 drivers
v000002a8b22a4bb0_0 .net *"_ivl_3", 0 0, L_000002a8b2317ed0;  1 drivers
v000002a8b22a2d10_0 .net/s *"_ivl_30", 63 0, L_000002a8b23183d0;  1 drivers
v000002a8b22a2db0_0 .net/s *"_ivl_32", 63 0, L_000002a8b23174d0;  1 drivers
v000002a8b22a2f90_0 .net/s *"_ivl_38", 63 0, L_000002a8b23185b0;  1 drivers
v000002a8b22a3cb0_0 .net *"_ivl_4", 31 0, L_000002a8b22bc1a0;  1 drivers
v000002a8b22a3c10_0 .net/s *"_ivl_40", 63 0, L_000002a8b2318650;  1 drivers
v000002a8b22a3030_0 .net/s *"_ivl_46", 31 0, L_000002a8b2318a10;  1 drivers
v000002a8b22a3170_0 .net *"_ivl_50", 31 0, L_000002a8b231cee0;  1 drivers
L_000002a8b22bce40 .functor BUFT 1, C4<00000000000000000000000000000001>, C4<0>, C4<0>, C4<0>;
v000002a8b22a3fd0_0 .net/2u *"_ivl_52", 31 0, L_000002a8b22bce40;  1 drivers
v000002a8b22a3210_0 .net *"_ivl_54", 31 0, L_000002a8b2317b10;  1 drivers
L_000002a8b22bcd68 .functor BUFT 1, C4<00000000000000000000000000000001>, C4<0>, C4<0>, C4<0>;
v000002a8b22a38f0_0 .net/2u *"_ivl_6", 31 0, L_000002a8b22bcd68;  1 drivers
v000002a8b22a3670_0 .net *"_ivl_62", 0 0, L_000002a8b23188d0;  1 drivers
v000002a8b22a4070_0 .net *"_ivl_64", 0 0, L_000002a8b23186f0;  1 drivers
v000002a8b22a87a0_0 .net *"_ivl_66", 31 0, L_000002a8b2317570;  1 drivers
v000002a8b22a7440_0 .net *"_ivl_8", 31 0, L_000002a8b2317f70;  1 drivers
v000002a8b22a7940_0 .net/s "a", 31 0, L_000002a8b23179d0;  alias, 1 drivers
v000002a8b22a7e40_0 .net/s "a_pos", 31 0, L_000002a8b23180b0;  1 drivers
v000002a8b22a8a20_0 .net/s "ai", 31 0, L_000002a8b2318790;  1 drivers
v000002a8b22a8200_0 .net/s "ai_sq", 31 0, L_000002a8b2317a70;  1 drivers
v000002a8b22a7c60_0 .net/s "ai_sq_full", 63 0, L_000002a8b2318150;  1 drivers
v000002a8b22a85c0_0 .var/s "p1", 31 0;
v000002a8b22a79e0_0 .var/s "p2", 31 0;
v000002a8b22a8c00_0 .var/s "p3", 31 0;
v000002a8b22a7b20_0 .net "sign", 0 0, L_000002a8b2317c50;  1 drivers
v000002a8b22a8ca0_0 .net/s "term1", 31 0, L_000002a8b2317cf0;  1 drivers
v000002a8b22a7da0_0 .net/s "term1_full", 63 0, L_000002a8b2318510;  1 drivers
v000002a8b22a7d00_0 .net/s "term2", 31 0, L_000002a8b2317930;  1 drivers
v000002a8b22a7ee0_0 .net/s "term2_full", 63 0, L_000002a8b2317750;  1 drivers
v000002a8b22a7a80_0 .net/s "y", 31 0, L_000002a8b22b9ba0;  alias, 1 drivers
v000002a8b22a7760_0 .net/s "y_abs", 31 0, L_000002a8b23177f0;  1 drivers
v000002a8b22a8340_0 .net/s "y_signed", 31 0, L_000002a8b2318ab0;  1 drivers
E_000002a8b221f520 .event anyedge, v000002a8b22a8a20_0;
L_000002a8b2317c50 .part L_000002a8b23179d0, 31, 1;
L_000002a8b2317ed0 .part L_000002a8b23179d0, 31, 1;
L_000002a8b2317f70 .arith/sum 32, L_000002a8b22bc1a0, L_000002a8b22bcd68;
L_000002a8b23180b0 .functor MUXZ 32, L_000002a8b23179d0, L_000002a8b2317f70, L_000002a8b2317ed0, C4<>;
L_000002a8b2317430 .cmp/gt.s 32, L_000002a8b22bcdb0, L_000002a8b23180b0;
L_000002a8b23181f0 .arith/sub 32, L_000002a8b22bcdf8, L_000002a8b23180b0;
L_000002a8b2318790 .functor MUXZ 32, L_000002a8b23180b0, L_000002a8b23181f0, L_000002a8b2317430, C4<>;
L_000002a8b2318290 .extend/s 64, L_000002a8b2318790;
L_000002a8b2318330 .extend/s 64, L_000002a8b2318790;
L_000002a8b2318150 .arith/mult 64, L_000002a8b2318290, L_000002a8b2318330;
L_000002a8b2317a70 .part L_000002a8b2318150, 24, 32;
L_000002a8b23183d0 .extend/s 64, v000002a8b22a85c0_0;
L_000002a8b23174d0 .extend/s 64, L_000002a8b2317a70;
L_000002a8b2318510 .arith/mult 64, L_000002a8b23183d0, L_000002a8b23174d0;
L_000002a8b2317cf0 .part L_000002a8b2318510, 24, 32;
L_000002a8b23185b0 .extend/s 64, v000002a8b22a79e0_0;
L_000002a8b2318650 .extend/s 64, L_000002a8b2318790;
L_000002a8b2317750 .arith/mult 64, L_000002a8b23185b0, L_000002a8b2318650;
L_000002a8b2317930 .part L_000002a8b2317750, 24, 32;
L_000002a8b2318a10 .arith/sum 32, L_000002a8b2317cf0, L_000002a8b2317930;
L_000002a8b23177f0 .arith/sum 32, L_000002a8b2318a10, v000002a8b22a8c00_0;
L_000002a8b2317b10 .arith/sum 32, L_000002a8b231cee0, L_000002a8b22bce40;
L_000002a8b2318ab0 .functor MUXZ 32, L_000002a8b23177f0, L_000002a8b2317b10, L_000002a8b2317c50, C4<>;
L_000002a8b23188d0 .cmp/gt.s 32, L_000002a8b2318ab0, L_000002a8b22bce88;
L_000002a8b23186f0 .cmp/gt.s 32, L_000002a8b22bced0, L_000002a8b2318ab0;
L_000002a8b2317570 .functor MUXZ 32, L_000002a8b2318ab0, L_000002a8b22bced0, L_000002a8b23186f0, C4<>;
L_000002a8b22b9ba0 .functor MUXZ 32, L_000002a8b2317570, L_000002a8b22bce88, L_000002a8b23188d0, C4<>;
S_000002a8b22a61f0 .scope generate, "genblk1[1]" "genblk1[1]" 6 39, 6 39 0, S_000002a8b22a53e0;
 .timescale 0 0;
P_000002a8b221ffa0 .param/l "i" 0 6 39, +C4<01>;
S_000002a8b22a6510 .scope module, "multiplier" "mult_Q" 6 40, 5 4 0, S_000002a8b22a61f0;
 .timescale 0 0;
    .port_info 0 /INPUT 32 "a";
    .port_info 1 /INPUT 32 "b";
    .port_info 2 /OUTPUT 32 "y";
P_000002a8b218ac30 .param/l "FBITS" 0 5 6, +C4<00000000000000000000000000011000>;
P_000002a8b218ac68 .param/l "WIDTH" 0 5 5, +C4<00000000000000000000000000100000>;
v000002a8b22a7f80_0 .net/s *"_ivl_0", 63 0, L_000002a8b23168f0;  1 drivers
v000002a8b22a8020_0 .net/s *"_ivl_2", 63 0, L_000002a8b2316a30;  1 drivers
v000002a8b22a80c0_0 .net/s "a", 31 0, L_000002a8b22bbd40;  alias, 1 drivers
v000002a8b22a83e0_0 .net/s "b", 31 0, L_000002a8b22bc9f0;  alias, 1 drivers
v000002a8b22a7260_0 .net/s "raw_y", 63 0, L_000002a8b2315770;  1 drivers
v000002a8b22a8160_0 .net/s "y", 31 0, L_000002a8b2316ad0;  alias, 1 drivers
L_000002a8b23168f0 .extend/s 64, L_000002a8b22bbd40;
L_000002a8b2316a30 .extend/s 64, L_000002a8b22bc9f0;
L_000002a8b2315770 .arith/mult 64, L_000002a8b23168f0, L_000002a8b2316a30;
L_000002a8b2316ad0 .part L_000002a8b2315770, 24, 32;
S_000002a8b22a66a0 .scope generate, "genblk1[2]" "genblk1[2]" 6 39, 6 39 0, S_000002a8b22a53e0;
 .timescale 0 0;
P_000002a8b221f720 .param/l "i" 0 6 39, +C4<010>;
S_000002a8b22a5570 .scope module, "multiplier" "mult_Q" 6 40, 5 4 0, S_000002a8b22a66a0;
 .timescale 0 0;
    .port_info 0 /INPUT 32 "a";
    .port_info 1 /INPUT 32 "b";
    .port_info 2 /OUTPUT 32 "y";
P_000002a8b2189eb0 .param/l "FBITS" 0 5 6, +C4<00000000000000000000000000011000>;
P_000002a8b2189ee8 .param/l "WIDTH" 0 5 5, +C4<00000000000000000000000000100000>;
v000002a8b22a82a0_0 .net/s *"_ivl_0", 63 0, L_000002a8b2314e10;  1 drivers
v000002a8b22a8480_0 .net/s *"_ivl_2", 63 0, L_000002a8b2314eb0;  1 drivers
v000002a8b22a7120_0 .net/s "a", 31 0, L_000002a8b22bc050;  alias, 1 drivers
v000002a8b22a7800_0 .net/s "b", 31 0, L_000002a8b22bbe20;  alias, 1 drivers
v000002a8b22a8ac0_0 .net/s "raw_y", 63 0, L_000002a8b23172f0;  1 drivers
v000002a8b22a8520_0 .net/s "y", 31 0, L_000002a8b23159f0;  alias, 1 drivers
L_000002a8b2314e10 .extend/s 64, L_000002a8b22bc050;
L_000002a8b2314eb0 .extend/s 64, L_000002a8b22bbe20;
L_000002a8b23172f0 .arith/mult 64, L_000002a8b2314e10, L_000002a8b2314eb0;
L_000002a8b23159f0 .part L_000002a8b23172f0, 24, 32;
S_000002a8b22a6ce0 .scope generate, "genblk1[3]" "genblk1[3]" 6 39, 6 39 0, S_000002a8b22a53e0;
 .timescale 0 0;
P_000002a8b2220220 .param/l "i" 0 6 39, +C4<011>;
S_000002a8b22a5890 .scope module, "multiplier" "mult_Q" 6 40, 5 4 0, S_000002a8b22a6ce0;
 .timescale 0 0;
    .port_info 0 /INPUT 32 "a";
    .port_info 1 /INPUT 32 "b";
    .port_info 2 /OUTPUT 32 "y";
P_000002a8b2189130 .param/l "FBITS" 0 5 6, +C4<00000000000000000000000000011000>;
P_000002a8b2189168 .param/l "WIDTH" 0 5 5, +C4<00000000000000000000000000100000>;
v000002a8b22a8660_0 .net/s *"_ivl_0", 63 0, L_000002a8b2315a90;  1 drivers
v000002a8b22a8840_0 .net/s *"_ivl_2", 63 0, L_000002a8b23153b0;  1 drivers
v000002a8b22a8700_0 .net/s "a", 31 0, L_000002a8b22bbdb0;  alias, 1 drivers
v000002a8b22a73a0_0 .net/s "b", 31 0, L_000002a8b22bca60;  alias, 1 drivers
v000002a8b22a7080_0 .net/s "raw_y", 63 0, L_000002a8b2315db0;  1 drivers
v000002a8b22a8b60_0 .net/s "y", 31 0, L_000002a8b2316030;  alias, 1 drivers
L_000002a8b2315a90 .extend/s 64, L_000002a8b22bbdb0;
L_000002a8b23153b0 .extend/s 64, L_000002a8b22bca60;
L_000002a8b2315db0 .arith/mult 64, L_000002a8b2315a90, L_000002a8b23153b0;
L_000002a8b2316030 .part L_000002a8b2315db0, 24, 32;
S_000002a8b22a6830 .scope generate, "genblk1[4]" "genblk1[4]" 6 39, 6 39 0, S_000002a8b22a53e0;
 .timescale 0 0;
P_000002a8b22201e0 .param/l "i" 0 6 39, +C4<0100>;
S_000002a8b22a6b50 .scope module, "multiplier" "mult_Q" 6 40, 5 4 0, S_000002a8b22a6830;
 .timescale 0 0;
    .port_info 0 /INPUT 32 "a";
    .port_info 1 /INPUT 32 "b";
    .port_info 2 /OUTPUT 32 "y";
P_000002a8b21895b0 .param/l "FBITS" 0 5 6, +C4<00000000000000000000000000011000>;
P_000002a8b21895e8 .param/l "WIDTH" 0 5 5, +C4<00000000000000000000000000100000>;
v000002a8b22a78a0_0 .net/s *"_ivl_0", 63 0, L_000002a8b2314ff0;  1 drivers
v000002a8b22a7300_0 .net/s *"_ivl_2", 63 0, L_000002a8b2317110;  1 drivers
v000002a8b22a8d40_0 .net/s "a", 31 0, L_000002a8b22bc600;  alias, 1 drivers
v000002a8b22a88e0_0 .net/s "b", 31 0, L_000002a8b22bcad0;  alias, 1 drivers
v000002a8b22a7bc0_0 .net/s "raw_y", 63 0, L_000002a8b23163f0;  1 drivers
v000002a8b22a8980_0 .net/s "y", 31 0, L_000002a8b2316b70;  alias, 1 drivers
L_000002a8b2314ff0 .extend/s 64, L_000002a8b22bc600;
L_000002a8b2317110 .extend/s 64, L_000002a8b22bcad0;
L_000002a8b23163f0 .arith/mult 64, L_000002a8b2314ff0, L_000002a8b2317110;
L_000002a8b2316b70 .part L_000002a8b23163f0, 24, 32;
S_000002a8b22a4f30 .scope generate, "genblk1[5]" "genblk1[5]" 6 39, 6 39 0, S_000002a8b22a53e0;
 .timescale 0 0;
P_000002a8b22200e0 .param/l "i" 0 6 39, +C4<0101>;
S_000002a8b22a6380 .scope module, "multiplier" "mult_Q" 6 40, 5 4 0, S_000002a8b22a4f30;
 .timescale 0 0;
    .port_info 0 /INPUT 32 "a";
    .port_info 1 /INPUT 32 "b";
    .port_info 2 /OUTPUT 32 "y";
P_000002a8b2189230 .param/l "FBITS" 0 5 6, +C4<00000000000000000000000000011000>;
P_000002a8b2189268 .param/l "WIDTH" 0 5 5, +C4<00000000000000000000000000100000>;
v000002a8b22a8de0_0 .net/s *"_ivl_0", 63 0, L_000002a8b2316c10;  1 drivers
v000002a8b22a6f40_0 .net/s *"_ivl_2", 63 0, L_000002a8b23160d0;  1 drivers
v000002a8b22a6fe0_0 .net/s "a", 31 0, L_000002a8b22bc670;  alias, 1 drivers
v000002a8b22a71c0_0 .net/s "b", 31 0, L_000002a8b22bbf00;  alias, 1 drivers
v000002a8b22a74e0_0 .net/s "raw_y", 63 0, L_000002a8b2316170;  1 drivers
v000002a8b22a7620_0 .net/s "y", 31 0, L_000002a8b23165d0;  alias, 1 drivers
L_000002a8b2316c10 .extend/s 64, L_000002a8b22bc670;
L_000002a8b23160d0 .extend/s 64, L_000002a8b22bbf00;
L_000002a8b2316170 .arith/mult 64, L_000002a8b2316c10, L_000002a8b23160d0;
L_000002a8b23165d0 .part L_000002a8b2316170, 24, 32;
S_000002a8b22a50c0 .scope generate, "genblk1[6]" "genblk1[6]" 6 39, 6 39 0, S_000002a8b22a53e0;
 .timescale 0 0;
P_000002a8b2220160 .param/l "i" 0 6 39, +C4<0110>;
S_000002a8b22a5250 .scope module, "multiplier" "mult_Q" 6 40, 5 4 0, S_000002a8b22a50c0;
 .timescale 0 0;
    .port_info 0 /INPUT 32 "a";
    .port_info 1 /INPUT 32 "b";
    .port_info 2 /OUTPUT 32 "y";
P_000002a8b218a930 .param/l "FBITS" 0 5 6, +C4<00000000000000000000000000011000>;
P_000002a8b218a968 .param/l "WIDTH" 0 5 5, +C4<00000000000000000000000000100000>;
v000002a8b22a7580_0 .net/s *"_ivl_0", 63 0, L_000002a8b2316210;  1 drivers
v000002a8b22a76c0_0 .net/s *"_ivl_2", 63 0, L_000002a8b2316490;  1 drivers
v000002a8b22a98e0_0 .net/s "a", 31 0, L_000002a8b22bc750;  alias, 1 drivers
v000002a8b22a97a0_0 .net/s "b", 31 0, L_000002a8b22bbe90;  alias, 1 drivers
v000002a8b22a9de0_0 .net/s "raw_y", 63 0, L_000002a8b2316df0;  1 drivers
v000002a8b22a9700_0 .net/s "y", 31 0, L_000002a8b2316f30;  alias, 1 drivers
L_000002a8b2316210 .extend/s 64, L_000002a8b22bc750;
L_000002a8b2316490 .extend/s 64, L_000002a8b22bbe90;
L_000002a8b2316df0 .arith/mult 64, L_000002a8b2316210, L_000002a8b2316490;
L_000002a8b2316f30 .part L_000002a8b2316df0, 24, 32;
S_000002a8b22a5a20 .scope generate, "genblk1[7]" "genblk1[7]" 6 39, 6 39 0, S_000002a8b22a53e0;
 .timescale 0 0;
P_000002a8b2220420 .param/l "i" 0 6 39, +C4<0111>;
S_000002a8b22a5bb0 .scope module, "multiplier" "mult_Q" 6 40, 5 4 0, S_000002a8b22a5a20;
 .timescale 0 0;
    .port_info 0 /INPUT 32 "a";
    .port_info 1 /INPUT 32 "b";
    .port_info 2 /OUTPUT 32 "y";
P_000002a8b2189db0 .param/l "FBITS" 0 5 6, +C4<00000000000000000000000000011000>;
P_000002a8b2189de8 .param/l "WIDTH" 0 5 5, +C4<00000000000000000000000000100000>;
v000002a8b22aa880_0 .net/s *"_ivl_0", 63 0, L_000002a8b23151d0;  1 drivers
v000002a8b22aa560_0 .net/s *"_ivl_2", 63 0, L_000002a8b2317250;  1 drivers
v000002a8b22aa380_0 .net/s "a", 31 0, L_000002a8b22bc830;  alias, 1 drivers
v000002a8b22aaba0_0 .net/s "b", 31 0, L_000002a8b22bbf70;  alias, 1 drivers
v000002a8b22ab000_0 .net/s "raw_y", 63 0, L_000002a8b2317070;  1 drivers
v000002a8b22aaf60_0 .net/s "y", 31 0, L_000002a8b2317390;  alias, 1 drivers
L_000002a8b23151d0 .extend/s 64, L_000002a8b22bc830;
L_000002a8b2317250 .extend/s 64, L_000002a8b22bbf70;
L_000002a8b2317070 .arith/mult 64, L_000002a8b23151d0, L_000002a8b2317250;
L_000002a8b2317390 .part L_000002a8b2317070, 24, 32;
S_000002a8b22a5ed0 .scope generate, "genblk1[8]" "genblk1[8]" 6 39, 6 39 0, S_000002a8b22a53e0;
 .timescale 0 0;
P_000002a8b2218ba0 .param/l "i" 0 6 39, +C4<01000>;
S_000002a8b22a5d40 .scope module, "multiplier" "mult_Q" 6 40, 5 4 0, S_000002a8b22a5ed0;
 .timescale 0 0;
    .port_info 0 /INPUT 32 "a";
    .port_info 1 /INPUT 32 "b";
    .port_info 2 /OUTPUT 32 "y";
P_000002a8b218acb0 .param/l "FBITS" 0 5 6, +C4<00000000000000000000000000011000>;
P_000002a8b218ace8 .param/l "WIDTH" 0 5 5, +C4<00000000000000000000000000100000>;
v000002a8b22aa920_0 .net/s *"_ivl_0", 63 0, L_000002a8b2314c30;  1 drivers
v000002a8b22aae20_0 .net/s *"_ivl_2", 63 0, L_000002a8b2314cd0;  1 drivers
v000002a8b22a9160_0 .net/s "a", 31 0, L_000002a8b22bc210;  alias, 1 drivers
v000002a8b22aad80_0 .net/s "b", 31 0, L_000002a8b22bc0c0;  alias, 1 drivers
v000002a8b22aa740_0 .net/s "raw_y", 63 0, L_000002a8b2314f50;  1 drivers
v000002a8b22a9a20_0 .net/s "y", 31 0, L_000002a8b2315090;  alias, 1 drivers
L_000002a8b2314c30 .extend/s 64, L_000002a8b22bc210;
L_000002a8b2314cd0 .extend/s 64, L_000002a8b22bc0c0;
L_000002a8b2314f50 .arith/mult 64, L_000002a8b2314c30, L_000002a8b2314cd0;
L_000002a8b2315090 .part L_000002a8b2314f50, 24, 32;
S_000002a8b22a6060 .scope generate, "genblk1[9]" "genblk1[9]" 6 39, 6 39 0, S_000002a8b22a53e0;
 .timescale 0 0;
P_000002a8b2218ca0 .param/l "i" 0 6 39, +C4<01001>;
S_000002a8b22ac2a0 .scope module, "multiplier" "mult_Q" 6 40, 5 4 0, S_000002a8b22a6060;
 .timescale 0 0;
    .port_info 0 /INPUT 32 "a";
    .port_info 1 /INPUT 32 "b";
    .port_info 2 /OUTPUT 32 "y";
P_000002a8b218aa30 .param/l "FBITS" 0 5 6, +C4<00000000000000000000000000011000>;
P_000002a8b218aa68 .param/l "WIDTH" 0 5 5, +C4<00000000000000000000000000100000>;
v000002a8b22a9480_0 .net/s *"_ivl_0", 63 0, L_000002a8b2315270;  1 drivers
v000002a8b22aa1a0_0 .net/s *"_ivl_2", 63 0, L_000002a8b2315450;  1 drivers
v000002a8b22aac40_0 .net/s "a", 31 0, L_000002a8b22bc980;  alias, 1 drivers
v000002a8b22a9ac0_0 .net/s "b", 31 0, L_000002a8b22bc130;  alias, 1 drivers
v000002a8b22a9520_0 .net/s "raw_y", 63 0, L_000002a8b23154f0;  1 drivers
v000002a8b22aa7e0_0 .net/s "y", 31 0, L_000002a8b2317890;  alias, 1 drivers
L_000002a8b2315270 .extend/s 64, L_000002a8b22bc980;
L_000002a8b2315450 .extend/s 64, L_000002a8b22bc130;
L_000002a8b23154f0 .arith/mult 64, L_000002a8b2315270, L_000002a8b2315450;
L_000002a8b2317890 .part L_000002a8b23154f0, 24, 32;
S_000002a8b22abdf0 .scope generate, "genblk1[2]" "genblk1[2]" 2 34, 2 34 0, S_000002a8b21fed90;
 .timescale 0 0;
P_000002a8b2218a20 .param/l "i" 0 2 34, +C4<010>;
S_000002a8b22acd90 .scope module, "NEURON_L2" "neuron_b" 2 35, 6 7 0, S_000002a8b22abdf0;
 .timescale 0 0;
    .port_info 0 /INPUT 32 "a_1";
    .port_info 1 /INPUT 32 "a_2";
    .port_info 2 /INPUT 32 "a_3";
    .port_info 3 /INPUT 32 "a_4";
    .port_info 4 /INPUT 32 "a_5";
    .port_info 5 /INPUT 32 "a_6";
    .port_info 6 /INPUT 32 "a_7";
    .port_info 7 /INPUT 32 "a_8";
    .port_info 8 /INPUT 32 "a_9";
    .port_info 9 /INPUT 32 "w_1";
    .port_info 10 /INPUT 32 "w_2";
    .port_info 11 /INPUT 32 "w_3";
    .port_info 12 /INPUT 32 "w_4";
    .port_info 13 /INPUT 32 "w_5";
    .port_info 14 /INPUT 32 "w_6";
    .port_info 15 /INPUT 32 "w_7";
    .port_info 16 /INPUT 32 "w_8";
    .port_info 17 /INPUT 32 "w_9";
    .port_info 18 /INPUT 32 "b";
    .port_info 19 /OUTPUT 32 "y";
P_000002a8b2218b20 .param/l "WIDTH" 0 6 8, +C4<00000000000000000000000000100000>;
L_000002a8b231d500 .functor BUFZ 32, o000002a8b2248598, C4<00000000000000000000000000000000>, C4<00000000000000000000000000000000>, C4<00000000000000000000000000000000>;
L_000002a8b231d7a0 .functor BUFZ 32, o000002a8b22485c8, C4<00000000000000000000000000000000>, C4<00000000000000000000000000000000>, C4<00000000000000000000000000000000>;
L_000002a8b231d260 .functor BUFZ 32, o000002a8b22485f8, C4<00000000000000000000000000000000>, C4<00000000000000000000000000000000>, C4<00000000000000000000000000000000>;
L_000002a8b231cf50 .functor BUFZ 32, o000002a8b2248628, C4<00000000000000000000000000000000>, C4<00000000000000000000000000000000>, C4<00000000000000000000000000000000>;
L_000002a8b231d420 .functor BUFZ 32, o000002a8b2248658, C4<00000000000000000000000000000000>, C4<00000000000000000000000000000000>, C4<00000000000000000000000000000000>;
L_000002a8b231cfc0 .functor BUFZ 32, o000002a8b2248688, C4<00000000000000000000000000000000>, C4<00000000000000000000000000000000>, C4<00000000000000000000000000000000>;
L_000002a8b231d2d0 .functor BUFZ 32, o000002a8b22486b8, C4<00000000000000000000000000000000>, C4<00000000000000000000000000000000>, C4<00000000000000000000000000000000>;
L_000002a8b231d810 .functor BUFZ 32, o000002a8b22486e8, C4<00000000000000000000000000000000>, C4<00000000000000000000000000000000>, C4<00000000000000000000000000000000>;
L_000002a8b231d960 .functor BUFZ 32, o000002a8b2248718, C4<00000000000000000000000000000000>, C4<00000000000000000000000000000000>, C4<00000000000000000000000000000000>;
L_000002a8b231d8f0 .functor BUFZ 32, L_000002a8b23200a0, C4<00000000000000000000000000000000>, C4<00000000000000000000000000000000>, C4<00000000000000000000000000000000>;
L_000002a8b231d340 .functor BUFZ 32, L_000002a8b2321220, C4<00000000000000000000000000000000>, C4<00000000000000000000000000000000>, C4<00000000000000000000000000000000>;
L_000002a8b231d490 .functor BUFZ 32, L_000002a8b23205a0, C4<00000000000000000000000000000000>, C4<00000000000000000000000000000000>, C4<00000000000000000000000000000000>;
L_000002a8b231d3b0 .functor BUFZ 32, L_000002a8b2320d20, C4<00000000000000000000000000000000>, C4<00000000000000000000000000000000>, C4<00000000000000000000000000000000>;
L_000002a8b231d650 .functor BUFZ 32, L_000002a8b2320e60, C4<00000000000000000000000000000000>, C4<00000000000000000000000000000000>, C4<00000000000000000000000000000000>;
L_000002a8b231d570 .functor BUFZ 32, L_000002a8b23212c0, C4<00000000000000000000000000000000>, C4<00000000000000000000000000000000>, C4<00000000000000000000000000000000>;
L_000002a8b231d110 .functor BUFZ 32, L_000002a8b23215e0, C4<00000000000000000000000000000000>, C4<00000000000000000000000000000000>, C4<00000000000000000000000000000000>;
L_000002a8b231d5e0 .functor BUFZ 32, L_000002a8b2321a40, C4<00000000000000000000000000000000>, C4<00000000000000000000000000000000>, C4<00000000000000000000000000000000>;
L_000002a8b231d9d0 .functor BUFZ 32, L_000002a8b2321360, C4<00000000000000000000000000000000>, C4<00000000000000000000000000000000>, C4<00000000000000000000000000000000>;
L_000002a8b231dab0 .functor BUFZ 32, L_000002a8b2321720, C4<00000000000000000000000000000000>, C4<00000000000000000000000000000000>, C4<00000000000000000000000000000000>;
v000002a8b22af8f0_0 .net/s *"_ivl_56", 31 0, L_000002a8b231e3e0;  1 drivers
v000002a8b22ad190_0 .net/s *"_ivl_63", 31 0, L_000002a8b2320280;  1 drivers
v000002a8b22ada50_0 .net/s *"_ivl_70", 31 0, L_000002a8b231ede0;  1 drivers
v000002a8b22badc0_0 .net/s *"_ivl_75", 31 0, L_000002a8b231e160;  1 drivers
v000002a8b22ba6e0_0 .net/s *"_ivl_77", 31 0, L_000002a8b231ee80;  1 drivers
v000002a8b22bb4a0_0 .net/s "a_1", 31 0, o000002a8b2248598;  alias, 0 drivers
v000002a8b22bb220_0 .net/s "a_2", 31 0, o000002a8b22485c8;  alias, 0 drivers
v000002a8b22bad20_0 .net/s "a_3", 31 0, o000002a8b22485f8;  alias, 0 drivers
v000002a8b22ba320_0 .net/s "a_4", 31 0, o000002a8b2248628;  alias, 0 drivers
v000002a8b22ba780_0 .net/s "a_5", 31 0, o000002a8b2248658;  alias, 0 drivers
v000002a8b22ba820_0 .net/s "a_6", 31 0, o000002a8b2248688;  alias, 0 drivers
v000002a8b22bafa0_0 .net/s "a_7", 31 0, o000002a8b22486b8;  alias, 0 drivers
v000002a8b22ba280_0 .net/s "a_8", 31 0, o000002a8b22486e8;  alias, 0 drivers
v000002a8b22bb5e0_0 .net/s "a_9", 31 0, o000002a8b2248718;  alias, 0 drivers
v000002a8b22ba960 .array "a_arr", 9 1;
v000002a8b22ba960_0 .net/s v000002a8b22ba960 0, 31 0, L_000002a8b231d500; 1 drivers
v000002a8b22ba960_1 .net/s v000002a8b22ba960 1, 31 0, L_000002a8b231d7a0; 1 drivers
v000002a8b22ba960_2 .net/s v000002a8b22ba960 2, 31 0, L_000002a8b231d260; 1 drivers
v000002a8b22ba960_3 .net/s v000002a8b22ba960 3, 31 0, L_000002a8b231cf50; 1 drivers
v000002a8b22ba960_4 .net/s v000002a8b22ba960 4, 31 0, L_000002a8b231d420; 1 drivers
v000002a8b22ba960_5 .net/s v000002a8b22ba960 5, 31 0, L_000002a8b231cfc0; 1 drivers
v000002a8b22ba960_6 .net/s v000002a8b22ba960 6, 31 0, L_000002a8b231d2d0; 1 drivers
v000002a8b22ba960_7 .net/s v000002a8b22ba960 7, 31 0, L_000002a8b231d810; 1 drivers
v000002a8b22ba960_8 .net/s v000002a8b22ba960 8, 31 0, L_000002a8b231d960; 1 drivers
v000002a8b22bb400_0 .net/s "b", 31 0, L_000002a8b2321680;  1 drivers
v000002a8b22ba5a0 .array "m", 9 1;
v000002a8b22ba5a0_0 .net/s v000002a8b22ba5a0 0, 31 0, L_000002a8b231f9c0; 1 drivers
v000002a8b22ba5a0_1 .net/s v000002a8b22ba5a0 1, 31 0, L_000002a8b231fe20; 1 drivers
v000002a8b22ba5a0_2 .net/s v000002a8b22ba5a0 2, 31 0, L_000002a8b231ea20; 1 drivers
v000002a8b22ba5a0_3 .net/s v000002a8b22ba5a0 3, 31 0, L_000002a8b231e980; 1 drivers
v000002a8b22ba5a0_4 .net/s v000002a8b22ba5a0 4, 31 0, L_000002a8b231ed40; 1 drivers
v000002a8b22ba5a0_5 .net/s v000002a8b22ba5a0 5, 31 0, L_000002a8b231e7a0; 1 drivers
v000002a8b22ba5a0_6 .net/s v000002a8b22ba5a0 6, 31 0, L_000002a8b231dda0; 1 drivers
v000002a8b22ba5a0_7 .net/s v000002a8b22ba5a0 7, 31 0, L_000002a8b231f920; 1 drivers
v000002a8b22ba5a0_8 .net/s v000002a8b22ba5a0 8, 31 0, L_000002a8b231e020; 1 drivers
v000002a8b22ba3c0_0 .net/s "out", 31 0, L_000002a8b2321720;  1 drivers
v000002a8b22ba8c0_0 .net/s "sum_123", 31 0, L_000002a8b231e0c0;  1 drivers
v000002a8b22ba460_0 .net/s "sum_456", 31 0, L_000002a8b2320320;  1 drivers
v000002a8b22baa00_0 .net/s "sum_789", 31 0, L_000002a8b231dee0;  1 drivers
v000002a8b22bb540_0 .net/s "total_sum", 31 0, L_000002a8b231e200;  1 drivers
v000002a8b22baaa0_0 .net/s "w_1", 31 0, L_000002a8b23200a0;  1 drivers
v000002a8b22bb680_0 .net/s "w_2", 31 0, L_000002a8b2321220;  1 drivers
v000002a8b22bab40_0 .net/s "w_3", 31 0, L_000002a8b23205a0;  1 drivers
v000002a8b22babe0_0 .net/s "w_4", 31 0, L_000002a8b2320d20;  1 drivers
v000002a8b22baf00_0 .net/s "w_5", 31 0, L_000002a8b2320e60;  1 drivers
v000002a8b22bb040_0 .net/s "w_6", 31 0, L_000002a8b23212c0;  1 drivers
v000002a8b22bb720_0 .net/s "w_7", 31 0, L_000002a8b23215e0;  1 drivers
v000002a8b22ba640_0 .net/s "w_8", 31 0, L_000002a8b2321a40;  1 drivers
v000002a8b22ba500_0 .net/s "w_9", 31 0, L_000002a8b2321360;  1 drivers
v000002a8b22bac80 .array "w_arr", 9 1;
v000002a8b22bac80_0 .net/s v000002a8b22bac80 0, 31 0, L_000002a8b231d8f0; 1 drivers
v000002a8b22bac80_1 .net/s v000002a8b22bac80 1, 31 0, L_000002a8b231d340; 1 drivers
v000002a8b22bac80_2 .net/s v000002a8b22bac80 2, 31 0, L_000002a8b231d490; 1 drivers
v000002a8b22bac80_3 .net/s v000002a8b22bac80 3, 31 0, L_000002a8b231d3b0; 1 drivers
v000002a8b22bac80_4 .net/s v000002a8b22bac80 4, 31 0, L_000002a8b231d650; 1 drivers
v000002a8b22bac80_5 .net/s v000002a8b22bac80 5, 31 0, L_000002a8b231d570; 1 drivers
v000002a8b22bac80_6 .net/s v000002a8b22bac80 6, 31 0, L_000002a8b231d110; 1 drivers
v000002a8b22bac80_7 .net/s v000002a8b22bac80 7, 31 0, L_000002a8b231d5e0; 1 drivers
v000002a8b22bac80_8 .net/s v000002a8b22bac80 8, 31 0, L_000002a8b231d9d0; 1 drivers
v000002a8b22bae60_0 .net/s "y", 31 0, L_000002a8b231dab0;  alias, 1 drivers
L_000002a8b231e3e0 .arith/sum 32, L_000002a8b231f9c0, L_000002a8b231fe20;
L_000002a8b231e0c0 .arith/sum 32, L_000002a8b231e3e0, L_000002a8b231ea20;
L_000002a8b2320280 .arith/sum 32, L_000002a8b231e980, L_000002a8b231ed40;
L_000002a8b2320320 .arith/sum 32, L_000002a8b2320280, L_000002a8b231e7a0;
L_000002a8b231ede0 .arith/sum 32, L_000002a8b231dda0, L_000002a8b231f920;
L_000002a8b231dee0 .arith/sum 32, L_000002a8b231ede0, L_000002a8b231e020;
L_000002a8b231e160 .arith/sum 32, L_000002a8b231e0c0, L_000002a8b2320320;
L_000002a8b231ee80 .arith/sum 32, L_000002a8b231e160, L_000002a8b231dee0;
L_000002a8b231e200 .arith/sum 32, L_000002a8b231ee80, L_000002a8b2321680;
S_000002a8b22ac430 .scope module, "activate_func" "tanh" 6 54, 7 4 0, S_000002a8b22acd90;
 .timescale 0 0;
    .port_info 0 /INPUT 32 "a";
    .port_info 1 /OUTPUT 32 "y";
P_000002a8b218ab30 .param/l "FL" 0 7 6, +C4<00000000000000000000000000011000>;
P_000002a8b218ab68 .param/l "WIDTH" 0 7 5, +C4<00000000000000000000000000100000>;
L_000002a8b231da40 .functor NOT 32, L_000002a8b231e200, C4<00000000000000000000000000000000>, C4<00000000000000000000000000000000>, C4<00000000000000000000000000000000>;
L_000002a8b231d030 .functor NOT 32, L_000002a8b2321040, C4<00000000000000000000000000000000>, C4<00000000000000000000000000000000>, C4<00000000000000000000000000000000>;
L_000002a8b22bd080 .functor BUFT 1, C4<11111111000000000000000000000000>, C4<0>, C4<0>, C4<0>;
v000002a8b22b0570_0 .net/s "ONE_NEG", 31 0, L_000002a8b22bd080;  1 drivers
L_000002a8b22bd038 .functor BUFT 1, C4<00000001000000000000000000000000>, C4<0>, C4<0>, C4<0>;
v000002a8b22b0c50_0 .net/s "ONE_POS", 31 0, L_000002a8b22bd038;  1 drivers
L_000002a8b22bcf60 .functor BUFT 1, C4<00000000000000000000000000000000>, C4<0>, C4<0>, C4<0>;
v000002a8b22affd0_0 .net/2s *"_ivl_12", 31 0, L_000002a8b22bcf60;  1 drivers
v000002a8b22b04d0_0 .net *"_ivl_14", 0 0, L_000002a8b231e8e0;  1 drivers
L_000002a8b22bcfa8 .functor BUFT 1, C4<00000000000000000000000000000000>, C4<0>, C4<0>, C4<0>;
v000002a8b22afad0_0 .net *"_ivl_16", 31 0, L_000002a8b22bcfa8;  1 drivers
v000002a8b22b0070_0 .net *"_ivl_19", 31 0, L_000002a8b231ef20;  1 drivers
v000002a8b22b0d90_0 .net/s *"_ivl_22", 63 0, L_000002a8b2320aa0;  1 drivers
v000002a8b22b0ed0_0 .net/s *"_ivl_24", 63 0, L_000002a8b2320960;  1 drivers
v000002a8b22b0b10_0 .net *"_ivl_3", 0 0, L_000002a8b231e5c0;  1 drivers
v000002a8b22b0930_0 .net/s *"_ivl_30", 63 0, L_000002a8b2321400;  1 drivers
v000002a8b22b0cf0_0 .net/s *"_ivl_32", 63 0, L_000002a8b2320820;  1 drivers
v000002a8b22b09d0_0 .net/s *"_ivl_38", 63 0, L_000002a8b2321540;  1 drivers
v000002a8b22b0390_0 .net *"_ivl_4", 31 0, L_000002a8b231da40;  1 drivers
v000002a8b22afc10_0 .net/s *"_ivl_40", 63 0, L_000002a8b23208c0;  1 drivers
v000002a8b22b01b0_0 .net/s *"_ivl_46", 31 0, L_000002a8b2320f00;  1 drivers
v000002a8b22b0250_0 .net *"_ivl_50", 31 0, L_000002a8b231d030;  1 drivers
L_000002a8b22bcff0 .functor BUFT 1, C4<00000000000000000000000000000001>, C4<0>, C4<0>, C4<0>;
v000002a8b22aff30_0 .net/2u *"_ivl_52", 31 0, L_000002a8b22bcff0;  1 drivers
v000002a8b22b02f0_0 .net *"_ivl_54", 31 0, L_000002a8b23210e0;  1 drivers
L_000002a8b22bcf18 .functor BUFT 1, C4<00000000000000000000000000000001>, C4<0>, C4<0>, C4<0>;
v000002a8b22b0430_0 .net/2u *"_ivl_6", 31 0, L_000002a8b22bcf18;  1 drivers
v000002a8b22b0f70_0 .net *"_ivl_62", 0 0, L_000002a8b2321860;  1 drivers
v000002a8b22b0750_0 .net *"_ivl_64", 0 0, L_000002a8b2320a00;  1 drivers
v000002a8b22afb70_0 .net *"_ivl_66", 31 0, L_000002a8b23214a0;  1 drivers
v000002a8b22b0610_0 .net *"_ivl_8", 31 0, L_000002a8b231ec00;  1 drivers
v000002a8b22b0e30_0 .net/s "a", 31 0, L_000002a8b231e200;  alias, 1 drivers
v000002a8b22b1010_0 .net/s "a_pos", 31 0, L_000002a8b231e840;  1 drivers
v000002a8b22b06b0_0 .net/s "ai", 31 0, L_000002a8b231efc0;  1 drivers
v000002a8b22b0890_0 .net/s "ai_sq", 31 0, L_000002a8b2320dc0;  1 drivers
v000002a8b22afe90_0 .net/s "ai_sq_full", 63 0, L_000002a8b2320fa0;  1 drivers
v000002a8b22b0a70_0 .var/s "p1", 31 0;
v000002a8b22af990_0 .var/s "p2", 31 0;
v000002a8b22afcb0_0 .var/s "p3", 31 0;
v000002a8b22afdf0_0 .net "sign", 0 0, L_000002a8b231e2a0;  1 drivers
v000002a8b22adb90_0 .net/s "term1", 31 0, L_000002a8b2321180;  1 drivers
v000002a8b22ad550_0 .net/s "term1_full", 63 0, L_000002a8b2320b40;  1 drivers
v000002a8b22adc30_0 .net/s "term2", 31 0, L_000002a8b23217c0;  1 drivers
v000002a8b22ad5f0_0 .net/s "term2_full", 63 0, L_000002a8b23219a0;  1 drivers
v000002a8b22ae090_0 .net/s "y", 31 0, L_000002a8b2321720;  alias, 1 drivers
v000002a8b22af2b0_0 .net/s "y_abs", 31 0, L_000002a8b2321040;  1 drivers
v000002a8b22adcd0_0 .net/s "y_signed", 31 0, L_000002a8b2320be0;  1 drivers
E_000002a8b2218c60 .event anyedge, v000002a8b22b06b0_0;
L_000002a8b231e2a0 .part L_000002a8b231e200, 31, 1;
L_000002a8b231e5c0 .part L_000002a8b231e200, 31, 1;
L_000002a8b231ec00 .arith/sum 32, L_000002a8b231da40, L_000002a8b22bcf18;
L_000002a8b231e840 .functor MUXZ 32, L_000002a8b231e200, L_000002a8b231ec00, L_000002a8b231e5c0, C4<>;
L_000002a8b231e8e0 .cmp/gt.s 32, L_000002a8b22bcf60, L_000002a8b231e840;
L_000002a8b231ef20 .arith/sub 32, L_000002a8b22bcfa8, L_000002a8b231e840;
L_000002a8b231efc0 .functor MUXZ 32, L_000002a8b231e840, L_000002a8b231ef20, L_000002a8b231e8e0, C4<>;
L_000002a8b2320aa0 .extend/s 64, L_000002a8b231efc0;
L_000002a8b2320960 .extend/s 64, L_000002a8b231efc0;
L_000002a8b2320fa0 .arith/mult 64, L_000002a8b2320aa0, L_000002a8b2320960;
L_000002a8b2320dc0 .part L_000002a8b2320fa0, 24, 32;
L_000002a8b2321400 .extend/s 64, v000002a8b22b0a70_0;
L_000002a8b2320820 .extend/s 64, L_000002a8b2320dc0;
L_000002a8b2320b40 .arith/mult 64, L_000002a8b2321400, L_000002a8b2320820;
L_000002a8b2321180 .part L_000002a8b2320b40, 24, 32;
L_000002a8b2321540 .extend/s 64, v000002a8b22af990_0;
L_000002a8b23208c0 .extend/s 64, L_000002a8b231efc0;
L_000002a8b23219a0 .arith/mult 64, L_000002a8b2321540, L_000002a8b23208c0;
L_000002a8b23217c0 .part L_000002a8b23219a0, 24, 32;
L_000002a8b2320f00 .arith/sum 32, L_000002a8b2321180, L_000002a8b23217c0;
L_000002a8b2321040 .arith/sum 32, L_000002a8b2320f00, v000002a8b22afcb0_0;
L_000002a8b23210e0 .arith/sum 32, L_000002a8b231d030, L_000002a8b22bcff0;
L_000002a8b2320be0 .functor MUXZ 32, L_000002a8b2321040, L_000002a8b23210e0, L_000002a8b231e2a0, C4<>;
L_000002a8b2321860 .cmp/gt.s 32, L_000002a8b2320be0, L_000002a8b22bd038;
L_000002a8b2320a00 .cmp/gt.s 32, L_000002a8b22bd080, L_000002a8b2320be0;
L_000002a8b23214a0 .functor MUXZ 32, L_000002a8b2320be0, L_000002a8b22bd080, L_000002a8b2320a00, C4<>;
L_000002a8b2321720 .functor MUXZ 32, L_000002a8b23214a0, L_000002a8b22bd038, L_000002a8b2321860, C4<>;
S_000002a8b22abc60 .scope generate, "genblk1[1]" "genblk1[1]" 6 39, 6 39 0, S_000002a8b22acd90;
 .timescale 0 0;
P_000002a8b2218960 .param/l "i" 0 6 39, +C4<01>;
S_000002a8b22ab940 .scope module, "multiplier" "mult_Q" 6 40, 5 4 0, S_000002a8b22abc60;
 .timescale 0 0;
    .port_info 0 /INPUT 32 "a";
    .port_info 1 /INPUT 32 "b";
    .port_info 2 /OUTPUT 32 "y";
P_000002a8b21890b0 .param/l "FBITS" 0 5 6, +C4<00000000000000000000000000011000>;
P_000002a8b21890e8 .param/l "WIDTH" 0 5 5, +C4<00000000000000000000000000100000>;
v000002a8b22af490_0 .net/s *"_ivl_0", 63 0, L_000002a8b231f7e0;  1 drivers
v000002a8b22ae130_0 .net/s *"_ivl_2", 63 0, L_000002a8b231f740;  1 drivers
v000002a8b22ae770_0 .net/s "a", 31 0, L_000002a8b231d500;  alias, 1 drivers
v000002a8b22ade10_0 .net/s "b", 31 0, L_000002a8b231d8f0;  alias, 1 drivers
v000002a8b22aed10_0 .net/s "raw_y", 63 0, L_000002a8b231e660;  1 drivers
v000002a8b22ad2d0_0 .net/s "y", 31 0, L_000002a8b231f9c0;  alias, 1 drivers
L_000002a8b231f7e0 .extend/s 64, L_000002a8b231d500;
L_000002a8b231f740 .extend/s 64, L_000002a8b231d8f0;
L_000002a8b231e660 .arith/mult 64, L_000002a8b231f7e0, L_000002a8b231f740;
L_000002a8b231f9c0 .part L_000002a8b231e660, 24, 32;
S_000002a8b22ac5c0 .scope generate, "genblk1[2]" "genblk1[2]" 6 39, 6 39 0, S_000002a8b22acd90;
 .timescale 0 0;
P_000002a8b22192a0 .param/l "i" 0 6 39, +C4<010>;
S_000002a8b22ab300 .scope module, "multiplier" "mult_Q" 6 40, 5 4 0, S_000002a8b22ac5c0;
 .timescale 0 0;
    .port_info 0 /INPUT 32 "a";
    .port_info 1 /INPUT 32 "b";
    .port_info 2 /OUTPUT 32 "y";
P_000002a8b21892b0 .param/l "FBITS" 0 5 6, +C4<00000000000000000000000000011000>;
P_000002a8b21892e8 .param/l "WIDTH" 0 5 5, +C4<00000000000000000000000000100000>;
v000002a8b22adeb0_0 .net/s *"_ivl_0", 63 0, L_000002a8b231f600;  1 drivers
v000002a8b22ad730_0 .net/s *"_ivl_2", 63 0, L_000002a8b231dd00;  1 drivers
v000002a8b22add70_0 .net/s "a", 31 0, L_000002a8b231d7a0;  alias, 1 drivers
v000002a8b22ad230_0 .net/s "b", 31 0, L_000002a8b231d340;  alias, 1 drivers
v000002a8b22adf50_0 .net/s "raw_y", 63 0, L_000002a8b231fd80;  1 drivers
v000002a8b22ae8b0_0 .net/s "y", 31 0, L_000002a8b231fe20;  alias, 1 drivers
L_000002a8b231f600 .extend/s 64, L_000002a8b231d7a0;
L_000002a8b231dd00 .extend/s 64, L_000002a8b231d340;
L_000002a8b231fd80 .arith/mult 64, L_000002a8b231f600, L_000002a8b231dd00;
L_000002a8b231fe20 .part L_000002a8b231fd80, 24, 32;
S_000002a8b22abf80 .scope generate, "genblk1[3]" "genblk1[3]" 6 39, 6 39 0, S_000002a8b22acd90;
 .timescale 0 0;
P_000002a8b2218a60 .param/l "i" 0 6 39, +C4<011>;
S_000002a8b22acc00 .scope module, "multiplier" "mult_Q" 6 40, 5 4 0, S_000002a8b22abf80;
 .timescale 0 0;
    .port_info 0 /INPUT 32 "a";
    .port_info 1 /INPUT 32 "b";
    .port_info 2 /OUTPUT 32 "y";
P_000002a8b218a630 .param/l "FBITS" 0 5 6, +C4<00000000000000000000000000011000>;
P_000002a8b218a668 .param/l "WIDTH" 0 5 5, +C4<00000000000000000000000000100000>;
v000002a8b22ad9b0_0 .net/s *"_ivl_0", 63 0, L_000002a8b231e700;  1 drivers
v000002a8b22af170_0 .net/s *"_ivl_2", 63 0, L_000002a8b23203c0;  1 drivers
v000002a8b22ae6d0_0 .net/s "a", 31 0, L_000002a8b231d260;  alias, 1 drivers
v000002a8b22ae1d0_0 .net/s "b", 31 0, L_000002a8b231d490;  alias, 1 drivers
v000002a8b22af710_0 .net/s "raw_y", 63 0, L_000002a8b231f060;  1 drivers
v000002a8b22aef90_0 .net/s "y", 31 0, L_000002a8b231ea20;  alias, 1 drivers
L_000002a8b231e700 .extend/s 64, L_000002a8b231d260;
L_000002a8b23203c0 .extend/s 64, L_000002a8b231d490;
L_000002a8b231f060 .arith/mult 64, L_000002a8b231e700, L_000002a8b23203c0;
L_000002a8b231ea20 .part L_000002a8b231f060, 24, 32;
S_000002a8b22ac110 .scope generate, "genblk1[4]" "genblk1[4]" 6 39, 6 39 0, S_000002a8b22acd90;
 .timescale 0 0;
P_000002a8b22185e0 .param/l "i" 0 6 39, +C4<0100>;
S_000002a8b22ab620 .scope module, "multiplier" "mult_Q" 6 40, 5 4 0, S_000002a8b22ac110;
 .timescale 0 0;
    .port_info 0 /INPUT 32 "a";
    .port_info 1 /INPUT 32 "b";
    .port_info 2 /OUTPUT 32 "y";
P_000002a8b2189bb0 .param/l "FBITS" 0 5 6, +C4<00000000000000000000000000011000>;
P_000002a8b2189be8 .param/l "WIDTH" 0 5 5, +C4<00000000000000000000000000100000>;
v000002a8b22ae4f0_0 .net/s *"_ivl_0", 63 0, L_000002a8b231f1a0;  1 drivers
v000002a8b22adff0_0 .net/s *"_ivl_2", 63 0, L_000002a8b231f4c0;  1 drivers
v000002a8b22af7b0_0 .net/s "a", 31 0, L_000002a8b231cf50;  alias, 1 drivers
v000002a8b22aee50_0 .net/s "b", 31 0, L_000002a8b231d3b0;  alias, 1 drivers
v000002a8b22ae270_0 .net/s "raw_y", 63 0, L_000002a8b231f420;  1 drivers
v000002a8b22af030_0 .net/s "y", 31 0, L_000002a8b231e980;  alias, 1 drivers
L_000002a8b231f1a0 .extend/s 64, L_000002a8b231cf50;
L_000002a8b231f4c0 .extend/s 64, L_000002a8b231d3b0;
L_000002a8b231f420 .arith/mult 64, L_000002a8b231f1a0, L_000002a8b231f4c0;
L_000002a8b231e980 .part L_000002a8b231f420, 24, 32;
S_000002a8b22ac750 .scope generate, "genblk1[5]" "genblk1[5]" 6 39, 6 39 0, S_000002a8b22acd90;
 .timescale 0 0;
P_000002a8b2218ce0 .param/l "i" 0 6 39, +C4<0101>;
S_000002a8b22ac8e0 .scope module, "multiplier" "mult_Q" 6 40, 5 4 0, S_000002a8b22ac750;
 .timescale 0 0;
    .port_info 0 /INPUT 32 "a";
    .port_info 1 /INPUT 32 "b";
    .port_info 2 /OUTPUT 32 "y";
P_000002a8b218aab0 .param/l "FBITS" 0 5 6, +C4<00000000000000000000000000011000>;
P_000002a8b218aae8 .param/l "WIDTH" 0 5 5, +C4<00000000000000000000000000100000>;
v000002a8b22af0d0_0 .net/s *"_ivl_0", 63 0, L_000002a8b231fa60;  1 drivers
v000002a8b22ae310_0 .net/s *"_ivl_2", 63 0, L_000002a8b231f6a0;  1 drivers
v000002a8b22ae810_0 .net/s "a", 31 0, L_000002a8b231d420;  alias, 1 drivers
v000002a8b22af350_0 .net/s "b", 31 0, L_000002a8b231d650;  alias, 1 drivers
v000002a8b22aeef0_0 .net/s "raw_y", 63 0, L_000002a8b231fc40;  1 drivers
v000002a8b22aec70_0 .net/s "y", 31 0, L_000002a8b231ed40;  alias, 1 drivers
L_000002a8b231fa60 .extend/s 64, L_000002a8b231d420;
L_000002a8b231f6a0 .extend/s 64, L_000002a8b231d650;
L_000002a8b231fc40 .arith/mult 64, L_000002a8b231fa60, L_000002a8b231f6a0;
L_000002a8b231ed40 .part L_000002a8b231fc40, 24, 32;
S_000002a8b22ab490 .scope generate, "genblk1[6]" "genblk1[6]" 6 39, 6 39 0, S_000002a8b22acd90;
 .timescale 0 0;
P_000002a8b2218aa0 .param/l "i" 0 6 39, +C4<0110>;
S_000002a8b22aca70 .scope module, "multiplier" "mult_Q" 6 40, 5 4 0, S_000002a8b22ab490;
 .timescale 0 0;
    .port_info 0 /INPUT 32 "a";
    .port_info 1 /INPUT 32 "b";
    .port_info 2 /OUTPUT 32 "y";
P_000002a8b218a2b0 .param/l "FBITS" 0 5 6, +C4<00000000000000000000000000011000>;
P_000002a8b218a2e8 .param/l "WIDTH" 0 5 5, +C4<00000000000000000000000000100000>;
v000002a8b22af530_0 .net/s *"_ivl_0", 63 0, L_000002a8b231f240;  1 drivers
v000002a8b22ae3b0_0 .net/s *"_ivl_2", 63 0, L_000002a8b231fec0;  1 drivers
v000002a8b22ae450_0 .net/s "a", 31 0, L_000002a8b231cfc0;  alias, 1 drivers
v000002a8b22ad690_0 .net/s "b", 31 0, L_000002a8b231d570;  alias, 1 drivers
v000002a8b22adaf0_0 .net/s "raw_y", 63 0, L_000002a8b231eac0;  1 drivers
v000002a8b22ae590_0 .net/s "y", 31 0, L_000002a8b231e7a0;  alias, 1 drivers
L_000002a8b231f240 .extend/s 64, L_000002a8b231cfc0;
L_000002a8b231fec0 .extend/s 64, L_000002a8b231d570;
L_000002a8b231eac0 .arith/mult 64, L_000002a8b231f240, L_000002a8b231fec0;
L_000002a8b231e7a0 .part L_000002a8b231eac0, 24, 32;
S_000002a8b22acf20 .scope generate, "genblk1[7]" "genblk1[7]" 6 39, 6 39 0, S_000002a8b22acd90;
 .timescale 0 0;
P_000002a8b22189a0 .param/l "i" 0 6 39, +C4<0111>;
S_000002a8b22ab7b0 .scope module, "multiplier" "mult_Q" 6 40, 5 4 0, S_000002a8b22acf20;
 .timescale 0 0;
    .port_info 0 /INPUT 32 "a";
    .port_info 1 /INPUT 32 "b";
    .port_info 2 /OUTPUT 32 "y";
P_000002a8b218a830 .param/l "FBITS" 0 5 6, +C4<00000000000000000000000000011000>;
P_000002a8b218a868 .param/l "WIDTH" 0 5 5, +C4<00000000000000000000000000100000>;
v000002a8b22ad370_0 .net/s *"_ivl_0", 63 0, L_000002a8b231f880;  1 drivers
v000002a8b22af5d0_0 .net/s *"_ivl_2", 63 0, L_000002a8b2320140;  1 drivers
v000002a8b22ad910_0 .net/s "a", 31 0, L_000002a8b231d2d0;  alias, 1 drivers
v000002a8b22ae630_0 .net/s "b", 31 0, L_000002a8b231d110;  alias, 1 drivers
v000002a8b22aebd0_0 .net/s "raw_y", 63 0, L_000002a8b231eb60;  1 drivers
v000002a8b22af210_0 .net/s "y", 31 0, L_000002a8b231dda0;  alias, 1 drivers
L_000002a8b231f880 .extend/s 64, L_000002a8b231d2d0;
L_000002a8b2320140 .extend/s 64, L_000002a8b231d110;
L_000002a8b231eb60 .arith/mult 64, L_000002a8b231f880, L_000002a8b2320140;
L_000002a8b231dda0 .part L_000002a8b231eb60, 24, 32;
S_000002a8b22ab170 .scope generate, "genblk1[8]" "genblk1[8]" 6 39, 6 39 0, S_000002a8b22acd90;
 .timescale 0 0;
P_000002a8b22192e0 .param/l "i" 0 6 39, +C4<01000>;
S_000002a8b22abad0 .scope module, "multiplier" "mult_Q" 6 40, 5 4 0, S_000002a8b22ab170;
 .timescale 0 0;
    .port_info 0 /INPUT 32 "a";
    .port_info 1 /INPUT 32 "b";
    .port_info 2 /OUTPUT 32 "y";
P_000002a8b21899b0 .param/l "FBITS" 0 5 6, +C4<00000000000000000000000000011000>;
P_000002a8b21899e8 .param/l "WIDTH" 0 5 5, +C4<00000000000000000000000000100000>;
v000002a8b22af3f0_0 .net/s *"_ivl_0", 63 0, L_000002a8b231eca0;  1 drivers
v000002a8b22ae950_0 .net/s *"_ivl_2", 63 0, L_000002a8b231f560;  1 drivers
v000002a8b22af670_0 .net/s "a", 31 0, L_000002a8b231d810;  alias, 1 drivers
v000002a8b22aedb0_0 .net/s "b", 31 0, L_000002a8b231d5e0;  alias, 1 drivers
v000002a8b22ae9f0_0 .net/s "raw_y", 63 0, L_000002a8b231de40;  1 drivers
v000002a8b22af850_0 .net/s "y", 31 0, L_000002a8b231f920;  alias, 1 drivers
L_000002a8b231eca0 .extend/s 64, L_000002a8b231d810;
L_000002a8b231f560 .extend/s 64, L_000002a8b231d5e0;
L_000002a8b231de40 .arith/mult 64, L_000002a8b231eca0, L_000002a8b231f560;
L_000002a8b231f920 .part L_000002a8b231de40, 24, 32;
S_000002a8b22b6af0 .scope generate, "genblk1[9]" "genblk1[9]" 6 39, 6 39 0, S_000002a8b22acd90;
 .timescale 0 0;
P_000002a8b2218d20 .param/l "i" 0 6 39, +C4<01001>;
S_000002a8b22b72c0 .scope module, "multiplier" "mult_Q" 6 40, 5 4 0, S_000002a8b22b6af0;
 .timescale 0 0;
    .port_info 0 /INPUT 32 "a";
    .port_info 1 /INPUT 32 "b";
    .port_info 2 /OUTPUT 32 "y";
P_000002a8b2189330 .param/l "FBITS" 0 5 6, +C4<00000000000000000000000000011000>;
P_000002a8b2189368 .param/l "WIDTH" 0 5 5, +C4<00000000000000000000000000100000>;
v000002a8b22aea90_0 .net/s *"_ivl_0", 63 0, L_000002a8b231fba0;  1 drivers
v000002a8b22ad7d0_0 .net/s *"_ivl_2", 63 0, L_000002a8b231ff60;  1 drivers
v000002a8b22ad410_0 .net/s "a", 31 0, L_000002a8b231d960;  alias, 1 drivers
v000002a8b22ad870_0 .net/s "b", 31 0, L_000002a8b231d9d0;  alias, 1 drivers
v000002a8b22ad4b0_0 .net/s "raw_y", 63 0, L_000002a8b23201e0;  1 drivers
v000002a8b22aeb30_0 .net/s "y", 31 0, L_000002a8b231e020;  alias, 1 drivers
L_000002a8b231fba0 .extend/s 64, L_000002a8b231d960;
L_000002a8b231ff60 .extend/s 64, L_000002a8b231d9d0;
L_000002a8b23201e0 .arith/mult 64, L_000002a8b231fba0, L_000002a8b231ff60;
L_000002a8b231e020 .part L_000002a8b23201e0, 24, 32;
    .scope S_000002a8b2206480;
T_0 ;
    %wait E_000002a8b221ff20;
    %load/vec4 v000002a8b229e140_0;
    %cmpi/u 67108864, 0, 32;
    %flag_inv 5; GE is !LT
    %jmp/0xz  T_0.0, 5;
    %pushi/vec4 0, 0, 32;
    %store/vec4 v000002a8b229e1e0_0, 0, 32;
    %pushi/vec4 0, 0, 32;
    %store/vec4 v000002a8b229e820_0, 0, 32;
    %pushi/vec4 16777216, 0, 32;
    %store/vec4 v000002a8b229d920_0, 0, 32;
    %jmp T_0.1;
T_0.0 ;
    %load/vec4 v000002a8b229e140_0;
    %cmpi/u 33554432, 0, 32;
    %flag_inv 5; GE is !LT
    %jmp/0xz  T_0.2, 5;
    %pushi/vec4 4294751560, 0, 32;
    %store/vec4 v000002a8b229e1e0_0, 0, 32;
    %pushi/vec4 1533883, 0, 32;
    %store/vec4 v000002a8b229e820_0, 0, 32;
    %pushi/vec4 14037569, 0, 32;
    %store/vec4 v000002a8b229d920_0, 0, 32;
    %jmp T_0.3;
T_0.2 ;
    %load/vec4 v000002a8b229e140_0;
    %cmpi/u 16777216, 0, 32;
    %flag_inv 5; GE is !LT
    %jmp/0xz  T_0.4, 5;
    %pushi/vec4 4292137817, 0, 32;
    %store/vec4 v000002a8b229e1e0_0, 0, 32;
    %pushi/vec4 11741154, 0, 32;
    %store/vec4 v000002a8b229e820_0, 0, 32;
    %pushi/vec4 3942058, 0, 32;
    %store/vec4 v000002a8b229d920_0, 0, 32;
    %jmp T_0.5;
T_0.4 ;
    %pushi/vec4 4289717991, 0, 32;
    %store/vec4 v000002a8b229e1e0_0, 0, 32;
    %pushi/vec4 18102797, 0, 32;
    %store/vec4 v000002a8b229e820_0, 0, 32;
    %pushi/vec4 0, 0, 32;
    %store/vec4 v000002a8b229d920_0, 0, 32;
T_0.5 ;
T_0.3 ;
T_0.1 ;
    %jmp T_0;
    .thread T_0, $push;
    .scope S_000002a8b22a69c0;
T_1 ;
    %wait E_000002a8b221f520;
    %load/vec4 v000002a8b22a8a20_0;
    %cmpi/u 67108864, 0, 32;
    %flag_inv 5; GE is !LT
    %jmp/0xz  T_1.0, 5;
    %pushi/vec4 0, 0, 32;
    %store/vec4 v000002a8b22a85c0_0, 0, 32;
    %pushi/vec4 0, 0, 32;
    %store/vec4 v000002a8b22a79e0_0, 0, 32;
    %pushi/vec4 16777216, 0, 32;
    %store/vec4 v000002a8b22a8c00_0, 0, 32;
    %jmp T_1.1;
T_1.0 ;
    %load/vec4 v000002a8b22a8a20_0;
    %cmpi/u 33554432, 0, 32;
    %flag_inv 5; GE is !LT
    %jmp/0xz  T_1.2, 5;
    %pushi/vec4 4294751560, 0, 32;
    %store/vec4 v000002a8b22a85c0_0, 0, 32;
    %pushi/vec4 1533883, 0, 32;
    %store/vec4 v000002a8b22a79e0_0, 0, 32;
    %pushi/vec4 14037569, 0, 32;
    %store/vec4 v000002a8b22a8c00_0, 0, 32;
    %jmp T_1.3;
T_1.2 ;
    %load/vec4 v000002a8b22a8a20_0;
    %cmpi/u 16777216, 0, 32;
    %flag_inv 5; GE is !LT
    %jmp/0xz  T_1.4, 5;
    %pushi/vec4 4292137817, 0, 32;
    %store/vec4 v000002a8b22a85c0_0, 0, 32;
    %pushi/vec4 11741154, 0, 32;
    %store/vec4 v000002a8b22a79e0_0, 0, 32;
    %pushi/vec4 3942058, 0, 32;
    %store/vec4 v000002a8b22a8c00_0, 0, 32;
    %jmp T_1.5;
T_1.4 ;
    %pushi/vec4 4289717991, 0, 32;
    %store/vec4 v000002a8b22a85c0_0, 0, 32;
    %pushi/vec4 18102797, 0, 32;
    %store/vec4 v000002a8b22a79e0_0, 0, 32;
    %pushi/vec4 0, 0, 32;
    %store/vec4 v000002a8b22a8c00_0, 0, 32;
T_1.5 ;
T_1.3 ;
T_1.1 ;
    %jmp T_1;
    .thread T_1, $push;
    .scope S_000002a8b22ac430;
T_2 ;
    %wait E_000002a8b2218c60;
    %load/vec4 v000002a8b22b06b0_0;
    %cmpi/u 67108864, 0, 32;
    %flag_inv 5; GE is !LT
    %jmp/0xz  T_2.0, 5;
    %pushi/vec4 0, 0, 32;
    %store/vec4 v000002a8b22b0a70_0, 0, 32;
    %pushi/vec4 0, 0, 32;
    %store/vec4 v000002a8b22af990_0, 0, 32;
    %pushi/vec4 16777216, 0, 32;
    %store/vec4 v000002a8b22afcb0_0, 0, 32;
    %jmp T_2.1;
T_2.0 ;
    %load/vec4 v000002a8b22b06b0_0;
    %cmpi/u 33554432, 0, 32;
    %flag_inv 5; GE is !LT
    %jmp/0xz  T_2.2, 5;
    %pushi/vec4 4294751560, 0, 32;
    %store/vec4 v000002a8b22b0a70_0, 0, 32;
    %pushi/vec4 1533883, 0, 32;
    %store/vec4 v000002a8b22af990_0, 0, 32;
    %pushi/vec4 14037569, 0, 32;
    %store/vec4 v000002a8b22afcb0_0, 0, 32;
    %jmp T_2.3;
T_2.2 ;
    %load/vec4 v000002a8b22b06b0_0;
    %cmpi/u 16777216, 0, 32;
    %flag_inv 5; GE is !LT
    %jmp/0xz  T_2.4, 5;
    %pushi/vec4 4292137817, 0, 32;
    %store/vec4 v000002a8b22b0a70_0, 0, 32;
    %pushi/vec4 11741154, 0, 32;
    %store/vec4 v000002a8b22af990_0, 0, 32;
    %pushi/vec4 3942058, 0, 32;
    %store/vec4 v000002a8b22afcb0_0, 0, 32;
    %jmp T_2.5;
T_2.4 ;
    %pushi/vec4 4289717991, 0, 32;
    %store/vec4 v000002a8b22b0a70_0, 0, 32;
    %pushi/vec4 18102797, 0, 32;
    %store/vec4 v000002a8b22af990_0, 0, 32;
    %pushi/vec4 0, 0, 32;
    %store/vec4 v000002a8b22afcb0_0, 0, 32;
T_2.5 ;
T_2.3 ;
T_2.1 ;
    %jmp T_2;
    .thread T_2, $push;
    .scope S_000002a8b2162e60;
T_3 ;
    %wait E_000002a8b221f6e0;
    %load/vec4 v000002a8b2241660_0;
    %parti/s 1, 31, 6;
    %flag_set/vec4 8;
    %jmp/0xz  T_3.0, 8;
    %load/vec4 v000002a8b2241660_0;
    %parti/s 31, 0, 2;
    %inv;
    %pushi/vec4 1, 0, 31;
    %add;
    %store/vec4 v000002a8b22422e0_0, 0, 31;
    %jmp T_3.1;
T_3.0 ;
    %load/vec4 v000002a8b2241660_0;
    %parti/s 31, 0, 2;
    %store/vec4 v000002a8b22422e0_0, 0, 31;
T_3.1 ;
    %load/vec4 v000002a8b22422e0_0;
    %pad/u 32;
    %cmpi/u 16777216, 0, 32;
    %jmp/0xz  T_3.2, 5;
    %load/vec4 v000002a8b22422e0_0;
    %pad/u 32;
    %ix/load 4, 2, 0;
    %flag_set/imm 4, 0;
    %shiftr 4;
    %addi 8388608, 0, 32;
    %store/vec4 v000002a8b2241200_0, 0, 32;
    %jmp T_3.3;
T_3.2 ;
    %load/vec4 v000002a8b22422e0_0;
    %pad/u 32;
    %cmpi/u 39845888, 0, 32;
    %jmp/0xz  T_3.4, 5;
    %load/vec4 v000002a8b22422e0_0;
    %pad/u 32;
    %ix/load 4, 3, 0;
    %flag_set/imm 4, 0;
    %shiftr 4;
    %addi 10485760, 0, 32;
    %store/vec4 v000002a8b2241200_0, 0, 32;
    %jmp T_3.5;
T_3.4 ;
    %load/vec4 v000002a8b22422e0_0;
    %pad/u 32;
    %cmpi/u 83886080, 0, 32;
    %jmp/0xz  T_3.6, 5;
    %load/vec4 v000002a8b22422e0_0;
    %pad/u 32;
    %ix/load 4, 5, 0;
    %flag_set/imm 4, 0;
    %shiftr 4;
    %addi 14155776, 0, 32;
    %store/vec4 v000002a8b2241200_0, 0, 32;
    %jmp T_3.7;
T_3.6 ;
    %pushi/vec4 16777216, 0, 32;
    %store/vec4 v000002a8b2241200_0, 0, 32;
T_3.7 ;
T_3.5 ;
T_3.3 ;
    %load/vec4 v000002a8b2241660_0;
    %parti/s 1, 31, 6;
    %flag_set/vec4 8;
    %jmp/0xz  T_3.8, 8;
    %pushi/vec4 16777216, 0, 32;
    %load/vec4 v000002a8b2241200_0;
    %sub;
    %store/vec4 v000002a8b2241020_0, 0, 32;
    %jmp T_3.9;
T_3.8 ;
    %load/vec4 v000002a8b2241200_0;
    %store/vec4 v000002a8b2241020_0, 0, 32;
T_3.9 ;
    %jmp T_3;
    .thread T_3, $push;
# The file index is used to find the file name in the following table.
:file_names 8;
    "N/A";
    "<interactive>";
    "discriminator.v";
    "./neuron_c.v";
    "./Util/sigmoid.v";
    "./Util/mult_Q.v";
    "./neuron_b.v";
    "./Util/tanh.v";
