#! /c/Source/iverilog-install/bin/vvp
:ivl_version "12.0 (devel)" "(s20150603-1539-g2693dd32b)";
:ivl_delay_selection "TYPICAL";
:vpi_time_precision + 0;
:vpi_module "C:\iverilog\lib\ivl\system.vpi";
:vpi_module "C:\iverilog\lib\ivl\vhdl_sys.vpi";
:vpi_module "C:\iverilog\lib\ivl\vhdl_textio.vpi";
:vpi_module "C:\iverilog\lib\ivl\v2005_math.vpi";
:vpi_module "C:\iverilog\lib\ivl\va_math.vpi";
S_000001e8114a0730 .scope module, "generator" "generator" 2 7;
 .timescale 0 0;
    .port_info 0 /INPUT 32 "a_1";
    .port_info 1 /INPUT 32 "a_2";
    .port_info 2 /INPUT 192 "w_L2";
    .port_info 3 /INPUT 576 "w_L3";
    .port_info 4 /INPUT 96 "b_L2";
    .port_info 5 /INPUT 288 "b_L3";
    .port_info 6 /OUTPUT 32 "y_1x1";
    .port_info 7 /OUTPUT 32 "y_1x2";
    .port_info 8 /OUTPUT 32 "y_1x3";
    .port_info 9 /OUTPUT 32 "y_2x1";
    .port_info 10 /OUTPUT 32 "y_2x2";
    .port_info 11 /OUTPUT 32 "y_2x3";
    .port_info 12 /OUTPUT 32 "y_3x1";
    .port_info 13 /OUTPUT 32 "y_3x2";
    .port_info 14 /OUTPUT 32 "y_3x3";
P_000001e8114580f0 .param/l "N_INPUT" 0 2 9, +C4<00000000000000000000000000000010>;
P_000001e811458128 .param/l "N_NEURON_L2" 0 2 10, +C4<00000000000000000000000000000011>;
P_000001e811458160 .param/l "N_NEURON_L3" 0 2 11, +C4<00000000000000000000000000001001>;
P_000001e811458198 .param/l "WIDTH" 0 2 8, +C4<00000000000000000000000000100000>;
o000001e8115a0328 .functor BUFZ 32, C4<zzzzzzzzzzzzzzzzzzzzzzzzzzzzzzzz>; HiZ drive
v000001e8114c4720_0 .net/s "a_1", 31 0, o000001e8115a0328;  0 drivers
o000001e8115a0358 .functor BUFZ 32, C4<zzzzzzzzzzzzzzzzzzzzzzzzzzzzzzzz>; HiZ drive
v000001e8114c4680_0 .net/s "a_2", 31 0, o000001e8115a0358;  0 drivers
o000001e8115a4bb8 .functor BUFZ 96, C4<zzzzzzzzzzzzzzzzzzzzzzzzzzzzzzzzzzzzzzzzzzzzzzzzzzzzzzzzzzzzzzzzzzzzzzzzzzzzzzzzzzzzzzzzzzzzzzzz>; HiZ drive
v000001e8114c54e0_0 .net/s "b_L2", 95 0, o000001e8115a4bb8;  0 drivers
o000001e8115a4be8 .functor BUFZ 288, C4<zzzzzzzzzzzzzzzzzzzzzzzzzzzzzzzzzzzzzzzzzzzzzzzzzzzzzzzzzzzzzzzzzzzzzzzzzzzzzzzzzzzzzzzzzzzzzzzzzzzzzzzzzzzzzzzzzzzzzzzzzzzzzzzzzzzzzzzzzzzzzzzzzzzzzzzzzzzzzzzzzzzzzzzzzzzzzzzzzzzzzzzzzzzzzzzzzzzzzzzzzzzzzzzzzzzzzzzzzzzzzzzzzzzzzzzzzzzzzzzzzzzzzzzzzzzzzzzzzzzzzzzzzzzzzzzzzzzzzzzzzzzzzzzz>; HiZ drive
v000001e8114c5440_0 .net/s "b_L3", 287 0, o000001e8115a4be8;  0 drivers
v000001e8114c4ea0_0 .net/s "out_L2", 95 0, L_000001e8114cb500;  1 drivers
v000001e8114c59e0_0 .net/s "out_L3", 287 0, L_000001e811633420;  1 drivers
o000001e8115a4c78 .functor BUFZ 192, C4<zzzzzzzzzzzzzzzzzzzzzzzzzzzzzzzzzzzzzzzzzzzzzzzzzzzzzzzzzzzzzzzzzzzzzzzzzzzzzzzzzzzzzzzzzzzzzzzzzzzzzzzzzzzzzzzzzzzzzzzzzzzzzzzzzzzzzzzzzzzzzzzzzzzzzzzzzzzzzzzzzzzzzzzzzzzzzzzzzzzzzzzzzzzzzzzz>; HiZ drive
v000001e8114c4e00_0 .net/s "w_L2", 191 0, o000001e8115a4c78;  0 drivers
o000001e8115a4ca8 .functor BUFZ 576, C4<zzzzzzzzzzzzzzzzzzzzzzzzzzzzzzzzzzzzzzzzzzzzzzzzzzzzzzzzzzzzzzzzzzzzzzzzzzzzzzzzzzzzzzzzzzzzzzzzzzzzzzzzzzzzzzzzzzzzzzzzzzzzzzzzzzzzzzzzzzzzzzzzzzzzzzzzzzzzzzzzzzzzzzzzzzzzzzzzzzzzzzzzzzzzzzzzzzzzzzzzzzzzzzzzzzzzzzzzzzzzzzzzzzzzzzzzzzzzzzzzzzzzzzzzzzzzzzzzzzzzzzzzzzzzzzzzzzzzzzzzzzzzzzzzzzzzzzzzzzzzzzzzzzzzzzzzzzzzzzzzzzzzzzzzzzzzzzzzzzzzzzzzzzzzzzzzzzzzzzzzzzzzzzzzzzzzzzzzzzzzzzzzzzzzzzzzzzzzzzzzzzzzzzzzzzzzzzzzzzzzzzzzzzzzzzzzzzzzzzzzzzzzzzzzzzzzzzzzzzzzzzzzzzzzzzzzzzzzzzzzzzzzzzzzzzzzzzzzzzzzzzzzzzzzzzzzzzzzzzzzzzzzzzzzzzzzzzzzzzzzzzzzzzzzzzzzzzzzzzzzzzzzzzzzzzzzzzzz>; HiZ drive
v000001e8114c5da0_0 .net/s "w_L3", 575 0, o000001e8115a4ca8;  0 drivers
v000001e8114c6200_0 .net/s "y_1x1", 31 0, L_000001e811633880;  1 drivers
v000001e8114c5800_0 .net/s "y_1x2", 31 0, L_000001e811634280;  1 drivers
v000001e8114c5c60_0 .net/s "y_1x3", 31 0, L_000001e811634000;  1 drivers
v000001e8114c51c0_0 .net/s "y_2x1", 31 0, L_000001e811633ce0;  1 drivers
v000001e8114c4220_0 .net/s "y_2x2", 31 0, L_000001e811633e20;  1 drivers
v000001e8114c6340_0 .net/s "y_2x3", 31 0, L_000001e8116339c0;  1 drivers
v000001e8114c5a80_0 .net/s "y_3x1", 31 0, L_000001e8116323e0;  1 drivers
v000001e8114c5300_0 .net/s "y_3x2", 31 0, L_000001e811633380;  1 drivers
v000001e8114c56c0_0 .net/s "y_3x3", 31 0, L_000001e811633a60;  1 drivers
L_000001e8114c6840 .part o000001e8115a4c78, 0, 32;
L_000001e8114c4f40 .part o000001e8115a4c78, 32, 32;
L_000001e8114c4360 .part o000001e8115a4bb8, 0, 32;
L_000001e8114cb460 .part o000001e8115a4c78, 64, 32;
L_000001e8114cc680 .part o000001e8115a4c78, 96, 32;
L_000001e8114caf60 .part o000001e8115a4bb8, 32, 32;
L_000001e8114ca6a0 .part o000001e8115a4c78, 128, 32;
L_000001e8114ca880 .part o000001e8115a4c78, 160, 32;
L_000001e8114cb3c0 .part o000001e8115a4bb8, 64, 32;
L_000001e8114cb500 .concat8 [ 32 32 32 0], L_000001e8114979f0, L_000001e811497ec0, L_000001e811497c90;
L_000001e8114cbb40 .part L_000001e811633420, 0, 32;
L_000001e8114cb0a0 .part L_000001e811633420, 32, 32;
L_000001e8114ca420 .part L_000001e811633420, 64, 32;
L_000001e8114cbc80 .part o000001e8115a4ca8, 0, 32;
L_000001e8114cad80 .part o000001e8115a4ca8, 32, 32;
L_000001e8114cb820 .part o000001e8115a4ca8, 64, 32;
L_000001e8114cab00 .part o000001e8115a4be8, 0, 32;
L_000001e8114cc900 .part L_000001e811633420, 0, 32;
L_000001e8114cc2c0 .part L_000001e811633420, 32, 32;
L_000001e8114cbfa0 .part L_000001e811633420, 64, 32;
L_000001e8114cc4a0 .part o000001e8115a4ca8, 96, 32;
L_000001e8114cc9a0 .part o000001e8115a4ca8, 128, 32;
L_000001e8114ca240 .part o000001e8115a4ca8, 160, 32;
L_000001e8114ca560 .part o000001e8115a4be8, 32, 32;
L_000001e8114cd620 .part L_000001e811633420, 0, 32;
L_000001e8114cdc60 .part L_000001e811633420, 32, 32;
L_000001e8114ce020 .part L_000001e811633420, 64, 32;
L_000001e8114cd440 .part o000001e8115a4ca8, 192, 32;
L_000001e8114cdd00 .part o000001e8115a4ca8, 224, 32;
L_000001e8114ce0c0 .part o000001e8115a4ca8, 256, 32;
L_000001e8114cd300 .part o000001e8115a4be8, 64, 32;
L_000001e8114cd9e0 .part L_000001e811633420, 0, 32;
L_000001e8114cda80 .part L_000001e811633420, 32, 32;
L_000001e8115d5690 .part L_000001e811633420, 64, 32;
L_000001e8115d54b0 .part o000001e8115a4ca8, 288, 32;
L_000001e8115d3390 .part o000001e8115a4ca8, 320, 32;
L_000001e8115d4290 .part o000001e8115a4ca8, 352, 32;
L_000001e8115d4790 .part o000001e8115a4be8, 96, 32;
L_000001e8115d4f10 .part L_000001e811633420, 0, 32;
L_000001e8115d5410 .part L_000001e811633420, 32, 32;
L_000001e8115d50f0 .part L_000001e811633420, 64, 32;
L_000001e8115d3c50 .part o000001e8115a4ca8, 384, 32;
L_000001e8115d4fb0 .part o000001e8115a4ca8, 416, 32;
L_000001e8115d5190 .part o000001e8115a4ca8, 448, 32;
L_000001e8115d3e30 .part o000001e8115a4be8, 128, 32;
L_000001e8115d32f0 .part L_000001e811633420, 0, 32;
L_000001e8115d5550 .part L_000001e811633420, 32, 32;
L_000001e8115d4e70 .part L_000001e811633420, 64, 32;
L_000001e8115d4bf0 .part o000001e8115a4ca8, 480, 32;
L_000001e8115d55f0 .part o000001e8115a4ca8, 512, 32;
L_000001e8115d46f0 .part o000001e8115a4ca8, 544, 32;
L_000001e8115d37f0 .part o000001e8115a4be8, 160, 32;
L_000001e8115d5a50 .part L_000001e811633420, 0, 32;
L_000001e8115d61d0 .part L_000001e811633420, 32, 32;
L_000001e8115d5d70 .part L_000001e811633420, 64, 32;
L_000001e8115d5e10 .part o000001e8115a4be8, 192, 32;
L_000001e8115d6e50 .part L_000001e811633420, 0, 32;
L_000001e8115d66d0 .part L_000001e811633420, 32, 32;
L_000001e8115d5ff0 .part L_000001e811633420, 64, 32;
L_000001e8115d6090 .part o000001e8115a4be8, 224, 32;
L_000001e811633560 .part L_000001e811633420, 0, 32;
L_000001e811632160 .part L_000001e811633420, 32, 32;
L_000001e811632340 .part L_000001e811633420, 64, 32;
L_000001e811632c00 .part o000001e8115a4be8, 256, 32;
LS_000001e811633420_0_0 .concat8 [ 32 32 32 32], L_000001e811497440, L_000001e811497980, L_000001e8114973d0, L_000001e811497520;
LS_000001e811633420_0_4 .concat8 [ 32 32 32 32], L_000001e811497360, L_000001e811497590, L_000001e8114977c0, L_000001e8114978a0;
LS_000001e811633420_0_8 .concat8 [ 32 0 0 0], L_000001e811497de0;
L_000001e811633420 .concat8 [ 128 128 32 0], LS_000001e811633420_0_0, LS_000001e811633420_0_4, LS_000001e811633420_0_8;
L_000001e811633880 .part L_000001e811633420, 0, 32;
L_000001e811634280 .part L_000001e811633420, 32, 32;
L_000001e811634000 .part L_000001e811633420, 64, 32;
L_000001e811633ce0 .part L_000001e811633420, 96, 32;
L_000001e811633e20 .part L_000001e811633420, 128, 32;
L_000001e8116339c0 .part L_000001e811633420, 160, 32;
L_000001e8116323e0 .part L_000001e811633420, 192, 32;
L_000001e811633380 .part L_000001e811633420, 224, 32;
L_000001e811633a60 .part L_000001e811633420, 256, 32;
S_000001e8114a08c0 .scope generate, "genblk1[0]" "genblk1[0]" 2 35, 2 35 0, S_000001e8114a0730;
 .timescale 0 0;
P_000001e811487460 .param/l "i" 0 2 35, +C4<00>;
S_000001e8114a0f00 .scope module, "NEURON_L2" "neuron_o" 2 36, 3 6 0, S_000001e8114a08c0;
 .timescale 0 0;
    .port_info 0 /INPUT 32 "a_1";
    .port_info 1 /INPUT 32 "a_2";
    .port_info 2 /INPUT 32 "w_1";
    .port_info 3 /INPUT 32 "w_2";
    .port_info 4 /INPUT 32 "b";
    .port_info 5 /OUTPUT 32 "y";
P_000001e8114883a0 .param/l "WIDTH" 0 3 7, +C4<00000000000000000000000000100000>;
o000001e8115a00b8 .functor BUFZ 32, C4<zzzzzzzzzzzzzzzzzzzzzzzzzzzzzzzz>; HiZ drive
L_000001e8114979f0 .functor BUFZ 32, o000001e8115a00b8, C4<00000000000000000000000000000000>, C4<00000000000000000000000000000000>, C4<00000000000000000000000000000000>;
v000001e8114922d0_0 .net *"_ivl_11", 1 0, L_000001e8114c6660;  1 drivers
v000001e8114939f0_0 .net *"_ivl_13", 1 0, L_000001e8114c53a0;  1 drivers
v000001e811492370_0 .net/s *"_ivl_14", 31 0, L_000001e8114c5760;  1 drivers
v000001e811493a90_0 .net *"_ivl_17", 1 0, L_000001e8114c67a0;  1 drivers
v000001e811493090_0 .net/s *"_ivl_18", 31 0, L_000001e8114c4c20;  1 drivers
v000001e8114924b0_0 .net/s *"_ivl_20", 31 0, L_000001e8114c5ee0;  1 drivers
o000001e8115a0268 .functor BUFZ 60, C4<zzzzzzzzzzzzzzzzzzzzzzzzzzzzzzzzzzzzzzzzzzzzzzzzzzzzzzzzzzzz>; HiZ drive
; Elide local net with no drivers, v000001e811493b30_0 name=_ivl_28
v000001e8114925f0_0 .net/s *"_ivl_3", 31 0, L_000001e8114c6480;  1 drivers
v000001e811492730_0 .net *"_ivl_5", 1 0, L_000001e8114c5d00;  1 drivers
v000001e811492b90_0 .net/s *"_ivl_9", 31 0, L_000001e8114c65c0;  1 drivers
v000001e811492d70_0 .net/s "a_1", 31 0, o000001e8115a0328;  alias, 0 drivers
v000001e8114933b0_0 .net/s "a_2", 31 0, o000001e8115a0358;  alias, 0 drivers
v000001e811492c30_0 .net/s "b", 31 0, L_000001e8114c4360;  1 drivers
v000001e811492cd0_0 .net/s "out", 31 0, o000001e8115a00b8;  0 drivers
v000001e811492e10_0 .net/s "out_In", 63 0, L_000001e811633f60;  1 drivers
v000001e811493590_0 .net/s "pre_activation", 31 0, L_000001e8114c4ae0;  1 drivers
v000001e811460d30_0 .net/s "w_1", 31 0, L_000001e8114c6840;  1 drivers
v000001e811461ff0_0 .net/s "w_2", 31 0, L_000001e8114c4f40;  1 drivers
v000001e811461190_0 .net/s "y", 31 0, L_000001e8114979f0;  1 drivers
L_000001e8114c6480 .arith/mult 32, o000001e8115a0328, L_000001e8114c6840;
L_000001e8114c5d00 .part L_000001e8114c6480, 0, 2;
L_000001e8114c65c0 .arith/mult 32, o000001e8115a0358, L_000001e8114c4f40;
L_000001e8114c6660 .part L_000001e8114c65c0, 0, 2;
L_000001e8114c53a0 .part L_000001e811633f60, 0, 2;
L_000001e8114c5760 .extend/s 32, L_000001e8114c53a0;
L_000001e8114c67a0 .part L_000001e811633f60, 2, 2;
L_000001e8114c4c20 .extend/s 32, L_000001e8114c67a0;
L_000001e8114c5ee0 .arith/sum 32, L_000001e8114c5760, L_000001e8114c4c20;
L_000001e8114c4ae0 .arith/sum 32, L_000001e8114c5ee0, L_000001e8114c4360;
L_000001e811633f60 .concat [ 2 2 60 0], L_000001e8114c5d00, L_000001e8114c6660, o000001e8115a0268;
S_000001e8114a0280 .scope module, "activate_func" "tanh" 3 28, 4 4 0, S_000001e8114a0f00;
 .timescale 0 0;
    .port_info 0 /INPUT 32 "a";
    .port_info 1 /OUTPUT 32 "y";
P_000001e811487aa0 .param/l "WIDTH" 0 4 5, +C4<00000000000000000000000000100000>;
v000001e811492050_0 .net "a", 31 0, L_000001e8114c4ae0;  alias, 1 drivers
v000001e811492190_0 .net "y", 31 0, o000001e8115a00b8;  alias, 0 drivers
S_000001e8114a00f0 .scope generate, "genblk1[1]" "genblk1[1]" 2 35, 2 35 0, S_000001e8114a0730;
 .timescale 0 0;
P_000001e811488420 .param/l "i" 0 2 35, +C4<01>;
S_000001e8114a0a50 .scope module, "NEURON_L2" "neuron_o" 2 36, 3 6 0, S_000001e8114a00f0;
 .timescale 0 0;
    .port_info 0 /INPUT 32 "a_1";
    .port_info 1 /INPUT 32 "a_2";
    .port_info 2 /INPUT 32 "w_1";
    .port_info 3 /INPUT 32 "w_2";
    .port_info 4 /INPUT 32 "b";
    .port_info 5 /OUTPUT 32 "y";
P_000001e8114874a0 .param/l "WIDTH" 0 3 7, +C4<00000000000000000000000000100000>;
o000001e8115a05c8 .functor BUFZ 32, C4<zzzzzzzzzzzzzzzzzzzzzzzzzzzzzzzz>; HiZ drive
L_000001e811497ec0 .functor BUFZ 32, o000001e8115a05c8, C4<00000000000000000000000000000000>, C4<00000000000000000000000000000000>, C4<00000000000000000000000000000000>;
v000001e811462310_0 .net *"_ivl_11", 1 0, L_000001e8114c45e0;  1 drivers
v000001e811462450_0 .net *"_ivl_13", 1 0, L_000001e8114c44a0;  1 drivers
v000001e8114624f0_0 .net/s *"_ivl_14", 31 0, L_000001e8114c4fe0;  1 drivers
v000001e811460a10_0 .net *"_ivl_17", 1 0, L_000001e8114c5120;  1 drivers
v000001e811460b50_0 .net/s *"_ivl_18", 31 0, L_000001e8114c49a0;  1 drivers
v000001e811472070_0 .net/s *"_ivl_20", 31 0, L_000001e8114c4a40;  1 drivers
o000001e8115a0778 .functor BUFZ 60, C4<zzzzzzzzzzzzzzzzzzzzzzzzzzzzzzzzzzzzzzzzzzzzzzzzzzzzzzzzzzzz>; HiZ drive
; Elide local net with no drivers, v000001e811470f90_0 name=_ivl_28
v000001e811472110_0 .net/s *"_ivl_3", 31 0, L_000001e8114c4860;  1 drivers
v000001e811472a70_0 .net *"_ivl_5", 1 0, L_000001e8114c4cc0;  1 drivers
v000001e8114726b0_0 .net/s *"_ivl_9", 31 0, L_000001e8114c4400;  1 drivers
v000001e811471710_0 .net/s "a_1", 31 0, o000001e8115a0328;  alias, 0 drivers
v000001e8114710d0_0 .net/s "a_2", 31 0, o000001e8115a0358;  alias, 0 drivers
v000001e8114712b0_0 .net/s "b", 31 0, L_000001e8114caf60;  1 drivers
v000001e8114713f0_0 .net/s "out", 31 0, o000001e8115a05c8;  0 drivers
v000001e811471990_0 .net/s "out_In", 63 0, L_000001e811633600;  1 drivers
v000001e81147fa40_0 .net/s "pre_activation", 31 0, L_000001e8114cc7c0;  1 drivers
v000001e81147f5e0_0 .net/s "w_1", 31 0, L_000001e8114cb460;  1 drivers
v000001e811480300_0 .net/s "w_2", 31 0, L_000001e8114cc680;  1 drivers
v000001e811480440_0 .net/s "y", 31 0, L_000001e811497ec0;  1 drivers
L_000001e8114c4860 .arith/mult 32, o000001e8115a0328, L_000001e8114cb460;
L_000001e8114c4cc0 .part L_000001e8114c4860, 0, 2;
L_000001e8114c4400 .arith/mult 32, o000001e8115a0358, L_000001e8114cc680;
L_000001e8114c45e0 .part L_000001e8114c4400, 0, 2;
L_000001e8114c44a0 .part L_000001e811633600, 0, 2;
L_000001e8114c4fe0 .extend/s 32, L_000001e8114c44a0;
L_000001e8114c5120 .part L_000001e811633600, 2, 2;
L_000001e8114c49a0 .extend/s 32, L_000001e8114c5120;
L_000001e8114c4a40 .arith/sum 32, L_000001e8114c4fe0, L_000001e8114c49a0;
L_000001e8114cc7c0 .arith/sum 32, L_000001e8114c4a40, L_000001e8114caf60;
L_000001e811633600 .concat [ 2 2 60 0], L_000001e8114c4cc0, L_000001e8114c45e0, o000001e8115a0778;
S_000001e8114a0be0 .scope module, "activate_func" "tanh" 3 28, 4 4 0, S_000001e8114a0a50;
 .timescale 0 0;
    .port_info 0 /INPUT 32 "a";
    .port_info 1 /OUTPUT 32 "y";
P_000001e8114879a0 .param/l "WIDTH" 0 4 5, +C4<00000000000000000000000000100000>;
v000001e8114614b0_0 .net "a", 31 0, L_000001e8114cc7c0;  alias, 1 drivers
v000001e811461a50_0 .net "y", 31 0, o000001e8115a05c8;  alias, 0 drivers
S_000001e8114a05a0 .scope generate, "genblk1[2]" "genblk1[2]" 2 35, 2 35 0, S_000001e8114a0730;
 .timescale 0 0;
P_000001e811487520 .param/l "i" 0 2 35, +C4<010>;
S_000001e8114a0410 .scope module, "NEURON_L2" "neuron_o" 2 36, 3 6 0, S_000001e8114a05a0;
 .timescale 0 0;
    .port_info 0 /INPUT 32 "a_1";
    .port_info 1 /INPUT 32 "a_2";
    .port_info 2 /INPUT 32 "w_1";
    .port_info 3 /INPUT 32 "w_2";
    .port_info 4 /INPUT 32 "b";
    .port_info 5 /OUTPUT 32 "y";
P_000001e8114878e0 .param/l "WIDTH" 0 3 7, +C4<00000000000000000000000000100000>;
o000001e8115a0a78 .functor BUFZ 32, C4<zzzzzzzzzzzzzzzzzzzzzzzzzzzzzzzz>; HiZ drive
L_000001e811497c90 .functor BUFZ 32, o000001e8115a0a78, C4<00000000000000000000000000000000>, C4<00000000000000000000000000000000>, C4<00000000000000000000000000000000>;
v000001e811480940_0 .net *"_ivl_11", 1 0, L_000001e8114ca4c0;  1 drivers
v000001e81147f7c0_0 .net *"_ivl_13", 1 0, L_000001e8114ca9c0;  1 drivers
v000001e811480b20_0 .net/s *"_ivl_14", 31 0, L_000001e8114cb140;  1 drivers
v000001e811480c60_0 .net *"_ivl_17", 1 0, L_000001e8114cb6e0;  1 drivers
v000001e811458c00_0 .net/s *"_ivl_18", 31 0, L_000001e8114cbbe0;  1 drivers
v000001e811458de0_0 .net/s *"_ivl_20", 31 0, L_000001e8114cb8c0;  1 drivers
o000001e8115a0c28 .functor BUFZ 60, C4<zzzzzzzzzzzzzzzzzzzzzzzzzzzzzzzzzzzzzzzzzzzzzzzzzzzzzzzzzzzz>; HiZ drive
; Elide local net with no drivers, v000001e811458e80_0 name=_ivl_28
v000001e811459100_0 .net/s *"_ivl_3", 31 0, L_000001e8114ca920;  1 drivers
v000001e811458480_0 .net *"_ivl_5", 1 0, L_000001e8114cbdc0;  1 drivers
v000001e8114b59b0_0 .net/s *"_ivl_9", 31 0, L_000001e8114cb640;  1 drivers
v000001e8114b5410_0 .net/s "a_1", 31 0, o000001e8115a0328;  alias, 0 drivers
v000001e8114b64f0_0 .net/s "a_2", 31 0, o000001e8115a0358;  alias, 0 drivers
v000001e8114b5690_0 .net/s "b", 31 0, L_000001e8114cb3c0;  1 drivers
v000001e8114b6090_0 .net/s "out", 31 0, o000001e8115a0a78;  0 drivers
v000001e8114b52d0_0 .net/s "out_In", 63 0, L_000001e811632fc0;  1 drivers
v000001e8114b63b0_0 .net/s "pre_activation", 31 0, L_000001e8114cc360;  1 drivers
v000001e8114b57d0_0 .net/s "w_1", 31 0, L_000001e8114ca6a0;  1 drivers
v000001e8114b6270_0 .net/s "w_2", 31 0, L_000001e8114ca880;  1 drivers
v000001e8114b6590_0 .net/s "y", 31 0, L_000001e811497c90;  1 drivers
L_000001e8114ca920 .arith/mult 32, o000001e8115a0328, L_000001e8114ca6a0;
L_000001e8114cbdc0 .part L_000001e8114ca920, 0, 2;
L_000001e8114cb640 .arith/mult 32, o000001e8115a0358, L_000001e8114ca880;
L_000001e8114ca4c0 .part L_000001e8114cb640, 0, 2;
L_000001e8114ca9c0 .part L_000001e811632fc0, 0, 2;
L_000001e8114cb140 .extend/s 32, L_000001e8114ca9c0;
L_000001e8114cb6e0 .part L_000001e811632fc0, 2, 2;
L_000001e8114cbbe0 .extend/s 32, L_000001e8114cb6e0;
L_000001e8114cb8c0 .arith/sum 32, L_000001e8114cb140, L_000001e8114cbbe0;
L_000001e8114cc360 .arith/sum 32, L_000001e8114cb8c0, L_000001e8114cb3c0;
L_000001e811632fc0 .concat [ 2 2 60 0], L_000001e8114cbdc0, L_000001e8114ca4c0, o000001e8115a0c28;
S_000001e8114a0d70 .scope module, "activate_func" "tanh" 3 28, 4 4 0, S_000001e8114a0410;
 .timescale 0 0;
    .port_info 0 /INPUT 32 "a";
    .port_info 1 /OUTPUT 32 "y";
P_000001e811487ba0 .param/l "WIDTH" 0 4 5, +C4<00000000000000000000000000100000>;
v000001e8114812a0_0 .net "a", 31 0, L_000001e8114cc360;  alias, 1 drivers
v000001e811480620_0 .net "y", 31 0, o000001e8115a0a78;  alias, 0 drivers
S_000001e8114b7c90 .scope generate, "genblk2[0]" "genblk2[0]" 2 52, 2 52 0, S_000001e8114a0730;
 .timescale 0 0;
P_000001e811487ea0 .param/l "j" 0 2 52, +C4<00>;
S_000001e8114b85f0 .scope module, "NEURON_L3" "neuron_a" 2 53, 5 6 0, S_000001e8114b7c90;
 .timescale 0 0;
    .port_info 0 /INPUT 32 "a_1";
    .port_info 1 /INPUT 32 "a_2";
    .port_info 2 /INPUT 32 "a_3";
    .port_info 3 /INPUT 32 "w_1";
    .port_info 4 /INPUT 32 "w_2";
    .port_info 5 /INPUT 32 "w_3";
    .port_info 6 /INPUT 32 "b";
    .port_info 7 /OUTPUT 32 "y";
P_000001e811487e60 .param/l "WIDTH" 0 5 7, +C4<00000000000000000000000000100000>;
o000001e8115a0f28 .functor BUFZ 32, C4<zzzzzzzzzzzzzzzzzzzzzzzzzzzzzzzz>; HiZ drive
L_000001e811497440 .functor BUFZ 32, o000001e8115a0f28, C4<00000000000000000000000000000000>, C4<00000000000000000000000000000000>, C4<00000000000000000000000000000000>;
v000001e8114b5b90_0 .net *"_ivl_11", 2 0, L_000001e8114cb960;  1 drivers
v000001e8114b69f0_0 .net/s *"_ivl_15", 31 0, L_000001e8114cc720;  1 drivers
v000001e8114b54b0_0 .net *"_ivl_17", 2 0, L_000001e8114cc220;  1 drivers
v000001e8114b5a50_0 .net *"_ivl_19", 2 0, L_000001e8114ca740;  1 drivers
v000001e8114b6450_0 .net/s *"_ivl_20", 31 0, L_000001e8114cc860;  1 drivers
v000001e8114b6310_0 .net *"_ivl_23", 2 0, L_000001e8114cc540;  1 drivers
v000001e8114b5e10_0 .net/s *"_ivl_24", 31 0, L_000001e8114caec0;  1 drivers
v000001e8114b61d0_0 .net/s *"_ivl_26", 31 0, L_000001e8114cb320;  1 drivers
v000001e8114b5550_0 .net *"_ivl_29", 2 0, L_000001e8114caa60;  1 drivers
v000001e8114b5c30_0 .net/s *"_ivl_3", 31 0, L_000001e8114cc0e0;  1 drivers
v000001e8114b5cd0_0 .net/s *"_ivl_30", 31 0, L_000001e8114cba00;  1 drivers
v000001e8114b6770_0 .net/s *"_ivl_32", 31 0, L_000001e8114cb000;  1 drivers
o000001e8115a11f8 .functor BUFZ 87, C4<zzzzzzzzzzzzzzzzzzzzzzzzzzzzzzzzzzzzzzzzzzzzzzzzzzzzzzzzzzzzzzzzzzzzzzzzzzzzzzzzzzzzzzz>; HiZ drive
; Elide local net with no drivers, v000001e8114b6130_0 name=_ivl_40
v000001e8114b6950_0 .net *"_ivl_5", 2 0, L_000001e8114cb5a0;  1 drivers
v000001e8114b5d70_0 .net/s *"_ivl_9", 31 0, L_000001e8114cbaa0;  1 drivers
v000001e8114b5870_0 .net/s "a_1", 31 0, L_000001e8114cbb40;  1 drivers
v000001e8114b5eb0_0 .net/s "a_2", 31 0, L_000001e8114cb0a0;  1 drivers
v000001e8114b6a90_0 .net/s "a_3", 31 0, L_000001e8114ca420;  1 drivers
v000001e8114b5910_0 .net/s "b", 31 0, L_000001e8114cab00;  1 drivers
v000001e8114b6630_0 .net/s "out", 31 0, o000001e8115a0f28;  0 drivers
v000001e8114b66d0_0 .net/s "out_In", 95 0, L_000001e811633ec0;  1 drivers
v000001e8114b5230_0 .net/s "pre_activation", 31 0, L_000001e8114cb780;  1 drivers
v000001e8114b6810_0 .net/s "w_1", 31 0, L_000001e8114cbc80;  1 drivers
v000001e8114b5370_0 .net/s "w_2", 31 0, L_000001e8114cad80;  1 drivers
v000001e8114b5f50_0 .net/s "w_3", 31 0, L_000001e8114cb820;  1 drivers
v000001e8114b5730_0 .net/s "y", 31 0, L_000001e811497440;  1 drivers
L_000001e8114cc0e0 .arith/mult 32, L_000001e8114cbb40, L_000001e8114cbc80;
L_000001e8114cb5a0 .part L_000001e8114cc0e0, 0, 3;
L_000001e8114cbaa0 .arith/mult 32, L_000001e8114cb0a0, L_000001e8114cad80;
L_000001e8114cb960 .part L_000001e8114cbaa0, 0, 3;
L_000001e8114cc720 .arith/mult 32, L_000001e8114ca420, L_000001e8114cb820;
L_000001e8114cc220 .part L_000001e8114cc720, 0, 3;
L_000001e8114ca740 .part L_000001e811633ec0, 0, 3;
L_000001e8114cc860 .extend/s 32, L_000001e8114ca740;
L_000001e8114cc540 .part L_000001e811633ec0, 3, 3;
L_000001e8114caec0 .extend/s 32, L_000001e8114cc540;
L_000001e8114cb320 .arith/sum 32, L_000001e8114cc860, L_000001e8114caec0;
L_000001e8114caa60 .part L_000001e811633ec0, 6, 3;
L_000001e8114cba00 .extend/s 32, L_000001e8114caa60;
L_000001e8114cb000 .arith/sum 32, L_000001e8114cb320, L_000001e8114cba00;
L_000001e8114cb780 .arith/sum 32, L_000001e8114cb000, L_000001e8114cab00;
L_000001e811633ec0 .concat [ 3 3 3 87], L_000001e8114cb5a0, L_000001e8114cb960, L_000001e8114cc220, o000001e8115a11f8;
S_000001e8114b8f50 .scope module, "activate_func" "tanh" 5 32, 4 4 0, S_000001e8114b85f0;
 .timescale 0 0;
    .port_info 0 /INPUT 32 "a";
    .port_info 1 /OUTPUT 32 "y";
P_000001e811487ce0 .param/l "WIDTH" 0 4 5, +C4<00000000000000000000000000100000>;
v000001e8114b5190_0 .net "a", 31 0, L_000001e8114cb780;  alias, 1 drivers
v000001e8114b5af0_0 .net "y", 31 0, o000001e8115a0f28;  alias, 0 drivers
S_000001e8114b7e20 .scope generate, "genblk2[1]" "genblk2[1]" 2 52, 2 52 0, S_000001e8114a0730;
 .timescale 0 0;
P_000001e811487ae0 .param/l "j" 0 2 52, +C4<01>;
S_000001e8114b8c30 .scope module, "NEURON_L3" "neuron_a" 2 53, 5 6 0, S_000001e8114b7e20;
 .timescale 0 0;
    .port_info 0 /INPUT 32 "a_1";
    .port_info 1 /INPUT 32 "a_2";
    .port_info 2 /INPUT 32 "a_3";
    .port_info 3 /INPUT 32 "w_1";
    .port_info 4 /INPUT 32 "w_2";
    .port_info 5 /INPUT 32 "w_3";
    .port_info 6 /INPUT 32 "b";
    .port_info 7 /OUTPUT 32 "y";
P_000001e811487d60 .param/l "WIDTH" 0 5 7, +C4<00000000000000000000000000100000>;
o000001e8115a15e8 .functor BUFZ 32, C4<zzzzzzzzzzzzzzzzzzzzzzzzzzzzzzzz>; HiZ drive
L_000001e811497980 .functor BUFZ 32, o000001e8115a15e8, C4<00000000000000000000000000000000>, C4<00000000000000000000000000000000>, C4<00000000000000000000000000000000>;
v000001e8114b6b30_0 .net *"_ivl_11", 2 0, L_000001e8114cc180;  1 drivers
v000001e8114b6e50_0 .net/s *"_ivl_15", 31 0, L_000001e8114caba0;  1 drivers
v000001e8114b5ff0_0 .net *"_ivl_17", 2 0, L_000001e8114cae20;  1 drivers
v000001e8114b6d10_0 .net *"_ivl_19", 2 0, L_000001e8114ca380;  1 drivers
v000001e8114b6bd0_0 .net/s *"_ivl_20", 31 0, L_000001e8114cbd20;  1 drivers
v000001e8114b6c70_0 .net *"_ivl_23", 2 0, L_000001e8114cac40;  1 drivers
v000001e8114b6db0_0 .net/s *"_ivl_24", 31 0, L_000001e8114cc5e0;  1 drivers
v000001e8114b6ef0_0 .net/s *"_ivl_26", 31 0, L_000001e8114cb1e0;  1 drivers
v000001e8114b7030_0 .net *"_ivl_29", 2 0, L_000001e8114cbe60;  1 drivers
v000001e8114b55f0_0 .net/s *"_ivl_3", 31 0, L_000001e8114ca2e0;  1 drivers
v000001e8114b9250_0 .net/s *"_ivl_30", 31 0, L_000001e8114cbf00;  1 drivers
v000001e8114ba830_0 .net/s *"_ivl_32", 31 0, L_000001e8114cb280;  1 drivers
o000001e8115a18b8 .functor BUFZ 87, C4<zzzzzzzzzzzzzzzzzzzzzzzzzzzzzzzzzzzzzzzzzzzzzzzzzzzzzzzzzzzzzzzzzzzzzzzzzzzzzzzzzzzzzzz>; HiZ drive
; Elide local net with no drivers, v000001e8114ba510_0 name=_ivl_40
v000001e8114b96b0_0 .net *"_ivl_5", 2 0, L_000001e8114cc040;  1 drivers
v000001e8114b9930_0 .net/s *"_ivl_9", 31 0, L_000001e8114ca7e0;  1 drivers
v000001e8114ba010_0 .net/s "a_1", 31 0, L_000001e8114cc900;  1 drivers
v000001e8114baf10_0 .net/s "a_2", 31 0, L_000001e8114cc2c0;  1 drivers
v000001e8114ba150_0 .net/s "a_3", 31 0, L_000001e8114cbfa0;  1 drivers
v000001e8114bab50_0 .net/s "b", 31 0, L_000001e8114ca560;  1 drivers
v000001e8114b9d90_0 .net/s "out", 31 0, o000001e8115a15e8;  0 drivers
v000001e8114b9a70_0 .net/s "out_In", 95 0, L_000001e811632840;  1 drivers
v000001e8114b9cf0_0 .net/s "pre_activation", 31 0, L_000001e8114cc400;  1 drivers
v000001e8114b94d0_0 .net/s "w_1", 31 0, L_000001e8114cc4a0;  1 drivers
v000001e8114b9890_0 .net/s "w_2", 31 0, L_000001e8114cc9a0;  1 drivers
v000001e8114bafb0_0 .net/s "w_3", 31 0, L_000001e8114ca240;  1 drivers
v000001e8114ba330_0 .net/s "y", 31 0, L_000001e811497980;  1 drivers
L_000001e8114ca2e0 .arith/mult 32, L_000001e8114cc900, L_000001e8114cc4a0;
L_000001e8114cc040 .part L_000001e8114ca2e0, 0, 3;
L_000001e8114ca7e0 .arith/mult 32, L_000001e8114cc2c0, L_000001e8114cc9a0;
L_000001e8114cc180 .part L_000001e8114ca7e0, 0, 3;
L_000001e8114caba0 .arith/mult 32, L_000001e8114cbfa0, L_000001e8114ca240;
L_000001e8114cae20 .part L_000001e8114caba0, 0, 3;
L_000001e8114ca380 .part L_000001e811632840, 0, 3;
L_000001e8114cbd20 .extend/s 32, L_000001e8114ca380;
L_000001e8114cac40 .part L_000001e811632840, 3, 3;
L_000001e8114cc5e0 .extend/s 32, L_000001e8114cac40;
L_000001e8114cb1e0 .arith/sum 32, L_000001e8114cbd20, L_000001e8114cc5e0;
L_000001e8114cbe60 .part L_000001e811632840, 6, 3;
L_000001e8114cbf00 .extend/s 32, L_000001e8114cbe60;
L_000001e8114cb280 .arith/sum 32, L_000001e8114cb1e0, L_000001e8114cbf00;
L_000001e8114cc400 .arith/sum 32, L_000001e8114cb280, L_000001e8114ca560;
L_000001e811632840 .concat [ 3 3 3 87], L_000001e8114cc040, L_000001e8114cc180, L_000001e8114cae20, o000001e8115a18b8;
S_000001e8114b7650 .scope module, "activate_func" "tanh" 5 32, 4 4 0, S_000001e8114b8c30;
 .timescale 0 0;
    .port_info 0 /INPUT 32 "a";
    .port_info 1 /OUTPUT 32 "y";
P_000001e811487da0 .param/l "WIDTH" 0 4 5, +C4<00000000000000000000000000100000>;
v000001e8114b6f90_0 .net "a", 31 0, L_000001e8114cc400;  alias, 1 drivers
v000001e8114b68b0_0 .net "y", 31 0, o000001e8115a15e8;  alias, 0 drivers
S_000001e8114b8910 .scope generate, "genblk2[2]" "genblk2[2]" 2 52, 2 52 0, S_000001e8114a0730;
 .timescale 0 0;
P_000001e811488020 .param/l "j" 0 2 52, +C4<010>;
S_000001e8114b74c0 .scope module, "NEURON_L3" "neuron_a" 2 53, 5 6 0, S_000001e8114b8910;
 .timescale 0 0;
    .port_info 0 /INPUT 32 "a_1";
    .port_info 1 /INPUT 32 "a_2";
    .port_info 2 /INPUT 32 "a_3";
    .port_info 3 /INPUT 32 "w_1";
    .port_info 4 /INPUT 32 "w_2";
    .port_info 5 /INPUT 32 "w_3";
    .port_info 6 /INPUT 32 "b";
    .port_info 7 /OUTPUT 32 "y";
P_000001e811487de0 .param/l "WIDTH" 0 5 7, +C4<00000000000000000000000000100000>;
o000001e8115a1ca8 .functor BUFZ 32, C4<zzzzzzzzzzzzzzzzzzzzzzzzzzzzzzzz>; HiZ drive
L_000001e8114973d0 .functor BUFZ 32, o000001e8115a1ca8, C4<00000000000000000000000000000000>, C4<00000000000000000000000000000000>, C4<00000000000000000000000000000000>;
v000001e8114b9e30_0 .net *"_ivl_11", 2 0, L_000001e8114cd1c0;  1 drivers
v000001e8114babf0_0 .net/s *"_ivl_15", 31 0, L_000001e8114cce00;  1 drivers
v000001e8114ba470_0 .net *"_ivl_17", 2 0, L_000001e8114cdf80;  1 drivers
v000001e8114b9390_0 .net *"_ivl_19", 2 0, L_000001e8114cdda0;  1 drivers
v000001e8114ba5b0_0 .net/s *"_ivl_20", 31 0, L_000001e8114cd120;  1 drivers
v000001e8114bad30_0 .net *"_ivl_23", 2 0, L_000001e8114cd080;  1 drivers
v000001e8114b9c50_0 .net/s *"_ivl_24", 31 0, L_000001e8114cca40;  1 drivers
v000001e8114b9750_0 .net/s *"_ivl_26", 31 0, L_000001e8114ccf40;  1 drivers
v000001e8114ba0b0_0 .net *"_ivl_29", 2 0, L_000001e8114cd6c0;  1 drivers
v000001e8114bac90_0 .net/s *"_ivl_3", 31 0, L_000001e8114ca600;  1 drivers
v000001e8114ba650_0 .net/s *"_ivl_30", 31 0, L_000001e8114ccae0;  1 drivers
v000001e8114ba6f0_0 .net/s *"_ivl_32", 31 0, L_000001e8114cde40;  1 drivers
o000001e8115a1f78 .functor BUFZ 87, C4<zzzzzzzzzzzzzzzzzzzzzzzzzzzzzzzzzzzzzzzzzzzzzzzzzzzzzzzzzzzzzzzzzzzzzzzzzzzzzzzzzzzzzzz>; HiZ drive
; Elide local net with no drivers, v000001e8114b9ed0_0 name=_ivl_40
v000001e8114badd0_0 .net *"_ivl_5", 2 0, L_000001e8114cace0;  1 drivers
v000001e8114b99d0_0 .net/s *"_ivl_9", 31 0, L_000001e8114cd580;  1 drivers
v000001e8114b92f0_0 .net/s "a_1", 31 0, L_000001e8114cd620;  1 drivers
v000001e8114ba8d0_0 .net/s "a_2", 31 0, L_000001e8114cdc60;  1 drivers
v000001e8114ba790_0 .net/s "a_3", 31 0, L_000001e8114ce020;  1 drivers
v000001e8114b97f0_0 .net/s "b", 31 0, L_000001e8114cd300;  1 drivers
v000001e8114b9f70_0 .net/s "out", 31 0, o000001e8115a1ca8;  0 drivers
v000001e8114bae70_0 .net/s "out_In", 95 0, L_000001e8116340a0;  1 drivers
v000001e8114ba970_0 .net/s "pre_activation", 31 0, L_000001e8114cdee0;  1 drivers
v000001e8114b91b0_0 .net/s "w_1", 31 0, L_000001e8114cd440;  1 drivers
v000001e8114ba3d0_0 .net/s "w_2", 31 0, L_000001e8114cdd00;  1 drivers
v000001e8114bb050_0 .net/s "w_3", 31 0, L_000001e8114ce0c0;  1 drivers
v000001e8114baab0_0 .net/s "y", 31 0, L_000001e8114973d0;  1 drivers
L_000001e8114ca600 .arith/mult 32, L_000001e8114cd620, L_000001e8114cd440;
L_000001e8114cace0 .part L_000001e8114ca600, 0, 3;
L_000001e8114cd580 .arith/mult 32, L_000001e8114cdc60, L_000001e8114cdd00;
L_000001e8114cd1c0 .part L_000001e8114cd580, 0, 3;
L_000001e8114cce00 .arith/mult 32, L_000001e8114ce020, L_000001e8114ce0c0;
L_000001e8114cdf80 .part L_000001e8114cce00, 0, 3;
L_000001e8114cdda0 .part L_000001e8116340a0, 0, 3;
L_000001e8114cd120 .extend/s 32, L_000001e8114cdda0;
L_000001e8114cd080 .part L_000001e8116340a0, 3, 3;
L_000001e8114cca40 .extend/s 32, L_000001e8114cd080;
L_000001e8114ccf40 .arith/sum 32, L_000001e8114cd120, L_000001e8114cca40;
L_000001e8114cd6c0 .part L_000001e8116340a0, 6, 3;
L_000001e8114ccae0 .extend/s 32, L_000001e8114cd6c0;
L_000001e8114cde40 .arith/sum 32, L_000001e8114ccf40, L_000001e8114ccae0;
L_000001e8114cdee0 .arith/sum 32, L_000001e8114cde40, L_000001e8114cd300;
L_000001e8116340a0 .concat [ 3 3 3 87], L_000001e8114cace0, L_000001e8114cd1c0, L_000001e8114cdf80, o000001e8115a1f78;
S_000001e8114b8dc0 .scope module, "activate_func" "tanh" 5 32, 4 4 0, S_000001e8114b74c0;
 .timescale 0 0;
    .port_info 0 /INPUT 32 "a";
    .port_info 1 /OUTPUT 32 "y";
P_000001e811487ee0 .param/l "WIDTH" 0 4 5, +C4<00000000000000000000000000100000>;
v000001e8114b9bb0_0 .net "a", 31 0, L_000001e8114cdee0;  alias, 1 drivers
v000001e8114baa10_0 .net "y", 31 0, o000001e8115a1ca8;  alias, 0 drivers
S_000001e8114b82d0 .scope generate, "genblk2[3]" "genblk2[3]" 2 52, 2 52 0, S_000001e8114a0730;
 .timescale 0 0;
P_000001e811487fa0 .param/l "j" 0 2 52, +C4<011>;
S_000001e8114b7fb0 .scope module, "NEURON_L3" "neuron_a" 2 53, 5 6 0, S_000001e8114b82d0;
 .timescale 0 0;
    .port_info 0 /INPUT 32 "a_1";
    .port_info 1 /INPUT 32 "a_2";
    .port_info 2 /INPUT 32 "a_3";
    .port_info 3 /INPUT 32 "w_1";
    .port_info 4 /INPUT 32 "w_2";
    .port_info 5 /INPUT 32 "w_3";
    .port_info 6 /INPUT 32 "b";
    .port_info 7 /OUTPUT 32 "y";
P_000001e811488de0 .param/l "WIDTH" 0 5 7, +C4<00000000000000000000000000100000>;
o000001e8115a2368 .functor BUFZ 32, C4<zzzzzzzzzzzzzzzzzzzzzzzzzzzzzzzz>; HiZ drive
L_000001e811497520 .functor BUFZ 32, o000001e8115a2368, C4<00000000000000000000000000000000>, C4<00000000000000000000000000000000>, C4<00000000000000000000000000000000>;
v000001e8114ba290_0 .net *"_ivl_11", 2 0, L_000001e8114cccc0;  1 drivers
v000001e8114b9570_0 .net/s *"_ivl_15", 31 0, L_000001e8114cd260;  1 drivers
v000001e8114b9610_0 .net *"_ivl_17", 2 0, L_000001e8114ccd60;  1 drivers
v000001e8114b9b10_0 .net *"_ivl_19", 2 0, L_000001e8114cd760;  1 drivers
v000001e8114be530_0 .net/s *"_ivl_20", 31 0, L_000001e8114ccea0;  1 drivers
v000001e8114bd450_0 .net *"_ivl_23", 2 0, L_000001e8114cd800;  1 drivers
v000001e8114be030_0 .net/s *"_ivl_24", 31 0, L_000001e8114ccfe0;  1 drivers
v000001e8114bd630_0 .net/s *"_ivl_26", 31 0, L_000001e8114cd8a0;  1 drivers
v000001e8114bd4f0_0 .net *"_ivl_29", 2 0, L_000001e8114cdb20;  1 drivers
v000001e8114bdbd0_0 .net/s *"_ivl_3", 31 0, L_000001e8114ccb80;  1 drivers
v000001e8114be3f0_0 .net/s *"_ivl_30", 31 0, L_000001e8114cd3a0;  1 drivers
v000001e8114bd950_0 .net/s *"_ivl_32", 31 0, L_000001e8114cdbc0;  1 drivers
o000001e8115a2638 .functor BUFZ 87, C4<zzzzzzzzzzzzzzzzzzzzzzzzzzzzzzzzzzzzzzzzzzzzzzzzzzzzzzzzzzzzzzzzzzzzzzzzzzzzzzzzzzzzzzz>; HiZ drive
; Elide local net with no drivers, v000001e8114bdc70_0 name=_ivl_40
v000001e8114be5d0_0 .net *"_ivl_5", 2 0, L_000001e8114ccc20;  1 drivers
v000001e8114beb70_0 .net/s *"_ivl_9", 31 0, L_000001e8114cd4e0;  1 drivers
v000001e8114be490_0 .net/s "a_1", 31 0, L_000001e8114cd9e0;  1 drivers
v000001e8114be350_0 .net/s "a_2", 31 0, L_000001e8114cda80;  1 drivers
v000001e8114bda90_0 .net/s "a_3", 31 0, L_000001e8115d5690;  1 drivers
v000001e8114be710_0 .net/s "b", 31 0, L_000001e8115d4790;  1 drivers
v000001e8114bead0_0 .net/s "out", 31 0, o000001e8115a2368;  0 drivers
v000001e8114bdd10_0 .net/s "out_In", 95 0, L_000001e8116334c0;  1 drivers
v000001e8114be210_0 .net/s "pre_activation", 31 0, L_000001e8114cd940;  1 drivers
v000001e8114bd590_0 .net/s "w_1", 31 0, L_000001e8115d54b0;  1 drivers
v000001e8114be0d0_0 .net/s "w_2", 31 0, L_000001e8115d3390;  1 drivers
v000001e8114bd6d0_0 .net/s "w_3", 31 0, L_000001e8115d4290;  1 drivers
v000001e8114bd770_0 .net/s "y", 31 0, L_000001e811497520;  1 drivers
L_000001e8114ccb80 .arith/mult 32, L_000001e8114cd9e0, L_000001e8115d54b0;
L_000001e8114ccc20 .part L_000001e8114ccb80, 0, 3;
L_000001e8114cd4e0 .arith/mult 32, L_000001e8114cda80, L_000001e8115d3390;
L_000001e8114cccc0 .part L_000001e8114cd4e0, 0, 3;
L_000001e8114cd260 .arith/mult 32, L_000001e8115d5690, L_000001e8115d4290;
L_000001e8114ccd60 .part L_000001e8114cd260, 0, 3;
L_000001e8114cd760 .part L_000001e8116334c0, 0, 3;
L_000001e8114ccea0 .extend/s 32, L_000001e8114cd760;
L_000001e8114cd800 .part L_000001e8116334c0, 3, 3;
L_000001e8114ccfe0 .extend/s 32, L_000001e8114cd800;
L_000001e8114cd8a0 .arith/sum 32, L_000001e8114ccea0, L_000001e8114ccfe0;
L_000001e8114cdb20 .part L_000001e8116334c0, 6, 3;
L_000001e8114cd3a0 .extend/s 32, L_000001e8114cdb20;
L_000001e8114cdbc0 .arith/sum 32, L_000001e8114cd8a0, L_000001e8114cd3a0;
L_000001e8114cd940 .arith/sum 32, L_000001e8114cdbc0, L_000001e8115d4790;
L_000001e8116334c0 .concat [ 3 3 3 87], L_000001e8114ccc20, L_000001e8114cccc0, L_000001e8114ccd60, o000001e8115a2638;
S_000001e8114b8780 .scope module, "activate_func" "tanh" 5 32, 4 4 0, S_000001e8114b7fb0;
 .timescale 0 0;
    .port_info 0 /INPUT 32 "a";
    .port_info 1 /OUTPUT 32 "y";
P_000001e811488f60 .param/l "WIDTH" 0 4 5, +C4<00000000000000000000000000100000>;
v000001e8114ba1f0_0 .net "a", 31 0, L_000001e8114cd940;  alias, 1 drivers
v000001e8114b9430_0 .net "y", 31 0, o000001e8115a2368;  alias, 0 drivers
S_000001e8114b71a0 .scope generate, "genblk2[4]" "genblk2[4]" 2 52, 2 52 0, S_000001e8114a0730;
 .timescale 0 0;
P_000001e811488960 .param/l "j" 0 2 52, +C4<0100>;
S_000001e8114b8140 .scope module, "NEURON_L3" "neuron_a" 2 53, 5 6 0, S_000001e8114b71a0;
 .timescale 0 0;
    .port_info 0 /INPUT 32 "a_1";
    .port_info 1 /INPUT 32 "a_2";
    .port_info 2 /INPUT 32 "a_3";
    .port_info 3 /INPUT 32 "w_1";
    .port_info 4 /INPUT 32 "w_2";
    .port_info 5 /INPUT 32 "w_3";
    .port_info 6 /INPUT 32 "b";
    .port_info 7 /OUTPUT 32 "y";
P_000001e811489360 .param/l "WIDTH" 0 5 7, +C4<00000000000000000000000000100000>;
o000001e8115a2a28 .functor BUFZ 32, C4<zzzzzzzzzzzzzzzzzzzzzzzzzzzzzzzz>; HiZ drive
L_000001e811497360 .functor BUFZ 32, o000001e8115a2a28, C4<00000000000000000000000000000000>, C4<00000000000000000000000000000000>, C4<00000000000000000000000000000000>;
v000001e8114be2b0_0 .net *"_ivl_11", 2 0, L_000001e8115d3cf0;  1 drivers
v000001e8114be670_0 .net/s *"_ivl_15", 31 0, L_000001e8115d43d0;  1 drivers
v000001e8114bd9f0_0 .net *"_ivl_17", 2 0, L_000001e8115d4470;  1 drivers
v000001e8114bd8b0_0 .net *"_ivl_19", 2 0, L_000001e8115d5230;  1 drivers
v000001e8114bd270_0 .net/s *"_ivl_20", 31 0, L_000001e8115d4510;  1 drivers
v000001e8114bdb30_0 .net *"_ivl_23", 2 0, L_000001e8115d3bb0;  1 drivers
v000001e8114bd810_0 .net/s *"_ivl_24", 31 0, L_000001e8115d34d0;  1 drivers
v000001e8114bedf0_0 .net/s *"_ivl_26", 31 0, L_000001e8115d5050;  1 drivers
v000001e8114becb0_0 .net *"_ivl_29", 2 0, L_000001e8115d3610;  1 drivers
v000001e8114bde50_0 .net/s *"_ivl_3", 31 0, L_000001e8115d5730;  1 drivers
v000001e8114bed50_0 .net/s *"_ivl_30", 31 0, L_000001e8115d5870;  1 drivers
v000001e8114bdef0_0 .net/s *"_ivl_32", 31 0, L_000001e8115d3110;  1 drivers
o000001e8115a2cf8 .functor BUFZ 87, C4<zzzzzzzzzzzzzzzzzzzzzzzzzzzzzzzzzzzzzzzzzzzzzzzzzzzzzzzzzzzzzzzzzzzzzzzzzzzzzzzzzzzzzzz>; HiZ drive
; Elide local net with no drivers, v000001e8114bdf90_0 name=_ivl_40
v000001e8114be7b0_0 .net *"_ivl_5", 2 0, L_000001e8115d4330;  1 drivers
v000001e8114bec10_0 .net/s *"_ivl_9", 31 0, L_000001e8115d3b10;  1 drivers
v000001e8114be850_0 .net/s "a_1", 31 0, L_000001e8115d4f10;  1 drivers
v000001e8114bee90_0 .net/s "a_2", 31 0, L_000001e8115d5410;  1 drivers
v000001e8114be8f0_0 .net/s "a_3", 31 0, L_000001e8115d50f0;  1 drivers
v000001e8114be990_0 .net/s "b", 31 0, L_000001e8115d3e30;  1 drivers
v000001e8114bea30_0 .net/s "out", 31 0, o000001e8115a2a28;  0 drivers
v000001e8114bef30_0 .net/s "out_In", 95 0, L_000001e811633b00;  1 drivers
v000001e8114befd0_0 .net/s "pre_activation", 31 0, L_000001e8115d3250;  1 drivers
v000001e8114bf070_0 .net/s "w_1", 31 0, L_000001e8115d3c50;  1 drivers
v000001e8114bd1d0_0 .net/s "w_2", 31 0, L_000001e8115d4fb0;  1 drivers
v000001e8114bd310_0 .net/s "w_3", 31 0, L_000001e8115d5190;  1 drivers
v000001e8114bd3b0_0 .net/s "y", 31 0, L_000001e811497360;  1 drivers
L_000001e8115d5730 .arith/mult 32, L_000001e8115d4f10, L_000001e8115d3c50;
L_000001e8115d4330 .part L_000001e8115d5730, 0, 3;
L_000001e8115d3b10 .arith/mult 32, L_000001e8115d5410, L_000001e8115d4fb0;
L_000001e8115d3cf0 .part L_000001e8115d3b10, 0, 3;
L_000001e8115d43d0 .arith/mult 32, L_000001e8115d50f0, L_000001e8115d5190;
L_000001e8115d4470 .part L_000001e8115d43d0, 0, 3;
L_000001e8115d5230 .part L_000001e811633b00, 0, 3;
L_000001e8115d4510 .extend/s 32, L_000001e8115d5230;
L_000001e8115d3bb0 .part L_000001e811633b00, 3, 3;
L_000001e8115d34d0 .extend/s 32, L_000001e8115d3bb0;
L_000001e8115d5050 .arith/sum 32, L_000001e8115d4510, L_000001e8115d34d0;
L_000001e8115d3610 .part L_000001e811633b00, 6, 3;
L_000001e8115d5870 .extend/s 32, L_000001e8115d3610;
L_000001e8115d3110 .arith/sum 32, L_000001e8115d5050, L_000001e8115d5870;
L_000001e8115d3250 .arith/sum 32, L_000001e8115d3110, L_000001e8115d3e30;
L_000001e811633b00 .concat [ 3 3 3 87], L_000001e8115d4330, L_000001e8115d3cf0, L_000001e8115d4470, o000001e8115a2cf8;
S_000001e8114b7330 .scope module, "activate_func" "tanh" 5 32, 4 4 0, S_000001e8114b8140;
 .timescale 0 0;
    .port_info 0 /INPUT 32 "a";
    .port_info 1 /OUTPUT 32 "y";
P_000001e811488ae0 .param/l "WIDTH" 0 4 5, +C4<00000000000000000000000000100000>;
v000001e8114bddb0_0 .net "a", 31 0, L_000001e8115d3250;  alias, 1 drivers
v000001e8114be170_0 .net "y", 31 0, o000001e8115a2a28;  alias, 0 drivers
S_000001e8114b8aa0 .scope generate, "genblk2[5]" "genblk2[5]" 2 52, 2 52 0, S_000001e8114a0730;
 .timescale 0 0;
P_000001e8114893a0 .param/l "j" 0 2 52, +C4<0101>;
S_000001e8114b77e0 .scope module, "NEURON_L3" "neuron_a" 2 53, 5 6 0, S_000001e8114b8aa0;
 .timescale 0 0;
    .port_info 0 /INPUT 32 "a_1";
    .port_info 1 /INPUT 32 "a_2";
    .port_info 2 /INPUT 32 "a_3";
    .port_info 3 /INPUT 32 "w_1";
    .port_info 4 /INPUT 32 "w_2";
    .port_info 5 /INPUT 32 "w_3";
    .port_info 6 /INPUT 32 "b";
    .port_info 7 /OUTPUT 32 "y";
P_000001e811489020 .param/l "WIDTH" 0 5 7, +C4<00000000000000000000000000100000>;
o000001e8115a30e8 .functor BUFZ 32, C4<zzzzzzzzzzzzzzzzzzzzzzzzzzzzzzzz>; HiZ drive
L_000001e811497590 .functor BUFZ 32, o000001e8115a30e8, C4<00000000000000000000000000000000>, C4<00000000000000000000000000000000>, C4<00000000000000000000000000000000>;
v000001e8114c05e0_0 .net *"_ivl_11", 2 0, L_000001e8115d4dd0;  1 drivers
v000001e8114c09a0_0 .net/s *"_ivl_15", 31 0, L_000001e8115d36b0;  1 drivers
v000001e8114c0f40_0 .net *"_ivl_17", 2 0, L_000001e8115d31b0;  1 drivers
v000001e8114bff00_0 .net *"_ivl_19", 2 0, L_000001e8115d3ed0;  1 drivers
v000001e8114bf5a0_0 .net/s *"_ivl_20", 31 0, L_000001e8115d4970;  1 drivers
v000001e8114c0680_0 .net *"_ivl_23", 2 0, L_000001e8115d3890;  1 drivers
v000001e8114c0900_0 .net/s *"_ivl_24", 31 0, L_000001e8115d3d90;  1 drivers
v000001e8114bfd20_0 .net/s *"_ivl_26", 31 0, L_000001e8115d3750;  1 drivers
v000001e8114c0720_0 .net *"_ivl_29", 2 0, L_000001e8115d5370;  1 drivers
v000001e8114c07c0_0 .net/s *"_ivl_3", 31 0, L_000001e8115d57d0;  1 drivers
v000001e8114c0540_0 .net/s *"_ivl_30", 31 0, L_000001e8115d45b0;  1 drivers
v000001e8114bfa00_0 .net/s *"_ivl_32", 31 0, L_000001e8115d4650;  1 drivers
o000001e8115a33b8 .functor BUFZ 87, C4<zzzzzzzzzzzzzzzzzzzzzzzzzzzzzzzzzzzzzzzzzzzzzzzzzzzzzzzzzzzzzzzzzzzzzzzzzzzzzzzzzzzzzzz>; HiZ drive
; Elide local net with no drivers, v000001e8114c1080_0 name=_ivl_40
v000001e8114c0360_0 .net *"_ivl_5", 2 0, L_000001e8115d52d0;  1 drivers
v000001e8114c0860_0 .net/s *"_ivl_9", 31 0, L_000001e8115d3f70;  1 drivers
v000001e8114c0b80_0 .net/s "a_1", 31 0, L_000001e8115d32f0;  1 drivers
v000001e8114c0040_0 .net/s "a_2", 31 0, L_000001e8115d5550;  1 drivers
v000001e8114c0a40_0 .net/s "a_3", 31 0, L_000001e8115d4e70;  1 drivers
v000001e8114c0ae0_0 .net/s "b", 31 0, L_000001e8115d37f0;  1 drivers
v000001e8114bf8c0_0 .net/s "out", 31 0, o000001e8115a30e8;  0 drivers
v000001e8114bf6e0_0 .net/s "out_In", 95 0, L_000001e8116336a0;  1 drivers
v000001e8114c0e00_0 .net/s "pre_activation", 31 0, L_000001e8115d4b50;  1 drivers
v000001e8114c0cc0_0 .net/s "w_1", 31 0, L_000001e8115d4bf0;  1 drivers
v000001e8114bfe60_0 .net/s "w_2", 31 0, L_000001e8115d55f0;  1 drivers
v000001e8114c0c20_0 .net/s "w_3", 31 0, L_000001e8115d46f0;  1 drivers
v000001e8114bf780_0 .net/s "y", 31 0, L_000001e811497590;  1 drivers
L_000001e8115d57d0 .arith/mult 32, L_000001e8115d32f0, L_000001e8115d4bf0;
L_000001e8115d52d0 .part L_000001e8115d57d0, 0, 3;
L_000001e8115d3f70 .arith/mult 32, L_000001e8115d5550, L_000001e8115d55f0;
L_000001e8115d4dd0 .part L_000001e8115d3f70, 0, 3;
L_000001e8115d36b0 .arith/mult 32, L_000001e8115d4e70, L_000001e8115d46f0;
L_000001e8115d31b0 .part L_000001e8115d36b0, 0, 3;
L_000001e8115d3ed0 .part L_000001e8116336a0, 0, 3;
L_000001e8115d4970 .extend/s 32, L_000001e8115d3ed0;
L_000001e8115d3890 .part L_000001e8116336a0, 3, 3;
L_000001e8115d3d90 .extend/s 32, L_000001e8115d3890;
L_000001e8115d3750 .arith/sum 32, L_000001e8115d4970, L_000001e8115d3d90;
L_000001e8115d5370 .part L_000001e8116336a0, 6, 3;
L_000001e8115d45b0 .extend/s 32, L_000001e8115d5370;
L_000001e8115d4650 .arith/sum 32, L_000001e8115d3750, L_000001e8115d45b0;
L_000001e8115d4b50 .arith/sum 32, L_000001e8115d4650, L_000001e8115d37f0;
L_000001e8116336a0 .concat [ 3 3 3 87], L_000001e8115d52d0, L_000001e8115d4dd0, L_000001e8115d31b0, o000001e8115a33b8;
S_000001e8114b8460 .scope module, "activate_func" "tanh" 5 32, 4 4 0, S_000001e8114b77e0;
 .timescale 0 0;
    .port_info 0 /INPUT 32 "a";
    .port_info 1 /OUTPUT 32 "y";
P_000001e811488a60 .param/l "WIDTH" 0 4 5, +C4<00000000000000000000000000100000>;
v000001e8114bffa0_0 .net "a", 31 0, L_000001e8115d4b50;  alias, 1 drivers
v000001e8114bfdc0_0 .net "y", 31 0, o000001e8115a30e8;  alias, 0 drivers
S_000001e8114b7970 .scope generate, "genblk2[6]" "genblk2[6]" 2 52, 2 52 0, S_000001e8114a0730;
 .timescale 0 0;
P_000001e8114892e0 .param/l "j" 0 2 52, +C4<0110>;
S_000001e8114b7b00 .scope module, "NEURON_L3" "neuron_a" 2 53, 5 6 0, S_000001e8114b7970;
 .timescale 0 0;
    .port_info 0 /INPUT 32 "a_1";
    .port_info 1 /INPUT 32 "a_2";
    .port_info 2 /INPUT 32 "a_3";
    .port_info 3 /INPUT 32 "w_1";
    .port_info 4 /INPUT 32 "w_2";
    .port_info 5 /INPUT 32 "w_3";
    .port_info 6 /INPUT 32 "b";
    .port_info 7 /OUTPUT 32 "y";
P_000001e8114889e0 .param/l "WIDTH" 0 5 7, +C4<00000000000000000000000000100000>;
o000001e8115a37a8 .functor BUFZ 32, C4<zzzzzzzzzzzzzzzzzzzzzzzzzzzzzzzz>; HiZ drive
L_000001e8114977c0 .functor BUFZ 32, o000001e8115a37a8, C4<00000000000000000000000000000000>, C4<00000000000000000000000000000000>, C4<00000000000000000000000000000000>;
v000001e8114c0400_0 .net *"_ivl_11", 2 0, L_000001e8115d39d0;  1 drivers
v000001e8114bfbe0_0 .net/s *"_ivl_15", 31 0, L_000001e8115d3930;  1 drivers
v000001e8114c0d60_0 .net *"_ivl_17", 2 0, L_000001e8115d4830;  1 drivers
v000001e8114c04a0_0 .net *"_ivl_19", 2 0, L_000001e8115d3a70;  1 drivers
v000001e8114bfc80_0 .net/s *"_ivl_20", 31 0, L_000001e8115d48d0;  1 drivers
v000001e8114c00e0_0 .net *"_ivl_23", 2 0, L_000001e8115d4a10;  1 drivers
v000001e8114c0ea0_0 .net/s *"_ivl_24", 31 0, L_000001e8115d4010;  1 drivers
v000001e8114bf960_0 .net/s *"_ivl_26", 31 0, L_000001e8115d40b0;  1 drivers
v000001e8114c0fe0_0 .net *"_ivl_29", 2 0, L_000001e8115d4150;  1 drivers
v000001e8114bf1e0_0 .net/s *"_ivl_3", 31 0, L_000001e8115d4d30;  1 drivers
v000001e8114c0180_0 .net/s *"_ivl_30", 31 0, L_000001e8115d4ab0;  1 drivers
v000001e8114bf280_0 .net/s *"_ivl_32", 31 0, L_000001e8115d41f0;  1 drivers
o000001e8115a3a78 .functor BUFZ 87, C4<zzzzzzzzzzzzzzzzzzzzzzzzzzzzzzzzzzzzzzzzzzzzzzzzzzzzzzzzzzzzzzzzzzzzzzzzzzzzzzzzzzzzzzz>; HiZ drive
; Elide local net with no drivers, v000001e8114bf320_0 name=_ivl_40
v000001e8114bf3c0_0 .net *"_ivl_5", 2 0, L_000001e8115d3430;  1 drivers
v000001e8114bf460_0 .net/s *"_ivl_9", 31 0, L_000001e8115d3570;  1 drivers
v000001e8114c0220_0 .net/s "a_1", 31 0, L_000001e8115d5a50;  1 drivers
v000001e8114bf500_0 .net/s "a_2", 31 0, L_000001e8115d61d0;  1 drivers
v000001e8114bf640_0 .net/s "a_3", 31 0, L_000001e8115d5d70;  1 drivers
v000001e8114bfaa0_0 .net/s "b", 31 0, L_000001e8115d5e10;  1 drivers
v000001e8114c02c0_0 .net/s "out", 31 0, o000001e8115a37a8;  0 drivers
v000001e8114c6b60_0 .net/s "out_In", 95 0, L_000001e8116345a0;  1 drivers
v000001e8114c7740_0 .net/s "pre_activation", 31 0, L_000001e8115d4c90;  1 drivers
L_000001e8115d90d8 .functor BUFT 1, C4<xxxxxxxxxxxxxxxxxxxxxxxxxxxxxxxx>, C4<0>, C4<0>, C4<0>;
v000001e8114c7a60_0 .net/s "w_1", 31 0, L_000001e8115d90d8;  1 drivers
L_000001e8115d9120 .functor BUFT 1, C4<xxxxxxxxxxxxxxxxxxxxxxxxxxxxxxxx>, C4<0>, C4<0>, C4<0>;
v000001e8114c6e80_0 .net/s "w_2", 31 0, L_000001e8115d9120;  1 drivers
L_000001e8115d9168 .functor BUFT 1, C4<xxxxxxxxxxxxxxxxxxxxxxxxxxxxxxxx>, C4<0>, C4<0>, C4<0>;
v000001e8114c7ec0_0 .net/s "w_3", 31 0, L_000001e8115d9168;  1 drivers
v000001e8114c71a0_0 .net/s "y", 31 0, L_000001e8114977c0;  1 drivers
L_000001e8115d4d30 .arith/mult 32, L_000001e8115d5a50, L_000001e8115d90d8;
L_000001e8115d3430 .part L_000001e8115d4d30, 0, 3;
L_000001e8115d3570 .arith/mult 32, L_000001e8115d61d0, L_000001e8115d9120;
L_000001e8115d39d0 .part L_000001e8115d3570, 0, 3;
L_000001e8115d3930 .arith/mult 32, L_000001e8115d5d70, L_000001e8115d9168;
L_000001e8115d4830 .part L_000001e8115d3930, 0, 3;
L_000001e8115d3a70 .part L_000001e8116345a0, 0, 3;
L_000001e8115d48d0 .extend/s 32, L_000001e8115d3a70;
L_000001e8115d4a10 .part L_000001e8116345a0, 3, 3;
L_000001e8115d4010 .extend/s 32, L_000001e8115d4a10;
L_000001e8115d40b0 .arith/sum 32, L_000001e8115d48d0, L_000001e8115d4010;
L_000001e8115d4150 .part L_000001e8116345a0, 6, 3;
L_000001e8115d4ab0 .extend/s 32, L_000001e8115d4150;
L_000001e8115d41f0 .arith/sum 32, L_000001e8115d40b0, L_000001e8115d4ab0;
L_000001e8115d4c90 .arith/sum 32, L_000001e8115d41f0, L_000001e8115d5e10;
L_000001e8116345a0 .concat [ 3 3 3 87], L_000001e8115d3430, L_000001e8115d39d0, L_000001e8115d4830, o000001e8115a3a78;
S_000001e8114c2960 .scope module, "activate_func" "tanh" 5 32, 4 4 0, S_000001e8114b7b00;
 .timescale 0 0;
    .port_info 0 /INPUT 32 "a";
    .port_info 1 /OUTPUT 32 "y";
P_000001e811489260 .param/l "WIDTH" 0 4 5, +C4<00000000000000000000000000100000>;
v000001e8114bf820_0 .net "a", 31 0, L_000001e8115d4c90;  alias, 1 drivers
v000001e8114bfb40_0 .net "y", 31 0, o000001e8115a37a8;  alias, 0 drivers
S_000001e8114c2320 .scope generate, "genblk2[7]" "genblk2[7]" 2 52, 2 52 0, S_000001e8114a0730;
 .timescale 0 0;
P_000001e8114889a0 .param/l "j" 0 2 52, +C4<0111>;
S_000001e8114c19c0 .scope module, "NEURON_L3" "neuron_a" 2 53, 5 6 0, S_000001e8114c2320;
 .timescale 0 0;
    .port_info 0 /INPUT 32 "a_1";
    .port_info 1 /INPUT 32 "a_2";
    .port_info 2 /INPUT 32 "a_3";
    .port_info 3 /INPUT 32 "w_1";
    .port_info 4 /INPUT 32 "w_2";
    .port_info 5 /INPUT 32 "w_3";
    .port_info 6 /INPUT 32 "b";
    .port_info 7 /OUTPUT 32 "y";
P_000001e811488720 .param/l "WIDTH" 0 5 7, +C4<00000000000000000000000000100000>;
o000001e8115a3e68 .functor BUFZ 32, C4<zzzzzzzzzzzzzzzzzzzzzzzzzzzzzzzz>; HiZ drive
L_000001e8114978a0 .functor BUFZ 32, o000001e8115a3e68, C4<00000000000000000000000000000000>, C4<00000000000000000000000000000000>, C4<00000000000000000000000000000000>;
v000001e8114c7f60_0 .net *"_ivl_11", 2 0, L_000001e8115d6270;  1 drivers
v000001e8114c7240_0 .net/s *"_ivl_15", 31 0, L_000001e8115d6ef0;  1 drivers
v000001e8114c6de0_0 .net *"_ivl_17", 2 0, L_000001e8115d5eb0;  1 drivers
v000001e8114c79c0_0 .net *"_ivl_19", 2 0, L_000001e8115d6310;  1 drivers
v000001e8114c74c0_0 .net/s *"_ivl_20", 31 0, L_000001e8115d63b0;  1 drivers
v000001e8114c7ce0_0 .net *"_ivl_23", 2 0, L_000001e8115d6450;  1 drivers
v000001e8114c72e0_0 .net/s *"_ivl_24", 31 0, L_000001e8115d6d10;  1 drivers
v000001e8114c7060_0 .net/s *"_ivl_26", 31 0, L_000001e8115d64f0;  1 drivers
v000001e8114c7380_0 .net *"_ivl_29", 2 0, L_000001e8115d6a90;  1 drivers
v000001e8114c7600_0 .net/s *"_ivl_3", 31 0, L_000001e8115d6b30;  1 drivers
v000001e8114c7c40_0 .net/s *"_ivl_30", 31 0, L_000001e8115d6630;  1 drivers
v000001e8114c7d80_0 .net/s *"_ivl_32", 31 0, L_000001e8115d6db0;  1 drivers
o000001e8115a4138 .functor BUFZ 87, C4<zzzzzzzzzzzzzzzzzzzzzzzzzzzzzzzzzzzzzzzzzzzzzzzzzzzzzzzzzzzzzzzzzzzzzzzzzzzzzzzzzzzzzzz>; HiZ drive
; Elide local net with no drivers, v000001e8114c6c00_0 name=_ivl_40
v000001e8114c7420_0 .net *"_ivl_5", 2 0, L_000001e8115d6590;  1 drivers
v000001e8114c6f20_0 .net/s *"_ivl_9", 31 0, L_000001e8115d6f90;  1 drivers
v000001e8114c6a20_0 .net/s "a_1", 31 0, L_000001e8115d6e50;  1 drivers
v000001e8114c7880_0 .net/s "a_2", 31 0, L_000001e8115d66d0;  1 drivers
v000001e8114c7920_0 .net/s "a_3", 31 0, L_000001e8115d5ff0;  1 drivers
v000001e8114c7b00_0 .net/s "b", 31 0, L_000001e8115d6090;  1 drivers
v000001e8114c6ac0_0 .net/s "out", 31 0, o000001e8115a3e68;  0 drivers
v000001e8114c7ba0_0 .net/s "out_In", 95 0, L_000001e811633740;  1 drivers
v000001e8114c6ca0_0 .net/s "pre_activation", 31 0, L_000001e8115d5c30;  1 drivers
L_000001e8115d91b0 .functor BUFT 1, C4<xxxxxxxxxxxxxxxxxxxxxxxxxxxxxxxx>, C4<0>, C4<0>, C4<0>;
v000001e8114c7560_0 .net/s "w_1", 31 0, L_000001e8115d91b0;  1 drivers
L_000001e8115d91f8 .functor BUFT 1, C4<xxxxxxxxxxxxxxxxxxxxxxxxxxxxxxxx>, C4<0>, C4<0>, C4<0>;
v000001e8114c6fc0_0 .net/s "w_2", 31 0, L_000001e8115d91f8;  1 drivers
L_000001e8115d9240 .functor BUFT 1, C4<xxxxxxxxxxxxxxxxxxxxxxxxxxxxxxxx>, C4<0>, C4<0>, C4<0>;
v000001e8114c7100_0 .net/s "w_3", 31 0, L_000001e8115d9240;  1 drivers
v000001e8114c7e20_0 .net/s "y", 31 0, L_000001e8114978a0;  1 drivers
L_000001e8115d6b30 .arith/mult 32, L_000001e8115d6e50, L_000001e8115d91b0;
L_000001e8115d6590 .part L_000001e8115d6b30, 0, 3;
L_000001e8115d6f90 .arith/mult 32, L_000001e8115d66d0, L_000001e8115d91f8;
L_000001e8115d6270 .part L_000001e8115d6f90, 0, 3;
L_000001e8115d6ef0 .arith/mult 32, L_000001e8115d5ff0, L_000001e8115d9240;
L_000001e8115d5eb0 .part L_000001e8115d6ef0, 0, 3;
L_000001e8115d6310 .part L_000001e811633740, 0, 3;
L_000001e8115d63b0 .extend/s 32, L_000001e8115d6310;
L_000001e8115d6450 .part L_000001e811633740, 3, 3;
L_000001e8115d6d10 .extend/s 32, L_000001e8115d6450;
L_000001e8115d64f0 .arith/sum 32, L_000001e8115d63b0, L_000001e8115d6d10;
L_000001e8115d6a90 .part L_000001e811633740, 6, 3;
L_000001e8115d6630 .extend/s 32, L_000001e8115d6a90;
L_000001e8115d6db0 .arith/sum 32, L_000001e8115d64f0, L_000001e8115d6630;
L_000001e8115d5c30 .arith/sum 32, L_000001e8115d6db0, L_000001e8115d6090;
L_000001e811633740 .concat [ 3 3 3 87], L_000001e8115d6590, L_000001e8115d6270, L_000001e8115d5eb0, o000001e8115a4138;
S_000001e8114c1b50 .scope module, "activate_func" "tanh" 5 32, 4 4 0, S_000001e8114c19c0;
 .timescale 0 0;
    .port_info 0 /INPUT 32 "a";
    .port_info 1 /OUTPUT 32 "y";
P_000001e811489320 .param/l "WIDTH" 0 4 5, +C4<00000000000000000000000000100000>;
v000001e8114c77e0_0 .net "a", 31 0, L_000001e8115d5c30;  alias, 1 drivers
v000001e8114c76a0_0 .net "y", 31 0, o000001e8115a3e68;  alias, 0 drivers
S_000001e8114c2af0 .scope generate, "genblk2[8]" "genblk2[8]" 2 52, 2 52 0, S_000001e8114a0730;
 .timescale 0 0;
P_000001e811489160 .param/l "j" 0 2 52, +C4<01000>;
S_000001e8114c2fa0 .scope module, "NEURON_L3" "neuron_a" 2 53, 5 6 0, S_000001e8114c2af0;
 .timescale 0 0;
    .port_info 0 /INPUT 32 "a_1";
    .port_info 1 /INPUT 32 "a_2";
    .port_info 2 /INPUT 32 "a_3";
    .port_info 3 /INPUT 32 "w_1";
    .port_info 4 /INPUT 32 "w_2";
    .port_info 5 /INPUT 32 "w_3";
    .port_info 6 /INPUT 32 "b";
    .port_info 7 /OUTPUT 32 "y";
P_000001e811488fe0 .param/l "WIDTH" 0 5 7, +C4<00000000000000000000000000100000>;
o000001e8115a4528 .functor BUFZ 32, C4<zzzzzzzzzzzzzzzzzzzzzzzzzzzzzzzz>; HiZ drive
L_000001e811497de0 .functor BUFZ 32, o000001e8115a4528, C4<00000000000000000000000000000000>, C4<00000000000000000000000000000000>, C4<00000000000000000000000000000000>;
v000001e8114c80a0_0 .net *"_ivl_11", 2 0, L_000001e8115d6810;  1 drivers
v000001e8114c47c0_0 .net/s *"_ivl_15", 31 0, L_000001e8115d5cd0;  1 drivers
v000001e8114c5580_0 .net *"_ivl_17", 2 0, L_000001e8115d6950;  1 drivers
v000001e8114c63e0_0 .net *"_ivl_19", 2 0, L_000001e8115d6bd0;  1 drivers
v000001e8114c5b20_0 .net/s *"_ivl_20", 31 0, L_000001e8115d69f0;  1 drivers
v000001e8114c60c0_0 .net *"_ivl_23", 2 0, L_000001e8115d5910;  1 drivers
v000001e8114c5620_0 .net/s *"_ivl_24", 31 0, L_000001e8115d59b0;  1 drivers
v000001e8114c5260_0 .net/s *"_ivl_26", 31 0, L_000001e8115d5f50;  1 drivers
v000001e8114c58a0_0 .net *"_ivl_29", 2 0, L_000001e8115d6130;  1 drivers
v000001e8114c5f80_0 .net/s *"_ivl_3", 31 0, L_000001e8115d6c70;  1 drivers
v000001e8114c5bc0_0 .net/s *"_ivl_30", 31 0, L_000001e8115d5af0;  1 drivers
v000001e8114c4900_0 .net/s *"_ivl_32", 31 0, L_000001e8115d5b90;  1 drivers
o000001e8115a47f8 .functor BUFZ 87, C4<zzzzzzzzzzzzzzzzzzzzzzzzzzzzzzzzzzzzzzzzzzzzzzzzzzzzzzzzzzzzzzzzzzzzzzzzzzzzzzzzzzzzzzz>; HiZ drive
; Elide local net with no drivers, v000001e8114c5080_0 name=_ivl_40
v000001e8114c62a0_0 .net *"_ivl_5", 2 0, L_000001e8115d6770;  1 drivers
v000001e8114c6020_0 .net/s *"_ivl_9", 31 0, L_000001e8115d68b0;  1 drivers
v000001e8114c4d60_0 .net/s "a_1", 31 0, L_000001e811633560;  1 drivers
v000001e8114c6700_0 .net/s "a_2", 31 0, L_000001e811632160;  1 drivers
v000001e8114c5e40_0 .net/s "a_3", 31 0, L_000001e811632340;  1 drivers
v000001e8114c4b80_0 .net/s "b", 31 0, L_000001e811632c00;  1 drivers
v000001e8114c6160_0 .net/s "out", 31 0, o000001e8115a4528;  0 drivers
v000001e8114c4540_0 .net/s "out_In", 95 0, L_000001e811634460;  1 drivers
v000001e8114c42c0_0 .net/s "pre_activation", 31 0, L_000001e8116322a0;  1 drivers
L_000001e8115d9288 .functor BUFT 1, C4<xxxxxxxxxxxxxxxxxxxxxxxxxxxxxxxx>, C4<0>, C4<0>, C4<0>;
v000001e8114c68e0_0 .net/s "w_1", 31 0, L_000001e8115d9288;  1 drivers
L_000001e8115d92d0 .functor BUFT 1, C4<xxxxxxxxxxxxxxxxxxxxxxxxxxxxxxxx>, C4<0>, C4<0>, C4<0>;
v000001e8114c6980_0 .net/s "w_2", 31 0, L_000001e8115d92d0;  1 drivers
L_000001e8115d9318 .functor BUFT 1, C4<xxxxxxxxxxxxxxxxxxxxxxxxxxxxxxxx>, C4<0>, C4<0>, C4<0>;
v000001e8114c5940_0 .net/s "w_3", 31 0, L_000001e8115d9318;  1 drivers
v000001e8114c6520_0 .net/s "y", 31 0, L_000001e811497de0;  1 drivers
L_000001e8115d6c70 .arith/mult 32, L_000001e811633560, L_000001e8115d9288;
L_000001e8115d6770 .part L_000001e8115d6c70, 0, 3;
L_000001e8115d68b0 .arith/mult 32, L_000001e811632160, L_000001e8115d92d0;
L_000001e8115d6810 .part L_000001e8115d68b0, 0, 3;
L_000001e8115d5cd0 .arith/mult 32, L_000001e811632340, L_000001e8115d9318;
L_000001e8115d6950 .part L_000001e8115d5cd0, 0, 3;
L_000001e8115d6bd0 .part L_000001e811634460, 0, 3;
L_000001e8115d69f0 .extend/s 32, L_000001e8115d6bd0;
L_000001e8115d5910 .part L_000001e811634460, 3, 3;
L_000001e8115d59b0 .extend/s 32, L_000001e8115d5910;
L_000001e8115d5f50 .arith/sum 32, L_000001e8115d69f0, L_000001e8115d59b0;
L_000001e8115d6130 .part L_000001e811634460, 6, 3;
L_000001e8115d5af0 .extend/s 32, L_000001e8115d6130;
L_000001e8115d5b90 .arith/sum 32, L_000001e8115d5f50, L_000001e8115d5af0;
L_000001e8116322a0 .arith/sum 32, L_000001e8115d5b90, L_000001e811632c00;
L_000001e811634460 .concat [ 3 3 3 87], L_000001e8115d6770, L_000001e8115d6810, L_000001e8115d6950, o000001e8115a47f8;
S_000001e8114c1ce0 .scope module, "activate_func" "tanh" 5 32, 4 4 0, S_000001e8114c2fa0;
 .timescale 0 0;
    .port_info 0 /INPUT 32 "a";
    .port_info 1 /OUTPUT 32 "y";
P_000001e8114884e0 .param/l "WIDTH" 0 4 5, +C4<00000000000000000000000000100000>;
v000001e8114c8000_0 .net "a", 31 0, L_000001e8116322a0;  alias, 1 drivers
v000001e8114c6d40_0 .net "y", 31 0, o000001e8115a4528;  alias, 0 drivers
# The file index is used to find the file name in the following table.
:file_names 6;
    "N/A";
    "<interactive>";
    "generator.v";
    "./neuron_o.v";
    "./Util/tanh.v";
    "./neuron_a.v";
