#! /c/Source/iverilog-install/bin/vvp
:ivl_version "12.0 (devel)" "(s20150603-1539-g2693dd32b)";
:ivl_delay_selection "TYPICAL";
:vpi_time_precision + 0;
:vpi_module "C:\iverilog\lib\ivl\system.vpi";
:vpi_module "C:\iverilog\lib\ivl\vhdl_sys.vpi";
:vpi_module "C:\iverilog\lib\ivl\vhdl_textio.vpi";
:vpi_module "C:\iverilog\lib\ivl\v2005_math.vpi";
:vpi_module "C:\iverilog\lib\ivl\va_math.vpi";
S_000001af6f864690 .scope module, "neuron_o" "neuron_o" 2 8;
 .timescale 0 0;
    .port_info 0 /INPUT 32 "a_1";
    .port_info 1 /INPUT 32 "a_2";
    .port_info 2 /INPUT 32 "w_1";
    .port_info 3 /INPUT 32 "w_2";
    .port_info 4 /INPUT 32 "b";
    .port_info 5 /INPUT 1 "clock";
    .port_info 6 /INPUT 1 "enable";
    .port_info 7 /INPUT 1 "reset";
    .port_info 8 /OUTPUT 32 "y";
P_000001af6f88abe0 .param/l "WIDTH" 0 2 9, +C4<00000000000000000000000000100000>;
L_000001af6f87b0f0 .functor BUFZ 32, v000001af6f8eefd0_0, C4<00000000000000000000000000000000>, C4<00000000000000000000000000000000>, C4<00000000000000000000000000000000>;
v000001af6f8f05e0_0 .net/s *"_ivl_9", 31 0, L_000001af6f8f5290;  1 drivers
o000001af6f89baa8 .functor BUFZ 32, C4<zzzzzzzzzzzzzzzzzzzzzzzzzzzzzzzz>; HiZ drive
v000001af6f8f0a40_0 .net/s "a_1", 31 0, o000001af6f89baa8;  0 drivers
o000001af6f89bc58 .functor BUFZ 32, C4<zzzzzzzzzzzzzzzzzzzzzzzzzzzzzzzz>; HiZ drive
v000001af6f8f0d60_0 .net/s "a_2", 31 0, o000001af6f89bc58;  0 drivers
o000001af6f89bfe8 .functor BUFZ 32, C4<zzzzzzzzzzzzzzzzzzzzzzzzzzzzzzzz>; HiZ drive
v000001af6f8f3490_0 .net/s "b", 31 0, o000001af6f89bfe8;  0 drivers
o000001af6f89aae8 .functor BUFZ 1, C4<z>; HiZ drive
v000001af6f8f3530_0 .net "clock", 0 0, o000001af6f89aae8;  0 drivers
o000001af6f89ab18 .functor BUFZ 1, C4<z>; HiZ drive
v000001af6f8f3710_0 .net "enable", 0 0, o000001af6f89ab18;  0 drivers
v000001af6f8f3b70_0 .net/s "out", 31 0, v000001af6f8eefd0_0;  1 drivers
v000001af6f8f4bb0 .array "out_In", 1 0;
v000001af6f8f4bb0_0 .net/s v000001af6f8f4bb0 0, 31 0, L_000001af6f8f3c10; 1 drivers
v000001af6f8f4bb0_1 .net/s v000001af6f8f4bb0 1, 31 0, L_000001af6f8f3a30; 1 drivers
v000001af6f8f3d50 .array "out_Reg", 3 0;
v000001af6f8f3d50_0 .net/s v000001af6f8f3d50 0, 31 0, v000001af6f8eff00_0; 1 drivers
v000001af6f8f3d50_1 .net/s v000001af6f8f3d50 1, 31 0, v000001af6f8effa0_0; 1 drivers
v000001af6f8f3d50_2 .net/s v000001af6f8f3d50 2, 31 0, v000001af6f8f0180_0; 1 drivers
v000001af6f8f3d50_3 .net/s v000001af6f8f3d50 3, 31 0, v000001af6f8ef6e0_0; 1 drivers
v000001af6f8f3cb0_0 .net/s "pre_activation", 31 0, L_000001af6f8f3f30;  1 drivers
o000001af6f89aba8 .functor BUFZ 1, C4<z>; HiZ drive
v000001af6f8f3df0_0 .net "reset", 0 0, o000001af6f89aba8;  0 drivers
o000001af6f89bad8 .functor BUFZ 32, C4<zzzzzzzzzzzzzzzzzzzzzzzzzzzzzzzz>; HiZ drive
v000001af6f8f42f0_0 .net/s "w_1", 31 0, o000001af6f89bad8;  0 drivers
o000001af6f89bc88 .functor BUFZ 32, C4<zzzzzzzzzzzzzzzzzzzzzzzzzzzzzzzz>; HiZ drive
v000001af6f8f3850_0 .net/s "w_2", 31 0, o000001af6f89bc88;  0 drivers
v000001af6f8f3e90_0 .net/s "y", 31 0, L_000001af6f87b0f0;  1 drivers
L_000001af6f8f5290 .arith/sum 32, v000001af6f8eff00_0, v000001af6f8effa0_0;
L_000001af6f8f3f30 .arith/sum 32, L_000001af6f8f5290, v000001af6f8f0180_0;
S_000001af6f866660 .scope module, "activate_func" "tanh" 2 80, 3 6 0, S_000001af6f864690;
 .timescale 0 0;
    .port_info 0 /INPUT 1 "clk";
    .port_info 1 /INPUT 1 "en";
    .port_info 2 /INPUT 1 "rst";
    .port_info 3 /INPUT 32 "a";
    .port_info 4 /OUTPUT 32 "y";
P_000001af6f854910 .param/l "FL" 0 3 8, +C4<00000000000000000000000000011000>;
P_000001af6f854948 .param/l "WIDTH" 0 3 7, +C4<00000000000000000000000000100000>;
L_000001af6f920160 .functor BUFT 1, C4<11111111000000000000000000000000>, C4<0>, C4<0>, C4<0>;
v000001af6f8edef0_0 .net/s "ONE_NEG", 31 0, L_000001af6f920160;  1 drivers
L_000001af6f920118 .functor BUFT 1, C4<00000001000000000000000000000000>, C4<0>, C4<0>, C4<0>;
v000001af6f8ee670_0 .net/s "ONE_POS", 31 0, L_000001af6f920118;  1 drivers
v000001af6f8ee710_0 .net/s *"_ivl_10", 63 0, L_000001af6f8f3ad0;  1 drivers
v000001af6f8eea30_0 .net/s *"_ivl_12", 63 0, L_000001af6f8f4cf0;  1 drivers
v000001af6f8ee0d0_0 .net/s *"_ivl_18", 63 0, L_000001af6f8f4250;  1 drivers
v000001af6f8ee850_0 .net/s *"_ivl_20", 63 0, L_000001af6f8f4110;  1 drivers
v000001af6f8edf90_0 .net/s *"_ivl_26", 63 0, L_000001af6f8f46b0;  1 drivers
v000001af6f8eee90_0 .net/s *"_ivl_28", 63 0, L_000001af6f8f4f70;  1 drivers
v000001af6f8eec10_0 .net *"_ivl_3", 0 0, L_000001af6f8f4890;  1 drivers
v000001af6f8eead0_0 .net/s *"_ivl_34", 31 0, L_000001af6f8f4930;  1 drivers
L_000001af6f9200d0 .functor BUFT 1, C4<00000000000000000000000000000000>, C4<0>, C4<0>, C4<0>;
v000001af6f8eed50_0 .net *"_ivl_38", 31 0, L_000001af6f9200d0;  1 drivers
L_000001af6f920088 .functor BUFT 1, C4<00000000000000000000000000000000>, C4<0>, C4<0>, C4<0>;
v000001af6f8ee030_0 .net *"_ivl_4", 31 0, L_000001af6f920088;  1 drivers
v000001af6f8ed810_0 .net *"_ivl_41", 31 0, L_000001af6f8f4430;  1 drivers
v000001af6f8eedf0_0 .net *"_ivl_48", 0 0, L_000001af6f8f33f0;  1 drivers
v000001af6f8ef110_0 .net *"_ivl_50", 0 0, L_000001af6f8f4a70;  1 drivers
v000001af6f8ef1b0_0 .net *"_ivl_52", 31 0, L_000001af6f8f44d0;  1 drivers
v000001af6f8ef250_0 .net *"_ivl_7", 31 0, L_000001af6f8f4570;  1 drivers
v000001af6f8ee350_0 .net/s "a", 31 0, v000001af6f8ef6e0_0;  alias, 1 drivers
v000001af6f8ee170_0 .net/s "a_pos", 31 0, L_000001af6f8f4d90;  1 drivers
v000001af6f8ee3f0_0 .net/s "a_pos_reg", 31 0, v000001af6f88f120_0;  1 drivers
v000001af6f8ef2f0_0 .net/s "a_pos_sq", 31 0, L_000001af6f8f4070;  1 drivers
v000001af6f8ed4f0_0 .net/s "a_pos_sq_full", 63 0, L_000001af6f8f3fd0;  1 drivers
v000001af6f8ed590_0 .net/s "a_pos_sq_reg", 31 0, v000001af6f88eea0_0;  1 drivers
v000001af6f8ee490_0 .net "clk", 0 0, o000001af6f89aae8;  alias, 0 drivers
v000001af6f8ee530_0 .net "en", 0 0, o000001af6f89ab18;  alias, 0 drivers
v000001af6f8ed630_0 .var/s "p1", 31 0;
v000001af6f8ed6d0_0 .net/s "p1_reg", 31 0, v000001af6f8ed950_0;  1 drivers
v000001af6f8ef500_0 .var/s "p2", 31 0;
v000001af6f8f1120_0 .net/s "p2_reg", 31 0, v000001af6f8edc70_0;  1 drivers
v000001af6f8ef780_0 .var/s "p3", 31 0;
v000001af6f8ef960_0 .net/s "p3_reg", 31 0, v000001af6f8edb30_0;  1 drivers
v000001af6f8f0040_0 .net "rst", 0 0, o000001af6f89aba8;  alias, 0 drivers
v000001af6f8efa00_0 .net "sign", 0 0, L_000001af6f8f47f0;  1 drivers
v000001af6f8efd20_0 .net/s "sign_reg", 0 0, v000001af6f8eef30_0;  1 drivers
v000001af6f8f0e00_0 .net/s "term1", 31 0, L_000001af6f8f4610;  1 drivers
v000001af6f8f0cc0_0 .net/s "term1_full", 63 0, L_000001af6f8f41b0;  1 drivers
v000001af6f8f0400_0 .net/s "term2", 31 0, L_000001af6f8f4e30;  1 drivers
v000001af6f8ef5a0_0 .net/s "term2_full", 63 0, L_000001af6f8f4390;  1 drivers
v000001af6f8efc80_0 .net/s "y", 31 0, v000001af6f8eefd0_0;  alias, 1 drivers
v000001af6f8efdc0_0 .net/s "y_abs", 31 0, L_000001af6f8f49d0;  1 drivers
v000001af6f8ef820_0 .net/s "y_in", 31 0, L_000001af6f8f4ed0;  1 drivers
v000001af6f8efaa0_0 .net/s "y_signed", 31 0, L_000001af6f8f4750;  1 drivers
E_000001af6f88ac60 .event anyedge, v000001af6f88f6c0_0;
L_000001af6f8f47f0 .part v000001af6f8ef6e0_0, 31, 1;
L_000001af6f8f4890 .part v000001af6f8ef6e0_0, 31, 1;
L_000001af6f8f4570 .arith/sub 32, L_000001af6f920088, v000001af6f8ef6e0_0;
L_000001af6f8f4d90 .functor MUXZ 32, v000001af6f8ef6e0_0, L_000001af6f8f4570, L_000001af6f8f4890, C4<>;
L_000001af6f8f3ad0 .extend/s 64, L_000001af6f8f4d90;
L_000001af6f8f4cf0 .extend/s 64, L_000001af6f8f4d90;
L_000001af6f8f3fd0 .arith/mult 64, L_000001af6f8f3ad0, L_000001af6f8f4cf0;
L_000001af6f8f4070 .part L_000001af6f8f3fd0, 24, 32;
L_000001af6f8f4250 .extend/s 64, v000001af6f8ed950_0;
L_000001af6f8f4110 .extend/s 64, v000001af6f88eea0_0;
L_000001af6f8f41b0 .arith/mult 64, L_000001af6f8f4250, L_000001af6f8f4110;
L_000001af6f8f4610 .part L_000001af6f8f41b0, 24, 32;
L_000001af6f8f46b0 .extend/s 64, v000001af6f8edc70_0;
L_000001af6f8f4f70 .extend/s 64, v000001af6f88f120_0;
L_000001af6f8f4390 .arith/mult 64, L_000001af6f8f46b0, L_000001af6f8f4f70;
L_000001af6f8f4e30 .part L_000001af6f8f4390, 24, 32;
L_000001af6f8f4930 .arith/sum 32, L_000001af6f8f4610, L_000001af6f8f4e30;
L_000001af6f8f49d0 .arith/sum 32, L_000001af6f8f4930, v000001af6f8edb30_0;
L_000001af6f8f4430 .arith/sub 32, L_000001af6f9200d0, L_000001af6f8f49d0;
L_000001af6f8f4750 .functor MUXZ 32, L_000001af6f8f49d0, L_000001af6f8f4430, v000001af6f8eef30_0, C4<>;
L_000001af6f8f33f0 .cmp/gt.s 32, L_000001af6f8f4750, L_000001af6f920118;
L_000001af6f8f4a70 .cmp/gt.s 32, L_000001af6f920160, L_000001af6f8f4750;
L_000001af6f8f44d0 .functor MUXZ 32, L_000001af6f8f4750, L_000001af6f920160, L_000001af6f8f4a70, C4<>;
L_000001af6f8f4ed0 .functor MUXZ 32, L_000001af6f8f44d0, L_000001af6f920118, L_000001af6f8f33f0, C4<>;
S_000001af6f8667f0 .scope module, "reg_a_pos" "register" 3 71, 4 4 0, S_000001af6f866660;
 .timescale 0 0;
    .port_info 0 /INPUT 1 "clk";
    .port_info 1 /INPUT 1 "en";
    .port_info 2 /INPUT 1 "rst";
    .port_info 3 /INPUT 32 "in";
    .port_info 4 /OUTPUT 32 "out";
P_000001af6f88a860 .param/l "WIDTH" 0 4 5, +C4<00000000000000000000000000100000>;
v000001af6f88f4e0_0 .net "clk", 0 0, o000001af6f89aae8;  alias, 0 drivers
v000001af6f88fd00_0 .net "en", 0 0, o000001af6f89ab18;  alias, 0 drivers
v000001af6f88f6c0_0 .net/s "in", 31 0, L_000001af6f8f4d90;  alias, 1 drivers
v000001af6f88f120_0 .var/s "out", 31 0;
v000001af6f88f760_0 .net "rst", 0 0, o000001af6f89aba8;  alias, 0 drivers
E_000001af6f88aae0 .event posedge, v000001af6f88f4e0_0;
S_000001af6f87a9f0 .scope module, "reg_a_pos_sq" "register" 3 66, 4 4 0, S_000001af6f866660;
 .timescale 0 0;
    .port_info 0 /INPUT 1 "clk";
    .port_info 1 /INPUT 1 "en";
    .port_info 2 /INPUT 1 "rst";
    .port_info 3 /INPUT 32 "in";
    .port_info 4 /OUTPUT 32 "out";
P_000001af6f88ace0 .param/l "WIDTH" 0 4 5, +C4<00000000000000000000000000100000>;
v000001af6f88f1c0_0 .net "clk", 0 0, o000001af6f89aae8;  alias, 0 drivers
v000001af6f88f940_0 .net "en", 0 0, o000001af6f89ab18;  alias, 0 drivers
v000001af6f88f9e0_0 .net/s "in", 31 0, L_000001af6f8f4070;  alias, 1 drivers
v000001af6f88eea0_0 .var/s "out", 31 0;
v000001af6f88f260_0 .net "rst", 0 0, o000001af6f89aba8;  alias, 0 drivers
S_000001af6f87ab80 .scope module, "reg_out" "register" 3 116, 4 4 0, S_000001af6f866660;
 .timescale 0 0;
    .port_info 0 /INPUT 1 "clk";
    .port_info 1 /INPUT 1 "en";
    .port_info 2 /INPUT 1 "rst";
    .port_info 3 /INPUT 32 "in";
    .port_info 4 /OUTPUT 32 "out";
P_000001af6f88b360 .param/l "WIDTH" 0 4 5, +C4<00000000000000000000000000100000>;
v000001af6f88fa80_0 .net "clk", 0 0, o000001af6f89aae8;  alias, 0 drivers
v000001af6f88fbc0_0 .net "en", 0 0, o000001af6f89ab18;  alias, 0 drivers
v000001af6f8ee5d0_0 .net/s "in", 31 0, L_000001af6f8f4ed0;  alias, 1 drivers
v000001af6f8eefd0_0 .var/s "out", 31 0;
v000001af6f8ee7b0_0 .net "rst", 0 0, o000001af6f89aba8;  alias, 0 drivers
S_000001af6f875bd0 .scope module, "reg_p1" "register" 3 76, 4 4 0, S_000001af6f866660;
 .timescale 0 0;
    .port_info 0 /INPUT 1 "clk";
    .port_info 1 /INPUT 1 "en";
    .port_info 2 /INPUT 1 "rst";
    .port_info 3 /INPUT 32 "in";
    .port_info 4 /OUTPUT 32 "out";
P_000001af6f88b020 .param/l "WIDTH" 0 4 5, +C4<00000000000000000000000000100000>;
v000001af6f8ed8b0_0 .net "clk", 0 0, o000001af6f89aae8;  alias, 0 drivers
v000001af6f8ef070_0 .net "en", 0 0, o000001af6f89ab18;  alias, 0 drivers
v000001af6f8eddb0_0 .net/s "in", 31 0, v000001af6f8ed630_0;  1 drivers
v000001af6f8ed950_0 .var/s "out", 31 0;
v000001af6f8edd10_0 .net "rst", 0 0, o000001af6f89aba8;  alias, 0 drivers
S_000001af6f875d60 .scope module, "reg_p2" "register" 3 81, 4 4 0, S_000001af6f866660;
 .timescale 0 0;
    .port_info 0 /INPUT 1 "clk";
    .port_info 1 /INPUT 1 "en";
    .port_info 2 /INPUT 1 "rst";
    .port_info 3 /INPUT 32 "in";
    .port_info 4 /OUTPUT 32 "out";
P_000001af6f88ad60 .param/l "WIDTH" 0 4 5, +C4<00000000000000000000000000100000>;
v000001af6f8ee990_0 .net "clk", 0 0, o000001af6f89aae8;  alias, 0 drivers
v000001af6f8ed450_0 .net "en", 0 0, o000001af6f89ab18;  alias, 0 drivers
v000001af6f8ed9f0_0 .net/s "in", 31 0, v000001af6f8ef500_0;  1 drivers
v000001af6f8edc70_0 .var/s "out", 31 0;
v000001af6f8ed770_0 .net "rst", 0 0, o000001af6f89aba8;  alias, 0 drivers
S_000001af6f8327a0 .scope module, "reg_p3" "register" 3 86, 4 4 0, S_000001af6f866660;
 .timescale 0 0;
    .port_info 0 /INPUT 1 "clk";
    .port_info 1 /INPUT 1 "en";
    .port_info 2 /INPUT 1 "rst";
    .port_info 3 /INPUT 32 "in";
    .port_info 4 /OUTPUT 32 "out";
P_000001af6f88b160 .param/l "WIDTH" 0 4 5, +C4<00000000000000000000000000100000>;
v000001af6f8eda90_0 .net "clk", 0 0, o000001af6f89aae8;  alias, 0 drivers
v000001af6f8ee2b0_0 .net "en", 0 0, o000001af6f89ab18;  alias, 0 drivers
v000001af6f8ee8f0_0 .net/s "in", 31 0, v000001af6f8ef780_0;  1 drivers
v000001af6f8edb30_0 .var/s "out", 31 0;
v000001af6f8eeb70_0 .net "rst", 0 0, o000001af6f89aba8;  alias, 0 drivers
S_000001af6f832930 .scope module, "reg_sign" "register" 3 61, 4 4 0, S_000001af6f866660;
 .timescale 0 0;
    .port_info 0 /INPUT 1 "clk";
    .port_info 1 /INPUT 1 "en";
    .port_info 2 /INPUT 1 "rst";
    .port_info 3 /INPUT 1 "in";
    .port_info 4 /OUTPUT 1 "out";
P_000001af6f88b1a0 .param/l "WIDTH" 0 4 5, +C4<00000000000000000000000000000001>;
v000001af6f8ee210_0 .net "clk", 0 0, o000001af6f89aae8;  alias, 0 drivers
v000001af6f8eecb0_0 .net "en", 0 0, o000001af6f89ab18;  alias, 0 drivers
v000001af6f8edbd0_0 .net/s "in", 0 0, L_000001af6f8f47f0;  alias, 1 drivers
v000001af6f8eef30_0 .var/s "out", 0 0;
v000001af6f8ede50_0 .net "rst", 0 0, o000001af6f89aba8;  alias, 0 drivers
S_000001af6f8f1a30 .scope module, "mult_0" "mult_Q" 2 27, 5 4 0, S_000001af6f864690;
 .timescale 0 0;
    .port_info 0 /INPUT 32 "a";
    .port_info 1 /INPUT 32 "b";
    .port_info 2 /OUTPUT 32 "y";
P_000001af6f855310 .param/l "FBITS" 0 5 6, +C4<00000000000000000000000000011000>;
P_000001af6f855348 .param/l "WIDTH" 0 5 5, +C4<00000000000000000000000000100000>;
v000001af6f8efb40_0 .net/s *"_ivl_0", 63 0, L_000001af6f8f37b0;  1 drivers
v000001af6f8f1080_0 .net/s *"_ivl_2", 63 0, L_000001af6f8f38f0;  1 drivers
v000001af6f8f11c0_0 .net/s "a", 31 0, o000001af6f89baa8;  alias, 0 drivers
v000001af6f8ef640_0 .net/s "b", 31 0, o000001af6f89bad8;  alias, 0 drivers
v000001af6f8ef8c0_0 .net/s "raw_y", 63 0, L_000001af6f8f35d0;  1 drivers
v000001af6f8f0680_0 .net/s "y", 31 0, L_000001af6f8f3c10;  alias, 1 drivers
L_000001af6f8f37b0 .extend/s 64, o000001af6f89baa8;
L_000001af6f8f38f0 .extend/s 64, o000001af6f89bad8;
L_000001af6f8f35d0 .arith/mult 64, L_000001af6f8f37b0, L_000001af6f8f38f0;
L_000001af6f8f3c10 .part L_000001af6f8f35d0, 24, 32;
S_000001af6f8f2bd0 .scope module, "mult_1" "mult_Q" 2 34, 5 4 0, S_000001af6f864690;
 .timescale 0 0;
    .port_info 0 /INPUT 32 "a";
    .port_info 1 /INPUT 32 "b";
    .port_info 2 /OUTPUT 32 "y";
P_000001af6f854c10 .param/l "FBITS" 0 5 6, +C4<00000000000000000000000000011000>;
P_000001af6f854c48 .param/l "WIDTH" 0 5 5, +C4<00000000000000000000000000100000>;
v000001af6f8f02c0_0 .net/s *"_ivl_0", 63 0, L_000001af6f8f3670;  1 drivers
v000001af6f8efbe0_0 .net/s *"_ivl_2", 63 0, L_000001af6f8f3990;  1 drivers
v000001af6f8f0900_0 .net/s "a", 31 0, o000001af6f89bc58;  alias, 0 drivers
v000001af6f8efe60_0 .net/s "b", 31 0, o000001af6f89bc88;  alias, 0 drivers
v000001af6f8f0ae0_0 .net/s "raw_y", 63 0, L_000001af6f8f4c50;  1 drivers
v000001af6f8f1260_0 .net/s "y", 31 0, L_000001af6f8f3a30;  alias, 1 drivers
L_000001af6f8f3670 .extend/s 64, o000001af6f89bc58;
L_000001af6f8f3990 .extend/s 64, o000001af6f89bc88;
L_000001af6f8f4c50 .arith/mult 64, L_000001af6f8f3670, L_000001af6f8f3990;
L_000001af6f8f3a30 .part L_000001af6f8f4c50, 24, 32;
S_000001af6f8f2d60 .scope module, "reg_1" "register" 2 41, 4 4 0, S_000001af6f864690;
 .timescale 0 0;
    .port_info 0 /INPUT 1 "clk";
    .port_info 1 /INPUT 1 "en";
    .port_info 2 /INPUT 1 "rst";
    .port_info 3 /INPUT 32 "in";
    .port_info 4 /OUTPUT 32 "out";
P_000001af6f88b1e0 .param/l "WIDTH" 0 4 5, +C4<00000000000000000000000000100000>;
v000001af6f8f0860_0 .net "clk", 0 0, o000001af6f89aae8;  alias, 0 drivers
v000001af6f8f00e0_0 .net "en", 0 0, o000001af6f89ab18;  alias, 0 drivers
v000001af6f8f1300_0 .net/s "in", 31 0, L_000001af6f8f3c10;  alias, 1 drivers
v000001af6f8eff00_0 .var/s "out", 31 0;
v000001af6f8f0ea0_0 .net "rst", 0 0, o000001af6f89aba8;  alias, 0 drivers
S_000001af6f8f2ef0 .scope module, "reg_2" "register" 2 50, 4 4 0, S_000001af6f864690;
 .timescale 0 0;
    .port_info 0 /INPUT 1 "clk";
    .port_info 1 /INPUT 1 "en";
    .port_info 2 /INPUT 1 "rst";
    .port_info 3 /INPUT 32 "in";
    .port_info 4 /OUTPUT 32 "out";
P_000001af6f88b3e0 .param/l "WIDTH" 0 4 5, +C4<00000000000000000000000000100000>;
v000001af6f8f0f40_0 .net "clk", 0 0, o000001af6f89aae8;  alias, 0 drivers
v000001af6f8f0c20_0 .net "en", 0 0, o000001af6f89ab18;  alias, 0 drivers
v000001af6f8f0fe0_0 .net/s "in", 31 0, L_000001af6f8f3a30;  alias, 1 drivers
v000001af6f8effa0_0 .var/s "out", 31 0;
v000001af6f8f0720_0 .net "rst", 0 0, o000001af6f89aba8;  alias, 0 drivers
S_000001af6f8f3080 .scope module, "reg_3" "register" 2 59, 4 4 0, S_000001af6f864690;
 .timescale 0 0;
    .port_info 0 /INPUT 1 "clk";
    .port_info 1 /INPUT 1 "en";
    .port_info 2 /INPUT 1 "rst";
    .port_info 3 /INPUT 32 "in";
    .port_info 4 /OUTPUT 32 "out";
P_000001af6f88b220 .param/l "WIDTH" 0 4 5, +C4<00000000000000000000000000100000>;
v000001af6f8f07c0_0 .net "clk", 0 0, o000001af6f89aae8;  alias, 0 drivers
v000001af6f8f09a0_0 .net "en", 0 0, o000001af6f89ab18;  alias, 0 drivers
v000001af6f8f0b80_0 .net/s "in", 31 0, o000001af6f89bfe8;  alias, 0 drivers
v000001af6f8f0180_0 .var/s "out", 31 0;
v000001af6f8f0220_0 .net "rst", 0 0, o000001af6f89aba8;  alias, 0 drivers
S_000001af6f8f3210 .scope module, "reg_4" "register" 2 71, 4 4 0, S_000001af6f864690;
 .timescale 0 0;
    .port_info 0 /INPUT 1 "clk";
    .port_info 1 /INPUT 1 "en";
    .port_info 2 /INPUT 1 "rst";
    .port_info 3 /INPUT 32 "in";
    .port_info 4 /OUTPUT 32 "out";
P_000001af6f88b320 .param/l "WIDTH" 0 4 5, +C4<00000000000000000000000000100000>;
v000001af6f8f0360_0 .net "clk", 0 0, o000001af6f89aae8;  alias, 0 drivers
v000001af6f8ef460_0 .net "en", 0 0, o000001af6f89ab18;  alias, 0 drivers
v000001af6f8f04a0_0 .net/s "in", 31 0, L_000001af6f8f3f30;  alias, 1 drivers
v000001af6f8ef6e0_0 .var/s "out", 31 0;
v000001af6f8f0540_0 .net "rst", 0 0, o000001af6f89aba8;  alias, 0 drivers
    .scope S_000001af6f8f2d60;
T_0 ;
    %wait E_000001af6f88aae0;
    %load/vec4 v000001af6f8f0ea0_0;
    %flag_set/vec4 8;
    %jmp/0xz  T_0.0, 8;
    %pushi/vec4 0, 0, 32;
    %assign/vec4 v000001af6f8eff00_0, 0;
    %jmp T_0.1;
T_0.0 ;
    %load/vec4 v000001af6f8f00e0_0;
    %flag_set/vec4 8;
    %jmp/0xz  T_0.2, 8;
    %load/vec4 v000001af6f8f1300_0;
    %assign/vec4 v000001af6f8eff00_0, 0;
T_0.2 ;
T_0.1 ;
    %jmp T_0;
    .thread T_0;
    .scope S_000001af6f8f2ef0;
T_1 ;
    %wait E_000001af6f88aae0;
    %load/vec4 v000001af6f8f0720_0;
    %flag_set/vec4 8;
    %jmp/0xz  T_1.0, 8;
    %pushi/vec4 0, 0, 32;
    %assign/vec4 v000001af6f8effa0_0, 0;
    %jmp T_1.1;
T_1.0 ;
    %load/vec4 v000001af6f8f0c20_0;
    %flag_set/vec4 8;
    %jmp/0xz  T_1.2, 8;
    %load/vec4 v000001af6f8f0fe0_0;
    %assign/vec4 v000001af6f8effa0_0, 0;
T_1.2 ;
T_1.1 ;
    %jmp T_1;
    .thread T_1;
    .scope S_000001af6f8f3080;
T_2 ;
    %wait E_000001af6f88aae0;
    %load/vec4 v000001af6f8f0220_0;
    %flag_set/vec4 8;
    %jmp/0xz  T_2.0, 8;
    %pushi/vec4 0, 0, 32;
    %assign/vec4 v000001af6f8f0180_0, 0;
    %jmp T_2.1;
T_2.0 ;
    %load/vec4 v000001af6f8f09a0_0;
    %flag_set/vec4 8;
    %jmp/0xz  T_2.2, 8;
    %load/vec4 v000001af6f8f0b80_0;
    %assign/vec4 v000001af6f8f0180_0, 0;
T_2.2 ;
T_2.1 ;
    %jmp T_2;
    .thread T_2;
    .scope S_000001af6f8f3210;
T_3 ;
    %wait E_000001af6f88aae0;
    %load/vec4 v000001af6f8f0540_0;
    %flag_set/vec4 8;
    %jmp/0xz  T_3.0, 8;
    %pushi/vec4 0, 0, 32;
    %assign/vec4 v000001af6f8ef6e0_0, 0;
    %jmp T_3.1;
T_3.0 ;
    %load/vec4 v000001af6f8ef460_0;
    %flag_set/vec4 8;
    %jmp/0xz  T_3.2, 8;
    %load/vec4 v000001af6f8f04a0_0;
    %assign/vec4 v000001af6f8ef6e0_0, 0;
T_3.2 ;
T_3.1 ;
    %jmp T_3;
    .thread T_3;
    .scope S_000001af6f832930;
T_4 ;
    %wait E_000001af6f88aae0;
    %load/vec4 v000001af6f8ede50_0;
    %flag_set/vec4 8;
    %jmp/0xz  T_4.0, 8;
    %pushi/vec4 0, 0, 1;
    %assign/vec4 v000001af6f8eef30_0, 0;
    %jmp T_4.1;
T_4.0 ;
    %load/vec4 v000001af6f8eecb0_0;
    %flag_set/vec4 8;
    %jmp/0xz  T_4.2, 8;
    %load/vec4 v000001af6f8edbd0_0;
    %assign/vec4 v000001af6f8eef30_0, 0;
T_4.2 ;
T_4.1 ;
    %jmp T_4;
    .thread T_4;
    .scope S_000001af6f87a9f0;
T_5 ;
    %wait E_000001af6f88aae0;
    %load/vec4 v000001af6f88f260_0;
    %flag_set/vec4 8;
    %jmp/0xz  T_5.0, 8;
    %pushi/vec4 0, 0, 32;
    %assign/vec4 v000001af6f88eea0_0, 0;
    %jmp T_5.1;
T_5.0 ;
    %load/vec4 v000001af6f88f940_0;
    %flag_set/vec4 8;
    %jmp/0xz  T_5.2, 8;
    %load/vec4 v000001af6f88f9e0_0;
    %assign/vec4 v000001af6f88eea0_0, 0;
T_5.2 ;
T_5.1 ;
    %jmp T_5;
    .thread T_5;
    .scope S_000001af6f8667f0;
T_6 ;
    %wait E_000001af6f88aae0;
    %load/vec4 v000001af6f88f760_0;
    %flag_set/vec4 8;
    %jmp/0xz  T_6.0, 8;
    %pushi/vec4 0, 0, 32;
    %assign/vec4 v000001af6f88f120_0, 0;
    %jmp T_6.1;
T_6.0 ;
    %load/vec4 v000001af6f88fd00_0;
    %flag_set/vec4 8;
    %jmp/0xz  T_6.2, 8;
    %load/vec4 v000001af6f88f6c0_0;
    %assign/vec4 v000001af6f88f120_0, 0;
T_6.2 ;
T_6.1 ;
    %jmp T_6;
    .thread T_6;
    .scope S_000001af6f875bd0;
T_7 ;
    %wait E_000001af6f88aae0;
    %load/vec4 v000001af6f8edd10_0;
    %flag_set/vec4 8;
    %jmp/0xz  T_7.0, 8;
    %pushi/vec4 0, 0, 32;
    %assign/vec4 v000001af6f8ed950_0, 0;
    %jmp T_7.1;
T_7.0 ;
    %load/vec4 v000001af6f8ef070_0;
    %flag_set/vec4 8;
    %jmp/0xz  T_7.2, 8;
    %load/vec4 v000001af6f8eddb0_0;
    %assign/vec4 v000001af6f8ed950_0, 0;
T_7.2 ;
T_7.1 ;
    %jmp T_7;
    .thread T_7;
    .scope S_000001af6f875d60;
T_8 ;
    %wait E_000001af6f88aae0;
    %load/vec4 v000001af6f8ed770_0;
    %flag_set/vec4 8;
    %jmp/0xz  T_8.0, 8;
    %pushi/vec4 0, 0, 32;
    %assign/vec4 v000001af6f8edc70_0, 0;
    %jmp T_8.1;
T_8.0 ;
    %load/vec4 v000001af6f8ed450_0;
    %flag_set/vec4 8;
    %jmp/0xz  T_8.2, 8;
    %load/vec4 v000001af6f8ed9f0_0;
    %assign/vec4 v000001af6f8edc70_0, 0;
T_8.2 ;
T_8.1 ;
    %jmp T_8;
    .thread T_8;
    .scope S_000001af6f8327a0;
T_9 ;
    %wait E_000001af6f88aae0;
    %load/vec4 v000001af6f8eeb70_0;
    %flag_set/vec4 8;
    %jmp/0xz  T_9.0, 8;
    %pushi/vec4 0, 0, 32;
    %assign/vec4 v000001af6f8edb30_0, 0;
    %jmp T_9.1;
T_9.0 ;
    %load/vec4 v000001af6f8ee2b0_0;
    %flag_set/vec4 8;
    %jmp/0xz  T_9.2, 8;
    %load/vec4 v000001af6f8ee8f0_0;
    %assign/vec4 v000001af6f8edb30_0, 0;
T_9.2 ;
T_9.1 ;
    %jmp T_9;
    .thread T_9;
    .scope S_000001af6f87ab80;
T_10 ;
    %wait E_000001af6f88aae0;
    %load/vec4 v000001af6f8ee7b0_0;
    %flag_set/vec4 8;
    %jmp/0xz  T_10.0, 8;
    %pushi/vec4 0, 0, 32;
    %assign/vec4 v000001af6f8eefd0_0, 0;
    %jmp T_10.1;
T_10.0 ;
    %load/vec4 v000001af6f88fbc0_0;
    %flag_set/vec4 8;
    %jmp/0xz  T_10.2, 8;
    %load/vec4 v000001af6f8ee5d0_0;
    %assign/vec4 v000001af6f8eefd0_0, 0;
T_10.2 ;
T_10.1 ;
    %jmp T_10;
    .thread T_10;
    .scope S_000001af6f866660;
T_11 ;
    %wait E_000001af6f88ac60;
    %load/vec4 v000001af6f8ee170_0;
    %cmpi/u 67108864, 0, 32;
    %flag_inv 5; GE is !LT
    %jmp/0xz  T_11.0, 5;
    %pushi/vec4 0, 0, 32;
    %store/vec4 v000001af6f8ed630_0, 0, 32;
    %pushi/vec4 0, 0, 32;
    %store/vec4 v000001af6f8ef500_0, 0, 32;
    %pushi/vec4 16777216, 0, 32;
    %store/vec4 v000001af6f8ef780_0, 0, 32;
    %jmp T_11.1;
T_11.0 ;
    %load/vec4 v000001af6f8ee170_0;
    %cmpi/u 33554432, 0, 32;
    %flag_inv 5; GE is !LT
    %jmp/0xz  T_11.2, 5;
    %pushi/vec4 4294751560, 0, 32;
    %store/vec4 v000001af6f8ed630_0, 0, 32;
    %pushi/vec4 1533883, 0, 32;
    %store/vec4 v000001af6f8ef500_0, 0, 32;
    %pushi/vec4 14037569, 0, 32;
    %store/vec4 v000001af6f8ef780_0, 0, 32;
    %jmp T_11.3;
T_11.2 ;
    %load/vec4 v000001af6f8ee170_0;
    %cmpi/u 16777216, 0, 32;
    %flag_inv 5; GE is !LT
    %jmp/0xz  T_11.4, 5;
    %pushi/vec4 4292137817, 0, 32;
    %store/vec4 v000001af6f8ed630_0, 0, 32;
    %pushi/vec4 11741154, 0, 32;
    %store/vec4 v000001af6f8ef500_0, 0, 32;
    %pushi/vec4 3942058, 0, 32;
    %store/vec4 v000001af6f8ef780_0, 0, 32;
    %jmp T_11.5;
T_11.4 ;
    %pushi/vec4 4289717991, 0, 32;
    %store/vec4 v000001af6f8ed630_0, 0, 32;
    %pushi/vec4 18102797, 0, 32;
    %store/vec4 v000001af6f8ef500_0, 0, 32;
    %pushi/vec4 0, 0, 32;
    %store/vec4 v000001af6f8ef780_0, 0, 32;
T_11.5 ;
T_11.3 ;
T_11.1 ;
    %jmp T_11;
    .thread T_11, $push;
# The file index is used to find the file name in the following table.
:file_names 6;
    "N/A";
    "<interactive>";
    "neuron_o.v";
    "./Util/tanh.v";
    "./Util/register.v";
    "./Util/mult_Q.v";
