#! /c/Source/iverilog-install/bin/vvp
:ivl_version "12.0 (devel)" "(s20150603-1539-g2693dd32b)";
:ivl_delay_selection "TYPICAL";
:vpi_time_precision + 0;
:vpi_module "C:\iverilog\lib\ivl\system.vpi";
:vpi_module "C:\iverilog\lib\ivl\vhdl_sys.vpi";
:vpi_module "C:\iverilog\lib\ivl\vhdl_textio.vpi";
:vpi_module "C:\iverilog\lib\ivl\v2005_math.vpi";
:vpi_module "C:\iverilog\lib\ivl\va_math.vpi";
S_0000023c59842980 .scope module, "neuron_b" "neuron_b" 2 6;
 .timescale 0 0;
    .port_info 0 /INPUT 32 "a_1";
    .port_info 1 /INPUT 32 "a_2";
    .port_info 2 /INPUT 32 "a_3";
    .port_info 3 /INPUT 32 "a_4";
    .port_info 4 /INPUT 32 "a_5";
    .port_info 5 /INPUT 32 "a_6";
    .port_info 6 /INPUT 32 "a_7";
    .port_info 7 /INPUT 32 "a_8";
    .port_info 8 /INPUT 32 "a_9";
    .port_info 9 /INPUT 32 "w_1";
    .port_info 10 /INPUT 32 "w_2";
    .port_info 11 /INPUT 32 "w_3";
    .port_info 12 /INPUT 32 "w_4";
    .port_info 13 /INPUT 32 "w_5";
    .port_info 14 /INPUT 32 "w_6";
    .port_info 15 /INPUT 32 "w_7";
    .port_info 16 /INPUT 32 "w_8";
    .port_info 17 /INPUT 32 "w_9";
    .port_info 18 /INPUT 32 "b_1";
    .port_info 19 /INPUT 32 "b_2";
    .port_info 20 /INPUT 32 "b_3";
    .port_info 21 /INPUT 32 "b_4";
    .port_info 22 /INPUT 32 "b_5";
    .port_info 23 /INPUT 32 "b_6";
    .port_info 24 /INPUT 32 "b_7";
    .port_info 25 /INPUT 32 "b_8";
    .port_info 26 /INPUT 32 "b_9";
    .port_info 27 /OUTPUT 32 "y";
P_0000023c5988e210 .param/l "WIDTH" 0 2 7, +C4<00000000000000000000000000100000>;
o0000023c5989cbf8 .functor BUFZ 32, C4<zzzzzzzzzzzzzzzzzzzzzzzzzzzzzzzz>; HiZ drive
L_0000023c5988ebc0 .functor BUFZ 32, o0000023c5989cbf8, C4<00000000000000000000000000000000>, C4<00000000000000000000000000000000>, C4<00000000000000000000000000000000>;
o0000023c5989cc28 .functor BUFZ 32, C4<zzzzzzzzzzzzzzzzzzzzzzzzzzzzzzzz>; HiZ drive
L_0000023c5988eb50 .functor BUFZ 32, o0000023c5989cc28, C4<00000000000000000000000000000000>, C4<00000000000000000000000000000000>, C4<00000000000000000000000000000000>;
o0000023c5989cc58 .functor BUFZ 32, C4<zzzzzzzzzzzzzzzzzzzzzzzzzzzzzzzz>; HiZ drive
L_0000023c5988eca0 .functor BUFZ 32, o0000023c5989cc58, C4<00000000000000000000000000000000>, C4<00000000000000000000000000000000>, C4<00000000000000000000000000000000>;
o0000023c5989cc88 .functor BUFZ 32, C4<zzzzzzzzzzzzzzzzzzzzzzzzzzzzzzzz>; HiZ drive
L_0000023c5988ee60 .functor BUFZ 32, o0000023c5989cc88, C4<00000000000000000000000000000000>, C4<00000000000000000000000000000000>, C4<00000000000000000000000000000000>;
o0000023c5989ccb8 .functor BUFZ 32, C4<zzzzzzzzzzzzzzzzzzzzzzzzzzzzzzzz>; HiZ drive
L_0000023c5988f1e0 .functor BUFZ 32, o0000023c5989ccb8, C4<00000000000000000000000000000000>, C4<00000000000000000000000000000000>, C4<00000000000000000000000000000000>;
o0000023c5989cce8 .functor BUFZ 32, C4<zzzzzzzzzzzzzzzzzzzzzzzzzzzzzzzz>; HiZ drive
L_0000023c5988f090 .functor BUFZ 32, o0000023c5989cce8, C4<00000000000000000000000000000000>, C4<00000000000000000000000000000000>, C4<00000000000000000000000000000000>;
o0000023c5989cd18 .functor BUFZ 32, C4<zzzzzzzzzzzzzzzzzzzzzzzzzzzzzzzz>; HiZ drive
L_0000023c5988f100 .functor BUFZ 32, o0000023c5989cd18, C4<00000000000000000000000000000000>, C4<00000000000000000000000000000000>, C4<00000000000000000000000000000000>;
o0000023c5989cd48 .functor BUFZ 32, C4<zzzzzzzzzzzzzzzzzzzzzzzzzzzzzzzz>; HiZ drive
L_0000023c5988ec30 .functor BUFZ 32, o0000023c5989cd48, C4<00000000000000000000000000000000>, C4<00000000000000000000000000000000>, C4<00000000000000000000000000000000>;
o0000023c5989cd78 .functor BUFZ 32, C4<zzzzzzzzzzzzzzzzzzzzzzzzzzzzzzzz>; HiZ drive
L_0000023c5988edf0 .functor BUFZ 32, o0000023c5989cd78, C4<00000000000000000000000000000000>, C4<00000000000000000000000000000000>, C4<00000000000000000000000000000000>;
o0000023c5989d6a8 .functor BUFZ 32, C4<zzzzzzzzzzzzzzzzzzzzzzzzzzzzzzzz>; HiZ drive
L_0000023c5988e7d0 .functor BUFZ 32, o0000023c5989d6a8, C4<00000000000000000000000000000000>, C4<00000000000000000000000000000000>, C4<00000000000000000000000000000000>;
o0000023c5989d6d8 .functor BUFZ 32, C4<zzzzzzzzzzzzzzzzzzzzzzzzzzzzzzzz>; HiZ drive
L_0000023c5988ea00 .functor BUFZ 32, o0000023c5989d6d8, C4<00000000000000000000000000000000>, C4<00000000000000000000000000000000>, C4<00000000000000000000000000000000>;
o0000023c5989d708 .functor BUFZ 32, C4<zzzzzzzzzzzzzzzzzzzzzzzzzzzzzzzz>; HiZ drive
L_0000023c5988f170 .functor BUFZ 32, o0000023c5989d708, C4<00000000000000000000000000000000>, C4<00000000000000000000000000000000>, C4<00000000000000000000000000000000>;
o0000023c5989d738 .functor BUFZ 32, C4<zzzzzzzzzzzzzzzzzzzzzzzzzzzzzzzz>; HiZ drive
L_0000023c5988f480 .functor BUFZ 32, o0000023c5989d738, C4<00000000000000000000000000000000>, C4<00000000000000000000000000000000>, C4<00000000000000000000000000000000>;
o0000023c5989d768 .functor BUFZ 32, C4<zzzzzzzzzzzzzzzzzzzzzzzzzzzzzzzz>; HiZ drive
L_0000023c5988f2c0 .functor BUFZ 32, o0000023c5989d768, C4<00000000000000000000000000000000>, C4<00000000000000000000000000000000>, C4<00000000000000000000000000000000>;
o0000023c5989d798 .functor BUFZ 32, C4<zzzzzzzzzzzzzzzzzzzzzzzzzzzzzzzz>; HiZ drive
L_0000023c5988eae0 .functor BUFZ 32, o0000023c5989d798, C4<00000000000000000000000000000000>, C4<00000000000000000000000000000000>, C4<00000000000000000000000000000000>;
o0000023c5989d7c8 .functor BUFZ 32, C4<zzzzzzzzzzzzzzzzzzzzzzzzzzzzzzzz>; HiZ drive
L_0000023c5988f250 .functor BUFZ 32, o0000023c5989d7c8, C4<00000000000000000000000000000000>, C4<00000000000000000000000000000000>, C4<00000000000000000000000000000000>;
o0000023c5989d7f8 .functor BUFZ 32, C4<zzzzzzzzzzzzzzzzzzzzzzzzzzzzzzzz>; HiZ drive
L_0000023c5988e840 .functor BUFZ 32, o0000023c5989d7f8, C4<00000000000000000000000000000000>, C4<00000000000000000000000000000000>, C4<00000000000000000000000000000000>;
o0000023c5989d828 .functor BUFZ 32, C4<zzzzzzzzzzzzzzzzzzzzzzzzzzzzzzzz>; HiZ drive
L_0000023c5988f330 .functor BUFZ 32, o0000023c5989d828, C4<00000000000000000000000000000000>, C4<00000000000000000000000000000000>, C4<00000000000000000000000000000000>;
o0000023c5989cf58 .functor BUFZ 32, C4<zzzzzzzzzzzzzzzzzzzzzzzzzzzzzzzz>; HiZ drive
L_0000023c5988f3a0 .functor BUFZ 32, o0000023c5989cf58, C4<00000000000000000000000000000000>, C4<00000000000000000000000000000000>, C4<00000000000000000000000000000000>;
o0000023c5989cf88 .functor BUFZ 32, C4<zzzzzzzzzzzzzzzzzzzzzzzzzzzzzzzz>; HiZ drive
L_0000023c5988f4f0 .functor BUFZ 32, o0000023c5989cf88, C4<00000000000000000000000000000000>, C4<00000000000000000000000000000000>, C4<00000000000000000000000000000000>;
o0000023c5989cfb8 .functor BUFZ 32, C4<zzzzzzzzzzzzzzzzzzzzzzzzzzzzzzzz>; HiZ drive
L_0000023c5988e8b0 .functor BUFZ 32, o0000023c5989cfb8, C4<00000000000000000000000000000000>, C4<00000000000000000000000000000000>, C4<00000000000000000000000000000000>;
o0000023c5989cfe8 .functor BUFZ 32, C4<zzzzzzzzzzzzzzzzzzzzzzzzzzzzzzzz>; HiZ drive
L_0000023c5988e610 .functor BUFZ 32, o0000023c5989cfe8, C4<00000000000000000000000000000000>, C4<00000000000000000000000000000000>, C4<00000000000000000000000000000000>;
o0000023c5989d018 .functor BUFZ 32, C4<zzzzzzzzzzzzzzzzzzzzzzzzzzzzzzzz>; HiZ drive
L_0000023c5988e680 .functor BUFZ 32, o0000023c5989d018, C4<00000000000000000000000000000000>, C4<00000000000000000000000000000000>, C4<00000000000000000000000000000000>;
o0000023c5989d048 .functor BUFZ 32, C4<zzzzzzzzzzzzzzzzzzzzzzzzzzzzzzzz>; HiZ drive
L_0000023c5988e6f0 .functor BUFZ 32, o0000023c5989d048, C4<00000000000000000000000000000000>, C4<00000000000000000000000000000000>, C4<00000000000000000000000000000000>;
o0000023c5989d078 .functor BUFZ 32, C4<zzzzzzzzzzzzzzzzzzzzzzzzzzzzzzzz>; HiZ drive
L_0000023c5988e920 .functor BUFZ 32, o0000023c5989d078, C4<00000000000000000000000000000000>, C4<00000000000000000000000000000000>, C4<00000000000000000000000000000000>;
o0000023c5989d0a8 .functor BUFZ 32, C4<zzzzzzzzzzzzzzzzzzzzzzzzzzzzzzzz>; HiZ drive
L_0000023c5988e990 .functor BUFZ 32, o0000023c5989d0a8, C4<00000000000000000000000000000000>, C4<00000000000000000000000000000000>, C4<00000000000000000000000000000000>;
o0000023c5989d0d8 .functor BUFZ 32, C4<zzzzzzzzzzzzzzzzzzzzzzzzzzzzzzzz>; HiZ drive
L_0000023c5986e5c0 .functor BUFZ 32, o0000023c5989d0d8, C4<00000000000000000000000000000000>, C4<00000000000000000000000000000000>, C4<00000000000000000000000000000000>;
o0000023c5989caa8 .functor BUFZ 32, C4<zzzzzzzzzzzzzzzzzzzzzzzzzzzzzzzz>; HiZ drive
L_0000023c598f0ab0 .functor BUFZ 32, o0000023c5989caa8, C4<00000000000000000000000000000000>, C4<00000000000000000000000000000000>, C4<00000000000000000000000000000000>;
v0000023c598758e0_0 .net/s *"_ivl_102", 31 0, L_0000023c598ee080;  1 drivers
v0000023c5986cee0_0 .net/s *"_ivl_83", 31 0, L_0000023c598ee4e0;  1 drivers
v0000023c5986cf80_0 .net/s *"_ivl_90", 31 0, L_0000023c598eea80;  1 drivers
v0000023c5986d020_0 .net/s *"_ivl_97", 31 0, L_0000023c598eeb20;  1 drivers
v0000023c5986d0c0_0 .net/s "a_1", 31 0, o0000023c5989cbf8;  0 drivers
v0000023c5986d160_0 .net/s "a_2", 31 0, o0000023c5989cc28;  0 drivers
v0000023c598ecc10_0 .net/s "a_3", 31 0, o0000023c5989cc58;  0 drivers
v0000023c598ec7b0_0 .net/s "a_4", 31 0, o0000023c5989cc88;  0 drivers
v0000023c598ec850_0 .net/s "a_5", 31 0, o0000023c5989ccb8;  0 drivers
v0000023c598ec530_0 .net/s "a_6", 31 0, o0000023c5989cce8;  0 drivers
v0000023c598ec5d0_0 .net/s "a_7", 31 0, o0000023c5989cd18;  0 drivers
v0000023c598eccb0_0 .net/s "a_8", 31 0, o0000023c5989cd48;  0 drivers
v0000023c598ec670_0 .net/s "a_9", 31 0, o0000023c5989cd78;  0 drivers
v0000023c598ec210 .array "a_arr", 9 1;
v0000023c598ec210_0 .net/s v0000023c598ec210 0, 31 0, L_0000023c5988ebc0; 1 drivers
v0000023c598ec210_1 .net/s v0000023c598ec210 1, 31 0, L_0000023c5988eb50; 1 drivers
v0000023c598ec210_2 .net/s v0000023c598ec210 2, 31 0, L_0000023c5988eca0; 1 drivers
v0000023c598ec210_3 .net/s v0000023c598ec210 3, 31 0, L_0000023c5988ee60; 1 drivers
v0000023c598ec210_4 .net/s v0000023c598ec210 4, 31 0, L_0000023c5988f1e0; 1 drivers
v0000023c598ec210_5 .net/s v0000023c598ec210 5, 31 0, L_0000023c5988f090; 1 drivers
v0000023c598ec210_6 .net/s v0000023c598ec210 6, 31 0, L_0000023c5988f100; 1 drivers
v0000023c598ec210_7 .net/s v0000023c598ec210 7, 31 0, L_0000023c5988ec30; 1 drivers
v0000023c598ec210_8 .net/s v0000023c598ec210 8, 31 0, L_0000023c5988edf0; 1 drivers
v0000023c598ecdf0_0 .net/s "b_1", 31 0, o0000023c5989cf58;  0 drivers
v0000023c598ec170_0 .net/s "b_2", 31 0, o0000023c5989cf88;  0 drivers
v0000023c598ecd50_0 .net/s "b_3", 31 0, o0000023c5989cfb8;  0 drivers
v0000023c598ec2b0_0 .net/s "b_4", 31 0, o0000023c5989cfe8;  0 drivers
v0000023c598ec490_0 .net/s "b_5", 31 0, o0000023c5989d018;  0 drivers
v0000023c598ec8f0_0 .net/s "b_6", 31 0, o0000023c5989d048;  0 drivers
v0000023c598ec3f0_0 .net/s "b_7", 31 0, o0000023c5989d078;  0 drivers
v0000023c598ec990_0 .net/s "b_8", 31 0, o0000023c5989d0a8;  0 drivers
v0000023c598ec710_0 .net/s "b_9", 31 0, o0000023c5989d0d8;  0 drivers
v0000023c598eca30 .array "b_arr", 9 1;
v0000023c598eca30_0 .net/s v0000023c598eca30 0, 31 0, L_0000023c5988f3a0; 1 drivers
v0000023c598eca30_1 .net/s v0000023c598eca30 1, 31 0, L_0000023c5988f4f0; 1 drivers
v0000023c598eca30_2 .net/s v0000023c598eca30 2, 31 0, L_0000023c5988e8b0; 1 drivers
v0000023c598eca30_3 .net/s v0000023c598eca30 3, 31 0, L_0000023c5988e610; 1 drivers
v0000023c598eca30_4 .net/s v0000023c598eca30 4, 31 0, L_0000023c5988e680; 1 drivers
v0000023c598eca30_5 .net/s v0000023c598eca30 5, 31 0, L_0000023c5988e6f0; 1 drivers
v0000023c598eca30_6 .net/s v0000023c598eca30 6, 31 0, L_0000023c5988e920; 1 drivers
v0000023c598eca30_7 .net/s v0000023c598eca30 7, 31 0, L_0000023c5988e990; 1 drivers
v0000023c598eca30_8 .net/s v0000023c598eca30 8, 31 0, L_0000023c5986e5c0; 1 drivers
v0000023c598ece90 .array "m", 9 1;
v0000023c598ece90_0 .net/s v0000023c598ece90 0, 31 0, L_0000023c598ee760; 1 drivers
v0000023c598ece90_1 .net/s v0000023c598ece90 1, 31 0, L_0000023c598ee9e0; 1 drivers
v0000023c598ece90_2 .net/s v0000023c598ece90 2, 31 0, L_0000023c598edd60; 1 drivers
v0000023c598ece90_3 .net/s v0000023c598ece90 3, 31 0, L_0000023c598ee580; 1 drivers
v0000023c598ece90_4 .net/s v0000023c598ece90 4, 31 0, L_0000023c598ed720; 1 drivers
v0000023c598ece90_5 .net/s v0000023c598ece90 5, 31 0, L_0000023c598ee8a0; 1 drivers
v0000023c598ece90_6 .net/s v0000023c598ece90 6, 31 0, L_0000023c598ed0e0; 1 drivers
v0000023c598ece90_7 .net/s v0000023c598ece90 7, 31 0, L_0000023c598edf40; 1 drivers
v0000023c598ece90_8 .net/s v0000023c598ece90 8, 31 0, L_0000023c598eebc0; 1 drivers
v0000023c598ecad0_0 .net/s "out", 31 0, o0000023c5989caa8;  0 drivers
v0000023c598ebf90 .array "s", 9 1;
v0000023c598ebf90_0 .net/s v0000023c598ebf90 0, 31 0, L_0000023c598edae0; 1 drivers
v0000023c598ebf90_1 .net/s v0000023c598ebf90 1, 31 0, L_0000023c598ed4a0; 1 drivers
v0000023c598ebf90_2 .net/s v0000023c598ebf90 2, 31 0, L_0000023c598edea0; 1 drivers
v0000023c598ebf90_3 .net/s v0000023c598ebf90 3, 31 0, L_0000023c598ee800; 1 drivers
v0000023c598ebf90_4 .net/s v0000023c598ebf90 4, 31 0, L_0000023c598edb80; 1 drivers
v0000023c598ebf90_5 .net/s v0000023c598ebf90 5, 31 0, L_0000023c598edc20; 1 drivers
v0000023c598ebf90_6 .net/s v0000023c598ebf90 6, 31 0, L_0000023c598ede00; 1 drivers
v0000023c598ebf90_7 .net/s v0000023c598ebf90 7, 31 0, L_0000023c598edfe0; 1 drivers
v0000023c598ebf90_8 .net/s v0000023c598ebf90 8, 31 0, L_0000023c598ee6c0; 1 drivers
v0000023c598ec350_0 .net/s "sum_123", 31 0, L_0000023c598ee260;  1 drivers
v0000023c598ecb70_0 .net/s "sum_456", 31 0, L_0000023c598ed860;  1 drivers
v0000023c598ec030_0 .net/s "sum_789", 31 0, L_0000023c598ed540;  1 drivers
v0000023c598ec0d0_0 .net/s "total_sum", 31 0, L_0000023c598ed180;  1 drivers
v0000023c598eda40_0 .net/s "w_1", 31 0, o0000023c5989d6a8;  0 drivers
v0000023c598ee440_0 .net/s "w_2", 31 0, o0000023c5989d6d8;  0 drivers
v0000023c598eeda0_0 .net/s "w_3", 31 0, o0000023c5989d708;  0 drivers
v0000023c598ed900_0 .net/s "w_4", 31 0, o0000023c5989d738;  0 drivers
v0000023c598ee940_0 .net/s "w_5", 31 0, o0000023c5989d768;  0 drivers
v0000023c598ee1c0_0 .net/s "w_6", 31 0, o0000023c5989d798;  0 drivers
v0000023c598ed9a0_0 .net/s "w_7", 31 0, o0000023c5989d7c8;  0 drivers
v0000023c598edcc0_0 .net/s "w_8", 31 0, o0000023c5989d7f8;  0 drivers
v0000023c598eee40_0 .net/s "w_9", 31 0, o0000023c5989d828;  0 drivers
v0000023c598ecfa0 .array "w_arr", 9 1;
v0000023c598ecfa0_0 .net/s v0000023c598ecfa0 0, 31 0, L_0000023c5988e7d0; 1 drivers
v0000023c598ecfa0_1 .net/s v0000023c598ecfa0 1, 31 0, L_0000023c5988ea00; 1 drivers
v0000023c598ecfa0_2 .net/s v0000023c598ecfa0 2, 31 0, L_0000023c5988f170; 1 drivers
v0000023c598ecfa0_3 .net/s v0000023c598ecfa0 3, 31 0, L_0000023c5988f480; 1 drivers
v0000023c598ecfa0_4 .net/s v0000023c598ecfa0 4, 31 0, L_0000023c5988f2c0; 1 drivers
v0000023c598ecfa0_5 .net/s v0000023c598ecfa0 5, 31 0, L_0000023c5988eae0; 1 drivers
v0000023c598ecfa0_6 .net/s v0000023c598ecfa0 6, 31 0, L_0000023c5988f250; 1 drivers
v0000023c598ecfa0_7 .net/s v0000023c598ecfa0 7, 31 0, L_0000023c5988e840; 1 drivers
v0000023c598ecfa0_8 .net/s v0000023c598ecfa0 8, 31 0, L_0000023c5988f330; 1 drivers
v0000023c598ed040_0 .net/s "y", 31 0, L_0000023c598f0ab0;  1 drivers
L_0000023c598ee4e0 .arith/sum 32, L_0000023c598edae0, L_0000023c598ed4a0;
L_0000023c598ee260 .arith/sum 32, L_0000023c598ee4e0, L_0000023c598edea0;
L_0000023c598eea80 .arith/sum 32, L_0000023c598ee800, L_0000023c598edb80;
L_0000023c598ed860 .arith/sum 32, L_0000023c598eea80, L_0000023c598edc20;
L_0000023c598eeb20 .arith/sum 32, L_0000023c598ede00, L_0000023c598edfe0;
L_0000023c598ed540 .arith/sum 32, L_0000023c598eeb20, L_0000023c598ee6c0;
L_0000023c598ee080 .arith/sum 32, L_0000023c598ee260, L_0000023c598ed860;
L_0000023c598ed180 .arith/sum 32, L_0000023c598ee080, L_0000023c598ed540;
S_0000023c59875520 .scope module, "activate_func" "tanh" 2 55, 3 4 0, S_0000023c59842980;
 .timescale 0 0;
    .port_info 0 /INPUT 32 "a";
    .port_info 1 /OUTPUT 32 "y";
P_0000023c5988e010 .param/l "WIDTH" 0 3 5, +C4<00000000000000000000000000100000>;
v0000023c59842de0_0 .net "a", 31 0, L_0000023c598ed180;  alias, 1 drivers
v0000023c598756b0_0 .net "y", 31 0, o0000023c5989caa8;  alias, 0 drivers
S_0000023c59875750 .scope generate, "genblk1[1]" "genblk1[1]" 2 43, 2 43 0, S_0000023c59842980;
 .timescale 0 0;
P_0000023c5988da90 .param/l "i" 0 2 43, +C4<01>;
L_0000023c598ee760 .arith/mult 32, L_0000023c5988ebc0, L_0000023c5988e7d0;
L_0000023c598edae0 .arith/sum 32, L_0000023c598ee760, L_0000023c5988f3a0;
S_0000023c5986c260 .scope generate, "genblk1[2]" "genblk1[2]" 2 43, 2 43 0, S_0000023c59842980;
 .timescale 0 0;
P_0000023c5988e390 .param/l "i" 0 2 43, +C4<010>;
L_0000023c598ee9e0 .arith/mult 32, L_0000023c5988eb50, L_0000023c5988ea00;
L_0000023c598ed4a0 .arith/sum 32, L_0000023c598ee9e0, L_0000023c5988f4f0;
S_0000023c5986c3f0 .scope generate, "genblk1[3]" "genblk1[3]" 2 43, 2 43 0, S_0000023c59842980;
 .timescale 0 0;
P_0000023c5988e350 .param/l "i" 0 2 43, +C4<011>;
L_0000023c598edd60 .arith/mult 32, L_0000023c5988eca0, L_0000023c5988f170;
L_0000023c598edea0 .arith/sum 32, L_0000023c598edd60, L_0000023c5988e8b0;
S_0000023c5986c580 .scope generate, "genblk1[4]" "genblk1[4]" 2 43, 2 43 0, S_0000023c59842980;
 .timescale 0 0;
P_0000023c5988e050 .param/l "i" 0 2 43, +C4<0100>;
L_0000023c598ee580 .arith/mult 32, L_0000023c5988ee60, L_0000023c5988f480;
L_0000023c598ee800 .arith/sum 32, L_0000023c598ee580, L_0000023c5988e610;
S_0000023c5986c710 .scope generate, "genblk1[5]" "genblk1[5]" 2 43, 2 43 0, S_0000023c59842980;
 .timescale 0 0;
P_0000023c5988e490 .param/l "i" 0 2 43, +C4<0101>;
L_0000023c598ed720 .arith/mult 32, L_0000023c5988f1e0, L_0000023c5988f2c0;
L_0000023c598edb80 .arith/sum 32, L_0000023c598ed720, L_0000023c5988e680;
S_0000023c5986c8a0 .scope generate, "genblk1[6]" "genblk1[6]" 2 43, 2 43 0, S_0000023c59842980;
 .timescale 0 0;
P_0000023c5988e0d0 .param/l "i" 0 2 43, +C4<0110>;
L_0000023c598ee8a0 .arith/mult 32, L_0000023c5988f090, L_0000023c5988eae0;
L_0000023c598edc20 .arith/sum 32, L_0000023c598ee8a0, L_0000023c5988e6f0;
S_0000023c5986ca30 .scope generate, "genblk1[7]" "genblk1[7]" 2 43, 2 43 0, S_0000023c59842980;
 .timescale 0 0;
P_0000023c5988dc90 .param/l "i" 0 2 43, +C4<0111>;
L_0000023c598ed0e0 .arith/mult 32, L_0000023c5988f100, L_0000023c5988f250;
L_0000023c598ede00 .arith/sum 32, L_0000023c598ed0e0, L_0000023c5988e920;
S_0000023c5986cbc0 .scope generate, "genblk1[8]" "genblk1[8]" 2 43, 2 43 0, S_0000023c59842980;
 .timescale 0 0;
P_0000023c5988d990 .param/l "i" 0 2 43, +C4<01000>;
L_0000023c598edf40 .arith/mult 32, L_0000023c5988ec30, L_0000023c5988e840;
L_0000023c598edfe0 .arith/sum 32, L_0000023c598edf40, L_0000023c5988e990;
S_0000023c5986cd50 .scope generate, "genblk1[9]" "genblk1[9]" 2 43, 2 43 0, S_0000023c59842980;
 .timescale 0 0;
P_0000023c5988e190 .param/l "i" 0 2 43, +C4<01001>;
L_0000023c598eebc0 .arith/mult 32, L_0000023c5988edf0, L_0000023c5988f330;
L_0000023c598ee6c0 .arith/sum 32, L_0000023c598eebc0, L_0000023c5986e5c0;
# The file index is used to find the file name in the following table.
:file_names 4;
    "N/A";
    "<interactive>";
    "neuron_b.v";
    "./Util/tanh.v";
