#! /c/Source/iverilog-install/bin/vvp
:ivl_version "12.0 (devel)" "(s20150603-1539-g2693dd32b)";
:ivl_delay_selection "TYPICAL";
:vpi_time_precision + 0;
:vpi_module "C:\iverilog\lib\ivl\system.vpi";
:vpi_module "C:\iverilog\lib\ivl\vhdl_sys.vpi";
:vpi_module "C:\iverilog\lib\ivl\vhdl_textio.vpi";
:vpi_module "C:\iverilog\lib\ivl\v2005_math.vpi";
:vpi_module "C:\iverilog\lib\ivl\va_math.vpi";
S_000001e233559e00 .scope module, "w_mem" "w_mem" 2 4;
 .timescale 0 0;
    .port_info 0 /INPUT 4 "choice";
    .port_info 1 /OUTPUT 192 "wg2";
    .port_info 2 /OUTPUT 864 "wg3";
    .port_info 3 /OUTPUT 864 "wd2";
    .port_info 4 /OUTPUT 96 "wd3";
P_000001e23354c0d0 .param/l "N_D_L2" 0 2 9, +C4<00000000000000000000000000000011>;
P_000001e23354c108 .param/l "N_D_L3" 0 2 10, +C4<00000000000000000000000000000001>;
P_000001e23354c140 .param/l "N_G_L2" 0 2 7, +C4<00000000000000000000000000000011>;
P_000001e23354c178 .param/l "N_G_L3" 0 2 8, +C4<00000000000000000000000000001001>;
P_000001e23354c1b0 .param/l "N_INPUT" 0 2 6, +C4<00000000000000000000000000000010>;
P_000001e23354c1e8 .param/l "WIDTH" 0 2 5, +C4<00000000000000000000000000100000>;
v000001e23352ddb0_0 .net *"_ivl_497", 0 0, L_000001e233523080;  1 drivers
v000001e23352f570_0 .net *"_ivl_501", 0 0, L_000001e233523e40;  1 drivers
v000001e23352f890_0 .net *"_ivl_505", 0 0, L_000001e2335233a0;  1 drivers
v000001e23352f9d0_0 .net *"_ivl_509", 0 0, L_000001e2335234e0;  1 drivers
o000001e2335a0148 .functor BUFZ 4, C4<zzzz>; HiZ drive
v000001e23352fa70_0 .net "choice", 3 0, o000001e2335a0148;  0 drivers
L_000001e2335d09e0 .functor BUFT 1, C4<11111111110100100111110100110111>, C4<0>, C4<0>, C4<0>;
v000001e23352fb10 .array "d0_l2", 26 0;
v000001e23352fb10_0 .net/s v000001e23352fb10 0, 31 0, L_000001e2335d09e0; 1 drivers
L_000001e2335d0a28 .functor BUFT 1, C4<11111111110011000101111000011101>, C4<0>, C4<0>, C4<0>;
v000001e23352fb10_1 .net/s v000001e23352fb10 1, 31 0, L_000001e2335d0a28; 1 drivers
L_000001e2335d0a70 .functor BUFT 1, C4<11111111101000000001100111010010>, C4<0>, C4<0>, C4<0>;
v000001e23352fb10_2 .net/s v000001e23352fb10 2, 31 0, L_000001e2335d0a70; 1 drivers
L_000001e2335d0ab8 .functor BUFT 1, C4<11111111101101010101011000100000>, C4<0>, C4<0>, C4<0>;
v000001e23352fb10_3 .net/s v000001e23352fb10 3, 31 0, L_000001e2335d0ab8; 1 drivers
L_000001e2335d0b00 .functor BUFT 1, C4<00000000010100010100110100100011>, C4<0>, C4<0>, C4<0>;
v000001e23352fb10_4 .net/s v000001e23352fb10 4, 31 0, L_000001e2335d0b00; 1 drivers
L_000001e2335d0b48 .functor BUFT 1, C4<11111111101101101011101010100000>, C4<0>, C4<0>, C4<0>;
v000001e23352fb10_5 .net/s v000001e23352fb10 5, 31 0, L_000001e2335d0b48; 1 drivers
L_000001e2335d0b90 .functor BUFT 1, C4<11111111101110101110111010100001>, C4<0>, C4<0>, C4<0>;
v000001e23352fb10_6 .net/s v000001e23352fb10 6, 31 0, L_000001e2335d0b90; 1 drivers
L_000001e2335d0bd8 .functor BUFT 1, C4<11111111101010001010101001011001>, C4<0>, C4<0>, C4<0>;
v000001e23352fb10_7 .net/s v000001e23352fb10 7, 31 0, L_000001e2335d0bd8; 1 drivers
L_000001e2335d0c20 .functor BUFT 1, C4<11111111110010001111100110011101>, C4<0>, C4<0>, C4<0>;
v000001e23352fb10_8 .net/s v000001e23352fb10 8, 31 0, L_000001e2335d0c20; 1 drivers
L_000001e2335d0c68 .functor BUFT 1, C4<11111111101010000110110010100001>, C4<0>, C4<0>, C4<0>;
v000001e23352fb10_9 .net/s v000001e23352fb10 9, 31 0, L_000001e2335d0c68; 1 drivers
L_000001e2335d0cb0 .functor BUFT 1, C4<11111111110001110001111110100010>, C4<0>, C4<0>, C4<0>;
v000001e23352fb10_10 .net/s v000001e23352fb10 10, 31 0, L_000001e2335d0cb0; 1 drivers
L_000001e2335d0cf8 .functor BUFT 1, C4<11111111110111100001101101111101>, C4<0>, C4<0>, C4<0>;
v000001e23352fb10_11 .net/s v000001e23352fb10 11, 31 0, L_000001e2335d0cf8; 1 drivers
L_000001e2335d0d40 .functor BUFT 1, C4<11111111110100100000010000001110>, C4<0>, C4<0>, C4<0>;
v000001e23352fb10_12 .net/s v000001e23352fb10 12, 31 0, L_000001e2335d0d40; 1 drivers
L_000001e2335d0d88 .functor BUFT 1, C4<00000000001100010011110001011101>, C4<0>, C4<0>, C4<0>;
v000001e23352fb10_13 .net/s v000001e23352fb10 13, 31 0, L_000001e2335d0d88; 1 drivers
L_000001e2335d0dd0 .functor BUFT 1, C4<11111111110110001101101100000010>, C4<0>, C4<0>, C4<0>;
v000001e23352fb10_14 .net/s v000001e23352fb10 14, 31 0, L_000001e2335d0dd0; 1 drivers
L_000001e2335d0e18 .functor BUFT 1, C4<11111111101100110101010001001101>, C4<0>, C4<0>, C4<0>;
v000001e23352fb10_15 .net/s v000001e23352fb10 15, 31 0, L_000001e2335d0e18; 1 drivers
L_000001e2335d0e60 .functor BUFT 1, C4<11111111111011010001101100000100>, C4<0>, C4<0>, C4<0>;
v000001e23352fb10_16 .net/s v000001e23352fb10 16, 31 0, L_000001e2335d0e60; 1 drivers
L_000001e2335d0ea8 .functor BUFT 1, C4<11111111110100010001000100111001>, C4<0>, C4<0>, C4<0>;
v000001e23352fb10_17 .net/s v000001e23352fb10 17, 31 0, L_000001e2335d0ea8; 1 drivers
L_000001e2335d0ef0 .functor BUFT 1, C4<00000000001101010111100110001110>, C4<0>, C4<0>, C4<0>;
v000001e23352fb10_18 .net/s v000001e23352fb10 18, 31 0, L_000001e2335d0ef0; 1 drivers
L_000001e2335d0f38 .functor BUFT 1, C4<00000000010001011101010001000110>, C4<0>, C4<0>, C4<0>;
v000001e23352fb10_19 .net/s v000001e23352fb10 19, 31 0, L_000001e2335d0f38; 1 drivers
L_000001e2335d0f80 .functor BUFT 1, C4<00000000000101111111001110001111>, C4<0>, C4<0>, C4<0>;
v000001e23352fb10_20 .net/s v000001e23352fb10 20, 31 0, L_000001e2335d0f80; 1 drivers
L_000001e2335d0fc8 .functor BUFT 1, C4<00000000000110000101101001001000>, C4<0>, C4<0>, C4<0>;
v000001e23352fb10_21 .net/s v000001e23352fb10 21, 31 0, L_000001e2335d0fc8; 1 drivers
L_000001e2335d1010 .functor BUFT 1, C4<11111111111000011111001000011100>, C4<0>, C4<0>, C4<0>;
v000001e23352fb10_22 .net/s v000001e23352fb10 22, 31 0, L_000001e2335d1010; 1 drivers
L_000001e2335d1058 .functor BUFT 1, C4<00000000001000100001110000101011>, C4<0>, C4<0>, C4<0>;
v000001e23352fb10_23 .net/s v000001e23352fb10 23, 31 0, L_000001e2335d1058; 1 drivers
L_000001e2335d10a0 .functor BUFT 1, C4<00000000000010111111100111111101>, C4<0>, C4<0>, C4<0>;
v000001e23352fb10_24 .net/s v000001e23352fb10 24, 31 0, L_000001e2335d10a0; 1 drivers
L_000001e2335d10e8 .functor BUFT 1, C4<00000000000111011110110011001011>, C4<0>, C4<0>, C4<0>;
v000001e23352fb10_25 .net/s v000001e23352fb10 25, 31 0, L_000001e2335d10e8; 1 drivers
L_000001e2335d1130 .functor BUFT 1, C4<00000000010000011111101101101110>, C4<0>, C4<0>, C4<0>;
v000001e23352fb10_26 .net/s v000001e23352fb10 26, 31 0, L_000001e2335d1130; 1 drivers
L_000001e2335d1b08 .functor BUFT 1, C4<11111111111001010001011101101111>, C4<0>, C4<0>, C4<0>;
v000001e233523c60 .array "d1_l2", 26 0;
v000001e233523c60_0 .net/s v000001e233523c60 0, 31 0, L_000001e2335d1b08; 1 drivers
L_000001e2335d1b50 .functor BUFT 1, C4<00000000001010101100110110110110>, C4<0>, C4<0>, C4<0>;
v000001e233523c60_1 .net/s v000001e233523c60 1, 31 0, L_000001e2335d1b50; 1 drivers
L_000001e2335d1b98 .functor BUFT 1, C4<11111111101110010110111010100000>, C4<0>, C4<0>, C4<0>;
v000001e233523c60_2 .net/s v000001e233523c60 2, 31 0, L_000001e2335d1b98; 1 drivers
L_000001e2335d1be0 .functor BUFT 1, C4<00000000000111110110001001001100>, C4<0>, C4<0>, C4<0>;
v000001e233523c60_3 .net/s v000001e233523c60 3, 31 0, L_000001e2335d1be0; 1 drivers
L_000001e2335d1c28 .functor BUFT 1, C4<00000000000111010010100011000100>, C4<0>, C4<0>, C4<0>;
v000001e233523c60_4 .net/s v000001e233523c60 4, 31 0, L_000001e2335d1c28; 1 drivers
L_000001e2335d1c70 .functor BUFT 1, C4<00000000001011000110000001011101>, C4<0>, C4<0>, C4<0>;
v000001e233523c60_5 .net/s v000001e233523c60 5, 31 0, L_000001e2335d1c70; 1 drivers
L_000001e2335d1cb8 .functor BUFT 1, C4<11111111111011101111011010010111>, C4<0>, C4<0>, C4<0>;
v000001e233523c60_6 .net/s v000001e233523c60 6, 31 0, L_000001e2335d1cb8; 1 drivers
L_000001e2335d1d00 .functor BUFT 1, C4<00000000000100010000011111111101>, C4<0>, C4<0>, C4<0>;
v000001e233523c60_7 .net/s v000001e233523c60 7, 31 0, L_000001e2335d1d00; 1 drivers
L_000001e2335d1d48 .functor BUFT 1, C4<11111111111010110001111010100000>, C4<0>, C4<0>, C4<0>;
v000001e233523c60_8 .net/s v000001e233523c60 8, 31 0, L_000001e2335d1d48; 1 drivers
L_000001e2335d1d90 .functor BUFT 1, C4<11111111100110101110010101000011>, C4<0>, C4<0>, C4<0>;
v000001e233523c60_9 .net/s v000001e233523c60 9, 31 0, L_000001e2335d1d90; 1 drivers
L_000001e2335d1dd8 .functor BUFT 1, C4<00000000010101000100000001100010>, C4<0>, C4<0>, C4<0>;
v000001e233523c60_10 .net/s v000001e233523c60 10, 31 0, L_000001e2335d1dd8; 1 drivers
L_000001e2335d1e20 .functor BUFT 1, C4<11111111101010001001110101000010>, C4<0>, C4<0>, C4<0>;
v000001e233523c60_11 .net/s v000001e233523c60 11, 31 0, L_000001e2335d1e20; 1 drivers
L_000001e2335d1e68 .functor BUFT 1, C4<00000000010011110010100010110000>, C4<0>, C4<0>, C4<0>;
v000001e233523c60_12 .net/s v000001e233523c60 12, 31 0, L_000001e2335d1e68; 1 drivers
L_000001e2335d1eb0 .functor BUFT 1, C4<00000000010101101011011111010101>, C4<0>, C4<0>, C4<0>;
v000001e233523c60_13 .net/s v000001e233523c60 13, 31 0, L_000001e2335d1eb0; 1 drivers
L_000001e2335d1ef8 .functor BUFT 1, C4<00000000010100010110111101110001>, C4<0>, C4<0>, C4<0>;
v000001e233523c60_14 .net/s v000001e233523c60 14, 31 0, L_000001e2335d1ef8; 1 drivers
L_000001e2335d1f40 .functor BUFT 1, C4<11111111101000010101000101111111>, C4<0>, C4<0>, C4<0>;
v000001e233523c60_15 .net/s v000001e233523c60 15, 31 0, L_000001e2335d1f40; 1 drivers
L_000001e2335d1f88 .functor BUFT 1, C4<00000000010111110000000101001110>, C4<0>, C4<0>, C4<0>;
v000001e233523c60_16 .net/s v000001e233523c60 16, 31 0, L_000001e2335d1f88; 1 drivers
L_000001e2335d1fd0 .functor BUFT 1, C4<11111111100111001110110100001001>, C4<0>, C4<0>, C4<0>;
v000001e233523c60_17 .net/s v000001e233523c60 17, 31 0, L_000001e2335d1fd0; 1 drivers
L_000001e2335d2018 .functor BUFT 1, C4<00000000001010010111100111001111>, C4<0>, C4<0>, C4<0>;
v000001e233523c60_18 .net/s v000001e233523c60 18, 31 0, L_000001e2335d2018; 1 drivers
L_000001e2335d2060 .functor BUFT 1, C4<00000000000111011111001001110000>, C4<0>, C4<0>, C4<0>;
v000001e233523c60_19 .net/s v000001e233523c60 19, 31 0, L_000001e2335d2060; 1 drivers
L_000001e2335d20a8 .functor BUFT 1, C4<11111111111111111110111110111101>, C4<0>, C4<0>, C4<0>;
v000001e233523c60_20 .net/s v000001e233523c60 20, 31 0, L_000001e2335d20a8; 1 drivers
L_000001e2335d20f0 .functor BUFT 1, C4<11111111111001001111110110010001>, C4<0>, C4<0>, C4<0>;
v000001e233523c60_21 .net/s v000001e233523c60 21, 31 0, L_000001e2335d20f0; 1 drivers
L_000001e2335d2138 .functor BUFT 1, C4<00000000000010101111010110011100>, C4<0>, C4<0>, C4<0>;
v000001e233523c60_22 .net/s v000001e233523c60 22, 31 0, L_000001e2335d2138; 1 drivers
L_000001e2335d2180 .functor BUFT 1, C4<11111111111001010001110010101101>, C4<0>, C4<0>, C4<0>;
v000001e233523c60_23 .net/s v000001e233523c60 23, 31 0, L_000001e2335d2180; 1 drivers
L_000001e2335d21c8 .functor BUFT 1, C4<11111111111010000111010101100000>, C4<0>, C4<0>, C4<0>;
v000001e233523c60_24 .net/s v000001e233523c60 24, 31 0, L_000001e2335d21c8; 1 drivers
L_000001e2335d2210 .functor BUFT 1, C4<11111111111001110110101000100011>, C4<0>, C4<0>, C4<0>;
v000001e233523c60_25 .net/s v000001e233523c60 25, 31 0, L_000001e2335d2210; 1 drivers
L_000001e2335d2258 .functor BUFT 1, C4<00000000001000011010111011101010>, C4<0>, C4<0>, C4<0>;
v000001e233523c60_26 .net/s v000001e233523c60 26, 31 0, L_000001e2335d2258; 1 drivers
L_000001e2335d0098 .functor BUFT 1, C4<11111111111111110001001101101011>, C4<0>, C4<0>, C4<0>;
v000001e233522c20 .array "g0_l2", 5 0;
v000001e233522c20_0 .net/s v000001e233522c20 0, 31 0, L_000001e2335d0098; 1 drivers
L_000001e2335d00e0 .functor BUFT 1, C4<00000000000000111011000101101100>, C4<0>, C4<0>, C4<0>;
v000001e233522c20_1 .net/s v000001e233522c20 1, 31 0, L_000001e2335d00e0; 1 drivers
L_000001e2335d0128 .functor BUFT 1, C4<00000000000100010000000110001011>, C4<0>, C4<0>, C4<0>;
v000001e233522c20_2 .net/s v000001e233522c20 2, 31 0, L_000001e2335d0128; 1 drivers
L_000001e2335d0170 .functor BUFT 1, C4<00000000000000111010000101000001>, C4<0>, C4<0>, C4<0>;
v000001e233522c20_3 .net/s v000001e233522c20 3, 31 0, L_000001e2335d0170; 1 drivers
L_000001e2335d01b8 .functor BUFT 1, C4<11111111110011010000001010100111>, C4<0>, C4<0>, C4<0>;
v000001e233522c20_4 .net/s v000001e233522c20 4, 31 0, L_000001e2335d01b8; 1 drivers
L_000001e2335d0200 .functor BUFT 1, C4<11111111111000101010101100000111>, C4<0>, C4<0>, C4<0>;
v000001e233522c20_5 .net/s v000001e233522c20 5, 31 0, L_000001e2335d0200; 1 drivers
L_000001e2335d0248 .functor BUFT 1, C4<00000000101001001000111001000100>, C4<0>, C4<0>, C4<0>;
v000001e233523580 .array "g0_l3", 26 0;
v000001e233523580_0 .net/s v000001e233523580 0, 31 0, L_000001e2335d0248; 1 drivers
L_000001e2335d0290 .functor BUFT 1, C4<00000000010011101111001101101110>, C4<0>, C4<0>, C4<0>;
v000001e233523580_1 .net/s v000001e233523580 1, 31 0, L_000001e2335d0290; 1 drivers
L_000001e2335d02d8 .functor BUFT 1, C4<00000000001000101110010011010010>, C4<0>, C4<0>, C4<0>;
v000001e233523580_2 .net/s v000001e233523580 2, 31 0, L_000001e2335d02d8; 1 drivers
L_000001e2335d0320 .functor BUFT 1, C4<00000000110000010010011000101011>, C4<0>, C4<0>, C4<0>;
v000001e233523580_3 .net/s v000001e233523580 3, 31 0, L_000001e2335d0320; 1 drivers
L_000001e2335d0368 .functor BUFT 1, C4<00000000010101000000011011111000>, C4<0>, C4<0>, C4<0>;
v000001e233523580_4 .net/s v000001e233523580 4, 31 0, L_000001e2335d0368; 1 drivers
L_000001e2335d03b0 .functor BUFT 1, C4<00000000001011111111010000100100>, C4<0>, C4<0>, C4<0>;
v000001e233523580_5 .net/s v000001e233523580 5, 31 0, L_000001e2335d03b0; 1 drivers
L_000001e2335d03f8 .functor BUFT 1, C4<00000000111010000101010011111101>, C4<0>, C4<0>, C4<0>;
v000001e233523580_6 .net/s v000001e233523580 6, 31 0, L_000001e2335d03f8; 1 drivers
L_000001e2335d0440 .functor BUFT 1, C4<00000000011011100011001101001101>, C4<0>, C4<0>, C4<0>;
v000001e233523580_7 .net/s v000001e233523580 7, 31 0, L_000001e2335d0440; 1 drivers
L_000001e2335d0488 .functor BUFT 1, C4<00000000001001110010001010010101>, C4<0>, C4<0>, C4<0>;
v000001e233523580_8 .net/s v000001e233523580 8, 31 0, L_000001e2335d0488; 1 drivers
L_000001e2335d04d0 .functor BUFT 1, C4<00000000111011011111010001011000>, C4<0>, C4<0>, C4<0>;
v000001e233523580_9 .net/s v000001e233523580 9, 31 0, L_000001e2335d04d0; 1 drivers
L_000001e2335d0518 .functor BUFT 1, C4<00000000011100110000001011101110>, C4<0>, C4<0>, C4<0>;
v000001e233523580_10 .net/s v000001e233523580 10, 31 0, L_000001e2335d0518; 1 drivers
L_000001e2335d0560 .functor BUFT 1, C4<00000000000011110111101100011000>, C4<0>, C4<0>, C4<0>;
v000001e233523580_11 .net/s v000001e233523580 11, 31 0, L_000001e2335d0560; 1 drivers
L_000001e2335d05a8 .functor BUFT 1, C4<11111111000110010101000110011010>, C4<0>, C4<0>, C4<0>;
v000001e233523580_12 .net/s v000001e233523580 12, 31 0, L_000001e2335d05a8; 1 drivers
L_000001e2335d05f0 .functor BUFT 1, C4<11111111110001111100000010110000>, C4<0>, C4<0>, C4<0>;
v000001e233523580_13 .net/s v000001e233523580 13, 31 0, L_000001e2335d05f0; 1 drivers
L_000001e2335d0638 .functor BUFT 1, C4<11111111111111101110100000100011>, C4<0>, C4<0>, C4<0>;
v000001e233523580_14 .net/s v000001e233523580 14, 31 0, L_000001e2335d0638; 1 drivers
L_000001e2335d0680 .functor BUFT 1, C4<00000001000000010101101101110000>, C4<0>, C4<0>, C4<0>;
v000001e233523580_15 .net/s v000001e233523580 15, 31 0, L_000001e2335d0680; 1 drivers
L_000001e2335d06c8 .functor BUFT 1, C4<00000000011001000110000011010001>, C4<0>, C4<0>, C4<0>;
v000001e233523580_16 .net/s v000001e233523580 16, 31 0, L_000001e2335d06c8; 1 drivers
L_000001e2335d0710 .functor BUFT 1, C4<00000000000001000011000111010000>, C4<0>, C4<0>, C4<0>;
v000001e233523580_17 .net/s v000001e233523580 17, 31 0, L_000001e2335d0710; 1 drivers
L_000001e2335d0758 .functor BUFT 1, C4<00000000110101000001101000000110>, C4<0>, C4<0>, C4<0>;
v000001e233523580_18 .net/s v000001e233523580 18, 31 0, L_000001e2335d0758; 1 drivers
L_000001e2335d07a0 .functor BUFT 1, C4<00000000001111010000010001100100>, C4<0>, C4<0>, C4<0>;
v000001e233523580_19 .net/s v000001e233523580 19, 31 0, L_000001e2335d07a0; 1 drivers
L_000001e2335d07e8 .functor BUFT 1, C4<00000000001011000011010101011100>, C4<0>, C4<0>, C4<0>;
v000001e233523580_20 .net/s v000001e233523580 20, 31 0, L_000001e2335d07e8; 1 drivers
L_000001e2335d0830 .functor BUFT 1, C4<00000000110001111101001100111001>, C4<0>, C4<0>, C4<0>;
v000001e233523580_21 .net/s v000001e233523580 21, 31 0, L_000001e2335d0830; 1 drivers
L_000001e2335d0878 .functor BUFT 1, C4<00000000011010110011111011111100>, C4<0>, C4<0>, C4<0>;
v000001e233523580_22 .net/s v000001e233523580 22, 31 0, L_000001e2335d0878; 1 drivers
L_000001e2335d08c0 .functor BUFT 1, C4<11111111111111011011100010110110>, C4<0>, C4<0>, C4<0>;
v000001e233523580_23 .net/s v000001e233523580 23, 31 0, L_000001e2335d08c0; 1 drivers
L_000001e2335d0908 .functor BUFT 1, C4<00000000110000100001110000111101>, C4<0>, C4<0>, C4<0>;
v000001e233523580_24 .net/s v000001e233523580 24, 31 0, L_000001e2335d0908; 1 drivers
L_000001e2335d0950 .functor BUFT 1, C4<00000000011110100001111000001110>, C4<0>, C4<0>, C4<0>;
v000001e233523580_25 .net/s v000001e233523580 25, 31 0, L_000001e2335d0950; 1 drivers
L_000001e2335d0998 .functor BUFT 1, C4<11111111111111111100010011110100>, C4<0>, C4<0>, C4<0>;
v000001e233523580_26 .net/s v000001e233523580 26, 31 0, L_000001e2335d0998; 1 drivers
L_000001e2335d11c0 .functor BUFT 1, C4<00000000000000110001101100100011>, C4<0>, C4<0>, C4<0>;
v000001e233522ea0 .array "g1_l2", 5 0;
v000001e233522ea0_0 .net/s v000001e233522ea0 0, 31 0, L_000001e2335d11c0; 1 drivers
L_000001e2335d1208 .functor BUFT 1, C4<00000000000010110001111100101101>, C4<0>, C4<0>, C4<0>;
v000001e233522ea0_1 .net/s v000001e233522ea0 1, 31 0, L_000001e2335d1208; 1 drivers
L_000001e2335d1250 .functor BUFT 1, C4<00000000000001100110100110001100>, C4<0>, C4<0>, C4<0>;
v000001e233522ea0_2 .net/s v000001e233522ea0 2, 31 0, L_000001e2335d1250; 1 drivers
L_000001e2335d1298 .functor BUFT 1, C4<11111111111101110101010101110100>, C4<0>, C4<0>, C4<0>;
v000001e233522ea0_3 .net/s v000001e233522ea0 3, 31 0, L_000001e2335d1298; 1 drivers
L_000001e2335d12e0 .functor BUFT 1, C4<11111111111101011000111101101011>, C4<0>, C4<0>, C4<0>;
v000001e233522ea0_4 .net/s v000001e233522ea0 4, 31 0, L_000001e2335d12e0; 1 drivers
L_000001e2335d1328 .functor BUFT 1, C4<11111111111101111111000001101011>, C4<0>, C4<0>, C4<0>;
v000001e233522ea0_5 .net/s v000001e233522ea0 5, 31 0, L_000001e2335d1328; 1 drivers
L_000001e2335d1370 .functor BUFT 1, C4<11111111110110001010001110110010>, C4<0>, C4<0>, C4<0>;
v000001e233524200 .array "g1_l3", 26 0;
v000001e233524200_0 .net/s v000001e233524200 0, 31 0, L_000001e2335d1370; 1 drivers
L_000001e2335d13b8 .functor BUFT 1, C4<11111111100010110000011010010010>, C4<0>, C4<0>, C4<0>;
v000001e233524200_1 .net/s v000001e233524200 1, 31 0, L_000001e2335d13b8; 1 drivers
L_000001e2335d1400 .functor BUFT 1, C4<00000000100000000000010101111011>, C4<0>, C4<0>, C4<0>;
v000001e233524200_2 .net/s v000001e233524200 2, 31 0, L_000001e2335d1400; 1 drivers
L_000001e2335d1448 .functor BUFT 1, C4<00000000001001110110110100111011>, C4<0>, C4<0>, C4<0>;
v000001e233524200_3 .net/s v000001e233524200 3, 31 0, L_000001e2335d1448; 1 drivers
L_000001e2335d1490 .functor BUFT 1, C4<00000000100001001010101000000000>, C4<0>, C4<0>, C4<0>;
v000001e233524200_4 .net/s v000001e233524200 4, 31 0, L_000001e2335d1490; 1 drivers
L_000001e2335d14d8 .functor BUFT 1, C4<11111111100011101001110001101000>, C4<0>, C4<0>, C4<0>;
v000001e233524200_5 .net/s v000001e233524200 5, 31 0, L_000001e2335d14d8; 1 drivers
L_000001e2335d1520 .functor BUFT 1, C4<00000000001110110011010110010111>, C4<0>, C4<0>, C4<0>;
v000001e233524200_6 .net/s v000001e233524200 6, 31 0, L_000001e2335d1520; 1 drivers
L_000001e2335d1568 .functor BUFT 1, C4<11111111100111101011011000001100>, C4<0>, C4<0>, C4<0>;
v000001e233524200_7 .net/s v000001e233524200 7, 31 0, L_000001e2335d1568; 1 drivers
L_000001e2335d15b0 .functor BUFT 1, C4<00000000100111110001100111100101>, C4<0>, C4<0>, C4<0>;
v000001e233524200_8 .net/s v000001e233524200 8, 31 0, L_000001e2335d15b0; 1 drivers
L_000001e2335d15f8 .functor BUFT 1, C4<00000000011000001000010101100000>, C4<0>, C4<0>, C4<0>;
v000001e233524200_9 .net/s v000001e233524200 9, 31 0, L_000001e2335d15f8; 1 drivers
L_000001e2335d1640 .functor BUFT 1, C4<00000000100101000101001111001001>, C4<0>, C4<0>, C4<0>;
v000001e233524200_10 .net/s v000001e233524200 10, 31 0, L_000001e2335d1640; 1 drivers
L_000001e2335d1688 .functor BUFT 1, C4<11111111100001001110000001111100>, C4<0>, C4<0>, C4<0>;
v000001e233524200_11 .net/s v000001e233524200 11, 31 0, L_000001e2335d1688; 1 drivers
L_000001e2335d16d0 .functor BUFT 1, C4<11111111111110100011100110001111>, C4<0>, C4<0>, C4<0>;
v000001e233524200_12 .net/s v000001e233524200 12, 31 0, L_000001e2335d16d0; 1 drivers
L_000001e2335d1718 .functor BUFT 1, C4<00000000101000001001000110100100>, C4<0>, C4<0>, C4<0>;
v000001e233524200_13 .net/s v000001e233524200 13, 31 0, L_000001e2335d1718; 1 drivers
L_000001e2335d1760 .functor BUFT 1, C4<11111111100001101111101001110100>, C4<0>, C4<0>, C4<0>;
v000001e233524200_14 .net/s v000001e233524200 14, 31 0, L_000001e2335d1760; 1 drivers
L_000001e2335d17a8 .functor BUFT 1, C4<00000000011001110110110000100101>, C4<0>, C4<0>, C4<0>;
v000001e233524200_15 .net/s v000001e233524200 15, 31 0, L_000001e2335d17a8; 1 drivers
L_000001e2335d17f0 .functor BUFT 1, C4<00000000011111100110100111000001>, C4<0>, C4<0>, C4<0>;
v000001e233524200_16 .net/s v000001e233524200 16, 31 0, L_000001e2335d17f0; 1 drivers
L_000001e2335d1838 .functor BUFT 1, C4<11111111011110111001111000101011>, C4<0>, C4<0>, C4<0>;
v000001e233524200_17 .net/s v000001e233524200 17, 31 0, L_000001e2335d1838; 1 drivers
L_000001e2335d1880 .functor BUFT 1, C4<11111111111101110101011001000111>, C4<0>, C4<0>, C4<0>;
v000001e233524200_18 .net/s v000001e233524200 18, 31 0, L_000001e2335d1880; 1 drivers
L_000001e2335d18c8 .functor BUFT 1, C4<11111111011011110010111000100011>, C4<0>, C4<0>, C4<0>;
v000001e233524200_19 .net/s v000001e233524200 19, 31 0, L_000001e2335d18c8; 1 drivers
L_000001e2335d1910 .functor BUFT 1, C4<00000000100010111111101010010001>, C4<0>, C4<0>, C4<0>;
v000001e233524200_20 .net/s v000001e233524200 20, 31 0, L_000001e2335d1910; 1 drivers
L_000001e2335d1958 .functor BUFT 1, C4<00000000000110011000001001111100>, C4<0>, C4<0>, C4<0>;
v000001e233524200_21 .net/s v000001e233524200 21, 31 0, L_000001e2335d1958; 1 drivers
L_000001e2335d19a0 .functor BUFT 1, C4<00000000100000101111000001011101>, C4<0>, C4<0>, C4<0>;
v000001e233524200_22 .net/s v000001e233524200 22, 31 0, L_000001e2335d19a0; 1 drivers
L_000001e2335d19e8 .functor BUFT 1, C4<11111111011011101001010000011110>, C4<0>, C4<0>, C4<0>;
v000001e233524200_23 .net/s v000001e233524200 23, 31 0, L_000001e2335d19e8; 1 drivers
L_000001e2335d1a30 .functor BUFT 1, C4<11111111111100001111100110110011>, C4<0>, C4<0>, C4<0>;
v000001e233524200_24 .net/s v000001e233524200 24, 31 0, L_000001e2335d1a30; 1 drivers
L_000001e2335d1a78 .functor BUFT 1, C4<11111111100110010110100001001100>, C4<0>, C4<0>, C4<0>;
v000001e233524200_25 .net/s v000001e233524200 25, 31 0, L_000001e2335d1a78; 1 drivers
L_000001e2335d1ac0 .functor BUFT 1, C4<00000000011110100101111101001001>, C4<0>, C4<0>, C4<0>;
v000001e233524200_26 .net/s v000001e233524200 26, 31 0, L_000001e2335d1ac0; 1 drivers
v000001e233524480_0 .net "wd2", 863 0, L_000001e233523300;  1 drivers
L_000001e2335d2378 .functor BUFT 1, C4<000000000100000111111011011011100000000000011101111011001100101100000000000010111111100111111101000000000010001000011100001010111111111111100001111100100001110000000000000110000101101001001000000000000001011111110011100011110000000001000101110101000100011000000000001101010111100110001110111111111101000100010001001110011111111111101101000110110000010011111111101100110101010001001101111111111101100011011011000000100000000000110001001111000101110111111111110100100000010000001110111111111101111000011011011111011111111111000111000111111010001011111111101010000110110010100001111111111100100011111001100111011111111110101000101010100101100111111111101110101110111010100001111111111011011010111010101000000000000001010001010011010010001111111111101101010101011000100000111111111010000000011001110100101111111111001100010111100001110111111111110100100111110100110111>, C4<0>, C4<0>, C4<0>;
v000001e233523620_0 .net "wd2_0", 863 0, L_000001e2335d2378;  1 drivers
L_000001e2335d2450 .functor BUFT 1, C4<000000000010000110101110111010101111111111100111011010100010001111111111111010000111010101100000111111111110010100011100101011010000000000001010111101011001110011111111111001001111110110010001111111111111111111101111101111010000000000011101111100100111000000000000001010010111100111001111111111111001110011101101000010010000000001011111000000010100111011111111101000010101000101111111000000000101000101101111011100010000000001010110101101111101010100000000010011110010100010110000111111111010100010011101010000100000000001010100010000000110001011111111100110101110010101000011111111111110101100011110101000000000000000010001000001111111110111111111111011101111011010010111000000000010110001100000010111010000000000011101001010001100010000000000000111110110001001001100111111111011100101101110101000000000000000101010110011011011011011111111111001010001011101101111>, C4<0>, C4<0>, C4<0>;
v000001e233524ac0_0 .net "wd2_1", 863 0, L_000001e2335d2450;  1 drivers
v000001e2335239e0_0 .net "wd3", 95 0, L_000001e233523760;  1 drivers
L_000001e2335d1178 .functor BUFT 1, C4<000000010101001101110111010100101111111000101010111100111011001011111101010101110110000111001100>, C4<0>, C4<0>, C4<0>;
v000001e233524160_0 .net "wd3_0", 95 0, L_000001e2335d1178;  1 drivers
L_000001e2335d22a0 .functor BUFT 1, C4<111111111110000011001011001000000000001110000001000110000101001100000001001010010001100010101100>, C4<0>, C4<0>, C4<0>;
v000001e233523d00_0 .net "wd3_1", 95 0, L_000001e2335d22a0;  1 drivers
v000001e233522fe0_0 .net "wg2", 191 0, L_000001e2335245c0;  1 drivers
L_000001e2335d22e8 .functor BUFT 1, C4<111111111110001010101011000001111111111111001101000000101010011100000000000000111010000101000001000000000001000100000001100010110000000000000011101100010110110011111111111111110001001101101011>, C4<0>, C4<0>, C4<0>;
v000001e233524840_0 .net "wg2_0", 191 0, L_000001e2335d22e8;  1 drivers
L_000001e2335d23c0 .functor BUFT 1, C4<111111111111011111110000011010111111111111110101100011110110101111111111111101110101010101110100000000000000011001101001100011000000000000001011000111110010110100000000000000110001101100100011>, C4<0>, C4<0>, C4<0>;
v000001e233523440_0 .net "wg2_1", 191 0, L_000001e2335d23c0;  1 drivers
v000001e233524520_0 .net "wg3", 863 0, L_000001e233524660;  1 drivers
L_000001e2335d2330 .functor BUFT 1, C4<111111111111111111000100111101000000000001111010000111100000111000000000110000100001110000111101111111111111110110111000101101100000000001101011001111101111110000000000110001111101001100111001000000000010110000110101010111000000000000111101000001000110010000000000110101000001101000000110000000000000010000110001110100000000000001100100011000001101000100000001000000010101101101110000111111111111111011101000001000111111111111000111110000001011000011111111000110010101000110011010000000000000111101111011000110000000000001110011000000101110111000000000111011011111010001011000000000000010011100100010100101010000000001101110001100110100110100000000111010000101010011111101000000000010111111110100001001000000000001010100000001101111100000000000110000010010011000101011000000000010001011100100110100100000000001001110111100110110111000000000101001001000111001000100>, C4<0>, C4<0>, C4<0>;
v000001e233522cc0_0 .net "wg3_0", 863 0, L_000001e2335d2330;  1 drivers
L_000001e2335d2408 .functor BUFT 1, C4<000000000111101001011111010010011111111110011001011010000100110011111111111100001111100110110011111111110110111010010100000111100000000010000010111100000101110100000000000110011000001001111100000000001000101111111010100100011111111101101111001011100010001111111111111101110101011001000111111111110111101110011110001010110000000001111110011010011100000100000000011001110110110000100101111111111000011011111010011101000000000010100000100100011010010011111111111110100011100110001111111111111000010011100000011111000000000010010100010100111100100100000000011000001000010101100000000000001001111100011001111001011111111110011110101101100000110000000000001110110011010110010111111111111000111010011100011010000000000010000100101010100000000000000000001001110110110100111011000000001000000000000101011110111111111110001011000001101001001011111111110110001010001110110010>, C4<0>, C4<0>, C4<0>;
v000001e233522d60_0 .net "wg3_1", 863 0, L_000001e2335d2408;  1 drivers
L_000001e233523080 .part o000001e2335a0148, 0, 1;
L_000001e2335245c0 .functor MUXZ 192, L_000001e2335d22e8, L_000001e2335d23c0, L_000001e233523080, C4<>;
L_000001e233523e40 .part o000001e2335a0148, 1, 1;
L_000001e233524660 .functor MUXZ 864, L_000001e2335d2330, L_000001e2335d2408, L_000001e233523e40, C4<>;
L_000001e2335233a0 .part o000001e2335a0148, 2, 1;
L_000001e233523300 .functor MUXZ 864, L_000001e2335d2378, L_000001e2335d2450, L_000001e2335233a0, C4<>;
L_000001e2335234e0 .part o000001e2335a0148, 3, 1;
L_000001e233523760 .functor MUXZ 96, L_000001e2335d1178, L_000001e2335d22a0, L_000001e2335234e0, C4<>;
# The file index is used to find the file name in the following table.
:file_names 3;
    "N/A";
    "<interactive>";
    "w_mem.v";
