#! /c/Source/iverilog-install/bin/vvp
:ivl_version "12.0 (devel)" "(s20150603-1539-g2693dd32b)";
:ivl_delay_selection "TYPICAL";
:vpi_time_precision + 0;
:vpi_module "C:\iverilog\lib\ivl\system.vpi";
:vpi_module "C:\iverilog\lib\ivl\vhdl_sys.vpi";
:vpi_module "C:\iverilog\lib\ivl\vhdl_textio.vpi";
:vpi_module "C:\iverilog\lib\ivl\v2005_math.vpi";
:vpi_module "C:\iverilog\lib\ivl\va_math.vpi";
S_00000203cd5d64a0 .scope module, "mult_Q" "mult_Q" 2 1;
 .timescale 0 0;
    .port_info 0 /INPUT 32 "a";
    .port_info 1 /INPUT 32 "b";
    .port_info 2 /OUTPUT 32 "y";
P_00000203cd5d6b80 .param/l "FBITS" 0 2 3, +C4<00000000000000000000000000011011>;
P_00000203cd5d6bb8 .param/l "WIDTH" 0 2 2, +C4<00000000000000000000000000100000>;
v00000203cd5d6a10_0 .net/s *"_ivl_0", 32 0, L_00000203cd5dd4d0;  1 drivers
v00000203cd5d6630_0 .net/s *"_ivl_2", 32 0, L_00000203cd5dd570;  1 drivers
o00000203cd4f6fd8 .functor BUFZ 32, C4<zzzzzzzzzzzzzzzzzzzzzzzzzzzzzzzz>; HiZ drive
v00000203cd5d66d0_0 .net/s "a", 31 0, o00000203cd4f6fd8;  0 drivers
o00000203cd4f7008 .functor BUFZ 32, C4<zzzzzzzzzzzzzzzzzzzzzzzzzzzzzzzz>; HiZ drive
v00000203cd5d6770_0 .net/s "b", 31 0, o00000203cd4f7008;  0 drivers
v00000203cd5d6810_0 .net/s "raw_y", 32 0, L_00000203cd5dd610;  1 drivers
v00000203cd5dd430_0 .net/s "y", 31 0, L_00000203cd5dd6b0;  1 drivers
L_00000203cd5dd4d0 .extend/s 33, o00000203cd4f6fd8;
L_00000203cd5dd570 .extend/s 33, o00000203cd4f7008;
L_00000203cd5dd610 .arith/sum 33, L_00000203cd5dd4d0, L_00000203cd5dd570;
L_00000203cd5dd6b0 .part L_00000203cd5dd610, 0, 32;
# The file index is used to find the file name in the following table.
:file_names 3;
    "N/A";
    "<interactive>";
    "add_Q.v";
