#! /c/Source/iverilog-install/bin/vvp
:ivl_version "12.0 (devel)" "(s20150603-1539-g2693dd32b)";
:ivl_delay_selection "TYPICAL";
:vpi_time_precision + 0;
:vpi_module "C:\iverilog\lib\ivl\system.vpi";
:vpi_module "C:\iverilog\lib\ivl\vhdl_sys.vpi";
:vpi_module "C:\iverilog\lib\ivl\vhdl_textio.vpi";
:vpi_module "C:\iverilog\lib\ivl\v2005_math.vpi";
:vpi_module "C:\iverilog\lib\ivl\va_math.vpi";
S_000001bfbe4e64a0 .scope module, "mult_Q" "mult_Q" 2 1;
 .timescale 0 0;
    .port_info 0 /INPUT 32 "a";
    .port_info 1 /INPUT 32 "b";
    .port_info 2 /OUTPUT 32 "y";
P_000001bfbe4e6b80 .param/l "FBITS" 0 2 3, +C4<00000000000000000000000000011011>;
P_000001bfbe4e6bb8 .param/l "WIDTH" 0 2 2, +C4<00000000000000000000000000100000>;
v000001bfbe4e6a10_0 .net/s *"_ivl_0", 63 0, L_000001bfbe4ed5f0;  1 drivers
v000001bfbe4e6630_0 .net/s *"_ivl_2", 63 0, L_000001bfbe4ed690;  1 drivers
o000001bfbe3a7008 .functor BUFZ 32, C4<zzzzzzzzzzzzzzzzzzzzzzzzzzzzzzzz>; HiZ drive
v000001bfbe4e66d0_0 .net/s "a", 31 0, o000001bfbe3a7008;  0 drivers
o000001bfbe3a7038 .functor BUFZ 32, C4<zzzzzzzzzzzzzzzzzzzzzzzzzzzzzzzz>; HiZ drive
v000001bfbe4e6770_0 .net/s "b", 31 0, o000001bfbe3a7038;  0 drivers
v000001bfbe4e6810_0 .net/s "raw_y", 63 0, L_000001bfbe4ed730;  1 drivers
v000001bfbe4ed550_0 .net/s "y", 31 0, L_000001bfbe4ed7d0;  1 drivers
L_000001bfbe4ed5f0 .extend/s 64, o000001bfbe3a7008;
L_000001bfbe4ed690 .extend/s 64, o000001bfbe3a7038;
L_000001bfbe4ed730 .arith/mult 64, L_000001bfbe4ed5f0, L_000001bfbe4ed690;
L_000001bfbe4ed7d0 .part L_000001bfbe4ed730, 27, 32;
# The file index is used to find the file name in the following table.
:file_names 3;
    "N/A";
    "<interactive>";
    "mult_Q.v";
