#! /c/Source/iverilog-install/bin/vvp
:ivl_version "12.0 (devel)" "(s20150603-1539-g2693dd32b)";
:ivl_delay_selection "TYPICAL";
:vpi_time_precision - 12;
:vpi_module "C:\iverilog\lib\ivl\system.vpi";
:vpi_module "C:\iverilog\lib\ivl\vhdl_sys.vpi";
:vpi_module "C:\iverilog\lib\ivl\vhdl_textio.vpi";
:vpi_module "C:\iverilog\lib\ivl\v2005_math.vpi";
:vpi_module "C:\iverilog\lib\ivl\va_math.vpi";
S_0000018670d8bd70 .scope module, "tb_mult_Q" "tb_mult_Q" 2 4;
 .timescale -9 -12;
P_0000018670d8b670 .param/l "FBITS" 0 2 7, +C4<00000000000000000000000000011011>;
P_0000018670d8b6a8 .param/real "SF" 1 2 13, Cr<m4000000000000000gfa7>; value=7.45058e-09
P_0000018670d8b6e0 .param/l "WIDTH" 0 2 6, +C4<00000000000000000000000000100000>;
v0000018670ca6c70_0 .var/s "a", 31 0;
v0000018670ca6d10_0 .var/s "b", 31 0;
v0000018670ca6db0_0 .net/s "y", 31 0, L_0000018670c99850;  1 drivers
S_0000018670ca6a40 .scope module, "uut" "mult_Q" 2 19, 3 1 0, S_0000018670d8bd70;
 .timescale -9 -12;
    .port_info 0 /INPUT 32 "a";
    .port_info 1 /INPUT 32 "b";
    .port_info 2 /OUTPUT 32 "y";
P_0000018670d8bf00 .param/l "FBITS" 0 3 3, +C4<00000000000000000000000000011011>;
P_0000018670d8bf38 .param/l "WIDTH" 0 3 2, +C4<00000000000000000000000000100000>;
v0000018670d869f0_0 .net/s *"_ivl_0", 63 0, L_0000018670c99670;  1 drivers
v0000018670d86860_0 .net/s *"_ivl_2", 63 0, L_0000018670c99710;  1 drivers
v0000018670d8aae0_0 .net/s "a", 31 0, v0000018670ca6c70_0;  1 drivers
v0000018670d86b60_0 .net/s "b", 31 0, v0000018670ca6d10_0;  1 drivers
v0000018670d89340_0 .net/s "raw_y", 63 0, L_0000018670c997b0;  1 drivers
v0000018670ca6bd0_0 .net/s "y", 31 0, L_0000018670c99850;  alias, 1 drivers
L_0000018670c99670 .extend/s 64, v0000018670ca6c70_0;
L_0000018670c99710 .extend/s 64, v0000018670ca6d10_0;
L_0000018670c997b0 .arith/mult 64, L_0000018670c99670, L_0000018670c99710;
L_0000018670c99850 .part L_0000018670c997b0, 27, 32;
    .scope S_0000018670d8bd70;
T_0 ;
    %vpi_call 2 26 "$display", "Fixed Point Multiplication Test (Q%0d.%0d)", 32'sb00000000000000000000000000000101, P_0000018670d8b670 {0 0 0};
    %vpi_call 2 27 "$display", "--------------------------------------------------" {0 0 0};
    %pushi/vec4 201326592, 0, 32;
    %store/vec4 v0000018670ca6c70_0, 0, 32;
    %pushi/vec4 268435456, 0, 32;
    %store/vec4 v0000018670ca6d10_0, 0, 32;
    %delay 10000, 0;
    %vpi_func/r 2 34 "$itor", v0000018670ca6c70_0 {0 0 0};
    %pushi/real 1073741824, 4039; load=7.45058e-09
    %mul/wr;
    %vpi_func/r 2 34 "$itor", v0000018670ca6d10_0 {0 0 0};
    %pushi/real 1073741824, 4039; load=7.45058e-09
    %mul/wr;
    %vpi_func/r 2 34 "$itor", v0000018670ca6db0_0 {0 0 0};
    %pushi/real 1073741824, 4039; load=7.45058e-09
    %mul/wr;
    %vpi_call 2 34 "$display", "%f * %f = %f", W<2,r>, W<1,r>, W<0,r> {0 3 0};
    %pushi/vec4 67108864, 0, 32;
    %store/vec4 v0000018670ca6c70_0, 0, 32;
    %pushi/vec4 67108864, 0, 32;
    %store/vec4 v0000018670ca6d10_0, 0, 32;
    %delay 10000, 0;
    %vpi_func/r 2 40 "$itor", v0000018670ca6c70_0 {0 0 0};
    %pushi/real 1073741824, 4039; load=7.45058e-09
    %mul/wr;
    %vpi_func/r 2 40 "$itor", v0000018670ca6d10_0 {0 0 0};
    %pushi/real 1073741824, 4039; load=7.45058e-09
    %mul/wr;
    %vpi_func/r 2 40 "$itor", v0000018670ca6db0_0 {0 0 0};
    %pushi/real 1073741824, 4039; load=7.45058e-09
    %mul/wr;
    %vpi_call 2 40 "$display", "%f * %f = %f", W<2,r>, W<1,r>, W<0,r> {0 3 0};
    %pushi/vec4 4127195136, 0, 32;
    %store/vec4 v0000018670ca6c70_0, 0, 32;
    %pushi/vec4 536870912, 0, 32;
    %store/vec4 v0000018670ca6d10_0, 0, 32;
    %delay 10000, 0;
    %vpi_func/r 2 46 "$itor", v0000018670ca6c70_0 {0 0 0};
    %pushi/real 1073741824, 4039; load=7.45058e-09
    %mul/wr;
    %vpi_func/r 2 46 "$itor", v0000018670ca6d10_0 {0 0 0};
    %pushi/real 1073741824, 4039; load=7.45058e-09
    %mul/wr;
    %vpi_func/r 2 46 "$itor", v0000018670ca6db0_0 {0 0 0};
    %pushi/real 1073741824, 4039; load=7.45058e-09
    %mul/wr;
    %vpi_call 2 46 "$display", "%f * %f = %f", W<2,r>, W<1,r>, W<0,r> {0 3 0};
    %pushi/vec4 16777216, 0, 32;
    %store/vec4 v0000018670ca6c70_0, 0, 32;
    %pushi/vec4 33554432, 0, 32;
    %store/vec4 v0000018670ca6d10_0, 0, 32;
    %delay 10000, 0;
    %vpi_func/r 2 52 "$itor", v0000018670ca6c70_0 {0 0 0};
    %pushi/real 1073741824, 4039; load=7.45058e-09
    %mul/wr;
    %vpi_func/r 2 52 "$itor", v0000018670ca6d10_0 {0 0 0};
    %pushi/real 1073741824, 4039; load=7.45058e-09
    %mul/wr;
    %vpi_func/r 2 52 "$itor", v0000018670ca6db0_0 {0 0 0};
    %pushi/real 1073741824, 4039; load=7.45058e-09
    %mul/wr;
    %vpi_call 2 52 "$display", "%f * %f = %f", W<2,r>, W<1,r>, W<0,r> {0 3 0};
    %vpi_call 2 54 "$display", "--------------------------------------------------" {0 0 0};
    %vpi_call 2 55 "$finish" {0 0 0};
    %end;
    .thread T_0;
# The file index is used to find the file name in the following table.
:file_names 4;
    "N/A";
    "<interactive>";
    "mult_Q_tb.v";
    "./mult_Q.v";
