#! /c/Source/iverilog-install/bin/vvp
:ivl_version "12.0 (devel)" "(s20150603-1539-g2693dd32b)";
:ivl_delay_selection "TYPICAL";
:vpi_time_precision + 0;
:vpi_module "C:\iverilog\lib\ivl\system.vpi";
:vpi_module "C:\iverilog\lib\ivl\vhdl_sys.vpi";
:vpi_module "C:\iverilog\lib\ivl\vhdl_textio.vpi";
:vpi_module "C:\iverilog\lib\ivl\v2005_math.vpi";
:vpi_module "C:\iverilog\lib\ivl\va_math.vpi";
S_000002590df669e0 .scope module, "register" "register" 2 4;
 .timescale 0 0;
    .port_info 0 /INPUT 1 "clk";
    .port_info 1 /INPUT 1 "en";
    .port_info 2 /INPUT 1 "rst";
    .port_info 3 /INPUT 32 "in";
    .port_info 4 /OUTPUT 32 "out";
P_000002590df68e20 .param/l "WIDTH" 0 2 5, +C4<00000000000000000000000000100000>;
o000002590dfb6f98 .functor BUFZ 1, C4<z>; HiZ drive
v000002590df66e60_0 .net "clk", 0 0, o000002590dfb6f98;  0 drivers
o000002590dfb6fc8 .functor BUFZ 1, C4<z>; HiZ drive
v000002590df67080_0 .net "en", 0 0, o000002590dfb6fc8;  0 drivers
o000002590dfb6ff8 .functor BUFZ 32, C4<zzzzzzzzzzzzzzzzzzzzzzzzzzzzzzzz>; HiZ drive
v000002590df66b70_0 .net/s "in", 31 0, o000002590dfb6ff8;  0 drivers
v000002590df66c10_0 .var/s "out", 31 0;
o000002590dfb7058 .functor BUFZ 1, C4<z>; HiZ drive
v000002590df66cb0_0 .net "rst", 0 0, o000002590dfb7058;  0 drivers
E_000002590df68020 .event posedge, v000002590df66e60_0;
    .scope S_000002590df669e0;
T_0 ;
    %wait E_000002590df68020;
    %load/vec4 v000002590df66cb0_0;
    %flag_set/vec4 8;
    %jmp/0xz  T_0.0, 8;
    %pushi/vec4 0, 0, 32;
    %assign/vec4 v000002590df66c10_0, 0;
    %jmp T_0.1;
T_0.0 ;
    %load/vec4 v000002590df67080_0;
    %flag_set/vec4 8;
    %jmp/0xz  T_0.2, 8;
    %load/vec4 v000002590df66b70_0;
    %assign/vec4 v000002590df66c10_0, 0;
T_0.2 ;
T_0.1 ;
    %jmp T_0;
    .thread T_0;
# The file index is used to find the file name in the following table.
:file_names 3;
    "N/A";
    "<interactive>";
    "register.v";
