#! /mingw64/bin/vvp
:ivl_version "12.0 (stable)";
:ivl_delay_selection "TYPICAL";
:vpi_time_precision + 0;
:vpi_module "C:\msys64\mingw64\lib\ivl\system.vpi";
:vpi_module "C:\msys64\mingw64\lib\ivl\vhdl_sys.vpi";
:vpi_module "C:\msys64\mingw64\lib\ivl\vhdl_textio.vpi";
:vpi_module "C:\msys64\mingw64\lib\ivl\v2005_math.vpi";
:vpi_module "C:\msys64\mingw64\lib\ivl\va_math.vpi";
S_00000222ce5c6860 .scope module, "sigmoid" "sigmoid" 2 4;
 .timescale 0 0;
    .port_info 0 /INPUT 32 "x";
    .port_info 1 /OUTPUT 32 "y";
P_00000222ce5c69f0 .param/l "CONST_0_625" 1 2 13, +C4<00000000101000000000000000000000>;
P_00000222ce5c6a28 .param/l "CONST_0_84375" 1 2 14, +C4<00000000110110000000000000000000>;
P_00000222ce5c6a60 .param/l "HALF" 1 2 12, +C4<00000000100000000000000000000000>;
P_00000222ce5c6a98 .param/l "ONE" 1 2 11, +C4<00000001000000000000000000000000>;
P_00000222ce5c6ad0 .param/l "THR_1" 1 2 17, +C4<00000001000000000000000000000000>;
P_00000222ce5c6b08 .param/l "THR_2" 1 2 18, +C4<00000010011000000000000000000000>;
P_00000222ce5c6b40 .param/l "THR_3" 1 2 19, +C4<00000101000000000000000000000000>;
P_00000222ce5c6b78 .param/l "WIDTH" 0 2 5, +C4<00000000000000000000000000100000>;
v00000222ce5c6ce0_0 .var "abs_x", 30 0;
v00000222ce5aac10_0 .var "val", 31 0;
o00000222ce5fefd8 .functor BUFZ 32, C4<zzzzzzzzzzzzzzzzzzzzzzzzzzzzzzzz>; HiZ drive
v00000222ce5aacb0_0 .net/s "x", 31 0, o00000222ce5fefd8;  0 drivers
v00000222ce5aad50_0 .var/s "y", 31 0;
E_00000222ce5fbce0 .event anyedge, v00000222ce5aacb0_0, v00000222ce5c6ce0_0, v00000222ce5aac10_0;
    .scope S_00000222ce5c6860;
T_0 ;
    %wait E_00000222ce5fbce0;
    %load/vec4 v00000222ce5aacb0_0;
    %parti/s 1, 31, 6;
    %flag_set/vec4 8;
    %jmp/0xz  T_0.0, 8;
    %load/vec4 v00000222ce5aacb0_0;
    %parti/s 31, 0, 2;
    %inv;
    %pushi/vec4 1, 0, 31;
    %add;
    %store/vec4 v00000222ce5c6ce0_0, 0, 31;
    %jmp T_0.1;
T_0.0 ;
    %load/vec4 v00000222ce5aacb0_0;
    %parti/s 31, 0, 2;
    %store/vec4 v00000222ce5c6ce0_0, 0, 31;
T_0.1 ;
    %load/vec4 v00000222ce5c6ce0_0;
    %pad/u 32;
    %cmpi/u 16777216, 0, 32;
    %jmp/0xz  T_0.2, 5;
    %load/vec4 v00000222ce5c6ce0_0;
    %pad/u 32;
    %ix/load 4, 2, 0;
    %flag_set/imm 4, 0;
    %shiftr 4;
    %addi 8388608, 0, 32;
    %store/vec4 v00000222ce5aac10_0, 0, 32;
    %jmp T_0.3;
T_0.2 ;
    %load/vec4 v00000222ce5c6ce0_0;
    %pad/u 32;
    %cmpi/u 39845888, 0, 32;
    %jmp/0xz  T_0.4, 5;
    %load/vec4 v00000222ce5c6ce0_0;
    %pad/u 32;
    %ix/load 4, 3, 0;
    %flag_set/imm 4, 0;
    %shiftr 4;
    %addi 10485760, 0, 32;
    %store/vec4 v00000222ce5aac10_0, 0, 32;
    %jmp T_0.5;
T_0.4 ;
    %load/vec4 v00000222ce5c6ce0_0;
    %pad/u 32;
    %cmpi/u 83886080, 0, 32;
    %jmp/0xz  T_0.6, 5;
    %load/vec4 v00000222ce5c6ce0_0;
    %pad/u 32;
    %ix/load 4, 5, 0;
    %flag_set/imm 4, 0;
    %shiftr 4;
    %addi 14155776, 0, 32;
    %store/vec4 v00000222ce5aac10_0, 0, 32;
    %jmp T_0.7;
T_0.6 ;
    %pushi/vec4 16777216, 0, 32;
    %store/vec4 v00000222ce5aac10_0, 0, 32;
T_0.7 ;
T_0.5 ;
T_0.3 ;
    %load/vec4 v00000222ce5aacb0_0;
    %parti/s 1, 31, 6;
    %flag_set/vec4 8;
    %jmp/0xz  T_0.8, 8;
    %pushi/vec4 16777216, 0, 32;
    %load/vec4 v00000222ce5aac10_0;
    %sub;
    %store/vec4 v00000222ce5aad50_0, 0, 32;
    %jmp T_0.9;
T_0.8 ;
    %load/vec4 v00000222ce5aac10_0;
    %store/vec4 v00000222ce5aad50_0, 0, 32;
T_0.9 ;
    %jmp T_0;
    .thread T_0, $push;
# The file index is used to find the file name in the following table.
:file_names 3;
    "N/A";
    "<interactive>";
    "sigmoid.v";
