#! /c/Source/iverilog-install/bin/vvp
:ivl_version "12.0 (devel)" "(s20150603-1539-g2693dd32b)";
:ivl_delay_selection "TYPICAL";
:vpi_time_precision + 0;
:vpi_module "C:\iverilog\lib\ivl\system.vpi";
:vpi_module "C:\iverilog\lib\ivl\vhdl_sys.vpi";
:vpi_module "C:\iverilog\lib\ivl\vhdl_textio.vpi";
:vpi_module "C:\iverilog\lib\ivl\v2005_math.vpi";
:vpi_module "C:\iverilog\lib\ivl\va_math.vpi";
S_000002765b2264c0 .scope module, "tanh" "tanh" 2 7;
 .timescale 0 0;
    .port_info 0 /INPUT 1 "clk";
    .port_info 1 /INPUT 1 "en";
    .port_info 2 /INPUT 1 "rst";
    .port_info 3 /INPUT 32 "a";
    .port_info 4 /OUTPUT 32 "y";
P_000002765b1d70c0 .param/l "FL" 0 2 9, +C4<00000000000000000000000000011000>;
P_000002765b1d70f8 .param/l "WIDTH" 0 2 8, +C4<00000000000000000000000000100000>;
L_000002765b2e0160 .functor BUFT 1, C4<11111111000000000000000000000000>, C4<0>, C4<0>, C4<0>;
v000002765b29ef40_0 .net/s "ONE_NEG", 31 0, L_000002765b2e0160;  1 drivers
L_000002765b2e0118 .functor BUFT 1, C4<00000001000000000000000000000000>, C4<0>, C4<0>, C4<0>;
v000002765b29fb20_0 .net/s "ONE_POS", 31 0, L_000002765b2e0118;  1 drivers
v000002765b29e720_0 .net/s *"_ivl_10", 63 0, L_000002765b2a2e00;  1 drivers
v000002765b29fda0_0 .net/s *"_ivl_12", 63 0, L_000002765b2a2ea0;  1 drivers
v000002765b29fee0_0 .net/s *"_ivl_18", 63 0, L_000002765b2a3300;  1 drivers
v000002765b29f300_0 .net/s *"_ivl_20", 63 0, L_000002765b2a3580;  1 drivers
v000002765b29fe40_0 .net/s *"_ivl_26", 63 0, L_000002765b2a3e40;  1 drivers
v000002765b2a0020_0 .net/s *"_ivl_28", 63 0, L_000002765b2a3800;  1 drivers
v000002765b29f3a0_0 .net *"_ivl_3", 0 0, L_000002765b2a38a0;  1 drivers
v000002765b2a03e0_0 .net *"_ivl_34", 31 0, L_000002765b2a3b20;  1 drivers
L_000002765b2e00d0 .functor BUFT 1, C4<00000000000000000000000000000000>, C4<0>, C4<0>, C4<0>;
v000002765b29e7c0_0 .net *"_ivl_38", 31 0, L_000002765b2e00d0;  1 drivers
L_000002765b2e0088 .functor BUFT 1, C4<00000000000000000000000000000000>, C4<0>, C4<0>, C4<0>;
v000002765b2a00c0_0 .net *"_ivl_4", 31 0, L_000002765b2e0088;  1 drivers
v000002765b29f440_0 .net *"_ivl_41", 31 0, L_000002765b2a27c0;  1 drivers
v000002765b29efe0_0 .net *"_ivl_48", 0 0, L_000002765b2a3f80;  1 drivers
v000002765b29e540_0 .net *"_ivl_50", 0 0, L_000002765b2a4020;  1 drivers
v000002765b2a0200_0 .net *"_ivl_52", 31 0, L_000002765b2a3c60;  1 drivers
v000002765b29eae0_0 .net *"_ivl_7", 31 0, L_000002765b2a3a80;  1 drivers
o000002765b24d338 .functor BUFZ 32, C4<zzzzzzzzzzzzzzzzzzzzzzzzzzzzzzzz>; HiZ drive
v000002765b29e860_0 .net/s "a", 31 0, o000002765b24d338;  0 drivers
v000002765b29e9a0_0 .net/s "a_pos", 31 0, L_000002765b2a3080;  1 drivers
v000002765b29ecc0_0 .net/s "a_pos_reg", 31 0, v000002765b243fe0_0;  1 drivers
v000002765b29ed60_0 .net/s "a_pos_sq", 31 0, L_000002765b2a3440;  1 drivers
v000002765b2a2fe0_0 .net/s "a_pos_sq_full", 63 0, L_000002765b2a4200;  1 drivers
v000002765b2a29a0_0 .net/s "a_pos_sq_reg", 31 0, v000002765b2444e0_0;  1 drivers
o000002765b24c408 .functor BUFZ 1, C4<z>; HiZ drive
v000002765b2a2f40_0 .net "clk", 0 0, o000002765b24c408;  0 drivers
o000002765b24c438 .functor BUFZ 1, C4<z>; HiZ drive
v000002765b2a2ae0_0 .net "en", 0 0, o000002765b24c438;  0 drivers
v000002765b2a2a40_0 .var/s "p1", 31 0;
v000002765b2a2cc0_0 .var/s "p2", 31 0;
v000002765b2a3120_0 .var/s "p3", 31 0;
o000002765b24c4c8 .functor BUFZ 1, C4<z>; HiZ drive
v000002765b2a2d60_0 .net "rst", 0 0, o000002765b24c4c8;  0 drivers
v000002765b2a43e0_0 .var "sel_p", 1 0;
v000002765b2a25e0_0 .net "sel_p_reg", 1 0, v000002765b2a02a0_0;  1 drivers
v000002765b2a4160_0 .net "sel_p_reg2", 1 0, v000002765b29f8a0_0;  1 drivers
v000002765b2a2c20_0 .net "sign", 0 0, L_000002765b2a3da0;  1 drivers
v000002765b2a33a0_0 .net/s "sign_reg", 0 0, v000002765b29f800_0;  1 drivers
v000002765b2a3620_0 .net/s "sign_reg2", 0 0, v000002765b29fc60_0;  1 drivers
v000002765b2a34e0_0 .net/s "term1", 31 0, L_000002765b2a3760;  1 drivers
v000002765b2a39e0_0 .net/s "term1_full", 63 0, L_000002765b2a3d00;  1 drivers
v000002765b2a2b80_0 .net "term1_reg", 31 0, v000002765b29ff80_0;  1 drivers
v000002765b2a2900_0 .net/s "term2", 31 0, L_000002765b2a3940;  1 drivers
v000002765b2a36c0_0 .net/s "term2_full", 63 0, L_000002765b2a3ee0;  1 drivers
v000002765b2a2860_0 .net "term2_reg", 31 0, v000002765b29f1c0_0;  1 drivers
v000002765b2a31c0_0 .net/s "y", 31 0, v000002765b244bc0_0;  1 drivers
v000002765b2a3260_0 .net/s "y_abs", 31 0, L_000002765b2a3bc0;  1 drivers
v000002765b2a2540_0 .net/s "y_in", 31 0, L_000002765b2a40c0;  1 drivers
v000002765b2a2680_0 .net/s "y_signed", 31 0, L_000002765b2a2720;  1 drivers
E_000002765b24ad00 .event anyedge, v000002765b29f8a0_0;
E_000002765b24a480 .event anyedge, v000002765b2a02a0_0;
E_000002765b24ab80 .event anyedge, v000002765b244580_0;
L_000002765b2a3da0 .part o000002765b24d338, 31, 1;
L_000002765b2a38a0 .part o000002765b24d338, 31, 1;
L_000002765b2a3a80 .arith/sub 32, L_000002765b2e0088, o000002765b24d338;
L_000002765b2a3080 .functor MUXZ 32, o000002765b24d338, L_000002765b2a3a80, L_000002765b2a38a0, C4<>;
L_000002765b2a2e00 .extend/s 64, o000002765b24d338;
L_000002765b2a2ea0 .extend/s 64, o000002765b24d338;
L_000002765b2a4200 .arith/mult 64, L_000002765b2a2e00, L_000002765b2a2ea0;
L_000002765b2a3440 .part L_000002765b2a4200, 24, 32;
L_000002765b2a3300 .extend/s 64, v000002765b2a2a40_0;
L_000002765b2a3580 .extend/s 64, v000002765b2444e0_0;
L_000002765b2a3d00 .arith/mult 64, L_000002765b2a3300, L_000002765b2a3580;
L_000002765b2a3760 .part L_000002765b2a3d00, 24, 32;
L_000002765b2a3e40 .extend/s 64, v000002765b2a2cc0_0;
L_000002765b2a3800 .extend/s 64, v000002765b243fe0_0;
L_000002765b2a3ee0 .arith/mult 64, L_000002765b2a3e40, L_000002765b2a3800;
L_000002765b2a3940 .part L_000002765b2a3ee0, 24, 32;
L_000002765b2a3b20 .arith/sum 32, v000002765b29ff80_0, v000002765b29f1c0_0;
L_000002765b2a3bc0 .arith/sum 32, L_000002765b2a3b20, v000002765b2a3120_0;
L_000002765b2a27c0 .arith/sub 32, L_000002765b2e00d0, L_000002765b2a3bc0;
L_000002765b2a2720 .functor MUXZ 32, L_000002765b2a3bc0, L_000002765b2a27c0, v000002765b29fc60_0, C4<>;
L_000002765b2a3f80 .cmp/gt.s 32, L_000002765b2a2720, L_000002765b2e0118;
L_000002765b2a4020 .cmp/gt.s 32, L_000002765b2e0160, L_000002765b2a2720;
L_000002765b2a3c60 .functor MUXZ 32, L_000002765b2a2720, L_000002765b2e0160, L_000002765b2a4020, C4<>;
L_000002765b2a40c0 .functor MUXZ 32, L_000002765b2a3c60, L_000002765b2e0118, L_000002765b2a3f80, C4<>;
S_000002765b226650 .scope module, "reg_a_pos" "register" 2 68, 3 4 0, S_000002765b2264c0;
 .timescale 0 0;
    .port_info 0 /INPUT 1 "clk";
    .port_info 1 /INPUT 1 "en";
    .port_info 2 /INPUT 1 "rst";
    .port_info 3 /INPUT 32 "in";
    .port_info 4 /OUTPUT 32 "out";
P_000002765b24aa80 .param/l "WIDTH" 0 3 5, +C4<00000000000000000000000000100000>;
v000002765b244ee0_0 .net "clk", 0 0, o000002765b24c408;  alias, 0 drivers
v000002765b244440_0 .net "en", 0 0, o000002765b24c438;  alias, 0 drivers
v000002765b244580_0 .net/s "in", 31 0, L_000002765b2a3080;  alias, 1 drivers
v000002765b243fe0_0 .var/s "out", 31 0;
v000002765b244080_0 .net "rst", 0 0, o000002765b24c4c8;  alias, 0 drivers
E_000002765b24aac0 .event posedge, v000002765b244ee0_0;
S_000002765b1d66b0 .scope module, "reg_a_pos_sq" "register" 2 63, 3 4 0, S_000002765b2264c0;
 .timescale 0 0;
    .port_info 0 /INPUT 1 "clk";
    .port_info 1 /INPUT 1 "en";
    .port_info 2 /INPUT 1 "rst";
    .port_info 3 /INPUT 32 "in";
    .port_info 4 /OUTPUT 32 "out";
P_000002765b24a4c0 .param/l "WIDTH" 0 3 5, +C4<00000000000000000000000000100000>;
v000002765b2446c0_0 .net "clk", 0 0, o000002765b24c408;  alias, 0 drivers
v000002765b2449e0_0 .net "en", 0 0, o000002765b24c438;  alias, 0 drivers
v000002765b244d00_0 .net/s "in", 31 0, L_000002765b2a3440;  alias, 1 drivers
v000002765b2444e0_0 .var/s "out", 31 0;
v000002765b244b20_0 .net "rst", 0 0, o000002765b24c4c8;  alias, 0 drivers
S_000002765b1d6840 .scope module, "reg_out" "register" 2 178, 3 4 0, S_000002765b2264c0;
 .timescale 0 0;
    .port_info 0 /INPUT 1 "clk";
    .port_info 1 /INPUT 1 "en";
    .port_info 2 /INPUT 1 "rst";
    .port_info 3 /INPUT 32 "in";
    .port_info 4 /OUTPUT 32 "out";
P_000002765b24ad40 .param/l "WIDTH" 0 3 5, +C4<00000000000000000000000000100000>;
v000002765b244120_0 .net "clk", 0 0, o000002765b24c408;  alias, 0 drivers
v000002765b2441c0_0 .net "en", 0 0, o000002765b24c438;  alias, 0 drivers
v000002765b244e40_0 .net/s "in", 31 0, L_000002765b2a40c0;  alias, 1 drivers
v000002765b244bc0_0 .var/s "out", 31 0;
v000002765b244620_0 .net "rst", 0 0, o000002765b24c4c8;  alias, 0 drivers
S_000002765b1d69d0 .scope module, "reg_sel_p" "register" 2 58, 3 4 0, S_000002765b2264c0;
 .timescale 0 0;
    .port_info 0 /INPUT 1 "clk";
    .port_info 1 /INPUT 1 "en";
    .port_info 2 /INPUT 1 "rst";
    .port_info 3 /INPUT 2 "in";
    .port_info 4 /OUTPUT 2 "out";
P_000002765b24a8c0 .param/l "WIDTH" 0 3 5, +C4<00000000000000000000000000000010>;
v000002765b244da0_0 .net "clk", 0 0, o000002765b24c408;  alias, 0 drivers
v000002765b29f6c0_0 .net "en", 0 0, o000002765b24c438;  alias, 0 drivers
v000002765b29f260_0 .net/s "in", 1 0, v000002765b2a43e0_0;  1 drivers
v000002765b2a02a0_0 .var/s "out", 1 0;
v000002765b2a0340_0 .net "rst", 0 0, o000002765b24c4c8;  alias, 0 drivers
S_000002765b2a0500 .scope module, "reg_sel_p2" "register" 2 124, 3 4 0, S_000002765b2264c0;
 .timescale 0 0;
    .port_info 0 /INPUT 1 "clk";
    .port_info 1 /INPUT 1 "en";
    .port_info 2 /INPUT 1 "rst";
    .port_info 3 /INPUT 2 "in";
    .port_info 4 /OUTPUT 2 "out";
P_000002765b24a340 .param/l "WIDTH" 0 3 5, +C4<00000000000000000000000000000010>;
v000002765b29fbc0_0 .net "clk", 0 0, o000002765b24c408;  alias, 0 drivers
v000002765b29e900_0 .net "en", 0 0, o000002765b24c438;  alias, 0 drivers
v000002765b29eea0_0 .net/s "in", 1 0, v000002765b2a02a0_0;  alias, 1 drivers
v000002765b29f8a0_0 .var/s "out", 1 0;
v000002765b29f4e0_0 .net "rst", 0 0, o000002765b24c4c8;  alias, 0 drivers
S_000002765b2a0690 .scope module, "reg_sign" "register" 2 53, 3 4 0, S_000002765b2264c0;
 .timescale 0 0;
    .port_info 0 /INPUT 1 "clk";
    .port_info 1 /INPUT 1 "en";
    .port_info 2 /INPUT 1 "rst";
    .port_info 3 /INPUT 1 "in";
    .port_info 4 /OUTPUT 1 "out";
P_000002765b24a300 .param/l "WIDTH" 0 3 5, +C4<00000000000000000000000000000001>;
v000002765b29e5e0_0 .net "clk", 0 0, o000002765b24c408;  alias, 0 drivers
v000002765b29f080_0 .net "en", 0 0, o000002765b24c438;  alias, 0 drivers
v000002765b29f940_0 .net/s "in", 0 0, L_000002765b2a3da0;  alias, 1 drivers
v000002765b29f800_0 .var/s "out", 0 0;
v000002765b29e680_0 .net "rst", 0 0, o000002765b24c4c8;  alias, 0 drivers
S_000002765b2a0820 .scope module, "reg_sign2" "register" 2 119, 3 4 0, S_000002765b2264c0;
 .timescale 0 0;
    .port_info 0 /INPUT 1 "clk";
    .port_info 1 /INPUT 1 "en";
    .port_info 2 /INPUT 1 "rst";
    .port_info 3 /INPUT 1 "in";
    .port_info 4 /OUTPUT 1 "out";
P_000002765b24a600 .param/l "WIDTH" 0 3 5, +C4<00000000000000000000000000000001>;
v000002765b29ec20_0 .net "clk", 0 0, o000002765b24c408;  alias, 0 drivers
v000002765b29ee00_0 .net "en", 0 0, o000002765b24c438;  alias, 0 drivers
v000002765b2a0160_0 .net/s "in", 0 0, v000002765b29f800_0;  alias, 1 drivers
v000002765b29fc60_0 .var/s "out", 0 0;
v000002765b29f580_0 .net "rst", 0 0, o000002765b24c4c8;  alias, 0 drivers
S_000002765b2a09b0 .scope module, "reg_term1" "register" 2 129, 3 4 0, S_000002765b2264c0;
 .timescale 0 0;
    .port_info 0 /INPUT 1 "clk";
    .port_info 1 /INPUT 1 "en";
    .port_info 2 /INPUT 1 "rst";
    .port_info 3 /INPUT 32 "in";
    .port_info 4 /OUTPUT 32 "out";
P_000002765b24adc0 .param/l "WIDTH" 0 3 5, +C4<00000000000000000000000000100000>;
v000002765b29eb80_0 .net "clk", 0 0, o000002765b24c408;  alias, 0 drivers
v000002765b29f620_0 .net "en", 0 0, o000002765b24c438;  alias, 0 drivers
v000002765b29f9e0_0 .net/s "in", 31 0, L_000002765b2a3760;  alias, 1 drivers
v000002765b29ff80_0 .var/s "out", 31 0;
v000002765b29f760_0 .net "rst", 0 0, o000002765b24c4c8;  alias, 0 drivers
S_000002765b2a0b40 .scope module, "reg_term2" "register" 2 134, 3 4 0, S_000002765b2264c0;
 .timescale 0 0;
    .port_info 0 /INPUT 1 "clk";
    .port_info 1 /INPUT 1 "en";
    .port_info 2 /INPUT 1 "rst";
    .port_info 3 /INPUT 32 "in";
    .port_info 4 /OUTPUT 32 "out";
P_000002765b24a980 .param/l "WIDTH" 0 3 5, +C4<00000000000000000000000000100000>;
v000002765b29ea40_0 .net "clk", 0 0, o000002765b24c408;  alias, 0 drivers
v000002765b29fa80_0 .net "en", 0 0, o000002765b24c438;  alias, 0 drivers
v000002765b29f120_0 .net/s "in", 31 0, L_000002765b2a3940;  alias, 1 drivers
v000002765b29f1c0_0 .var/s "out", 31 0;
v000002765b29fd00_0 .net "rst", 0 0, o000002765b24c4c8;  alias, 0 drivers
    .scope S_000002765b2a0690;
T_0 ;
    %wait E_000002765b24aac0;
    %load/vec4 v000002765b29e680_0;
    %flag_set/vec4 8;
    %jmp/0xz  T_0.0, 8;
    %pushi/vec4 0, 0, 1;
    %assign/vec4 v000002765b29f800_0, 0;
    %jmp T_0.1;
T_0.0 ;
    %load/vec4 v000002765b29f080_0;
    %flag_set/vec4 8;
    %jmp/0xz  T_0.2, 8;
    %load/vec4 v000002765b29f940_0;
    %assign/vec4 v000002765b29f800_0, 0;
T_0.2 ;
T_0.1 ;
    %jmp T_0;
    .thread T_0;
    .scope S_000002765b1d69d0;
T_1 ;
    %wait E_000002765b24aac0;
    %load/vec4 v000002765b2a0340_0;
    %flag_set/vec4 8;
    %jmp/0xz  T_1.0, 8;
    %pushi/vec4 0, 0, 2;
    %assign/vec4 v000002765b2a02a0_0, 0;
    %jmp T_1.1;
T_1.0 ;
    %load/vec4 v000002765b29f6c0_0;
    %flag_set/vec4 8;
    %jmp/0xz  T_1.2, 8;
    %load/vec4 v000002765b29f260_0;
    %assign/vec4 v000002765b2a02a0_0, 0;
T_1.2 ;
T_1.1 ;
    %jmp T_1;
    .thread T_1;
    .scope S_000002765b1d66b0;
T_2 ;
    %wait E_000002765b24aac0;
    %load/vec4 v000002765b244b20_0;
    %flag_set/vec4 8;
    %jmp/0xz  T_2.0, 8;
    %pushi/vec4 0, 0, 32;
    %assign/vec4 v000002765b2444e0_0, 0;
    %jmp T_2.1;
T_2.0 ;
    %load/vec4 v000002765b2449e0_0;
    %flag_set/vec4 8;
    %jmp/0xz  T_2.2, 8;
    %load/vec4 v000002765b244d00_0;
    %assign/vec4 v000002765b2444e0_0, 0;
T_2.2 ;
T_2.1 ;
    %jmp T_2;
    .thread T_2;
    .scope S_000002765b226650;
T_3 ;
    %wait E_000002765b24aac0;
    %load/vec4 v000002765b244080_0;
    %flag_set/vec4 8;
    %jmp/0xz  T_3.0, 8;
    %pushi/vec4 0, 0, 32;
    %assign/vec4 v000002765b243fe0_0, 0;
    %jmp T_3.1;
T_3.0 ;
    %load/vec4 v000002765b244440_0;
    %flag_set/vec4 8;
    %jmp/0xz  T_3.2, 8;
    %load/vec4 v000002765b244580_0;
    %assign/vec4 v000002765b243fe0_0, 0;
T_3.2 ;
T_3.1 ;
    %jmp T_3;
    .thread T_3;
    .scope S_000002765b2a0820;
T_4 ;
    %wait E_000002765b24aac0;
    %load/vec4 v000002765b29f580_0;
    %flag_set/vec4 8;
    %jmp/0xz  T_4.0, 8;
    %pushi/vec4 0, 0, 1;
    %assign/vec4 v000002765b29fc60_0, 0;
    %jmp T_4.1;
T_4.0 ;
    %load/vec4 v000002765b29ee00_0;
    %flag_set/vec4 8;
    %jmp/0xz  T_4.2, 8;
    %load/vec4 v000002765b2a0160_0;
    %assign/vec4 v000002765b29fc60_0, 0;
T_4.2 ;
T_4.1 ;
    %jmp T_4;
    .thread T_4;
    .scope S_000002765b2a0500;
T_5 ;
    %wait E_000002765b24aac0;
    %load/vec4 v000002765b29f4e0_0;
    %flag_set/vec4 8;
    %jmp/0xz  T_5.0, 8;
    %pushi/vec4 0, 0, 2;
    %assign/vec4 v000002765b29f8a0_0, 0;
    %jmp T_5.1;
T_5.0 ;
    %load/vec4 v000002765b29e900_0;
    %flag_set/vec4 8;
    %jmp/0xz  T_5.2, 8;
    %load/vec4 v000002765b29eea0_0;
    %assign/vec4 v000002765b29f8a0_0, 0;
T_5.2 ;
T_5.1 ;
    %jmp T_5;
    .thread T_5;
    .scope S_000002765b2a09b0;
T_6 ;
    %wait E_000002765b24aac0;
    %load/vec4 v000002765b29f760_0;
    %flag_set/vec4 8;
    %jmp/0xz  T_6.0, 8;
    %pushi/vec4 0, 0, 32;
    %assign/vec4 v000002765b29ff80_0, 0;
    %jmp T_6.1;
T_6.0 ;
    %load/vec4 v000002765b29f620_0;
    %flag_set/vec4 8;
    %jmp/0xz  T_6.2, 8;
    %load/vec4 v000002765b29f9e0_0;
    %assign/vec4 v000002765b29ff80_0, 0;
T_6.2 ;
T_6.1 ;
    %jmp T_6;
    .thread T_6;
    .scope S_000002765b2a0b40;
T_7 ;
    %wait E_000002765b24aac0;
    %load/vec4 v000002765b29fd00_0;
    %flag_set/vec4 8;
    %jmp/0xz  T_7.0, 8;
    %pushi/vec4 0, 0, 32;
    %assign/vec4 v000002765b29f1c0_0, 0;
    %jmp T_7.1;
T_7.0 ;
    %load/vec4 v000002765b29fa80_0;
    %flag_set/vec4 8;
    %jmp/0xz  T_7.2, 8;
    %load/vec4 v000002765b29f120_0;
    %assign/vec4 v000002765b29f1c0_0, 0;
T_7.2 ;
T_7.1 ;
    %jmp T_7;
    .thread T_7;
    .scope S_000002765b1d6840;
T_8 ;
    %wait E_000002765b24aac0;
    %load/vec4 v000002765b244620_0;
    %flag_set/vec4 8;
    %jmp/0xz  T_8.0, 8;
    %pushi/vec4 0, 0, 32;
    %assign/vec4 v000002765b244bc0_0, 0;
    %jmp T_8.1;
T_8.0 ;
    %load/vec4 v000002765b2441c0_0;
    %flag_set/vec4 8;
    %jmp/0xz  T_8.2, 8;
    %load/vec4 v000002765b244e40_0;
    %assign/vec4 v000002765b244bc0_0, 0;
T_8.2 ;
T_8.1 ;
    %jmp T_8;
    .thread T_8;
    .scope S_000002765b2264c0;
T_9 ;
    %wait E_000002765b24ab80;
    %load/vec4 v000002765b29e9a0_0;
    %cmpi/u 67108864, 0, 32;
    %flag_inv 5; GE is !LT
    %jmp/0xz  T_9.0, 5;
    %pushi/vec4 0, 0, 2;
    %store/vec4 v000002765b2a43e0_0, 0, 2;
    %jmp T_9.1;
T_9.0 ;
    %load/vec4 v000002765b29e9a0_0;
    %cmpi/u 33554432, 0, 32;
    %flag_inv 5; GE is !LT
    %jmp/0xz  T_9.2, 5;
    %pushi/vec4 1, 0, 2;
    %store/vec4 v000002765b2a43e0_0, 0, 2;
    %jmp T_9.3;
T_9.2 ;
    %load/vec4 v000002765b29e9a0_0;
    %cmpi/u 16777216, 0, 32;
    %flag_inv 5; GE is !LT
    %jmp/0xz  T_9.4, 5;
    %pushi/vec4 2, 0, 2;
    %store/vec4 v000002765b2a43e0_0, 0, 2;
    %jmp T_9.5;
T_9.4 ;
    %pushi/vec4 3, 0, 2;
    %store/vec4 v000002765b2a43e0_0, 0, 2;
T_9.5 ;
T_9.3 ;
T_9.1 ;
    %jmp T_9;
    .thread T_9, $push;
    .scope S_000002765b2264c0;
T_10 ;
    %wait E_000002765b24a480;
    %load/vec4 v000002765b2a25e0_0;
    %dup/vec4;
    %pushi/vec4 0, 0, 2;
    %cmp/u;
    %jmp/1 T_10.0, 6;
    %dup/vec4;
    %pushi/vec4 1, 0, 2;
    %cmp/u;
    %jmp/1 T_10.1, 6;
    %dup/vec4;
    %pushi/vec4 2, 0, 2;
    %cmp/u;
    %jmp/1 T_10.2, 6;
    %dup/vec4;
    %pushi/vec4 3, 0, 2;
    %cmp/u;
    %jmp/1 T_10.3, 6;
    %pushi/vec4 0, 0, 32;
    %store/vec4 v000002765b2a2a40_0, 0, 32;
    %pushi/vec4 0, 0, 32;
    %store/vec4 v000002765b2a2cc0_0, 0, 32;
    %pushi/vec4 16777216, 0, 32;
    %store/vec4 v000002765b2a3120_0, 0, 32;
    %jmp T_10.5;
T_10.0 ;
    %pushi/vec4 0, 0, 32;
    %store/vec4 v000002765b2a2a40_0, 0, 32;
    %pushi/vec4 0, 0, 32;
    %store/vec4 v000002765b2a2cc0_0, 0, 32;
    %pushi/vec4 16777216, 0, 32;
    %store/vec4 v000002765b2a3120_0, 0, 32;
    %jmp T_10.5;
T_10.1 ;
    %pushi/vec4 4294751560, 0, 32;
    %store/vec4 v000002765b2a2a40_0, 0, 32;
    %pushi/vec4 1533883, 0, 32;
    %store/vec4 v000002765b2a2cc0_0, 0, 32;
    %pushi/vec4 14037569, 0, 32;
    %store/vec4 v000002765b2a3120_0, 0, 32;
    %jmp T_10.5;
T_10.2 ;
    %pushi/vec4 4292137820, 0, 32;
    %store/vec4 v000002765b2a2a40_0, 0, 32;
    %pushi/vec4 11741152, 0, 32;
    %store/vec4 v000002765b2a2cc0_0, 0, 32;
    %pushi/vec4 3942058, 0, 32;
    %store/vec4 v000002765b2a3120_0, 0, 32;
    %jmp T_10.5;
T_10.3 ;
    %pushi/vec4 4289430731, 0, 32;
    %store/vec4 v000002765b2a2a40_0, 0, 32;
    %pushi/vec4 18481378, 0, 32;
    %store/vec4 v000002765b2a2cc0_0, 0, 32;
    %pushi/vec4 4294849923, 0, 32;
    %store/vec4 v000002765b2a3120_0, 0, 32;
    %jmp T_10.5;
T_10.5 ;
    %pop/vec4 1;
    %jmp T_10;
    .thread T_10, $push;
    .scope S_000002765b2264c0;
T_11 ;
    %wait E_000002765b24ad00;
    %load/vec4 v000002765b2a4160_0;
    %dup/vec4;
    %pushi/vec4 0, 0, 2;
    %cmp/u;
    %jmp/1 T_11.0, 6;
    %dup/vec4;
    %pushi/vec4 1, 0, 2;
    %cmp/u;
    %jmp/1 T_11.1, 6;
    %dup/vec4;
    %pushi/vec4 2, 0, 2;
    %cmp/u;
    %jmp/1 T_11.2, 6;
    %dup/vec4;
    %pushi/vec4 3, 0, 2;
    %cmp/u;
    %jmp/1 T_11.3, 6;
    %pushi/vec4 16777216, 0, 32;
    %store/vec4 v000002765b2a3120_0, 0, 32;
    %jmp T_11.5;
T_11.0 ;
    %pushi/vec4 16777216, 0, 32;
    %store/vec4 v000002765b2a3120_0, 0, 32;
    %jmp T_11.5;
T_11.1 ;
    %pushi/vec4 14037569, 0, 32;
    %store/vec4 v000002765b2a3120_0, 0, 32;
    %jmp T_11.5;
T_11.2 ;
    %pushi/vec4 3942058, 0, 32;
    %store/vec4 v000002765b2a3120_0, 0, 32;
    %jmp T_11.5;
T_11.3 ;
    %pushi/vec4 4294849923, 0, 32;
    %store/vec4 v000002765b2a3120_0, 0, 32;
    %jmp T_11.5;
T_11.5 ;
    %pop/vec4 1;
    %jmp T_11;
    .thread T_11, $push;
# The file index is used to find the file name in the following table.
:file_names 4;
    "N/A";
    "<interactive>";
    "tanh.v";
    "./register.v";
